  hallo from speedy_agcm
 RPE_ACTIVE  T
&RESOLUTION
 NTRUN=         30,
 MTRUN=         30,
 IX=         96,
 IY=         24,
 KX=          8,
 /
&INPUT_RESOLUTION
 NTRUN_IN=         30,
 MTRUN_IN=         30,
 IX_IN=         96,
 IY_IN=         24,
 KX_IN=          8,
 /
&COUPLING_FLAGS
 ICLAND=          1,
 ICSEA=          0,
 ICICE=          1,
 ISSTAN=          1,
 /
&LAND
 DEPTH_SOIL=  1.0000000000000000     ,
 DEPTH_LICE=  5.0000000000000000     ,
 TDLAND=  40.000000000000000     ,
 FLANDMIN= 0.33333333333333331     ,
 /
&SEA
 DEPTH_ML=  60.000000000000000     ,
 DEPT0_ML=  40.000000000000000     ,
 DEPTH_ICE=  2.5000000000000000     ,
 DEPT0_ICE=  1.5000000000000000     ,
 TDSST=  90.000000000000000     ,
 TDICE=  30.000000000000000     ,
 FSEAMIN= 0.33333333333333331     ,
 BETA%VAL=  1.0000000000000000     ,
 L_GLOBE=T,
 L_NORTHE=F,
 L_NATLAN=F,
 L_NPACIF=F,
 L_TROPIC=F,
 L_INDIAN=F,
 /
&DYNAMICS
 GAMMA=  6.0000000000000000     ,
 HSCALE=  7.5000000000000000     ,
 HSHUM=  2.5000000000000000     ,
 REFRH1= 0.69999999999999996     ,
 THD=  2.3999999999999999     ,
 THDD=  2.3999999999999999     ,
 THDS=  12.000000000000000     ,
 TDRS%VAL=  720.00000000000000     ,
 /
&FORCING
 LCO2=F,
 IYEAR_REF=       1950,
 DEL_CO2%VAL=  5.0000000000000001E-003,
 ABLCO2%VAL=  6.0000000000000000     ,
 ALBSEA%VAL=  7.0000000000000007E-002,
 ALBICE%VAL= 0.59999999999999998     ,
 ALBSN%VAL= 0.59999999999999998     ,
 /
&SOLAR_FORCING
 SOLC%VAL=  342.00000000000000     ,
 EPSSW%VAL=  2.0000000000000000E-002,
 /
&SURFACE
 SWCAP%VAL= 0.29999999999999999     ,
 SWWIL%VAL= 0.17000000000000001     ,
 SD2SC%VAL=  60.000000000000000     ,
 /
&TIMESTEPPING
 NSTEPS=         36,
 NSTDIA=        180,
 NMONRS=         12,
 ROB%VAL=  5.0000000000000003E-002,
 WIL%VAL= 0.53000000000000003     ,
 /
&CONVECTION
 PSMIN%VAL= 0.80000000000000004     ,
 TRCNV=  6.0000000000000000     ,
 RHBL%VAL= 0.90000000000000002     ,
 RHIL%VAL= 0.69999999999999996     ,
 ENTMAX= 0.50000000000000000     ,
 SMF%VAL= 0.80000000000000004     ,
 /
&CONDENSATION
 TRLSC%VAL=  4.0000000000000000     ,
 RHLSC= 0.90000000000000002     ,
 DRHLSC= 0.10000000000000001     ,
 RHBLSC= 0.94999999999999996     ,
 /
&CLOUD_PARAMETERS
 RHCL1%VAL= 0.29999999999999999     ,
 RHCL2%VAL=  1.0000000000000000     ,
 QACL%VAL= 0.20000000000000001     ,
 WPCL%VAL= 0.20000000000000001     ,
 PMAXCL%VAL=  10.000000000000000     ,
 CLSMAX%VAL= 0.59999999999999998     ,
 CLSMINL%VAL= 0.14999999999999999     ,
 GSE_S0%VAL= 0.25000000000000000     ,
 GSE_S1%VAL= 0.40000000000000002     ,
 /
&SW_RADIATION
 NSTRAD=          3,
 ABSDRY%VAL=  3.3000000000000002E-002,
 ABSAER%VAL=  3.3000000000000002E-002,
 ABSWV1%VAL=  2.1999999999999999E-002,
 ABSWV2%VAL=  15.000000000000000     ,
 ABSCL1%VAL=  1.4999999999999999E-002,
 ABSCL2%VAL= 0.14999999999999999     ,
 ALBCL%VAL= 0.42999999999999999     ,
 ALBCLS%VAL= 0.50000000000000000     ,
 /
&LW_RADIATION
 EPSLW%VAL=  5.0000000000000003E-002,
 EMISFC%VAL= 0.97999999999999998     ,
 ABLWIN%VAL= 0.29999999999999999     ,
 ABLWV1%VAL= 0.69999999999999996     ,
 ABLWV2%VAL=  50.000000000000000     ,
 ABLCL1%VAL=  12.000000000000000     ,
 ABLCL2%VAL= 0.59999999999999998     ,
 /
&SURFACE_FLUXES
 FWIND0%VAL= 0.94999999999999996     ,
 FTEMP0%VAL=  1.0000000000000000     ,
 FHUM0%VAL=  0.0000000000000000     ,
 CDL%VAL=  2.3999999999999998E-003,
 CDS%VAL=  1.0000000000000000E-003,
 CHL%VAL=  1.1999999999999999E-003,
 CHS%VAL=  8.9999999999999998E-004,
 VGUST%VAL=  5.0000000000000000     ,
 CTDAY%VAL=  1.0000000000000000E-002,
 DTHETA%VAL=  3.0000000000000000     ,
 FSTAB%VAL= 0.67000000000000004     ,
 HDRAG%VAL=  2000.0000000000000     ,
 FHDRAG%VAL= 0.50000000000000000     ,
 CLAMBDA%VAL=  7.0000000000000000     ,
 CLAMBSN%VAL=  7.0000000000000000     ,
 /
&VERTICAL_DIFFUSION
 TRSHC=  6.0000000000000000     ,
 TRVDI=  24.000000000000000     ,
 TRVDS=  6.0000000000000000     ,
 REDSHC%VAL= 0.50000000000000000     ,
 RHGRAD%VAL= 0.50000000000000000     ,
 SEGRAD%VAL= 0.10000000000000001     ,
 /
&SPPT
 SPPT_ON=F,
 NSCALES=          3,
 L_ADDITIVE=F,
 /
&SPPT_PARAMETERS
 MU(1)%VAL=  1.0000000000000000     ,
 MU(2)%VAL=  1.0000000000000000     ,
 MU(3)%VAL=  1.0000000000000000     ,
 MU(4)%VAL=  1.0000000000000000     ,
 MU(5)%VAL=  1.0000000000000000     ,
 MU(6)%VAL=  1.0000000000000000     ,
 MU(7)%VAL=  1.0000000000000000     ,
 MU(8)%VAL=  1.0000000000000000     ,
 TIME_DECORR=  3.0000000000000000     ,  72.000000000000000     ,  720.00000000000000     ,
 LEN_DECORR=  500000.00000000000     ,  1000000.0000000000     ,  2000000.0000000000     ,
 STDDEV= 0.52000000000000002     , 0.17999999999999999     ,  5.9999999999999998E-002,
 ADDITIVE_MAGNITUDE%VAL=  9.9999999999999995E-007,
 /
 Read namelist
 start date         1983           1           1           0
  Model half-level (*1000)           1           0
  Model half-level (*1000)           2          50
  Model half-level (*1000)           3         140
  Model half-level (*1000)           4         260
  Model half-level (*1000)           5         420
  Model half-level (*1000)           6         600
  Model half-level (*1000)           7         770
  Model half-level (*1000)           8         900
  Model half-level (*1000)           9        1000
  Model full-level (*1000)           1          25
  Model full-level (*1000)           2          95
  Model full-level (*1000)           3         200
  Model full-level (*1000)           4         340
  Model full-level (*1000)           5         510
  Model full-level (*1000)           6         685
  Model full-level (*1000)           7         835
  Model full-level (*1000)           8         950
  temp/hum correction at level            2  0.66167368341273969        0.0000000000000000     
  temp/hum correction at level            3  0.75399289734237440        8.0000000000000019E-003
  temp/hum correction at level            4  0.82755908289241631        3.9303999999999992E-002
  temp/hum correction at level            5  0.88857447279504564       0.13265100000000002     
  temp/hum correction at level            6  0.93577679872957287       0.32141912500000008     
  temp/hum correction at level            7  0.96885785555841186       0.58218287499999988     
  temp/hum correction at level            8  0.99104107712276879       0.85737499999999989     
 Filter applied at wavenumber           30
  field:            1    no. of faulty points:           0
  field:            2    no. of faulty points:           0
  field:            3    no. of faulty points:           0
  field:            4    no. of faulty points:           0
  field:            5    no. of faulty points:           0
  field:            6    no. of faulty points:           0
  field:            7    no. of faulty points:           0
  field:            8    no. of faulty points:           0
  field:            9    no. of faulty points:           0
  field:           10    no. of faulty points:           0
  field:           11    no. of faulty points:           0
  field:           12    no. of faulty points:           0
  undefined values set to   273.00000000000000     
  field:            1    no. of faulty points:           0
  field:            2    no. of faulty points:           0
  field:            3    no. of faulty points:           0
  field:            4    no. of faulty points:           0
  field:            5    no. of faulty points:           0
  field:            6    no. of faulty points:           0
  field:            7    no. of faulty points:           0
  field:            8    no. of faulty points:           0
  field:            9    no. of faulty points:           0
  field:           10    no. of faulty points:           0
  field:           11    no. of faulty points:           0
  field:           12    no. of faulty points:           0
  undefined values set to   0.0000000000000000     
  field:            1    no. of faulty points:           0
  field:            2    no. of faulty points:           0
  field:            3    no. of faulty points:           0
  field:            4    no. of faulty points:           0
  field:            5    no. of faulty points:           0
  field:            6    no. of faulty points:           0
  field:            7    no. of faulty points:           0
  field:            8    no. of faulty points:           0
  field:            9    no. of faulty points:           0
  field:           10    no. of faulty points:           0
  field:           11    no. of faulty points:           0
  field:           12    no. of faulty points:           0
  undefined values set to   0.0000000000000000     
  field:            1    no. of faulty points:           0
  field:            2    no. of faulty points:           0
  field:            3    no. of faulty points:           0
  field:            4    no. of faulty points:           0
  field:            5    no. of faulty points:           0
  field:            6    no. of faulty points:           0
  field:            7    no. of faulty points:           0
  field:            8    no. of faulty points:           0
  field:            9    no. of faulty points:           0
  field:           10    no. of faulty points:           0
  field:           11    no. of faulty points:           0
  field:           12    no. of faulty points:           0
  undefined values set to   273.00000000000000     
  field:            1    no. of faulty points:           0
  field:            2    no. of faulty points:           0
  field:            3    no. of faulty points:           0
  field:            4    no. of faulty points:           0
  field:            5    no. of faulty points:           0
  field:            6    no. of faulty points:           0
  field:            7    no. of faulty points:           0
  field:            8    no. of faulty points:           0
  field:            9    no. of faulty points:           0
  field:           10    no. of faulty points:           0
  field:           11    no. of faulty points:           0
  field:           12    no. of faulty points:           0
  undefined values set to   0.0000000000000000     
 isst0 =           49
  field:            1    no. of faulty points:           0
  field:            2    no. of faulty points:           0
  field:            3    no. of faulty points:           0
  undefined values set to   0.0000000000000000     
  reading a restart file
        1983           1           1           0
        1984           1           1           0
 WARNING: Date in restart file does not match requested date
Read restart dataset for year/month/date/hour: 1983/01/01/00
 step =     0 reke =   43.48  143.68  284.35  192.26  103.42   57.97   50.44   53.80
              deke =    0.93    6.46   11.82    6.54    2.41    2.05    2.75    7.74
              temp =  -62.38  -66.23  -48.69  -27.82  -11.73    0.97    8.70   14.05
   tref =    217.14995443460384     
   tref =    217.14995443460384     
   tref =    217.14995443460384     
   tref =    238.33701587301590     
   tref =    255.90944816497316     
   tref =    269.50371803411701     
   tref =    279.03106240082263     
   tref =    285.41983021135741     
 integration length in days:          365
  start of year/month =         1983           1
 step =   180 reke =   37.77  126.64  274.43  199.67  106.88   56.92   46.94   47.80
              deke =    0.62    7.28   13.40    5.81    2.08    2.25    3.22    8.41
              temp =  -62.38  -66.23  -48.43  -27.84  -11.86    0.96    8.76   14.16
 step =   360 reke =   46.50  158.53  261.09  187.37   95.47   56.27   47.03   48.79
              deke =    1.03   11.03   11.33    4.76    1.73    2.00    2.96    7.40
              temp =  -62.38  -66.29  -48.70  -28.08  -11.86    0.92    8.74   14.17
 step =   540 reke =   40.45  109.85  209.20  158.80   89.50   56.07   46.62   47.76
              deke =    0.57    5.84   11.66    5.29    1.83    2.25    3.33    8.25
              temp =  -62.39  -66.34  -48.58  -28.36  -11.96    1.00    8.77   14.18
 step =   720 reke =   71.24  175.85  284.98  218.46  111.39   58.97   49.02   53.07
              deke =    0.76   11.87   16.30    6.05    2.22    2.71    3.15    8.16
              temp =  -62.36  -66.29  -48.55  -28.15  -11.75    1.11    8.91   14.20
 step =   900 reke =   45.64  149.05  261.47  183.18   89.35   47.60   41.93   47.34
              deke =    0.55   10.29   11.84    5.14    1.72    1.90    2.33    7.80
              temp =  -62.36  -66.24  -48.75  -28.08  -12.08    0.88    8.77   14.20
 step =  1080 reke =   81.58  164.31  265.84  182.17  102.15   59.07   48.84   50.17
              deke =    1.50    8.59   10.80    4.93    2.40    1.99    2.37    7.63
              temp =  -62.39  -66.27  -48.60  -28.43  -11.87    1.12    8.89   14.23
  field:            1    no. of faulty points:           0
  undefined values set to   0.0000000000000000     
  start of year/month =         1983           2
 step =  1260 reke =   40.08  147.83  255.96  183.01  100.88   53.00   47.36   51.46
              deke =    0.70    7.68   11.21    4.24    2.35    1.76    3.01    8.73
              temp =  -62.33  -66.28  -48.51  -28.37  -11.82    1.06    8.86   14.26
 step =  1440 reke =   22.81  114.37  192.29  128.45   75.25   39.40   34.87   41.57
              deke =    0.36    6.19    8.11    4.96    2.23    2.28    2.36    6.96
              temp =  -62.30  -66.27  -48.44  -28.33  -12.32    0.68    8.64   14.10
 step =  1620 reke =   45.88  133.80  217.02  155.65   85.26   48.47   44.05   47.45
              deke =    0.70    6.98    9.84    4.16    1.77    1.80    2.41    8.12
              temp =  -62.27  -66.20  -48.64  -27.80  -12.11    0.76    8.68   14.02
 step =  1800 reke =   47.01  125.62  188.96  138.00   80.97   48.22   40.90   44.01
              deke =    0.74   11.72   12.09    4.54    1.86    1.73    2.64    7.03
              temp =  -62.27  -66.25  -48.52  -27.65  -12.17    0.76    8.59   13.97
 step =  1980 reke =   49.45   97.68  215.04  181.60   99.38   53.46   47.79   51.86
              deke =    0.66    5.97    9.86    4.43    2.26    2.38    3.20    8.48
              temp =  -62.24  -66.26  -48.36  -27.94  -12.08    0.72    8.57   13.91
  field:            1    no. of faulty points:           0
  undefined values set to   0.0000000000000000     
  start of year/month =         1983           3
 step =  2160 reke =   65.94  122.61  262.69  205.74  102.92   53.71   42.32   45.85
              deke =    1.14    6.26   12.79    6.68    2.19    2.41    2.51    7.33
              temp =  -62.31  -66.15  -48.53  -28.00  -11.74    0.97    8.70   14.06
 step =  2340 reke =   65.87  130.40  227.97  176.52   96.33   59.75   50.84   50.01
              deke =    0.85    8.56   10.76    4.47    1.73    2.41    2.76    8.00
              temp =  -62.31  -66.17  -48.86  -28.21  -11.74    0.94    8.77   14.17
 step =  2520 reke =   46.75   92.37  192.84  161.25   90.75   51.90   47.40   53.27
              deke =    0.43    8.97   11.97    5.19    2.16    1.86    2.50    7.11
              temp =  -62.31  -66.15  -49.05  -28.24  -11.70    0.99    8.81   14.17
 step =  2700 reke =   50.69  100.83  195.90  179.29  103.39   60.35   54.53   59.61
              deke =    0.90    3.93    8.21    4.06    1.72    1.72    2.16    7.53
              temp =  -62.39  -66.16  -49.08  -28.17  -11.76    0.95    8.76   14.29
 step =  2880 reke =   42.82   85.51  161.94  139.21   83.14   49.42   47.50   53.32
              deke =    0.54    4.31    8.03    4.08    1.39    1.54    2.49    7.28
              temp =  -62.41  -66.16  -49.26  -28.23  -11.93    0.92    8.80   14.20
 step =  3060 reke =   54.21  107.68  210.74  155.96   91.62   52.70   47.30   52.90
              deke =    0.82    6.20    9.30    4.12    1.72    1.84    2.62    7.63
              temp =  -62.42  -66.19  -49.16  -28.23  -12.30    0.68    8.71   14.19
 step =  3240 reke =   76.95  111.05  233.78  182.62  104.17   59.63   52.48   56.51
              deke =    0.90    5.57   12.48    6.38    2.18    2.28    2.52    8.51
              temp =  -62.41  -66.19  -48.93  -27.91  -11.79    1.03    8.88   14.25
  field:            1    no. of faulty points:           0
  undefined values set to   0.0000000000000000     
  start of year/month =         1983           4
 step =  3420 reke =   42.42  101.48  200.04  165.69   89.76   52.24   49.19   52.85
              deke =    0.55    5.68    9.79    4.12    2.06    1.91    2.31    7.74
              temp =  -62.43  -66.23  -48.82  -27.91  -11.85    1.01    8.78   14.16
 step =  3600 reke =   40.10   93.83  168.24  132.11   74.05   43.39   38.60   46.32
              deke =    0.36    5.01    7.54    4.54    1.90    2.51    2.58    6.90
              temp =  -62.40  -66.22  -48.63  -28.23  -12.12    0.82    8.71   14.13
 step =  3780 reke =   43.87  109.50  188.43  146.28   83.34   48.82   45.78   49.88
              deke =    0.78    8.18   11.70    5.26    2.72    2.14    2.70    8.29
              temp =  -62.39  -66.20  -48.72  -28.18  -12.43    0.71    8.75   14.28
 step =  3960 reke =   49.97  124.46  227.96  180.24   98.91   53.77   47.33   48.92
              deke =    0.96    8.16   11.21    6.46    2.23    2.23    2.64    7.70
              temp =  -62.38  -66.20  -48.82  -28.13  -12.22    0.71    8.72   14.14
 step =  4140 reke =   84.65  116.30  236.42  199.59  104.37   50.16   45.07   49.20
              deke =    0.70    7.17    9.91    4.33    2.70    2.59    3.19    8.97
              temp =  -62.40  -66.18  -48.77  -28.31  -12.20    0.89    8.76   14.10
 step =  4320 reke =   44.09   98.77  191.51  138.04   86.09   49.25   42.47   46.56
              deke =    0.49    6.66   12.03    6.82    1.79    2.08    2.57    7.04
              temp =  -62.41  -66.22  -48.71  -28.24  -12.07    0.83    8.55   13.98
  field:            1    no. of faulty points:           0
  undefined values set to   0.0000000000000000     
  start of year/month =         1983           5
 step =  4500 reke =   63.43  119.27  220.41  172.05  101.66   57.74   48.12   52.78
              deke =    0.55    7.43   10.06    4.45    1.87    2.31    2.75    8.14
              temp =  -62.39  -66.18  -48.68  -28.38  -12.10    0.74    8.55   14.01
 step =  4680 reke =   56.53  134.20  230.80  178.63  101.47   55.50   46.36   49.35
              deke =    0.87    9.86    8.15    4.73    2.08    1.68    2.49    7.61
              temp =  -62.38  -66.17  -48.73  -28.08  -12.02    0.95    8.59   13.99
 step =  4860 reke =   52.22  122.98  223.31  165.50   88.25   49.81   40.79   45.22
              deke =    0.82    5.55    9.26    4.79    2.09    2.03    2.16    7.20
              temp =  -62.40  -66.24  -48.86  -28.32  -12.32    0.79    8.75   14.22
 step =  5040 reke =   49.10  125.77  218.33  180.07  104.73   63.20   54.77   58.89
              deke =    0.75    7.40   10.97    4.86    1.94    2.43    3.26    8.10
              temp =  -62.44  -66.20  -49.17  -28.48  -11.89    1.00    8.76   14.21
 step =  5220 reke =   52.13  103.21  208.00  168.89  100.85   58.05   50.64   53.98
              deke =    0.73    5.82   11.21    6.01    2.17    2.37    2.56    7.47
              temp =  -62.43  -66.26  -49.27  -28.21  -11.80    1.05    8.82   14.22
 step =  5400 reke =   53.82   97.55  178.31  154.24   82.11   50.58   46.62   50.79
              deke =    1.32    7.83   12.09    4.90    2.29    2.11    2.28    7.45
              temp =  -62.45  -66.23  -49.42  -28.63  -11.96    0.83    8.53   14.01
  field:            1    no. of faulty points:           0
  undefined values set to   0.0000000000000000     
  start of year/month =         1983           6
 step =  5580 reke =   39.64  124.19  216.76  184.01  108.59   62.44   54.60   56.10
              deke =    0.55    6.27    7.11    4.48    2.74    2.13    2.79    7.69
              temp =  -62.49  -66.26  -49.48  -28.53  -12.01    0.91    8.63   14.00
 step =  5760 reke =   45.58  126.39  208.35  170.55   87.98   48.36   40.18   44.72
              deke =    0.56    5.67   11.99    6.03    1.69    2.05    2.39    6.74
              temp =  -62.50  -66.37  -49.48  -28.78  -12.11    1.10    8.84   14.17
 step =  5940 reke =   37.29   99.66  202.39  161.52   88.11   51.02   50.17   54.69
              deke =    0.66    7.03   11.73    4.91    2.31    2.06    2.77    9.30
              temp =  -62.54  -66.35  -49.21  -28.77  -12.12    1.00    8.83   14.08
 step =  6120 reke =   80.64   99.77  185.39  155.24   88.52   50.87   47.51   53.20
              deke =    0.57    5.23    9.56    5.33    2.27    1.87    2.46    7.91
              temp =  -62.54  -66.27  -49.19  -28.47  -11.52    1.22    8.89   14.11
 step =  6300 reke =   78.04  109.54  157.93  125.82   75.40   45.88   43.03   46.93
              deke =    1.08    8.19    8.95    5.12    1.86    1.93    2.71    7.62
              temp =  -62.57  -66.24  -49.20  -28.72  -12.17    1.08    8.91   14.22
 step =  6480 reke =   46.75  136.98  183.98  154.54   88.12   51.82   46.14   50.51
              deke =    0.48    7.12    7.55    3.75    1.90    2.15    2.60    8.06
              temp =  -62.54  -66.31  -48.97  -28.73  -12.01    0.99    8.79   14.06
  field:            1    no. of faulty points:           0
  undefined values set to   0.0000000000000000     
  start of year/month =         1983           7
 step =  6660 reke =   53.65  126.77  216.73  180.79   99.82   53.30   46.36   51.32
              deke =    0.69    7.23   11.82    5.64    2.43    2.18    2.90    7.76
              temp =  -62.56  -66.31  -48.90  -28.61  -12.21    0.86    8.76   14.20
 step =  6840 reke =   90.42  153.08  250.73  200.53  104.67   54.89   49.35   53.08
              deke =    1.02    8.10   12.20    5.53    2.12    1.95    2.87    8.40
              temp =  -62.50  -66.32  -49.13  -28.32  -11.85    1.02    8.76   14.04
 step =  7020 reke =   71.71  129.53  216.56  180.57   98.85   53.22   46.21   50.10
              deke =    0.95    9.03   11.65    5.77    2.27    1.90    2.34    6.40
              temp =  -62.47  -66.34  -49.18  -28.81  -11.97    0.82    8.74   14.14
 step =  7200 reke =   98.62  151.68  204.34  170.84  100.52   56.85   49.55   51.68
              deke =    0.62    9.01    9.48    4.41    2.60    2.07    2.69    7.96
              temp =  -62.42  -66.38  -49.21  -28.83  -12.01    0.92    8.71   14.15
 step =  7380 reke =   59.39  135.42  183.97  151.27   90.43   52.74   45.33   47.72
              deke =    0.77    7.12   10.88    4.29    2.37    1.90    2.47    6.77
              temp =  -62.45  -66.41  -49.20  -29.05  -12.18    0.94    8.62   14.12
 step =  7560 reke =   43.43  135.61  204.95  158.04   97.54   56.62   53.85   58.06
              deke =    0.46    8.97    8.00    4.76    2.51    2.34    3.02    8.84
              temp =  -62.50  -66.40  -49.23  -28.85  -12.08    0.89    8.55   14.02
  field:            1    no. of faulty points:           0
  undefined values set to   0.0000000000000000     
  start of year/month =         1983           8
 step =  7740 reke =   37.24  104.40  180.85  176.04  106.26   53.93   44.32   50.49
              deke =    0.79    7.26   10.37    4.90    2.79    2.55    3.05    8.48
              temp =  -62.47  -66.42  -49.35  -28.57  -11.66    1.09    8.80   14.09
 step =  7920 reke =   48.21  134.34  208.71  159.59   87.43   48.50   42.52   45.42
              deke =    0.73    9.85   11.00    5.50    2.33    2.03    2.87    7.28
              temp =  -62.45  -66.37  -49.17  -28.69  -12.05    0.93    8.67   13.99
 step =  8100 reke =   45.03  105.61  199.37  147.85   77.86   43.77   39.36   44.26
              deke =    1.14    6.45   10.39    4.24    2.19    1.97    2.37    6.87
              temp =  -62.44  -66.37  -49.04  -28.32  -11.86    0.93    8.64   14.01
 step =  8280 reke =   49.78  114.50  191.65  147.30   84.73   49.00   44.42   45.85
              deke =    0.76    8.34   10.52    5.17    2.33    1.87    2.97    7.99
              temp =  -62.45  -66.29  -49.22  -28.72  -12.08    0.87    8.69   14.04
 step =  8460 reke =   60.87  134.86  202.50  160.39   91.14   51.58   43.98   48.00
              deke =    0.79    7.32   10.96    4.53    2.44    1.98    2.68    7.48
              temp =  -62.50  -66.28  -49.05  -28.49  -11.88    1.13    8.85   14.32
 step =  8640 reke =   71.69  130.57  212.78  174.35   98.17   55.54   50.22   53.13
              deke =    0.63    9.93    9.20    4.45    2.69    2.24    2.79    8.53
              temp =  -62.54  -66.23  -48.59  -28.66  -12.05    1.13    8.89   14.20
  field:            1    no. of faulty points:           0
  undefined values set to   0.0000000000000000     
  start of year/month =         1983           9
 step =  8820 reke =   58.12  107.93  182.69  141.33   88.15   53.93   51.74   56.41
              deke =    0.62    8.55    9.30    5.41    2.46    2.34    3.15    7.66
              temp =  -62.53  -66.24  -48.54  -28.47  -12.28    0.99    8.85   14.22
 step =  9000 reke =   74.96  108.94  228.67  162.24   88.67   49.30   46.66   52.09
              deke =    1.18    6.68   10.14    4.65    2.35    2.03    2.68    8.06
              temp =  -62.51  -66.16  -48.77  -28.18  -11.80    1.09    8.74   14.11
 step =  9180 reke =   49.60  101.52  191.39  161.28   88.45   49.93   46.97   51.64
              deke =    0.67    6.23    9.24    6.07    2.28    1.77    2.60    7.93
              temp =  -62.51  -66.10  -48.91  -28.34  -11.99    0.92    8.70   14.04
 step =  9360 reke =   57.26   96.38  202.94  169.56   96.46   53.14   44.80   49.18
              deke =    0.93    5.92   13.49    6.33    2.58    2.16    2.65    7.78
              temp =  -62.56  -66.05  -49.12  -28.34  -11.86    0.98    8.77   14.17
 step =  9540 reke =   73.30  128.32  197.66  160.06   84.52   48.63   43.45   46.55
              deke =    0.89    8.21   10.98    4.55    2.49    1.82    2.75    7.99
              temp =  -62.54  -66.04  -49.04  -28.42  -11.85    1.00    8.71   14.22
 step =  9720 reke =   79.47  115.16  200.82  151.08   94.94   53.20   48.37   51.45
              deke =    0.86    7.34    9.02    4.38    2.67    1.84    2.98    8.06
              temp =  -62.56  -66.05  -48.84  -28.39  -11.90    1.09    8.78   14.15
  field:            1    no. of faulty points:           0
  undefined values set to   0.0000000000000000     
  start of year/month =         1983          10
 step =  9900 reke =   40.06  104.93  222.70  195.40  106.60   55.79   52.04   56.61
              deke =    0.81    7.39   12.52    6.04    2.42    2.10    2.73    8.70
              temp =  -62.52  -66.06  -48.76  -28.21  -11.53    1.17    8.93   14.18
 step = 10080 reke =   57.80  148.68  235.92  181.22  100.77   54.26   43.57   44.19
              deke =    0.65    9.08    9.81    5.76    2.48    2.28    2.66    7.20
              temp =  -62.49  -65.92  -48.70  -28.12  -11.73    1.09    8.87   14.20
 step = 10260 reke =   48.42  133.82  210.87  172.65   91.62   51.52   44.66   48.04
              deke =    0.88    7.36   10.72    5.76    2.29    1.90    2.34    7.30
              temp =  -62.47  -65.92  -48.82  -28.32  -11.70    1.13    8.89   14.27
 step = 10440 reke =   47.71  126.14  201.42  140.67   70.98   40.30   38.39   44.06
              deke =    0.42    6.68    6.96    3.67    1.72    1.91    2.81    8.30
              temp =  -62.54  -65.98  -48.77  -28.58  -12.31    0.89    8.77   14.31
 step = 10620 reke =   43.67  141.68  239.68  193.80  108.27   56.97   50.15   54.45
              deke =    0.74    9.74   11.62    4.75    2.06    2.08    2.96    9.07
              temp =  -62.56  -66.00  -48.54  -27.93  -11.88    1.08    8.95   14.17
 step = 10800 reke =   50.16  142.62  208.81  165.60   86.16   46.65   37.69   39.39
              deke =    1.03    6.88   12.11    5.59    2.13    2.27    2.51    6.87
              temp =  -62.48  -65.99  -48.62  -27.61  -11.30    1.11    8.80   14.17
  field:            1    no. of faulty points:           0
  undefined values set to   0.0000000000000000     
  start of year/month =         1983          11
 step = 10980 reke =   61.02  101.75  184.07  146.66   80.60   47.54   42.32   47.67
              deke =    0.92    6.51    9.71    5.17    2.01    1.85    2.72    8.18
              temp =  -62.44  -65.93  -48.84  -27.80  -11.53    1.18    8.79   14.11
 step = 11160 reke =   53.05  123.25  226.91  163.93   93.11   51.18   44.45   49.52
              deke =    0.86    8.03   12.02    4.34    2.68    1.89    3.15    8.55
              temp =  -62.41  -65.93  -48.66  -27.99  -11.41    1.34    8.79   14.08
 step = 11340 reke =   51.12   97.44  142.55  106.05   62.77   33.96   32.93   37.83
              deke =    0.66   11.89   10.13    5.03    2.23    1.89    2.25    6.51
              temp =  -62.37  -65.85  -48.70  -28.10  -11.68    1.13    8.75   14.14
 step = 11520 reke =   65.65  135.81  212.95  147.16   78.06   40.99   38.70   43.91
              deke =    0.76    8.74   11.88    5.24    2.52    1.96    2.79    7.32
              temp =  -62.38  -65.87  -48.56  -28.39  -12.10    0.93    8.81   14.18
 step = 11700 reke =   54.69  119.54  206.59  145.06   86.72   48.81   42.79   46.85
              deke =    0.67    8.66    7.64    4.57    2.01    1.89    2.68    7.93
              temp =  -62.35  -65.90  -48.68  -28.30  -11.89    1.00    8.75   14.13
 step = 11880 reke =   43.49  103.16  214.79  165.33   86.60   51.07   48.55   52.85
              deke =    0.52    6.43   11.19    4.98    1.98    2.09    2.93    8.91
              temp =  -62.38  -65.93  -48.78  -28.24  -12.06    0.90    8.70   14.10
 Write restart dataset for year/month/date/hour:         1983 /          12 /           1 /           0
  field:            1    no. of faulty points:           0
  undefined values set to   0.0000000000000000     
  start of year/month =         1983          12
 step = 12060 reke =   50.08   93.65  180.95  155.74   86.70   50.31   43.42   46.03
              deke =    0.81    8.37   13.34    6.02    2.31    2.06    2.77    6.87
              temp =  -62.35  -65.98  -48.96  -28.43  -11.95    0.96    8.76   14.16
 step = 12240 reke =   82.61  131.26  232.41  199.76  120.51   69.22   59.97   62.72
              deke =    0.83    8.02   11.38    5.98    2.29    1.83    2.94    8.33
              temp =  -62.35  -66.01  -49.03  -28.08  -11.53    1.29    9.01   14.26
 step = 12420 reke =   64.59  118.98  240.65  185.93  107.48   63.19   54.79   55.22
              deke =    1.12    6.31   14.16    5.05    2.43    2.70    3.22    8.28
              temp =  -62.39  -66.05  -49.03  -27.96  -11.63    1.27    9.05   14.34
 step = 12600 reke =   37.77  136.25  218.44  160.40   90.74   50.83   43.17   46.67
              deke =    0.49    8.99   11.19    4.22    2.33    1.99    2.28    7.40
              temp =  -62.40  -66.00  -48.82  -28.36  -11.89    1.22    9.17   14.50
 step = 12780 reke =   60.31  136.21  245.63  165.00   90.85   51.32   43.84   50.53
              deke =    0.79    9.21   13.39    5.74    2.94    2.59    2.53    7.80
              temp =  -62.41  -65.99  -48.93  -28.27  -11.88    0.99    8.78   14.24
 step = 12960 reke =   53.24  134.51  215.11  158.68   88.32   48.36   40.49   42.02
              deke =    0.76    7.22   11.09    3.89    2.46    1.68    2.57    6.19
              temp =  -62.40  -66.05  -49.09  -28.76  -12.07    0.96    8.72   14.22
 step = 13140 reke =   42.79  137.69  270.12  180.63  100.62   54.72   48.69   52.00
              deke =    0.72    6.43   14.21    3.79    2.11    2.25    2.34    7.68
              temp =  -62.44  -66.11  -48.95  -28.68  -11.98    0.94    8.76   14.21
  field:            1    no. of faulty points:           0
  undefined values set to   0.0000000000000000     
 Write restart dataset for year/month/date/hour:         1984 /           1 /           1 /           0
