  hallo from speedy_agcm
 RPE_ACTIVE  T
&RESOLUTION
 NTRUN=         30,
 MTRUN=         30,
 IX=         96,
 IY=         24,
 KX=          8,
 /
&INPUT_RESOLUTION
 NTRUN_IN=         30,
 MTRUN_IN=         30,
 IX_IN=         96,
 IY_IN=         24,
 KX_IN=          8,
 /
&COUPLING_FLAGS
 ICLAND=          1,
 ICSEA=          0,
 ICICE=          1,
 ISSTAN=          1,
 /
&LAND
 DEPTH_SOIL=  1.0000000000000000     ,
 DEPTH_LICE=  5.0000000000000000     ,
 TDLAND=  40.000000000000000     ,
 FLANDMIN= 0.33333333333333331     ,
 /
&SEA
 DEPTH_ML=  60.000000000000000     ,
 DEPT0_ML=  40.000000000000000     ,
 DEPTH_ICE=  2.5000000000000000     ,
 DEPT0_ICE=  1.5000000000000000     ,
 TDSST=  90.000000000000000     ,
 TDICE=  30.000000000000000     ,
 FSEAMIN= 0.33333333333333331     ,
 BETA%VAL=  1.0000000000000000     ,
 L_GLOBE=T,
 L_NORTHE=F,
 L_NATLAN=F,
 L_NPACIF=F,
 L_TROPIC=F,
 L_INDIAN=F,
 /
&DYNAMICS
 GAMMA=  6.0000000000000000     ,
 HSCALE=  7.5000000000000000     ,
 HSHUM=  2.5000000000000000     ,
 REFRH1= 0.69999999999999996     ,
 THD=  2.3999999999999999     ,
 THDD=  2.3999999999999999     ,
 THDS=  12.000000000000000     ,
 TDRS%VAL=  720.00000000000000     ,
 /
&FORCING
 LCO2=F,
 IYEAR_REF=       1950,
 DEL_CO2%VAL=  5.0000000000000001E-003,
 ABLCO2%VAL=  6.0000000000000000     ,
 ALBSEA%VAL=  7.0000000000000007E-002,
 ALBICE%VAL= 0.59999999999999998     ,
 ALBSN%VAL= 0.59999999999999998     ,
 /
&SOLAR_FORCING
 SOLC%VAL=  342.00000000000000     ,
 EPSSW%VAL=  2.0000000000000000E-002,
 /
&SURFACE
 SWCAP%VAL= 0.29999999999999999     ,
 SWWIL%VAL= 0.17000000000000001     ,
 SD2SC%VAL=  60.000000000000000     ,
 /
&TIMESTEPPING
 NSTEPS=         36,
 NSTDIA=        180,
 NMONRS=         12,
 ROB%VAL=  5.0000000000000003E-002,
 WIL%VAL= 0.53000000000000003     ,
 /
&CONVECTION
 PSMIN%VAL= 0.80000000000000004     ,
 TRCNV=  6.0000000000000000     ,
 RHBL%VAL= 0.90000000000000002     ,
 RHIL%VAL= 0.69999999999999996     ,
 ENTMAX= 0.50000000000000000     ,
 SMF%VAL= 0.80000000000000004     ,
 /
&CONDENSATION
 TRLSC%VAL=  4.0000000000000000     ,
 RHLSC= 0.90000000000000002     ,
 DRHLSC= 0.10000000000000001     ,
 RHBLSC= 0.94999999999999996     ,
 /
&CLOUD_PARAMETERS
 RHCL1%VAL= 0.29999999999999999     ,
 RHCL2%VAL=  1.0000000000000000     ,
 QACL%VAL= 0.20000000000000001     ,
 WPCL%VAL= 0.20000000000000001     ,
 PMAXCL%VAL=  10.000000000000000     ,
 CLSMAX%VAL= 0.59999999999999998     ,
 CLSMINL%VAL= 0.14999999999999999     ,
 GSE_S0%VAL= 0.25000000000000000     ,
 GSE_S1%VAL= 0.40000000000000002     ,
 /
&SW_RADIATION
 NSTRAD=          3,
 ABSDRY%VAL=  3.3000000000000002E-002,
 ABSAER%VAL=  3.3000000000000002E-002,
 ABSWV1%VAL=  2.1999999999999999E-002,
 ABSWV2%VAL=  15.000000000000000     ,
 ABSCL1%VAL=  1.4999999999999999E-002,
 ABSCL2%VAL= 0.14999999999999999     ,
 ALBCL%VAL= 0.42999999999999999     ,
 ALBCLS%VAL= 0.50000000000000000     ,
 /
&LW_RADIATION
 EPSLW%VAL=  5.0000000000000003E-002,
 EMISFC%VAL= 0.97999999999999998     ,
 ABLWIN%VAL= 0.29999999999999999     ,
 ABLWV1%VAL= 0.69999999999999996     ,
 ABLWV2%VAL=  50.000000000000000     ,
 ABLCL1%VAL=  12.000000000000000     ,
 ABLCL2%VAL= 0.59999999999999998     ,
 /
&SURFACE_FLUXES
 FWIND0%VAL= 0.94999999999999996     ,
 FTEMP0%VAL=  1.0000000000000000     ,
 FHUM0%VAL=  0.0000000000000000     ,
 CDL%VAL=  2.3999999999999998E-003,
 CDS%VAL=  1.0000000000000000E-003,
 CHL%VAL=  1.1999999999999999E-003,
 CHS%VAL=  8.9999999999999998E-004,
 VGUST%VAL=  5.0000000000000000     ,
 CTDAY%VAL=  1.0000000000000000E-002,
 DTHETA%VAL=  3.0000000000000000     ,
 FSTAB%VAL= 0.67000000000000004     ,
 HDRAG%VAL=  2000.0000000000000     ,
 FHDRAG%VAL= 0.50000000000000000     ,
 CLAMBDA%VAL=  7.0000000000000000     ,
 CLAMBSN%VAL=  7.0000000000000000     ,
 /
&VERTICAL_DIFFUSION
 TRSHC=  6.0000000000000000     ,
 TRVDI=  24.000000000000000     ,
 TRVDS=  6.0000000000000000     ,
 REDSHC%VAL= 0.50000000000000000     ,
 RHGRAD%VAL= 0.50000000000000000     ,
 SEGRAD%VAL= 0.10000000000000001     ,
 /
&SPPT
 SPPT_ON=F,
 NSCALES=          3,
 L_ADDITIVE=F,
 /
&SPPT_PARAMETERS
 MU(1)%VAL=  1.0000000000000000     ,
 MU(2)%VAL=  1.0000000000000000     ,
 MU(3)%VAL=  1.0000000000000000     ,
 MU(4)%VAL=  1.0000000000000000     ,
 MU(5)%VAL=  1.0000000000000000     ,
 MU(6)%VAL=  1.0000000000000000     ,
 MU(7)%VAL=  1.0000000000000000     ,
 MU(8)%VAL=  1.0000000000000000     ,
 TIME_DECORR=  3.0000000000000000     ,  72.000000000000000     ,  720.00000000000000     ,
 LEN_DECORR=  500000.00000000000     ,  1000000.0000000000     ,  2000000.0000000000     ,
 STDDEV= 0.52000000000000002     , 0.17999999999999999     ,  5.9999999999999998E-002,
 ADDITIVE_MAGNITUDE%VAL=  9.9999999999999995E-007,
 /
 Read namelist
 start date         1983           1           1           0
  Model half-level (*1000)           1           0
  Model half-level (*1000)           2          50
  Model half-level (*1000)           3         140
  Model half-level (*1000)           4         260
  Model half-level (*1000)           5         420
  Model half-level (*1000)           6         600
  Model half-level (*1000)           7         770
  Model half-level (*1000)           8         900
  Model half-level (*1000)           9        1000
  Model full-level (*1000)           1          25
  Model full-level (*1000)           2          95
  Model full-level (*1000)           3         200
  Model full-level (*1000)           4         340
  Model full-level (*1000)           5         510
  Model full-level (*1000)           6         685
  Model full-level (*1000)           7         835
  Model full-level (*1000)           8         950
  temp/hum correction at level            2  0.66167368341273969        0.0000000000000000     
  temp/hum correction at level            3  0.75399289734237440        8.0000000000000019E-003
  temp/hum correction at level            4  0.82755908289241631        3.9303999999999992E-002
  temp/hum correction at level            5  0.88857447279504564       0.13265100000000002     
  temp/hum correction at level            6  0.93577679872957287       0.32141912500000008     
  temp/hum correction at level            7  0.96885785555841186       0.58218287499999988     
  temp/hum correction at level            8  0.99104107712276879       0.85737499999999989     
 Filter applied at wavenumber           30
  field:            1    no. of faulty points:           0
  field:            2    no. of faulty points:           0
  field:            3    no. of faulty points:           0
  field:            4    no. of faulty points:           0
  field:            5    no. of faulty points:           0
  field:            6    no. of faulty points:           0
  field:            7    no. of faulty points:           0
  field:            8    no. of faulty points:           0
  field:            9    no. of faulty points:           0
  field:           10    no. of faulty points:           0
  field:           11    no. of faulty points:           0
  field:           12    no. of faulty points:           0
  undefined values set to   273.00000000000000     
  field:            1    no. of faulty points:           0
  field:            2    no. of faulty points:           0
  field:            3    no. of faulty points:           0
  field:            4    no. of faulty points:           0
  field:            5    no. of faulty points:           0
  field:            6    no. of faulty points:           0
  field:            7    no. of faulty points:           0
  field:            8    no. of faulty points:           0
  field:            9    no. of faulty points:           0
  field:           10    no. of faulty points:           0
  field:           11    no. of faulty points:           0
  field:           12    no. of faulty points:           0
  undefined values set to   0.0000000000000000     
  field:            1    no. of faulty points:           0
  field:            2    no. of faulty points:           0
  field:            3    no. of faulty points:           0
  field:            4    no. of faulty points:           0
  field:            5    no. of faulty points:           0
  field:            6    no. of faulty points:           0
  field:            7    no. of faulty points:           0
  field:            8    no. of faulty points:           0
  field:            9    no. of faulty points:           0
  field:           10    no. of faulty points:           0
  field:           11    no. of faulty points:           0
  field:           12    no. of faulty points:           0
  undefined values set to   0.0000000000000000     
  field:            1    no. of faulty points:           0
  field:            2    no. of faulty points:           0
  field:            3    no. of faulty points:           0
  field:            4    no. of faulty points:           0
  field:            5    no. of faulty points:           0
  field:            6    no. of faulty points:           0
  field:            7    no. of faulty points:           0
  field:            8    no. of faulty points:           0
  field:            9    no. of faulty points:           0
  field:           10    no. of faulty points:           0
  field:           11    no. of faulty points:           0
  field:           12    no. of faulty points:           0
  undefined values set to   273.00000000000000     
  field:            1    no. of faulty points:           0
  field:            2    no. of faulty points:           0
  field:            3    no. of faulty points:           0
  field:            4    no. of faulty points:           0
  field:            5    no. of faulty points:           0
  field:            6    no. of faulty points:           0
  field:            7    no. of faulty points:           0
  field:            8    no. of faulty points:           0
  field:            9    no. of faulty points:           0
  field:           10    no. of faulty points:           0
  field:           11    no. of faulty points:           0
  field:           12    no. of faulty points:           0
  undefined values set to   0.0000000000000000     
 isst0 =           49
  field:            1    no. of faulty points:           0
  field:            2    no. of faulty points:           0
  field:            3    no. of faulty points:           0
  undefined values set to   0.0000000000000000     
  reading a restart file
        1983           1           1           0
        1984           1           1           0
 WARNING: Date in restart file does not match requested date
Read restart dataset for year/month/date/hour: 1983/01/01/00
 step =     0 reke =   48.17  136.67  220.68  165.70   89.26   44.09   39.66   43.45
              deke =    0.62    6.83    7.12    4.51    2.02    1.94    2.48    7.30
              temp =  -62.80  -66.72  -49.45  -29.90  -13.12    0.07    8.03   13.48
   tref =    217.14995443460384     
   tref =    217.14995443460384     
   tref =    217.14995443460384     
   tref =    238.33701587301590     
   tref =    255.90944816497316     
   tref =    269.50371803411701     
   tref =    279.03106240082263     
   tref =    285.41983021135741     
 integration length in days:          365
  start of year/month =         1983           1
 step =   180 reke =   58.25  119.90  215.40  155.42   87.41   48.06   43.57   45.82
              deke =    0.68    6.24    8.12    5.24    2.40    1.83    2.99    7.37
              temp =  -62.84  -66.67  -49.64  -29.74  -13.03    0.13    7.99   13.46
 step =   360 reke =   58.52  120.45  208.87  151.47   87.38   47.24   42.15   46.09
              deke =    0.58    6.51    9.10    4.24    2.74    2.14    3.14    7.69
              temp =  -62.82  -66.65  -49.95  -29.84  -12.86    0.24    8.09   13.57
 step =   540 reke =   40.95  105.82  170.66  140.79   81.55   45.85   41.87   45.64
              deke =    0.57    6.19    6.78    4.19    2.51    1.76    2.21    7.00
              temp =  -62.79  -66.68  -50.01  -30.64  -13.03    0.37    8.14   13.50
 step =   720 reke =   23.50  135.82  186.78  155.03   84.29   45.36   43.00   45.77
              deke =    0.45    8.94    7.86    4.53    2.17    1.86    3.03    6.98
              temp =  -62.80  -66.68  -49.87  -30.23  -12.90    0.34    8.09   13.44
 step =   900 reke =   57.55  115.97  182.30  150.32   90.59   50.63   46.25   51.75
              deke =    0.75    4.83    7.96    5.12    2.28    1.43    2.38    7.19
              temp =  -62.80  -66.66  -50.04  -30.14  -12.76    0.39    8.04   13.41
 step =  1080 reke =   53.08  106.40  160.01  122.21   66.91   37.79   38.12   42.46
              deke =    0.54    6.57    7.50    3.62    2.03    1.39    2.39    6.73
              temp =  -62.83  -66.64  -50.25  -30.30  -13.34    0.21    8.05   13.53
  field:            1    no. of faulty points:           0
  undefined values set to   0.0000000000000000     
  start of year/month =         1983           2
 step =  1260 reke =   39.55  104.53  185.03  152.85   92.40   55.23   55.06   60.09
              deke =    0.47    5.89    6.92    3.98    2.26    1.61    2.93    8.33
              temp =  -62.89  -66.70  -50.23  -29.64  -12.90    0.35    8.08   13.50
 step =  1440 reke =   65.86  127.54  229.29  175.16   96.34   50.59   46.70   51.09
              deke =    0.53    4.54    8.46    5.42    2.12    1.73    2.88    7.61
              temp =  -62.92  -66.69  -50.02  -29.38  -12.81    0.45    8.19   13.51
 step =  1620 reke =   50.61  101.74  145.19  117.91   62.66   36.41   36.18   39.64
              deke =    0.45    6.79   10.45    5.44    1.75    1.65    3.13    7.15
              temp =  -62.89  -66.71  -49.91  -29.81  -12.97    0.41    8.19   13.53
 step =  1800 reke =   54.14  112.18  177.30  155.02   82.78   46.17   43.44   48.31
              deke =    0.84    6.24    7.66    4.11    1.75    2.03    2.80    7.47
              temp =  -62.81  -66.72  -49.61  -29.91  -12.99    0.22    8.14   13.53
 step =  1980 reke =   53.10  118.12  202.37  158.69   90.19   54.34   49.18   51.43
              deke =    0.83    4.07    8.39    5.60    1.95    2.32    2.75    7.43
              temp =  -62.88  -66.65  -49.63  -30.05  -12.89    0.25    8.13   13.58
  field:            1    no. of faulty points:           0
  undefined values set to   0.0000000000000000     
  start of year/month =         1983           3
 step =  2160 reke =   73.75  118.04  207.87  161.99   92.47   49.85   45.19   48.38
              deke =    0.72    5.89    8.55    3.66    2.00    2.09    2.55    7.29
              temp =  -62.89  -66.61  -49.94  -30.47  -13.03    0.33    8.18   13.67
 step =  2340 reke =   87.65  140.56  203.78  171.93  101.58   56.20   49.17   52.91
              deke =    0.66    6.52    8.51    5.04    2.33    1.89    2.46    7.65
              temp =  -62.88  -66.63  -50.29  -30.29  -12.80    0.48    8.22   13.55
 step =  2520 reke =   55.84  149.09  170.04  134.37   81.12   45.90   39.77   43.65
              deke =    1.19   10.79    7.87    4.20    1.99    1.84    2.20    6.85
              temp =  -62.83  -66.74  -50.16  -29.91  -13.02    0.48    8.24   13.64
 step =  2700 reke =   47.10  107.28  184.98  164.21   93.73   49.00   45.43   46.77
              deke =    0.53    6.95    7.57    4.72    2.50    1.77    2.60    7.47
              temp =  -62.76  -66.78  -50.08  -29.86  -12.98    0.44    8.30   13.67
 step =  2880 reke =   28.46   96.09  192.88  154.06   86.80   43.36   39.59   43.39
              deke =    0.41    4.88    8.26    4.76    2.63    1.81    2.75    7.03
              temp =  -62.77  -66.82  -50.18  -29.85  -12.91    0.41    8.27   13.71
 step =  3060 reke =   31.32  107.44  190.72  152.79   92.18   53.75   49.48   51.55
              deke =    0.35    5.73   11.50    4.55    2.73    1.91    3.29    7.32
              temp =  -62.80  -66.78  -50.16  -29.83  -13.05    0.31    8.11   13.56
 step =  3240 reke =   29.67  103.63  182.89  153.83   89.60   49.01   45.57   48.28
              deke =    0.55    5.58    6.92    4.35    2.08    1.76    2.34    7.53
              temp =  -62.83  -66.75  -49.91  -30.04  -12.99    0.36    8.14   13.54
  field:            1    no. of faulty points:           0
  undefined values set to   0.0000000000000000     
  start of year/month =         1983           4
 step =  3420 reke =   80.46  134.31  182.39  147.78   86.10   46.14   42.22   46.62
              deke =    0.57    6.60    6.49    4.29    2.10    1.54    2.63    7.53
              temp =  -62.84  -66.81  -49.69  -29.76  -12.91    0.45    8.23   13.57
 step =  3600 reke =   47.31  112.27  172.76  145.99   84.34   45.60   41.18   44.25
              deke =    0.58    6.97    6.60    4.60    2.03    1.40    2.12    7.20
              temp =  -62.87  -66.81  -49.70  -29.58  -12.89    0.45    8.19   13.56
 step =  3780 reke =   44.39  129.17  204.15  167.75   94.31   49.53   45.90   49.58
              deke =    0.61    6.84    6.03    4.15    2.13    2.20    3.44    7.96
              temp =  -62.86  -66.77  -49.66  -29.86  -12.86    0.26    8.20   13.55
 step =  3960 reke =   48.20  123.76  199.58  143.64   80.88   45.34   40.82   43.74
              deke =    0.89    5.94    8.50    5.29    2.21    2.42    2.70    7.11
              temp =  -62.80  -66.82  -49.65  -29.74  -12.73    0.22    8.06   13.55
 step =  4140 reke =   61.25  128.08  175.18  135.27   75.49   41.82   37.89   42.46
              deke =    0.60    9.45    6.21    3.81    1.60    1.29    2.46    6.75
              temp =  -62.79  -66.80  -49.90  -29.58  -13.00    0.26    8.07   13.57
 step =  4320 reke =   47.57  122.69  187.95  146.73   86.41   49.36   43.75   47.67
              deke =    0.79    5.49    7.29    4.78    1.77    1.67    2.66    7.62
              temp =  -62.82  -66.84  -49.66  -29.60  -12.91    0.29    8.15   13.58
  field:            1    no. of faulty points:           0
  undefined values set to   0.0000000000000000     
  start of year/month =         1983           5
 step =  4500 reke =   36.44  109.90  201.30  164.69   84.54   44.81   41.46   44.79
              deke =    0.52    5.34    6.89    4.18    1.83    1.54    2.15    7.41
              temp =  -62.83  -66.77  -49.75  -29.45  -12.94    0.13    8.04   13.58
 step =  4680 reke =   49.31  109.41  179.96  147.44   81.84   47.66   43.85   48.87
              deke =    0.73    6.11    6.83    4.78    1.73    1.55    2.45    7.18
              temp =  -62.85  -66.75  -49.77  -29.79  -12.88    0.15    8.11   13.62
 step =  4860 reke =   57.95  101.50  173.49  143.66   81.93   46.51   41.63   46.79
              deke =    0.66    6.33    7.19    4.64    1.56    1.65    2.69    7.58
              temp =  -62.87  -66.74  -49.81  -29.95  -12.94    0.24    8.08   13.58
 step =  5040 reke =   46.48  129.08  224.64  185.00  103.59   57.04   49.59   53.31
              deke =    0.74    6.09    6.80    4.44    2.80    1.89    2.88    8.04
              temp =  -62.85  -66.74  -49.75  -29.78  -12.73    0.35    8.12   13.48
 step =  5220 reke =   57.19  139.58  200.51  152.48   93.09   53.53   44.54   47.93
              deke =    0.74    5.85    7.35    4.28    2.21    1.77    2.34    7.16
              temp =  -62.81  -66.77  -50.00  -29.74  -12.50    0.62    8.29   13.72
 step =  5400 reke =   67.74  127.64  180.13  130.70   73.32   40.63   37.94   41.86
              deke =    0.88    7.47    6.78    3.28    2.19    1.63    2.73    6.74
              temp =  -62.81  -66.76  -49.90  -29.78  -13.07    0.41    8.26   13.73
  field:            1    no. of faulty points:           0
  undefined values set to   0.0000000000000000     
  start of year/month =         1983           6
 step =  5580 reke =   54.32  112.90  181.25  144.16   85.09   47.13   45.03   47.67
              deke =    0.69    5.11    8.40    4.11    2.43    1.75    3.05    7.42
              temp =  -62.75  -66.77  -49.77  -29.79  -12.73    0.52    8.19   13.58
 step =  5760 reke =   33.59  130.34  190.38  125.69   67.48   36.41   34.44   37.96
              deke =    0.61    8.96    7.03    4.59    1.95    1.87    3.07    7.00
              temp =  -62.73  -66.73  -49.75  -29.76  -12.99    0.31    8.16   13.67
 step =  5940 reke =   38.75   99.56  181.43  153.57   83.68   48.37   45.01   49.83
              deke =    0.49    8.03    6.03    4.64    1.57    1.97    2.38    8.17
              temp =  -62.79  -66.73  -49.76  -29.58  -12.91    0.30    8.06   13.59
 step =  6120 reke =   55.79  113.92  195.54  154.90   92.41   51.32   46.57   48.63
              deke =    0.72    8.47    8.26    3.88    2.09    1.98    3.47    8.08
              temp =  -62.75  -66.74  -49.91  -29.68  -12.82    0.51    8.35   13.72
 step =  6300 reke =   49.57  131.81  218.38  146.97   80.29   43.80   42.39   47.64
              deke =    0.68    6.45   10.82    5.30    2.15    1.82    2.58    7.33
              temp =  -62.78  -66.78  -49.84  -29.18  -12.67    0.56    8.43   13.72
 step =  6480 reke =   53.75  143.23  216.28  161.40   88.73   49.04   44.20   47.38
              deke =    0.69    6.42    7.92    5.06    1.97    1.72    2.88    7.11
              temp =  -62.80  -66.76  -49.76  -29.48  -12.67    0.50    8.44   13.72
  field:            1    no. of faulty points:           0
  undefined values set to   0.0000000000000000     
  start of year/month =         1983           7
 step =  6660 reke =   44.22  116.30  187.72  145.08   78.08   46.76   45.50   47.54
              deke =    0.49    8.22    8.80    4.92    1.65    1.59    2.35    7.30
              temp =  -62.79  -66.69  -49.58  -29.63  -12.54    0.40    8.22   13.64
 step =  6840 reke =   45.80  106.52  154.92  120.85   64.70   36.30   35.61   40.12
              deke =    0.54    6.20    4.88    3.59    1.96    1.41    2.36    6.55
              temp =  -62.83  -66.68  -49.69  -30.24  -12.86    0.23    8.14   13.66
 step =  7020 reke =   40.33   99.91  188.69  154.29   84.84   46.61   44.89   50.64
              deke =    0.67    4.68    7.56    4.45    2.51    1.49    2.72    7.84
              temp =  -62.86  -66.71  -49.87  -29.93  -12.58    0.37    8.11   13.59
 step =  7200 reke =   45.40  114.83  171.43  137.70   82.22   41.60   37.04   43.09
              deke =    0.53    6.09    6.68    4.14    2.91    2.21    2.83    7.45
              temp =  -62.87  -66.71  -50.04  -30.10  -12.85    0.28    8.13   13.54
 step =  7380 reke =   51.28  116.03  189.18  164.78   91.25   52.27   50.33   53.92
              deke =    0.57    8.22    9.33    3.67    2.01    1.98    3.70    8.35
              temp =  -62.90  -66.63  -49.97  -30.08  -12.79    0.39    8.25   13.58
 step =  7560 reke =   61.19  119.10  188.45  157.81   94.65   46.42   40.92   45.75
              deke =    0.68    5.70    8.46    4.15    2.39    1.96    2.79    7.26
              temp =  -62.91  -66.56  -50.08  -29.79  -12.55    0.56    8.27   13.60
  field:            1    no. of faulty points:           0
  undefined values set to   0.0000000000000000     
  start of year/month =         1983           8
 step =  7740 reke =   59.31  111.62  155.27  130.98   75.57   39.71   35.74   37.55
              deke =    0.65    7.92    6.45    4.08    2.31    1.86    2.81    7.07
              temp =  -62.92  -66.56  -50.00  -30.26  -12.92    0.34    8.13   13.59
 step =  7920 reke =   49.46  101.18  160.17  137.27   77.99   41.93   40.81   47.11
              deke =    0.68    4.82    6.28    4.62    2.14    1.69    2.45    6.89
              temp =  -62.93  -66.62  -49.98  -30.15  -12.91    0.35    8.26   13.68
 step =  8100 reke =   38.87   98.96  150.48  134.92   78.82   45.87   42.44   46.25
              deke =    0.86    7.48    7.15    5.19    1.90    1.97    2.76    7.41
              temp =  -62.92  -66.65  -49.92  -29.91  -12.82    0.45    8.29   13.65
 step =  8280 reke =   45.03  121.14  182.19  146.89   81.60   46.02   41.10   45.63
              deke =    0.51    7.91    7.20    5.04    2.38    2.15    2.58    6.98
              temp =  -62.94  -66.68  -49.87  -29.82  -12.91    0.41    8.29   13.83
 step =  8460 reke =   42.06  116.02  190.94  148.29   86.70   46.67   41.64   45.86
              deke =    0.65    6.46    4.98    3.85    2.26    1.71    2.71    6.70
              temp =  -62.94  -66.72  -49.93  -29.89  -13.00    0.30    8.20   13.69
 step =  8640 reke =   32.02  121.18  208.54  165.93   92.07   47.97   44.27   46.51
              deke =    0.41    6.09    8.08    3.94    2.15    1.84    2.58    7.99
              temp =  -62.91  -66.76  -49.84  -29.84  -12.78    0.44    8.29   13.67
  field:            1    no. of faulty points:           0
  undefined values set to   0.0000000000000000     
  start of year/month =         1983           9
 step =  8820 reke =   45.57  112.62  166.90  157.03   92.45   51.34   46.83   49.64
              deke =    0.45    5.65    6.80    5.04    2.77    1.85    2.47    7.92
              temp =  -62.91  -66.79  -50.16  -29.71  -12.73    0.47    8.21   13.50
 step =  9000 reke =   46.12  105.22  193.90  175.53   99.12   54.95   50.39   54.82
              deke =    0.46    5.53    7.63    4.38    1.99    1.65    2.91    7.78
              temp =  -62.89  -66.83  -50.16  -29.68  -12.38    0.65    8.31   13.57
 step =  9180 reke =   61.96  110.72  178.32  147.84   82.15   46.29   45.21   49.40
              deke =    0.41    5.54    7.40    5.17    1.81    1.76    2.91    8.38
              temp =  -62.90  -66.83  -49.94  -29.66  -12.76    0.39    8.23   13.66
 step =  9360 reke =   42.28  112.11  188.92  139.16   74.38   45.90   42.28   42.90
              deke =    0.43    6.30    9.75    4.20    2.38    2.26    2.96    7.42
              temp =  -62.89  -66.82  -49.70  -30.13  -12.92    0.41    8.19   13.56
 step =  9540 reke =   42.97  103.41  186.68  169.44   87.21   45.95   43.22   48.71
              deke =    0.65    7.39    8.76    5.29    1.91    1.91    2.41    7.77
              temp =  -62.88  -66.81  -49.85  -30.18  -13.23    0.20    8.10   13.63
 step =  9720 reke =   45.54  107.84  182.21  155.89   86.95   48.94   44.21   48.34
              deke =    0.71    6.91    8.24    4.79    2.04    1.83    2.94    7.52
              temp =  -62.90  -66.86  -50.04  -29.95  -12.91    0.31    8.14   13.57
  field:            1    no. of faulty points:           0
  undefined values set to   0.0000000000000000     
  start of year/month =         1983          10
 step =  9900 reke =   66.01  117.19  190.18  146.98   88.30   53.44   51.25   54.02
              deke =    0.63    5.91   10.27    4.05    2.07    1.99    3.34    8.13
              temp =  -62.93  -66.92  -49.99  -30.01  -13.12    0.38    8.22   13.59
 step = 10080 reke =   41.59  108.06  191.20  167.64   99.31   57.49   52.20   57.05
              deke =    0.52    6.97    9.67    5.80    2.27    2.12    2.78    8.82
              temp =  -62.89  -66.85  -49.94  -29.64  -12.71    0.53    8.27   13.57
 step = 10260 reke =   68.44  137.92  204.98  170.86   91.24   48.77   43.05   46.42
              deke =    0.68    9.62    7.06    4.80    1.81    1.40    2.58    6.90
              temp =  -62.92  -66.77  -50.02  -29.81  -12.66    0.45    8.25   13.67
 step = 10440 reke =   51.62  131.79  183.38  146.28   83.26   46.86   44.24   47.66
              deke =    0.82    4.48    6.63    3.96    1.82    1.64    2.52    6.94
              temp =  -62.93  -66.82  -49.88  -29.81  -12.78    0.40    8.28   13.64
 step = 10620 reke =   48.08  113.56  178.57  160.80   83.93   41.62   39.11   41.14
              deke =    0.79    5.08    6.45    4.58    1.75    1.45    2.39    6.95
              temp =  -62.93  -66.77  -49.76  -29.82  -13.24    0.23    8.14   13.61
 step = 10800 reke =   47.23  108.26  177.39  162.55   89.95   52.31   52.29   57.02
              deke =    0.61    6.70    7.46    5.09    2.07    2.04    2.60    8.69
              temp =  -62.90  -66.78  -49.75  -29.75  -12.79    0.34    8.17   13.55
  field:            1    no. of faulty points:           0
  undefined values set to   0.0000000000000000     
  start of year/month =         1983          11
 step = 10980 reke =   57.12  129.58  199.63  177.41   98.51   51.60   45.25   47.76
              deke =    0.61    6.34    6.15    3.76    1.82    2.10    3.01    7.92
              temp =  -62.93  -66.77  -49.80  -29.79  -12.63    0.55    8.31   13.58
 step = 11160 reke =   38.91  116.50  183.59  146.32   78.23   42.15   39.10   42.46
              deke =    0.44    4.11    7.07    4.43    2.19    1.83    2.95    6.45
              temp =  -62.93  -66.79  -49.71  -29.78  -13.04    0.34    8.12   13.59
 step = 11340 reke =   41.28  117.99  187.32  165.91   96.07   52.31   49.98   53.42
              deke =    0.63    6.22    7.50    4.40    2.01    1.46    2.75    7.87
              temp =  -62.88  -66.81  -49.78  -29.82  -12.80    0.29    8.15   13.61
 step = 11520 reke =   47.33  141.55  178.52  143.26   86.71   49.88   45.27   49.67
              deke =    0.65    7.16    6.41    4.20    2.28    1.72    2.98    7.70
              temp =  -62.87  -66.77  -49.83  -29.63  -12.66    0.54    8.26   13.72
 step = 11700 reke =   39.04  110.19  166.67  141.56   78.81   44.14   42.31   46.04
              deke =    0.73    7.03    8.31    3.85    2.05    2.00    3.02    7.99
              temp =  -62.84  -66.78  -49.88  -29.45  -12.60    0.66    8.33   13.68
 step = 11880 reke =   25.44  105.70  169.91  132.87   76.56   40.43   36.63   40.35
              deke =    0.54    6.09    8.63    4.76    2.22    1.69    2.90    7.09
              temp =  -62.80  -66.76  -49.67  -29.82  -12.70    0.44    8.16   13.51
 Write restart dataset for year/month/date/hour:         1983 /          12 /           1 /           0
  field:            1    no. of faulty points:           0
  undefined values set to   0.0000000000000000     
  start of year/month =         1983          12
 step = 12060 reke =   42.62  120.09  172.56  148.83   81.28   46.42   43.88   46.21
              deke =    0.72    7.99    7.51    4.03    1.58    1.57    2.64    7.43
              temp =  -62.81  -66.72  -49.74  -29.74  -12.81    0.43    8.17   13.61
 step = 12240 reke =   45.23   99.52  159.53  130.59   68.07   34.31   32.60   39.25
              deke =    0.47    4.77    6.16    4.05    1.78    1.70    2.30    6.76
              temp =  -62.79  -66.73  -49.97  -29.50  -12.71    0.42    8.19   13.67
 step = 12420 reke =   47.74  100.95  160.75  132.70   74.62   41.08   38.53   44.46
              deke =    0.63    5.87    8.38    4.16    1.84    1.91    2.72    7.44
              temp =  -62.79  -66.72  -50.09  -29.89  -12.96    0.40    8.29   13.63
 step = 12600 reke =   53.76  133.09  194.41  167.42   91.71   52.09   49.57   53.88
              deke =    0.66    7.92    7.25    4.62    2.18    1.74    2.63    7.98
              temp =  -62.80  -66.73  -49.86  -29.80  -12.95    0.34    8.23   13.62
 step = 12780 reke =   37.84  127.47  183.45  160.53   98.06   57.31   52.80   56.64
              deke =    0.60    5.54    7.34    3.96    2.55    1.86    3.15    7.64
              temp =  -62.82  -66.73  -49.80  -29.59  -12.71    0.54    8.23   13.53
 step = 12960 reke =   75.61  138.66  210.50  161.19   88.47   53.15   50.06   54.48
              deke =    0.72    6.58    6.33    4.53    2.12    1.70    2.51    7.31
              temp =  -62.82  -66.70  -49.70  -29.58  -12.96    0.40    8.14   13.53
 step = 13140 reke =   58.60  109.92  165.53  144.07   89.84   50.57   44.78   47.38
              deke =    0.55    5.06    7.35    4.73    1.92    1.56    2.80    7.52
              temp =  -62.84  -66.68  -49.74  -29.71  -12.98    0.39    8.19   13.65
  field:            1    no. of faulty points:           0
  undefined values set to   0.0000000000000000     
 Write restart dataset for year/month/date/hour:         1984 /           1 /           1 /           0
