101
Restart from 003
/var/lib/slurm-llnl/slurmd/job871351/slurm_script: line 32: ./runCONTROL53sig11exp.sh: No such file or directory
Linking file for next year
mv: cannot stat 'output/exp_101/1983010100.rst': No such file or directory
cp: cannot stat 'output/exp_101/1984010100.rst': No such file or directory
102
Restart from  101
/var/lib/slurm-llnl/slurmd/job871351/slurm_script: line 35: ./runCONTROL53sig11exp.sh: No such file or directory
Linking file for next year
mv: cannot stat 'output/exp_102/1983010100.rst': No such file or directory
cp: cannot stat 'output/exp_102/1984010100.rst': No such file or directory
103
Restart from  102
/var/lib/slurm-llnl/slurmd/job871351/slurm_script: line 35: ./runCONTROL53sig11exp.sh: No such file or directory
Linking file for next year
mv: cannot stat 'output/exp_103/1983010100.rst': No such file or directory
cp: cannot stat 'output/exp_103/1984010100.rst': No such file or directory
104
Restart from  103
/var/lib/slurm-llnl/slurmd/job871351/slurm_script: line 35: ./runCONTROL53sig11exp.sh: No such file or directory
Linking file for next year
mv: cannot stat 'output/exp_104/1983010100.rst': No such file or directory
cp: cannot stat 'output/exp_104/1984010100.rst': No such file or directory
105
Restart from  104
/var/lib/slurm-llnl/slurmd/job871351/slurm_script: line 35: ./runCONTROL53sig11exp.sh: No such file or directory
Linking file for next year
mv: cannot stat 'output/exp_105/1983010100.rst': No such file or directory
cp: cannot stat 'output/exp_105/1984010100.rst': No such file or directory
106
Restart from  105
/var/lib/slurm-llnl/slurmd/job871351/slurm_script: line 35: ./runCONTROL53sig11exp.sh: No such file or directory
Linking file for next year
mv: cannot stat 'output/exp_106/1983010100.rst': No such file or directory
cp: cannot stat 'output/exp_106/1984010100.rst': No such file or directory
107
Restart from  106
/var/lib/slurm-llnl/slurmd/job871351/slurm_script: line 35: ./runCONTROL53sig11exp.sh: No such file or directory
Linking file for next year
mv: cannot stat 'output/exp_107/1983010100.rst': No such file or directory
cp: cannot stat 'output/exp_107/1984010100.rst': No such file or directory
108
Restart from  107
/var/lib/slurm-llnl/slurmd/job871351/slurm_script: line 35: ./runCONTROL53sig11exp.sh: No such file or directory
Linking file for next year
mv: cannot stat 'output/exp_108/1983010100.rst': No such file or directory
cp: cannot stat 'output/exp_108/1984010100.rst': No such file or directory
109
Restart from  108
/var/lib/slurm-llnl/slurmd/job871351/slurm_script: line 35: ./runCONTROL53sig11exp.sh: No such file or directory
Linking file for next year
mv: cannot stat 'output/exp_109/1983010100.rst': No such file or directory
cp: cannot stat 'output/exp_109/1984010100.rst': No such file or directory
110
Restart from  109
/var/lib/slurm-llnl/slurmd/job871351/slurm_script: line 35: ./runCONTROL53sig11exp.sh: No such file or directory
Linking file for next year
mv: cannot stat 'output/exp_110/1983010100.rst': No such file or directory
cp: cannot stat 'output/exp_110/1984010100.rst': No such file or directory
111
Restart from  110
/var/lib/slurm-llnl/slurmd/job871351/slurm_script: line 35: ./runCONTROL53sig11exp.sh: No such file or directory
Linking file for next year
mv: cannot stat 'output/exp_111/1983010100.rst': No such file or directory
cp: cannot stat 'output/exp_111/1984010100.rst': No such file or directory
112
Restart from  111
/var/lib/slurm-llnl/slurmd/job871351/slurm_script: line 35: ./runCONTROL53sig11exp.sh: No such file or directory
Linking file for next year
mv: cannot stat 'output/exp_112/1983010100.rst': No such file or directory
cp: cannot stat 'output/exp_112/1984010100.rst': No such file or directory
113
Restart from  112
/var/lib/slurm-llnl/slurmd/job871351/slurm_script: line 35: ./runCONTROL53sig11exp.sh: No such file or directory
Linking file for next year
mv: cannot stat 'output/exp_113/1983010100.rst': No such file or directory
cp: cannot stat 'output/exp_113/1984010100.rst': No such file or directory
114
Restart from  113
/var/lib/slurm-llnl/slurmd/job871351/slurm_script: line 35: ./runCONTROL53sig11exp.sh: No such file or directory
Linking file for next year
mv: cannot stat 'output/exp_114/1983010100.rst': No such file or directory
cp: cannot stat 'output/exp_114/1984010100.rst': No such file or directory
115
Restart from  114
/var/lib/slurm-llnl/slurmd/job871351/slurm_script: line 35: ./runCONTROL53sig11exp.sh: No such file or directory
Linking file for next year
mv: cannot stat 'output/exp_115/1983010100.rst': No such file or directory
cp: cannot stat 'output/exp_115/1984010100.rst': No such file or directory
116
Restart from  115
/var/lib/slurm-llnl/slurmd/job871351/slurm_script: line 35: ./runCONTROL53sig11exp.sh: No such file or directory
Linking file for next year
mv: cannot stat 'output/exp_116/1983010100.rst': No such file or directory
cp: cannot stat 'output/exp_116/1984010100.rst': No such file or directory
117
Restart from  116
/var/lib/slurm-llnl/slurmd/job871351/slurm_script: line 35: ./runCONTROL53sig11exp.sh: No such file or directory
Linking file for next year
mv: cannot stat 'output/exp_117/1983010100.rst': No such file or directory
cp: cannot stat 'output/exp_117/1984010100.rst': No such file or directory
118
Restart from  117
/var/lib/slurm-llnl/slurmd/job871351/slurm_script: line 35: ./runCONTROL53sig11exp.sh: No such file or directory
Linking file for next year
mv: cannot stat 'output/exp_118/1983010100.rst': No such file or directory
cp: cannot stat 'output/exp_118/1984010100.rst': No such file or directory
119
Restart from  118
/var/lib/slurm-llnl/slurmd/job871351/slurm_script: line 35: ./runCONTROL53sig11exp.sh: No such file or directory
Linking file for next year
mv: cannot stat 'output/exp_119/1983010100.rst': No such file or directory
cp: cannot stat 'output/exp_119/1984010100.rst': No such file or directory
120
Restart from  119
/var/lib/slurm-llnl/slurmd/job871351/slurm_script: line 35: ./runCONTROL53sig11exp.sh: No such file or directory
Linking file for next year
mv: cannot stat 'output/exp_120/1983010100.rst': No such file or directory
cp: cannot stat 'output/exp_120/1984010100.rst': No such file or directory
121
Restart from  120
/var/lib/slurm-llnl/slurmd/job871351/slurm_script: line 35: ./runCONTROL53sig11exp.sh: No such file or directory
Linking file for next year
mv: cannot stat 'output/exp_121/1983010100.rst': No such file or directory
cp: cannot stat 'output/exp_121/1984010100.rst': No such file or directory
122
Restart from  121
/var/lib/slurm-llnl/slurmd/job871351/slurm_script: line 35: ./runCONTROL53sig11exp.sh: No such file or directory
Linking file for next year
mv: cannot stat 'output/exp_122/1983010100.rst': No such file or directory
cp: cannot stat 'output/exp_122/1984010100.rst': No such file or directory
123
Restart from  122
/var/lib/slurm-llnl/slurmd/job871351/slurm_script: line 35: ./runCONTROL53sig11exp.sh: No such file or directory
Linking file for next year
mv: cannot stat 'output/exp_123/1983010100.rst': No such file or directory
cp: cannot stat 'output/exp_123/1984010100.rst': No such file or directory
124
Restart from  123
/var/lib/slurm-llnl/slurmd/job871351/slurm_script: line 35: ./runCONTROL53sig11exp.sh: No such file or directory
Linking file for next year
mv: cannot stat 'output/exp_124/1983010100.rst': No such file or directory
cp: cannot stat 'output/exp_124/1984010100.rst': No such file or directory
125
Restart from  124
/var/lib/slurm-llnl/slurmd/job871351/slurm_script: line 35: ./runCONTROL53sig11exp.sh: No such file or directory
Linking file for next year
mv: cannot stat 'output/exp_125/1983010100.rst': No such file or directory
cp: cannot stat 'output/exp_125/1984010100.rst': No such file or directory
