101
Restart from 003
Using restart namelist
  hallo from speedy_agcm
 RPE_ACTIVE  F
&RESOLUTION
 NTRUN=         30,
 MTRUN=         30,
 IX=         96,
 IY=         24,
 KX=          8,
 /
&INPUT_RESOLUTION
 NTRUN_IN=         30,
 MTRUN_IN=         30,
 IX_IN=         96,
 IY_IN=         24,
 KX_IN=          8,
 /
&COUPLING_FLAGS
 ICLAND=          1,
 ICSEA=          0,
 ICICE=          1,
 ISSTAN=          1,
 /
&LAND
 DEPTH_SOIL=  1.0000000000000000     ,
 DEPTH_LICE=  5.0000000000000000     ,
 TDLAND=  40.000000000000000     ,
 FLANDMIN= 0.33333333333333331     ,
 /
&SEA
 DEPTH_ML=  60.000000000000000     ,
 DEPT0_ML=  40.000000000000000     ,
 DEPTH_ICE=  2.5000000000000000     ,
 DEPT0_ICE=  1.5000000000000000     ,
 TDSST=  90.000000000000000     ,
 TDICE=  30.000000000000000     ,
 FSEAMIN= 0.33333333333333331     ,
 BETA%VAL=  1.0000000000000000     ,
 L_GLOBE=T,
 L_NORTHE=F,
 L_NATLAN=F,
 L_NPACIF=F,
 L_TROPIC=F,
 L_INDIAN=F,
 /
&DYNAMICS
 GAMMA=  6.0000000000000000     ,
 HSCALE=  7.5000000000000000     ,
 HSHUM=  2.5000000000000000     ,
 REFRH1= 0.69999999999999996     ,
 THD=  2.3999999999999999     ,
 THDD=  2.3999999999999999     ,
 THDS=  12.000000000000000     ,
 TDRS%VAL=  720.00000000000000     ,
 /
&FORCING
 LCO2=F,
 IYEAR_REF=       1950,
 DEL_CO2%VAL=  5.0000000000000001E-003,
 ABLCO2%VAL=  6.0000000000000000     ,
 ALBSEA%VAL=  7.0000000000000007E-002,
 ALBICE%VAL= 0.59999999999999998     ,
 ALBSN%VAL= 0.59999999999999998     ,
 /
&SOLAR_FORCING
 SOLC%VAL=  342.00000000000000     ,
 EPSSW%VAL=  2.0000000000000000E-002,
 /
&SURFACE
 SWCAP%VAL= 0.29999999999999999     ,
 SWWIL%VAL= 0.17000000000000001     ,
 SD2SC%VAL=  60.000000000000000     ,
 /
&TIMESTEPPING
 NSTEPS=         36,
 NSTDIA=        180,
 NMONRS=         12,
 ROB%VAL=  5.0000000000000003E-002,
 WIL%VAL= 0.53000000000000003     ,
 /
&CONVECTION
 PSMIN%VAL= 0.80000000000000004     ,
 TRCNV=  6.0000000000000000     ,
 RHBL%VAL= 0.90000000000000002     ,
 RHIL%VAL= 0.69999999999999996     ,
 ENTMAX= 0.50000000000000000     ,
 SMF%VAL= 0.80000000000000004     ,
 /
&CONDENSATION
 TRLSC%VAL=  4.0000000000000000     ,
 RHLSC= 0.90000000000000002     ,
 DRHLSC= 0.10000000000000001     ,
 RHBLSC= 0.94999999999999996     ,
 /
&CLOUD_PARAMETERS
 RHCL1%VAL= 0.29999999999999999     ,
 RHCL2%VAL=  1.0000000000000000     ,
 QACL%VAL= 0.20000000000000001     ,
 WPCL%VAL= 0.20000000000000001     ,
 PMAXCL%VAL=  10.000000000000000     ,
 CLSMAX%VAL= 0.59999999999999998     ,
 CLSMINL%VAL= 0.14999999999999999     ,
 GSE_S0%VAL= 0.25000000000000000     ,
 GSE_S1%VAL= 0.40000000000000002     ,
 /
&SW_RADIATION
 NSTRAD=          3,
 ABSDRY%VAL=  3.3000000000000002E-002,
 ABSAER%VAL=  3.3000000000000002E-002,
 ABSWV1%VAL=  2.1999999999999999E-002,
 ABSWV2%VAL=  15.000000000000000     ,
 ABSCL1%VAL=  1.4999999999999999E-002,
 ABSCL2%VAL= 0.14999999999999999     ,
 ALBCL%VAL= 0.42999999999999999     ,
 ALBCLS%VAL= 0.50000000000000000     ,
 /
&LW_RADIATION
 EPSLW%VAL=  5.0000000000000003E-002,
 EMISFC%VAL= 0.97999999999999998     ,
 ABLWIN%VAL= 0.29999999999999999     ,
 ABLWV1%VAL= 0.69999999999999996     ,
 ABLWV2%VAL=  50.000000000000000     ,
 ABLCL1%VAL=  12.000000000000000     ,
 ABLCL2%VAL= 0.59999999999999998     ,
 /
&SURFACE_FLUXES
 FWIND0%VAL= 0.94999999999999996     ,
 FTEMP0%VAL=  1.0000000000000000     ,
 FHUM0%VAL=  0.0000000000000000     ,
 CDL%VAL=  2.3999999999999998E-003,
 CDS%VAL=  1.0000000000000000E-003,
 CHL%VAL=  1.1999999999999999E-003,
 CHS%VAL=  8.9999999999999998E-004,
 VGUST%VAL=  5.0000000000000000     ,
 CTDAY%VAL=  1.0000000000000000E-002,
 DTHETA%VAL=  3.0000000000000000     ,
 FSTAB%VAL= 0.67000000000000004     ,
 HDRAG%VAL=  2000.0000000000000     ,
 FHDRAG%VAL= 0.50000000000000000     ,
 CLAMBDA%VAL=  7.0000000000000000     ,
 CLAMBSN%VAL=  7.0000000000000000     ,
 /
&VERTICAL_DIFFUSION
 TRSHC=  6.0000000000000000     ,
 TRVDI=  24.000000000000000     ,
 TRVDS=  6.0000000000000000     ,
 REDSHC%VAL= 0.50000000000000000     ,
 RHGRAD%VAL= 0.50000000000000000     ,
 SEGRAD%VAL= 0.10000000000000001     ,
 /
&SPPT
 SPPT_ON=F,
 NSCALES=          3,
 L_ADDITIVE=F,
 /
&SPPT_PARAMETERS
 MU(1)%VAL=  1.0000000000000000     ,
 MU(2)%VAL=  1.0000000000000000     ,
 MU(3)%VAL=  1.0000000000000000     ,
 MU(4)%VAL=  1.0000000000000000     ,
 MU(5)%VAL=  1.0000000000000000     ,
 MU(6)%VAL=  1.0000000000000000     ,
 MU(7)%VAL=  1.0000000000000000     ,
 MU(8)%VAL=  1.0000000000000000     ,
 TIME_DECORR=  3.0000000000000000     ,  72.000000000000000     ,  720.00000000000000     ,
 LEN_DECORR=  500000.00000000000     ,  1000000.0000000000     ,  2000000.0000000000     ,
 STDDEV= 0.52000000000000002     , 0.17999999999999999     ,  5.9999999999999998E-002,
 ADDITIVE_MAGNITUDE%VAL=  9.9999999999999995E-007,
 /
 Read namelist
 start date         1983           1           1           0
  Model half-level (*1000)           1           0
  Model half-level (*1000)           2          50
  Model half-level (*1000)           3         140
  Model half-level (*1000)           4         260
  Model half-level (*1000)           5         420
  Model half-level (*1000)           6         600
  Model half-level (*1000)           7         770
  Model half-level (*1000)           8         900
  Model half-level (*1000)           9        1000
  Model full-level (*1000)           1          25
  Model full-level (*1000)           2          95
  Model full-level (*1000)           3         200
  Model full-level (*1000)           4         340
  Model full-level (*1000)           5         510
  Model full-level (*1000)           6         685
  Model full-level (*1000)           7         835
  Model full-level (*1000)           8         950
  temp/hum correction at level            2  0.66167368341273969        0.0000000000000000     
  temp/hum correction at level            3  0.75399289734237440        8.0000000000000019E-003
  temp/hum correction at level            4  0.82755908289241631        3.9303999999999992E-002
  temp/hum correction at level            5  0.88857447279504564       0.13265100000000002     
  temp/hum correction at level            6  0.93577679872957287       0.32141912500000008     
  temp/hum correction at level            7  0.96885785555841186       0.58218287499999988     
  temp/hum correction at level            8  0.99104107712276879       0.85737499999999989     
 Filter applied at wavenumber           30
  field:            1    no. of faulty points:           0
  field:            2    no. of faulty points:           0
  field:            3    no. of faulty points:           0
  field:            4    no. of faulty points:           0
  field:            5    no. of faulty points:           0
  field:            6    no. of faulty points:           0
  field:            7    no. of faulty points:           0
  field:            8    no. of faulty points:           0
  field:            9    no. of faulty points:           0
  field:           10    no. of faulty points:           0
  field:           11    no. of faulty points:           0
  field:           12    no. of faulty points:           0
  undefined values set to   273.00000000000000     
  field:            1    no. of faulty points:           0
  field:            2    no. of faulty points:           0
  field:            3    no. of faulty points:           0
  field:            4    no. of faulty points:           0
  field:            5    no. of faulty points:           0
  field:            6    no. of faulty points:           0
  field:            7    no. of faulty points:           0
  field:            8    no. of faulty points:           0
  field:            9    no. of faulty points:           0
  field:           10    no. of faulty points:           0
  field:           11    no. of faulty points:           0
  field:           12    no. of faulty points:           0
  undefined values set to   0.0000000000000000     
  field:            1    no. of faulty points:           0
  field:            2    no. of faulty points:           0
  field:            3    no. of faulty points:           0
  field:            4    no. of faulty points:           0
  field:            5    no. of faulty points:           0
  field:            6    no. of faulty points:           0
  field:            7    no. of faulty points:           0
  field:            8    no. of faulty points:           0
  field:            9    no. of faulty points:           0
  field:           10    no. of faulty points:           0
  field:           11    no. of faulty points:           0
  field:           12    no. of faulty points:           0
  undefined values set to   0.0000000000000000     
  field:            1    no. of faulty points:           0
  field:            2    no. of faulty points:           0
  field:            3    no. of faulty points:           0
  field:            4    no. of faulty points:           0
  field:            5    no. of faulty points:           0
  field:            6    no. of faulty points:           0
  field:            7    no. of faulty points:           0
  field:            8    no. of faulty points:           0
  field:            9    no. of faulty points:           0
  field:           10    no. of faulty points:           0
  field:           11    no. of faulty points:           0
  field:           12    no. of faulty points:           0
  undefined values set to   273.00000000000000     
  field:            1    no. of faulty points:           0
  field:            2    no. of faulty points:           0
  field:            3    no. of faulty points:           0
  field:            4    no. of faulty points:           0
  field:            5    no. of faulty points:           0
  field:            6    no. of faulty points:           0
  field:            7    no. of faulty points:           0
  field:            8    no. of faulty points:           0
  field:            9    no. of faulty points:           0
  field:           10    no. of faulty points:           0
  field:           11    no. of faulty points:           0
  field:           12    no. of faulty points:           0
  undefined values set to   0.0000000000000000     
 isst0 =           49
  field:            1    no. of faulty points:           0
  field:            2    no. of faulty points:           0
  field:            3    no. of faulty points:           0
  undefined values set to   0.0000000000000000     
  reading a restart file
        1983           1           1           0
        1984           1           1           0
 WARNING: Date in restart file does not match requested date
Read restart dataset for year/month/date/hour: 1983/01/01/00
 step =     0 reke =   41.23  103.89  191.97  171.46   98.80   52.76   44.60   47.53
              deke =    0.42    4.53    7.44    5.97    2.54    1.86    2.52    7.00
              temp =  -62.95  -66.85  -50.10  -29.50  -13.05    0.27    8.15   13.61
   tref =    217.14995443460384     
   tref =    217.14995443460384     
   tref =    217.14995443460384     
   tref =    238.33701587301590     
   tref =    255.90944816497316     
   tref =    269.50371803411701     
   tref =    279.03106240082263     
   tref =    285.41983021135741     
 integration length in days:          365
  start of year/month =         1983           1
 step =   180 reke =   37.37   94.47  172.38  152.69   84.57   43.07   39.16   43.07
              deke =    0.54    5.37    7.87    5.17    2.50    1.45    2.61    7.09
              temp =  -62.95  -66.80  -50.00  -29.80  -13.04    0.30    8.14   13.57
 step =   360 reke =   40.74   97.62  176.22  136.89   81.25   42.14   38.12   40.79
              deke =    0.41    6.00    7.49    5.19    2.47    1.63    2.50    7.25
              temp =  -62.98  -66.78  -49.97  -29.77  -12.99    0.25    8.07   13.52
 step =   540 reke =   49.06  126.80  216.97  173.71   98.79   52.59   47.20   49.65
              deke =    0.90    6.60    8.93    4.43    2.09    2.23    3.30    7.82
              temp =  -62.99  -66.75  -49.90  -29.74  -12.92    0.29    8.19   13.58
 step =   720 reke =   66.30  109.91  180.35  151.83   90.87   51.67   44.98   48.50
              deke =    1.03    8.52    6.53    4.99    1.90    1.90    2.40    7.11
              temp =  -62.94  -66.80  -49.94  -30.00  -12.60    0.52    8.23   13.71
 step =   900 reke =   50.65  119.98  198.80  169.09   95.95   51.04   43.70   48.14
              deke =    0.62    7.69    8.56    4.60    1.83    1.96    2.94    7.64
              temp =  -62.90  -66.90  -49.80  -29.94  -12.63    0.45    8.20   13.60
 step =  1080 reke =   72.66  126.25  196.85  145.75   86.50   48.74   39.85   41.33
              deke =    1.01    7.96    7.04    3.85    2.02    1.65    2.58    6.32
              temp =  -62.93  -66.83  -49.80  -29.92  -12.98    0.26    8.12   13.63
  field:            1    no. of faulty points:           0
  undefined values set to   0.0000000000000000     
  start of year/month =         1983           2
 step =  1260 reke =   58.82  137.46  211.86  169.76   94.39   50.79   44.93   48.41
              deke =    0.56    6.56    8.40    4.86    2.25    1.37    2.50    7.23
              temp =  -62.87  -66.84  -49.83  -29.81  -12.73    0.36    7.99   13.52
 step =  1440 reke =   37.91  115.96  181.70  150.13   91.78   53.37   51.49   55.02
              deke =    0.51    6.36    8.25    4.25    2.50    1.80    3.22    9.47
              temp =  -62.86  -66.87  -49.85  -29.96  -12.64    0.44    8.11   13.59
 step =  1620 reke =   31.24  114.72  178.29  141.20   85.70   47.21   45.19   49.37
              deke =    0.53    7.04    7.05    4.32    2.49    2.27    3.61    8.53
              temp =  -62.84  -66.87  -49.64  -29.77  -12.69    0.67    8.34   13.67
 step =  1800 reke =   50.72  127.38  187.60  150.19   79.67   41.30   40.69   44.43
              deke =    0.56    7.86    7.68    4.41    2.08    2.19    2.99    7.57
              temp =  -62.78  -66.84  -49.44  -29.57  -12.78    0.57    8.34   13.68
 step =  1980 reke =   38.33  106.61  156.24  125.69   69.61   40.53   38.08   44.37
              deke =    0.33    6.40    7.61    3.98    1.75    1.93    2.48    6.71
              temp =  -62.81  -66.76  -49.62  -29.83  -13.01    0.37    8.24   13.74
  field:            1    no. of faulty points:           0
  undefined values set to   0.0000000000000000     
  start of year/month =         1983           3
 step =  2160 reke =   39.61   97.91  167.13  141.65   76.35   44.70   42.45   44.66
              deke =    0.54    5.53   10.23    5.03    2.62    2.00    2.85    7.41
              temp =  -62.79  -66.64  -49.88  -29.63  -12.62    0.39    7.99   13.44
 step =  2340 reke =   44.80  121.18  209.46  185.56  106.50   58.84   53.94   56.02
              deke =    0.69    6.48    8.47    4.55    2.65    1.88    2.49    7.80
              temp =  -62.80  -66.64  -49.87  -29.68  -12.63    0.50    8.25   13.61
 step =  2520 reke =   57.95  101.07  167.90  142.40   82.71   46.12   43.96   44.20
              deke =    0.62    5.07    7.21    4.80    1.98    1.76    3.14    7.60
              temp =  -62.80  -66.67  -49.78  -29.96  -12.73    0.54    8.24   13.68
 step =  2700 reke =   52.71  131.78  216.12  174.55  101.50   56.94   52.68   52.89
              deke =    0.71    6.32    8.77    3.98    2.82    2.07    3.54    8.24
              temp =  -62.83  -66.68  -49.76  -29.70  -12.84    0.52    8.26   13.51
 step =  2880 reke =   36.83   84.21  171.96  146.83   72.30   36.81   36.51   41.82
              deke =    0.64    5.48    8.90    4.65    2.34    1.94    2.70    7.30
              temp =  -62.79  -66.64  -49.76  -29.67  -12.62    0.65    8.21   13.55
 step =  3060 reke =   60.34  120.14  197.31  150.69   87.65   45.20   44.66   49.80
              deke =    0.61    7.30    7.67    4.67    3.17    2.05    3.32    7.27
              temp =  -62.82  -66.60  -49.61  -29.65  -12.56    0.44    8.12   13.64
 step =  3240 reke =   55.09   91.44  135.94  110.10   70.13   37.67   33.75   40.23
              deke =    0.59    4.92    6.04    4.17    2.30    1.58    2.40    6.59
              temp =  -62.79  -66.59  -49.69  -29.74  -12.77    0.45    8.20   13.65
  field:            1    no. of faulty points:           0
  undefined values set to   0.0000000000000000     
  start of year/month =         1983           4
 step =  3420 reke =   38.86  107.28  171.06  144.35   82.89   44.14   42.74   46.05
              deke =    0.47    5.84    7.32    4.47    2.03    1.98    2.74    7.78
              temp =  -62.78  -66.59  -49.80  -29.71  -12.86    0.26    8.12   13.54
 step =  3600 reke =   36.12  118.51  178.09  153.49   88.63   47.06   42.84   46.70
              deke =    0.52    5.86    6.22    4.50    1.91    1.73    2.93    7.26
              temp =  -62.75  -66.62  -49.82  -29.63  -12.87    0.29    8.07   13.51
 step =  3780 reke =   35.65   79.96  141.08  121.82   71.05   37.97   37.19   40.95
              deke =    0.32    3.92    5.84    4.18    2.29    1.60    2.48    7.06
              temp =  -62.78  -66.64  -50.01  -29.85  -12.92    0.32    8.03   13.46
 step =  3960 reke =   46.84  111.59  177.62  161.65   92.25   51.96   47.66   50.53
              deke =    0.52    5.41    7.12    4.25    2.38    1.96    2.83    7.39
              temp =  -62.81  -66.66  -50.10  -30.20  -12.88    0.21    8.02   13.43
 step =  4140 reke =   87.14  164.30  222.71  191.18  108.42   58.73   52.24   54.04
              deke =    1.00    8.96    8.19    4.52    2.13    2.18    2.78    8.37
              temp =  -62.80  -66.65  -50.05  -30.09  -12.82    0.33    8.17   13.56
 step =  4320 reke =   77.84  157.43  212.78  161.43   97.04   60.60   56.62   57.00
              deke =    0.90    7.59    8.29    4.21    2.70    1.99    3.49    8.97
              temp =  -62.78  -66.71  -49.66  -29.99  -12.72    0.47    8.18   13.61
  field:            1    no. of faulty points:           0
  undefined values set to   0.0000000000000000     
  start of year/month =         1983           5
 step =  4500 reke =   39.85  111.40  179.16  144.71   83.23   44.13   41.42   46.53
              deke =    0.42    6.42    6.53    3.57    2.74    1.61    2.81    7.03
              temp =  -62.82  -66.73  -49.61  -29.84  -13.03    0.31    8.05   13.66
 step =  4680 reke =   41.37  100.01  194.84  141.63   72.21   36.25   35.33   39.96
              deke =    0.60    5.07    9.54    4.22    2.27    1.46    2.60    6.56
              temp =  -62.81  -66.72  -49.62  -29.82  -12.79    0.26    7.93   13.45
 step =  4860 reke =   56.93  116.91  188.15  140.90   80.74   42.97   42.54   47.27
              deke =    0.61    7.45    6.08    3.96    2.09    1.56    2.52    7.10
              temp =  -62.81  -66.67  -49.77  -29.63  -12.80    0.30    8.00   13.39
 step =  5040 reke =   44.91  128.91  184.97  142.60   82.81   45.60   38.65   43.35
              deke =    0.71    7.80    6.89    4.39    2.12    2.11    2.78    7.08
              temp =  -62.77  -66.71  -49.88  -29.80  -12.69    0.32    8.08   13.44
 step =  5220 reke =   41.98  112.83  172.50  145.39   84.68   46.14   39.45   45.30
              deke =    0.53    7.78    6.68    4.44    1.93    1.76    2.10    6.74
              temp =  -62.77  -66.71  -50.03  -30.09  -12.81    0.38    8.15   13.52
 step =  5400 reke =   41.41  132.89  215.10  183.44   98.68   51.55   47.73   52.70
              deke =    0.43    7.74    7.20    4.48    3.09    1.99    2.85    8.08
              temp =  -62.79  -66.69  -49.94  -29.89  -12.96    0.28    8.10   13.52
  field:            1    no. of faulty points:           0
  undefined values set to   0.0000000000000000     
  start of year/month =         1983           6
 step =  5580 reke =   45.76  109.29  182.46  155.18   95.55   55.55   48.57   51.40
              deke =    0.53    5.00    7.31    4.80    2.33    2.16    2.65    7.80
              temp =  -62.85  -66.73  -49.90  -30.14  -13.07    0.40    8.17   13.44
 step =  5760 reke =   45.89  127.82  180.30  160.72   97.47   56.40   50.86   53.52
              deke =    0.54    8.89    6.50    5.03    2.05    1.68    2.52    7.37
              temp =  -62.90  -66.70  -49.86  -29.92  -13.15    0.15    8.07   13.65
 step =  5940 reke =   57.91  113.29  172.83  160.98   92.23   49.37   45.24   48.99
              deke =    0.46    9.06    5.53    4.69    1.98    1.99    2.50    8.00
              temp =  -62.87  -66.76  -49.78  -29.83  -12.99    0.33    8.16   13.62
 step =  6120 reke =   57.74  123.88  193.93  154.80   96.73   55.49   50.57   53.20
              deke =    0.63    6.71    9.71    5.19    2.42    2.26    2.76    7.61
              temp =  -62.82  -66.82  -49.64  -29.84  -12.87    0.39    8.20   13.68
 step =  6300 reke =   51.04  124.86  196.59  158.36   86.74   43.14   39.01   43.20
              deke =    0.67    8.09    7.87    3.94    2.24    1.58    2.49    6.74
              temp =  -62.80  -66.83  -49.79  -30.00  -12.96    0.27    8.14   13.66
 step =  6480 reke =   64.33  118.76  205.37  179.38  101.12   52.91   48.78   54.97
              deke =    0.98    8.50    9.87    4.96    2.82    2.05    3.15    8.40
              temp =  -62.80  -66.82  -49.82  -29.53  -12.78    0.48    8.24   13.62
  field:            1    no. of faulty points:           0
  undefined values set to   0.0000000000000000     
  start of year/month =         1983           7
 step =  6660 reke =   51.19  102.43  152.27  118.81   72.28   41.58   39.27   43.11
              deke =    0.61    6.06    6.70    3.68    2.49    1.66    2.88    7.27
              temp =  -62.78  -66.82  -49.94  -29.50  -12.81    0.43    8.14   13.52
 step =  6840 reke =   51.60   99.63  173.14  142.66   79.31   42.50   39.26   43.80
              deke =    0.85    7.12    6.67    4.58    2.31    2.08    3.18    8.06
              temp =  -62.81  -66.88  -49.67  -29.58  -13.09    0.31    8.07   13.51
 step =  7020 reke =   48.26  102.21  178.01  148.79   88.26   47.41   43.80   46.76
              deke =    0.71    5.44    8.81    4.51    2.47    1.61    2.78    7.23
              temp =  -62.79  -66.85  -49.74  -29.85  -12.86    0.25    8.05   13.51
 step =  7200 reke =   41.48  116.20  181.21  148.55   93.45   50.79   44.59   47.93
              deke =    0.49    8.21    7.13    3.78    1.96    1.80    2.63    7.51
              temp =  -62.79  -66.79  -49.79  -29.91  -12.67    0.51    8.25   13.65
 step =  7380 reke =   43.51  134.00  242.82  176.19  100.53   54.83   48.86   52.85
              deke =    0.46    6.43   10.22    4.72    3.05    2.41    3.10    7.63
              temp =  -62.78  -66.76  -49.62  -29.63  -12.86    0.33    8.25   13.61
 step =  7560 reke =   58.08  127.36  178.97  146.58   90.09   48.66   46.23   49.88
              deke =    0.46    8.07    8.05    5.33    1.99    2.17    3.51    8.58
              temp =  -62.80  -66.76  -49.55  -29.62  -12.99    0.30    8.20   13.65
  field:            1    no. of faulty points:           0
  undefined values set to   0.0000000000000000     
  start of year/month =         1983           8
 step =  7740 reke =   63.15  128.67  200.07  160.09   93.11   50.27   45.98   48.30
              deke =    0.84    6.97    8.35    3.53    2.47    2.38    3.53    7.81
              temp =  -62.80  -66.68  -49.54  -29.77  -12.71    0.39    8.10   13.50
 step =  7920 reke =   44.57  106.12  155.28  138.38   77.87   40.46   37.81   41.82
              deke =    0.51    8.41    9.44    5.32    2.14    1.98    2.71    7.58
              temp =  -62.80  -66.66  -49.70  -29.99  -12.89    0.41    8.19   13.52
 step =  8100 reke =   41.85  137.41  172.26  152.93   93.61   53.17   47.88   49.39
              deke =    0.50   10.94    7.66    4.38    2.04    2.00    3.05    7.37
              temp =  -62.78  -66.70  -49.85  -29.77  -12.56    0.54    8.18   13.48
 step =  8280 reke =   49.37  178.04  201.65  148.10   80.80   42.07   38.60   43.59
              deke =    0.47    7.75    5.88    3.96    1.92    1.40    2.43    7.20
              temp =  -62.77  -66.74  -49.58  -29.81  -12.88    0.31    8.13   13.68
 step =  8460 reke =   46.34  142.22  214.25  156.09   85.38   41.52   40.59   43.73
              deke =    0.78    7.28    8.79    4.39    2.76    1.76    3.24    7.19
              temp =  -62.76  -66.74  -49.33  -29.72  -13.06    0.29    8.17   13.57
 step =  8640 reke =   48.14  126.04  196.52  142.28   88.51   49.74   47.58   50.76
              deke =    0.73    7.37    9.59    4.79    2.23    1.69    2.74    7.59
              temp =  -62.76  -66.77  -49.27  -29.99  -13.07    0.28    8.07   13.57
  field:            1    no. of faulty points:           0
  undefined values set to   0.0000000000000000     
  start of year/month =         1983           9
 step =  8820 reke =   80.67  138.29  190.46  157.29   93.23   49.61   44.73   48.93
              deke =    0.85    8.90    8.15    5.16    1.56    1.79    2.79    7.24
              temp =  -62.81  -66.69  -49.39  -29.60  -12.88    0.29    8.14   13.54
 step =  9000 reke =   53.98  110.52  186.70  139.50   79.63   44.48   41.34   43.79
              deke =    0.50    5.58    5.97    4.64    1.79    2.11    3.03    7.25
              temp =  -62.77  -66.74  -49.66  -29.68  -12.76    0.28    8.04   13.51
 step =  9180 reke =   32.19  129.89  215.31  163.89   90.41   47.62   40.40   44.65
              deke =    0.49    6.31   10.04    5.10    2.17    2.06    2.94    7.08
              temp =  -62.80  -66.72  -49.63  -29.94  -12.81    0.27    8.09   13.53
 step =  9360 reke =   42.02  129.75  193.04  149.95   87.89   50.81   45.87   50.30
              deke =    0.50    7.42    6.74    4.33    2.43    2.23    2.48    7.17
              temp =  -62.82  -66.69  -49.64  -29.64  -12.77    0.41    8.14   13.63
 step =  9540 reke =   36.97  114.91  179.64  139.92   81.87   45.54   41.54   44.23
              deke =    0.53    8.23    6.44    3.89    2.24    1.80    2.82    7.29
              temp =  -62.84  -66.66  -49.79  -29.75  -12.83    0.33    8.10   13.65
 step =  9720 reke =   45.20   96.90  175.96  134.34   70.94   40.36   39.16   44.22
              deke =    0.62    4.60    5.30    3.76    2.08    1.67    2.70    6.98
              temp =  -62.82  -66.71  -49.81  -29.98  -13.07    0.12    7.92   13.58
  field:            1    no. of faulty points:           0
  undefined values set to   0.0000000000000000     
  start of year/month =         1983          10
 step =  9900 reke =   42.39  105.69  182.33  145.22   82.50   50.00   47.35   49.49
              deke =    0.66    5.86    5.95    3.73    1.98    1.80    2.81    7.67
              temp =  -62.84  -66.71  -50.04  -29.86  -12.76    0.31    8.02   13.52
 step = 10080 reke =   44.13  116.40  192.96  143.69   81.25   46.65   40.96   45.89
              deke =    0.62    6.82    6.09    4.95    2.09    2.04    2.87    7.16
              temp =  -62.84  -66.72  -49.96  -29.99  -12.77    0.39    8.31   13.63
 step = 10260 reke =   69.46  131.88  225.19  173.49  103.22   56.95   49.16   52.60
              deke =    0.88    8.06   10.26    4.50    2.49    2.24    2.78    7.82
              temp =  -62.78  -66.77  -50.01  -29.43  -12.84    0.41    8.32   13.56
 step = 10440 reke =   42.39  135.54  206.99  162.56   92.58   51.81   45.85   49.64
              deke =    0.51   10.93    9.43    4.99    1.85    2.28    2.68    7.84
              temp =  -62.76  -66.76  -49.92  -29.62  -12.77    0.39    8.37   13.82
 step = 10620 reke =   37.39  140.05  216.10  157.94   81.58   43.66   41.09   46.16
              deke =    0.39    7.65    7.25    5.57    2.02    1.92    2.35    7.54
              temp =  -62.77  -66.71  -49.88  -29.43  -12.96    0.35    8.11   13.60
 step = 10800 reke =   50.21  124.95  197.46  144.31   79.85   46.25   42.77   45.28
              deke =    0.45    6.82    6.43    4.03    1.98    1.73    2.34    7.56
              temp =  -62.78  -66.76  -49.64  -29.91  -13.02    0.28    8.11   13.54
  field:            1    no. of faulty points:           0
  undefined values set to   0.0000000000000000     
  start of year/month =         1983          11
 step = 10980 reke =   63.30  114.62  198.91  155.31   84.02   44.31   42.07   47.48
              deke =    0.74    5.50    7.00    4.64    2.18    1.71    3.10    7.02
              temp =  -62.79  -66.79  -49.63  -29.86  -13.30    0.14    8.17   13.61
 step = 11160 reke =   38.94  129.96  212.55  163.65   85.39   47.83   44.76   49.39
              deke =    0.61    6.15    6.89    5.32    1.82    1.78    2.49    7.77
              temp =  -62.78  -66.76  -49.77  -29.21  -12.84    0.19    8.06   13.53
 step = 11340 reke =   43.66  123.19  197.56  164.99   90.53   47.75   44.53   47.68
              deke =    0.71    6.81    6.80    5.48    2.02    2.10    2.87    8.20
              temp =  -62.76  -66.73  -49.74  -29.42  -12.60    0.33    8.06   13.44
 step = 11520 reke =   33.17  111.99  193.02  153.32   91.44   50.40   45.79   49.13
              deke =    0.39    5.57    6.70    3.91    1.88    2.15    3.01    7.39
              temp =  -62.76  -66.74  -49.77  -29.87  -12.82    0.25    8.07   13.47
 step = 11700 reke =   29.29  115.35  214.10  182.26  105.57   58.30   52.02   55.49
              deke =    0.57    5.60    7.95    5.63    2.78    1.96    2.83    7.86
              temp =  -62.77  -66.69  -49.94  -29.82  -12.62    0.36    8.12   13.49
 step = 11880 reke =   59.44  116.57  178.99  153.97   90.68   52.35   50.05   50.85
              deke =    0.46    5.35    7.14    3.27    3.02    2.01    3.75    7.77
              temp =  -62.77  -66.67  -49.90  -29.75  -12.55    0.43    8.15   13.60
 Write restart dataset for year/month/date/hour:         1983 /          12 /           1 /           0
  field:            1    no. of faulty points:           0
  undefined values set to   0.0000000000000000     
  start of year/month =         1983          12
 step = 12060 reke =   68.83  114.92  182.32  152.95   89.17   52.65   49.95   54.12
              deke =    0.44    5.93    8.53    4.39    2.36    1.79    3.21    8.38
              temp =  -62.82  -66.64  -49.82  -29.90  -12.73    0.60    8.14   13.55
 step = 12240 reke =   53.66  108.84  172.99  147.06   87.36   49.85   45.89   50.73
              deke =    0.62    5.85    8.05    3.83    2.09    1.77    3.06    8.05
              temp =  -62.82  -66.58  -49.81  -29.87  -12.59    0.72    8.22   13.63
 step = 12420 reke =   50.35  103.46  163.20  141.40   80.22   42.60   39.59   45.55
              deke =    0.36    5.78    6.46    3.92    1.59    1.74    2.53    7.34
              temp =  -62.87  -66.59  -49.83  -29.69  -12.91    0.42    8.18   13.59
 step = 12600 reke =   43.34  101.67  177.16  139.83   78.41   44.07   42.34   48.18
              deke =    0.39    5.26    7.90    4.82    2.34    1.67    2.81    7.21
              temp =  -62.82  -66.55  -49.63  -29.60  -12.78    0.32    8.00   13.43
 step = 12780 reke =   39.25  113.87  199.19  159.26   98.15   57.71   52.76   55.18
              deke =    0.55    6.56    6.49    4.93    1.95    1.79    2.77    7.90
              temp =  -62.85  -66.57  -49.59  -29.88  -12.69    0.37    8.03   13.48
 step = 12960 reke =   80.92  132.29  220.96  171.80   92.19   48.65   40.98   44.49
              deke =    0.76    8.58    8.19    4.50    1.94    1.87    2.63    6.92
              temp =  -62.85  -66.54  -49.61  -29.70  -12.95    0.25    8.04   13.53
 step = 13140 reke =   74.61  125.15  192.32  163.39   98.02   55.33   48.45   49.81
              deke =    0.88    5.81    7.64    4.63    2.32    2.29    3.11    7.50
              temp =  -62.84  -66.51  -49.74  -29.65  -12.86    0.28    8.08   13.49
  field:            1    no. of faulty points:           0
  undefined values set to   0.0000000000000000     
 Write restart dataset for year/month/date/hour:         1984 /           1 /           1 /           0

real	53m14.542s
user	52m57.599s
sys	0m13.937s
Linking file for next year
mv: cannot stat 'output/exp_101/1983010100.rst': No such file or directory
cp: cannot stat 'output/exp_101/1984010100.rst': No such file or directory
102
Restart from  101
Using restart namelist
  hallo from speedy_agcm
 RPE_ACTIVE  F
&RESOLUTION
 NTRUN=         30,
 MTRUN=         30,
 IX=         96,
 IY=         24,
 KX=          8,
 /
&INPUT_RESOLUTION
 NTRUN_IN=         30,
 MTRUN_IN=         30,
 IX_IN=         96,
 IY_IN=         24,
 KX_IN=          8,
 /
&COUPLING_FLAGS
 ICLAND=          1,
 ICSEA=          0,
 ICICE=          1,
 ISSTAN=          1,
 /
&LAND
 DEPTH_SOIL=  1.0000000000000000     ,
 DEPTH_LICE=  5.0000000000000000     ,
 TDLAND=  40.000000000000000     ,
 FLANDMIN= 0.33333333333333331     ,
 /
&SEA
 DEPTH_ML=  60.000000000000000     ,
 DEPT0_ML=  40.000000000000000     ,
 DEPTH_ICE=  2.5000000000000000     ,
 DEPT0_ICE=  1.5000000000000000     ,
 TDSST=  90.000000000000000     ,
 TDICE=  30.000000000000000     ,
 FSEAMIN= 0.33333333333333331     ,
 BETA%VAL=  1.0000000000000000     ,
 L_GLOBE=T,
 L_NORTHE=F,
 L_NATLAN=F,
 L_NPACIF=F,
 L_TROPIC=F,
 L_INDIAN=F,
 /
&DYNAMICS
 GAMMA=  6.0000000000000000     ,
 HSCALE=  7.5000000000000000     ,
 HSHUM=  2.5000000000000000     ,
 REFRH1= 0.69999999999999996     ,
 THD=  2.3999999999999999     ,
 THDD=  2.3999999999999999     ,
 THDS=  12.000000000000000     ,
 TDRS%VAL=  720.00000000000000     ,
 /
&FORCING
 LCO2=F,
 IYEAR_REF=       1950,
 DEL_CO2%VAL=  5.0000000000000001E-003,
 ABLCO2%VAL=  6.0000000000000000     ,
 ALBSEA%VAL=  7.0000000000000007E-002,
 ALBICE%VAL= 0.59999999999999998     ,
 ALBSN%VAL= 0.59999999999999998     ,
 /
&SOLAR_FORCING
 SOLC%VAL=  342.00000000000000     ,
 EPSSW%VAL=  2.0000000000000000E-002,
 /
&SURFACE
 SWCAP%VAL= 0.29999999999999999     ,
 SWWIL%VAL= 0.17000000000000001     ,
 SD2SC%VAL=  60.000000000000000     ,
 /
&TIMESTEPPING
 NSTEPS=         36,
 NSTDIA=        180,
 NMONRS=         12,
 ROB%VAL=  5.0000000000000003E-002,
 WIL%VAL= 0.53000000000000003     ,
 /
&CONVECTION
 PSMIN%VAL= 0.80000000000000004     ,
 TRCNV=  6.0000000000000000     ,
 RHBL%VAL= 0.90000000000000002     ,
 RHIL%VAL= 0.69999999999999996     ,
 ENTMAX= 0.50000000000000000     ,
 SMF%VAL= 0.80000000000000004     ,
 /
&CONDENSATION
 TRLSC%VAL=  4.0000000000000000     ,
 RHLSC= 0.90000000000000002     ,
 DRHLSC= 0.10000000000000001     ,
 RHBLSC= 0.94999999999999996     ,
 /
&CLOUD_PARAMETERS
 RHCL1%VAL= 0.29999999999999999     ,
 RHCL2%VAL=  1.0000000000000000     ,
 QACL%VAL= 0.20000000000000001     ,
 WPCL%VAL= 0.20000000000000001     ,
 PMAXCL%VAL=  10.000000000000000     ,
 CLSMAX%VAL= 0.59999999999999998     ,
 CLSMINL%VAL= 0.14999999999999999     ,
 GSE_S0%VAL= 0.25000000000000000     ,
 GSE_S1%VAL= 0.40000000000000002     ,
 /
&SW_RADIATION
 NSTRAD=          3,
 ABSDRY%VAL=  3.3000000000000002E-002,
 ABSAER%VAL=  3.3000000000000002E-002,
 ABSWV1%VAL=  2.1999999999999999E-002,
 ABSWV2%VAL=  15.000000000000000     ,
 ABSCL1%VAL=  1.4999999999999999E-002,
 ABSCL2%VAL= 0.14999999999999999     ,
 ALBCL%VAL= 0.42999999999999999     ,
 ALBCLS%VAL= 0.50000000000000000     ,
 /
&LW_RADIATION
 EPSLW%VAL=  5.0000000000000003E-002,
 EMISFC%VAL= 0.97999999999999998     ,
 ABLWIN%VAL= 0.29999999999999999     ,
 ABLWV1%VAL= 0.69999999999999996     ,
 ABLWV2%VAL=  50.000000000000000     ,
 ABLCL1%VAL=  12.000000000000000     ,
 ABLCL2%VAL= 0.59999999999999998     ,
 /
&SURFACE_FLUXES
 FWIND0%VAL= 0.94999999999999996     ,
 FTEMP0%VAL=  1.0000000000000000     ,
 FHUM0%VAL=  0.0000000000000000     ,
 CDL%VAL=  2.3999999999999998E-003,
 CDS%VAL=  1.0000000000000000E-003,
 CHL%VAL=  1.1999999999999999E-003,
 CHS%VAL=  8.9999999999999998E-004,
 VGUST%VAL=  5.0000000000000000     ,
 CTDAY%VAL=  1.0000000000000000E-002,
 DTHETA%VAL=  3.0000000000000000     ,
 FSTAB%VAL= 0.67000000000000004     ,
 HDRAG%VAL=  2000.0000000000000     ,
 FHDRAG%VAL= 0.50000000000000000     ,
 CLAMBDA%VAL=  7.0000000000000000     ,
 CLAMBSN%VAL=  7.0000000000000000     ,
 /
&VERTICAL_DIFFUSION
 TRSHC=  6.0000000000000000     ,
 TRVDI=  24.000000000000000     ,
 TRVDS=  6.0000000000000000     ,
 REDSHC%VAL= 0.50000000000000000     ,
 RHGRAD%VAL= 0.50000000000000000     ,
 SEGRAD%VAL= 0.10000000000000001     ,
 /
&SPPT
 SPPT_ON=F,
 NSCALES=          3,
 L_ADDITIVE=F,
 /
&SPPT_PARAMETERS
 MU(1)%VAL=  1.0000000000000000     ,
 MU(2)%VAL=  1.0000000000000000     ,
 MU(3)%VAL=  1.0000000000000000     ,
 MU(4)%VAL=  1.0000000000000000     ,
 MU(5)%VAL=  1.0000000000000000     ,
 MU(6)%VAL=  1.0000000000000000     ,
 MU(7)%VAL=  1.0000000000000000     ,
 MU(8)%VAL=  1.0000000000000000     ,
 TIME_DECORR=  3.0000000000000000     ,  72.000000000000000     ,  720.00000000000000     ,
 LEN_DECORR=  500000.00000000000     ,  1000000.0000000000     ,  2000000.0000000000     ,
 STDDEV= 0.52000000000000002     , 0.17999999999999999     ,  5.9999999999999998E-002,
 ADDITIVE_MAGNITUDE%VAL=  9.9999999999999995E-007,
 /
 Read namelist
 start date         1983           1           1           0
  Model half-level (*1000)           1           0
  Model half-level (*1000)           2          50
  Model half-level (*1000)           3         140
  Model half-level (*1000)           4         260
  Model half-level (*1000)           5         420
  Model half-level (*1000)           6         600
  Model half-level (*1000)           7         770
  Model half-level (*1000)           8         900
  Model half-level (*1000)           9        1000
  Model full-level (*1000)           1          25
  Model full-level (*1000)           2          95
  Model full-level (*1000)           3         200
  Model full-level (*1000)           4         340
  Model full-level (*1000)           5         510
  Model full-level (*1000)           6         685
  Model full-level (*1000)           7         835
  Model full-level (*1000)           8         950
  temp/hum correction at level            2  0.66167368341273969        0.0000000000000000     
  temp/hum correction at level            3  0.75399289734237440        8.0000000000000019E-003
  temp/hum correction at level            4  0.82755908289241631        3.9303999999999992E-002
  temp/hum correction at level            5  0.88857447279504564       0.13265100000000002     
  temp/hum correction at level            6  0.93577679872957287       0.32141912500000008     
  temp/hum correction at level            7  0.96885785555841186       0.58218287499999988     
  temp/hum correction at level            8  0.99104107712276879       0.85737499999999989     
 Filter applied at wavenumber           30
  field:            1    no. of faulty points:           0
  field:            2    no. of faulty points:           0
  field:            3    no. of faulty points:           0
  field:            4    no. of faulty points:           0
  field:            5    no. of faulty points:           0
  field:            6    no. of faulty points:           0
  field:            7    no. of faulty points:           0
  field:            8    no. of faulty points:           0
  field:            9    no. of faulty points:           0
  field:           10    no. of faulty points:           0
  field:           11    no. of faulty points:           0
  field:           12    no. of faulty points:           0
  undefined values set to   273.00000000000000     
  field:            1    no. of faulty points:           0
  field:            2    no. of faulty points:           0
  field:            3    no. of faulty points:           0
  field:            4    no. of faulty points:           0
  field:            5    no. of faulty points:           0
  field:            6    no. of faulty points:           0
  field:            7    no. of faulty points:           0
  field:            8    no. of faulty points:           0
  field:            9    no. of faulty points:           0
  field:           10    no. of faulty points:           0
  field:           11    no. of faulty points:           0
  field:           12    no. of faulty points:           0
  undefined values set to   0.0000000000000000     
  field:            1    no. of faulty points:           0
  field:            2    no. of faulty points:           0
  field:            3    no. of faulty points:           0
  field:            4    no. of faulty points:           0
  field:            5    no. of faulty points:           0
  field:            6    no. of faulty points:           0
  field:            7    no. of faulty points:           0
  field:            8    no. of faulty points:           0
  field:            9    no. of faulty points:           0
  field:           10    no. of faulty points:           0
  field:           11    no. of faulty points:           0
  field:           12    no. of faulty points:           0
  undefined values set to   0.0000000000000000     
  field:            1    no. of faulty points:           0
  field:            2    no. of faulty points:           0
  field:            3    no. of faulty points:           0
  field:            4    no. of faulty points:           0
  field:            5    no. of faulty points:           0
  field:            6    no. of faulty points:           0
  field:            7    no. of faulty points:           0
  field:            8    no. of faulty points:           0
  field:            9    no. of faulty points:           0
  field:           10    no. of faulty points:           0
  field:           11    no. of faulty points:           0
  field:           12    no. of faulty points:           0
  undefined values set to   273.00000000000000     
  field:            1    no. of faulty points:           0
  field:            2    no. of faulty points:           0
  field:            3    no. of faulty points:           0
  field:            4    no. of faulty points:           0
  field:            5    no. of faulty points:           0
  field:            6    no. of faulty points:           0
  field:            7    no. of faulty points:           0
  field:            8    no. of faulty points:           0
  field:            9    no. of faulty points:           0
  field:           10    no. of faulty points:           0
  field:           11    no. of faulty points:           0
  field:           12    no. of faulty points:           0
  undefined values set to   0.0000000000000000     
 isst0 =           49
  field:            1    no. of faulty points:           0
  field:            2    no. of faulty points:           0
  field:            3    no. of faulty points:           0
  undefined values set to   0.0000000000000000     
  reading a restart file
        1983           1           1           0
        1984           1           1           0
 WARNING: Date in restart file does not match requested date
Read restart dataset for year/month/date/hour: 1983/01/01/00
 step =     0 reke =   41.23  103.89  191.97  171.46   98.80   52.76   44.60   47.53
              deke =    0.42    4.53    7.44    5.97    2.54    1.86    2.52    7.00
              temp =  -62.95  -66.85  -50.10  -29.50  -13.05    0.27    8.15   13.61
   tref =    217.14995443460384     
   tref =    217.14995443460384     
   tref =    217.14995443460384     
   tref =    238.33701587301590     
   tref =    255.90944816497316     
   tref =    269.50371803411701     
   tref =    279.03106240082263     
   tref =    285.41983021135741     
 integration length in days:          365
  start of year/month =         1983           1
 step =   180 reke =   37.37   94.47  172.38  152.69   84.57   43.07   39.16   43.07
              deke =    0.54    5.37    7.87    5.17    2.50    1.45    2.61    7.09
              temp =  -62.95  -66.80  -50.00  -29.80  -13.04    0.30    8.14   13.57
 step =   360 reke =   40.74   97.62  176.22  136.89   81.25   42.14   38.12   40.79
              deke =    0.41    6.00    7.49    5.19    2.47    1.63    2.50    7.25
              temp =  -62.98  -66.78  -49.97  -29.77  -12.99    0.25    8.07   13.52
 step =   540 reke =   49.06  126.80  216.97  173.71   98.79   52.59   47.20   49.65
              deke =    0.90    6.60    8.93    4.43    2.09    2.23    3.30    7.82
              temp =  -62.99  -66.75  -49.90  -29.74  -12.92    0.29    8.19   13.58
 step =   720 reke =   66.30  109.91  180.35  151.83   90.87   51.67   44.98   48.50
              deke =    1.03    8.52    6.53    4.99    1.90    1.90    2.40    7.11
              temp =  -62.94  -66.80  -49.94  -30.00  -12.60    0.52    8.23   13.71
 step =   900 reke =   50.65  119.98  198.80  169.09   95.95   51.04   43.70   48.14
              deke =    0.62    7.69    8.56    4.60    1.83    1.96    2.94    7.64
              temp =  -62.90  -66.90  -49.80  -29.94  -12.63    0.45    8.20   13.60
 step =  1080 reke =   72.66  126.25  196.85  145.75   86.50   48.74   39.85   41.33
              deke =    1.01    7.96    7.04    3.85    2.02    1.65    2.58    6.32
              temp =  -62.93  -66.83  -49.80  -29.92  -12.98    0.26    8.12   13.63
  field:            1    no. of faulty points:           0
  undefined values set to   0.0000000000000000     
  start of year/month =         1983           2
 step =  1260 reke =   58.82  137.46  211.86  169.76   94.39   50.79   44.93   48.41
              deke =    0.56    6.56    8.40    4.86    2.25    1.37    2.50    7.23
              temp =  -62.87  -66.84  -49.83  -29.81  -12.73    0.36    7.99   13.52
 step =  1440 reke =   37.91  115.96  181.70  150.13   91.78   53.37   51.49   55.02
              deke =    0.51    6.36    8.25    4.25    2.50    1.80    3.22    9.47
              temp =  -62.86  -66.87  -49.85  -29.96  -12.64    0.44    8.11   13.59
 step =  1620 reke =   31.24  114.72  178.29  141.20   85.70   47.21   45.19   49.37
              deke =    0.53    7.04    7.05    4.32    2.49    2.27    3.61    8.53
              temp =  -62.84  -66.87  -49.64  -29.77  -12.69    0.67    8.34   13.67
 step =  1800 reke =   50.72  127.38  187.60  150.19   79.67   41.30   40.69   44.43
              deke =    0.56    7.86    7.68    4.41    2.08    2.19    2.99    7.57
              temp =  -62.78  -66.84  -49.44  -29.57  -12.78    0.57    8.34   13.68
 step =  1980 reke =   38.33  106.61  156.24  125.69   69.61   40.53   38.08   44.37
              deke =    0.33    6.40    7.61    3.98    1.75    1.93    2.48    6.71
              temp =  -62.81  -66.76  -49.62  -29.83  -13.01    0.37    8.24   13.74
  field:            1    no. of faulty points:           0
  undefined values set to   0.0000000000000000     
  start of year/month =         1983           3
 step =  2160 reke =   39.61   97.91  167.13  141.65   76.35   44.70   42.45   44.66
              deke =    0.54    5.53   10.23    5.03    2.62    2.00    2.85    7.41
              temp =  -62.79  -66.64  -49.88  -29.63  -12.62    0.39    7.99   13.44
 step =  2340 reke =   44.80  121.18  209.46  185.56  106.50   58.84   53.94   56.02
              deke =    0.69    6.48    8.47    4.55    2.65    1.88    2.49    7.80
              temp =  -62.80  -66.64  -49.87  -29.68  -12.63    0.50    8.25   13.61
 step =  2520 reke =   57.95  101.07  167.90  142.40   82.71   46.12   43.96   44.20
              deke =    0.62    5.07    7.21    4.80    1.98    1.76    3.14    7.60
              temp =  -62.80  -66.67  -49.78  -29.96  -12.73    0.54    8.24   13.68
 step =  2700 reke =   52.71  131.78  216.12  174.55  101.50   56.94   52.68   52.89
              deke =    0.71    6.32    8.77    3.98    2.82    2.07    3.54    8.24
              temp =  -62.83  -66.68  -49.76  -29.70  -12.84    0.52    8.26   13.51
 step =  2880 reke =   36.83   84.21  171.96  146.83   72.30   36.81   36.51   41.82
              deke =    0.64    5.48    8.90    4.65    2.34    1.94    2.70    7.30
              temp =  -62.79  -66.64  -49.76  -29.67  -12.62    0.65    8.21   13.55
 step =  3060 reke =   60.34  120.14  197.31  150.69   87.65   45.20   44.66   49.80
              deke =    0.61    7.30    7.67    4.67    3.17    2.05    3.32    7.27
              temp =  -62.82  -66.60  -49.61  -29.65  -12.56    0.44    8.12   13.64
 step =  3240 reke =   55.09   91.44  135.94  110.10   70.13   37.67   33.75   40.23
              deke =    0.59    4.92    6.04    4.17    2.30    1.58    2.40    6.59
              temp =  -62.79  -66.59  -49.69  -29.74  -12.77    0.45    8.20   13.65
  field:            1    no. of faulty points:           0
  undefined values set to   0.0000000000000000     
  start of year/month =         1983           4
 step =  3420 reke =   38.86  107.28  171.06  144.35   82.89   44.14   42.74   46.05
              deke =    0.47    5.84    7.32    4.47    2.03    1.98    2.74    7.78
              temp =  -62.78  -66.59  -49.80  -29.71  -12.86    0.26    8.12   13.54
 step =  3600 reke =   36.12  118.51  178.09  153.49   88.63   47.06   42.84   46.70
              deke =    0.52    5.86    6.22    4.50    1.91    1.73    2.93    7.26
              temp =  -62.75  -66.62  -49.82  -29.63  -12.87    0.29    8.07   13.51
 step =  3780 reke =   35.65   79.96  141.08  121.82   71.05   37.97   37.19   40.95
              deke =    0.32    3.92    5.84    4.18    2.29    1.60    2.48    7.06
              temp =  -62.78  -66.64  -50.01  -29.85  -12.92    0.32    8.03   13.46
 step =  3960 reke =   46.84  111.59  177.62  161.65   92.25   51.96   47.66   50.53
              deke =    0.52    5.41    7.12    4.25    2.38    1.96    2.83    7.39
              temp =  -62.81  -66.66  -50.10  -30.20  -12.88    0.21    8.02   13.43
 step =  4140 reke =   87.14  164.30  222.71  191.18  108.42   58.73   52.24   54.04
              deke =    1.00    8.96    8.19    4.52    2.13    2.18    2.78    8.37
              temp =  -62.80  -66.65  -50.05  -30.09  -12.82    0.33    8.17   13.56
 step =  4320 reke =   77.84  157.43  212.78  161.43   97.04   60.60   56.62   57.00
              deke =    0.90    7.59    8.29    4.21    2.70    1.99    3.49    8.97
              temp =  -62.78  -66.71  -49.66  -29.99  -12.72    0.47    8.18   13.61
  field:            1    no. of faulty points:           0
  undefined values set to   0.0000000000000000     
  start of year/month =         1983           5
 step =  4500 reke =   39.85  111.40  179.16  144.71   83.23   44.13   41.42   46.53
              deke =    0.42    6.42    6.53    3.57    2.74    1.61    2.81    7.03
              temp =  -62.82  -66.73  -49.61  -29.84  -13.03    0.31    8.05   13.66
 step =  4680 reke =   41.37  100.01  194.84  141.63   72.21   36.25   35.33   39.96
              deke =    0.60    5.07    9.54    4.22    2.27    1.46    2.60    6.56
              temp =  -62.81  -66.72  -49.62  -29.82  -12.79    0.26    7.93   13.45
 step =  4860 reke =   56.93  116.91  188.15  140.90   80.74   42.97   42.54   47.27
              deke =    0.61    7.45    6.08    3.96    2.09    1.56    2.52    7.10
              temp =  -62.81  -66.67  -49.77  -29.63  -12.80    0.30    8.00   13.39
 step =  5040 reke =   44.91  128.91  184.97  142.60   82.81   45.60   38.65   43.35
              deke =    0.71    7.80    6.89    4.39    2.12    2.11    2.78    7.08
              temp =  -62.77  -66.71  -49.88  -29.80  -12.69    0.32    8.08   13.44
 step =  5220 reke =   41.98  112.83  172.50  145.39   84.68   46.14   39.45   45.30
              deke =    0.53    7.78    6.68    4.44    1.93    1.76    2.10    6.74
              temp =  -62.77  -66.71  -50.03  -30.09  -12.81    0.38    8.15   13.52
 step =  5400 reke =   41.41  132.89  215.10  183.44   98.68   51.55   47.73   52.70
              deke =    0.43    7.74    7.20    4.48    3.09    1.99    2.85    8.08
              temp =  -62.79  -66.69  -49.94  -29.89  -12.96    0.28    8.10   13.52
  field:            1    no. of faulty points:           0
  undefined values set to   0.0000000000000000     
  start of year/month =         1983           6
 step =  5580 reke =   45.76  109.29  182.46  155.18   95.55   55.55   48.57   51.40
              deke =    0.53    5.00    7.31    4.80    2.33    2.16    2.65    7.80
              temp =  -62.85  -66.73  -49.90  -30.14  -13.07    0.40    8.17   13.44
 step =  5760 reke =   45.89  127.82  180.30  160.72   97.47   56.40   50.86   53.52
              deke =    0.54    8.89    6.50    5.03    2.05    1.68    2.52    7.37
              temp =  -62.90  -66.70  -49.86  -29.92  -13.15    0.15    8.07   13.65
 step =  5940 reke =   57.91  113.29  172.83  160.98   92.23   49.37   45.24   48.99
              deke =    0.46    9.06    5.53    4.69    1.98    1.99    2.50    8.00
              temp =  -62.87  -66.76  -49.78  -29.83  -12.99    0.33    8.16   13.62
 step =  6120 reke =   57.74  123.88  193.93  154.80   96.73   55.49   50.57   53.20
              deke =    0.63    6.71    9.71    5.19    2.42    2.26    2.76    7.61
              temp =  -62.82  -66.82  -49.64  -29.84  -12.87    0.39    8.20   13.68
 step =  6300 reke =   51.04  124.86  196.59  158.36   86.74   43.14   39.01   43.20
              deke =    0.67    8.09    7.87    3.94    2.24    1.58    2.49    6.74
              temp =  -62.80  -66.83  -49.79  -30.00  -12.96    0.27    8.14   13.66
 step =  6480 reke =   64.33  118.76  205.37  179.38  101.12   52.91   48.78   54.97
              deke =    0.98    8.50    9.87    4.96    2.82    2.05    3.15    8.40
              temp =  -62.80  -66.82  -49.82  -29.53  -12.78    0.48    8.24   13.62
  field:            1    no. of faulty points:           0
  undefined values set to   0.0000000000000000     
  start of year/month =         1983           7
 step =  6660 reke =   51.19  102.43  152.27  118.81   72.28   41.58   39.27   43.11
              deke =    0.61    6.06    6.70    3.68    2.49    1.66    2.88    7.27
              temp =  -62.78  -66.82  -49.94  -29.50  -12.81    0.43    8.14   13.52
 step =  6840 reke =   51.60   99.63  173.14  142.66   79.31   42.50   39.26   43.80
              deke =    0.85    7.12    6.67    4.58    2.31    2.08    3.18    8.06
              temp =  -62.81  -66.88  -49.67  -29.58  -13.09    0.31    8.07   13.51
 step =  7020 reke =   48.26  102.21  178.01  148.79   88.26   47.41   43.80   46.76
              deke =    0.71    5.44    8.81    4.51    2.47    1.61    2.78    7.23
              temp =  -62.79  -66.85  -49.74  -29.85  -12.86    0.25    8.05   13.51
 step =  7200 reke =   41.48  116.20  181.21  148.55   93.45   50.79   44.59   47.93
              deke =    0.49    8.21    7.13    3.78    1.96    1.80    2.63    7.51
              temp =  -62.79  -66.79  -49.79  -29.91  -12.67    0.51    8.25   13.65
 step =  7380 reke =   43.51  134.00  242.82  176.19  100.53   54.83   48.86   52.85
              deke =    0.46    6.43   10.22    4.72    3.05    2.41    3.10    7.63
              temp =  -62.78  -66.76  -49.62  -29.63  -12.86    0.33    8.25   13.61
 step =  7560 reke =   58.08  127.36  178.97  146.58   90.09   48.66   46.23   49.88
              deke =    0.46    8.07    8.05    5.33    1.99    2.17    3.51    8.58
              temp =  -62.80  -66.76  -49.55  -29.62  -12.99    0.30    8.20   13.65
  field:            1    no. of faulty points:           0
  undefined values set to   0.0000000000000000     
  start of year/month =         1983           8
 step =  7740 reke =   63.15  128.67  200.07  160.09   93.11   50.27   45.98   48.30
              deke =    0.84    6.97    8.35    3.53    2.47    2.38    3.53    7.81
              temp =  -62.80  -66.68  -49.54  -29.77  -12.71    0.39    8.10   13.50
 step =  7920 reke =   44.57  106.12  155.28  138.38   77.87   40.46   37.81   41.82
              deke =    0.51    8.41    9.44    5.32    2.14    1.98    2.71    7.58
              temp =  -62.80  -66.66  -49.70  -29.99  -12.89    0.41    8.19   13.52
 step =  8100 reke =   41.85  137.41  172.26  152.93   93.61   53.17   47.88   49.39
              deke =    0.50   10.94    7.66    4.38    2.04    2.00    3.05    7.37
              temp =  -62.78  -66.70  -49.85  -29.77  -12.56    0.54    8.18   13.48
 step =  8280 reke =   49.37  178.04  201.65  148.10   80.80   42.07   38.60   43.59
              deke =    0.47    7.75    5.88    3.96    1.92    1.40    2.43    7.20
              temp =  -62.77  -66.74  -49.58  -29.81  -12.88    0.31    8.13   13.68
 step =  8460 reke =   46.34  142.22  214.25  156.09   85.38   41.52   40.59   43.73
              deke =    0.78    7.28    8.79    4.39    2.76    1.76    3.24    7.19
              temp =  -62.76  -66.74  -49.33  -29.72  -13.06    0.29    8.17   13.57
 step =  8640 reke =   48.14  126.04  196.52  142.28   88.51   49.74   47.58   50.76
              deke =    0.73    7.37    9.59    4.79    2.23    1.69    2.74    7.59
              temp =  -62.76  -66.77  -49.27  -29.99  -13.07    0.28    8.07   13.57
  field:            1    no. of faulty points:           0
  undefined values set to   0.0000000000000000     
  start of year/month =         1983           9
 step =  8820 reke =   80.67  138.29  190.46  157.29   93.23   49.61   44.73   48.93
              deke =    0.85    8.90    8.15    5.16    1.56    1.79    2.79    7.24
              temp =  -62.81  -66.69  -49.39  -29.60  -12.88    0.29    8.14   13.54
 step =  9000 reke =   53.98  110.52  186.70  139.50   79.63   44.48   41.34   43.79
              deke =    0.50    5.58    5.97    4.64    1.79    2.11    3.03    7.25
              temp =  -62.77  -66.74  -49.66  -29.68  -12.76    0.28    8.04   13.51
 step =  9180 reke =   32.19  129.89  215.31  163.89   90.41   47.62   40.40   44.65
              deke =    0.49    6.31   10.04    5.10    2.17    2.06    2.94    7.08
              temp =  -62.80  -66.72  -49.63  -29.94  -12.81    0.27    8.09   13.53
 step =  9360 reke =   42.02  129.75  193.04  149.95   87.89   50.81   45.87   50.30
              deke =    0.50    7.42    6.74    4.33    2.43    2.23    2.48    7.17
              temp =  -62.82  -66.69  -49.64  -29.64  -12.77    0.41    8.14   13.63
 step =  9540 reke =   36.97  114.91  179.64  139.92   81.87   45.54   41.54   44.23
              deke =    0.53    8.23    6.44    3.89    2.24    1.80    2.82    7.29
              temp =  -62.84  -66.66  -49.79  -29.75  -12.83    0.33    8.10   13.65
 step =  9720 reke =   45.20   96.90  175.96  134.34   70.94   40.36   39.16   44.22
              deke =    0.62    4.60    5.30    3.76    2.08    1.67    2.70    6.98
              temp =  -62.82  -66.71  -49.81  -29.98  -13.07    0.12    7.92   13.58
  field:            1    no. of faulty points:           0
  undefined values set to   0.0000000000000000     
  start of year/month =         1983          10
 step =  9900 reke =   42.39  105.69  182.33  145.22   82.50   50.00   47.35   49.49
              deke =    0.66    5.86    5.95    3.73    1.98    1.80    2.81    7.67
              temp =  -62.84  -66.71  -50.04  -29.86  -12.76    0.31    8.02   13.52
 step = 10080 reke =   44.13  116.40  192.96  143.69   81.25   46.65   40.96   45.89
              deke =    0.62    6.82    6.09    4.95    2.09    2.04    2.87    7.16
              temp =  -62.84  -66.72  -49.96  -29.99  -12.77    0.39    8.31   13.63
 step = 10260 reke =   69.46  131.88  225.19  173.49  103.22   56.95   49.16   52.60
              deke =    0.88    8.06   10.26    4.50    2.49    2.24    2.78    7.82
              temp =  -62.78  -66.77  -50.01  -29.43  -12.84    0.41    8.32   13.56
 step = 10440 reke =   42.39  135.54  206.99  162.56   92.58   51.81   45.85   49.64
              deke =    0.51   10.93    9.43    4.99    1.85    2.28    2.68    7.84
              temp =  -62.76  -66.76  -49.92  -29.62  -12.77    0.39    8.37   13.82
 step = 10620 reke =   37.39  140.05  216.10  157.94   81.58   43.66   41.09   46.16
              deke =    0.39    7.65    7.25    5.57    2.02    1.92    2.35    7.54
              temp =  -62.77  -66.71  -49.88  -29.43  -12.96    0.35    8.11   13.60
 step = 10800 reke =   50.21  124.95  197.46  144.31   79.85   46.25   42.77   45.28
              deke =    0.45    6.82    6.43    4.03    1.98    1.73    2.34    7.56
              temp =  -62.78  -66.76  -49.64  -29.91  -13.02    0.28    8.11   13.54
  field:            1    no. of faulty points:           0
  undefined values set to   0.0000000000000000     
  start of year/month =         1983          11
 step = 10980 reke =   63.30  114.62  198.91  155.31   84.02   44.31   42.07   47.48
              deke =    0.74    5.50    7.00    4.64    2.18    1.71    3.10    7.02
              temp =  -62.79  -66.79  -49.63  -29.86  -13.30    0.14    8.17   13.61
 step = 11160 reke =   38.94  129.96  212.55  163.65   85.39   47.83   44.76   49.39
              deke =    0.61    6.15    6.89    5.32    1.82    1.78    2.49    7.77
              temp =  -62.78  -66.76  -49.77  -29.21  -12.84    0.19    8.06   13.53
 step = 11340 reke =   43.66  123.19  197.56  164.99   90.53   47.75   44.53   47.68
              deke =    0.71    6.81    6.80    5.48    2.02    2.10    2.87    8.20
              temp =  -62.76  -66.73  -49.74  -29.42  -12.60    0.33    8.06   13.44
 step = 11520 reke =   33.17  111.99  193.02  153.32   91.44   50.40   45.79   49.13
              deke =    0.39    5.57    6.70    3.91    1.88    2.15    3.01    7.39
              temp =  -62.76  -66.74  -49.77  -29.87  -12.82    0.25    8.07   13.47
 step = 11700 reke =   29.29  115.35  214.10  182.26  105.57   58.30   52.02   55.49
              deke =    0.57    5.60    7.95    5.63    2.78    1.96    2.83    7.86
              temp =  -62.77  -66.69  -49.94  -29.82  -12.62    0.36    8.12   13.49
 step = 11880 reke =   59.44  116.57  178.99  153.97   90.68   52.35   50.05   50.85
              deke =    0.46    5.35    7.14    3.27    3.02    2.01    3.75    7.77
              temp =  -62.77  -66.67  -49.90  -29.75  -12.55    0.43    8.15   13.60
 Write restart dataset for year/month/date/hour:         1983 /          12 /           1 /           0
  field:            1    no. of faulty points:           0
  undefined values set to   0.0000000000000000     
  start of year/month =         1983          12
 step = 12060 reke =   68.83  114.92  182.32  152.95   89.17   52.65   49.95   54.12
              deke =    0.44    5.93    8.53    4.39    2.36    1.79    3.21    8.38
              temp =  -62.82  -66.64  -49.82  -29.90  -12.73    0.60    8.14   13.55
 step = 12240 reke =   53.66  108.84  172.99  147.06   87.36   49.85   45.89   50.73
              deke =    0.62    5.85    8.05    3.83    2.09    1.77    3.06    8.05
              temp =  -62.82  -66.58  -49.81  -29.87  -12.59    0.72    8.22   13.63
 step = 12420 reke =   50.35  103.46  163.20  141.40   80.22   42.60   39.59   45.55
              deke =    0.36    5.78    6.46    3.92    1.59    1.74    2.53    7.34
              temp =  -62.87  -66.59  -49.83  -29.69  -12.91    0.42    8.18   13.59
 step = 12600 reke =   43.34  101.67  177.16  139.83   78.41   44.07   42.34   48.18
              deke =    0.39    5.26    7.90    4.82    2.34    1.67    2.81    7.21
              temp =  -62.82  -66.55  -49.63  -29.60  -12.78    0.32    8.00   13.43
 step = 12780 reke =   39.25  113.87  199.19  159.26   98.15   57.71   52.76   55.18
              deke =    0.55    6.56    6.49    4.93    1.95    1.79    2.77    7.90
              temp =  -62.85  -66.57  -49.59  -29.88  -12.69    0.37    8.03   13.48
 step = 12960 reke =   80.92  132.29  220.96  171.80   92.19   48.65   40.98   44.49
              deke =    0.76    8.58    8.19    4.50    1.94    1.87    2.63    6.92
              temp =  -62.85  -66.54  -49.61  -29.70  -12.95    0.25    8.04   13.53
 step = 13140 reke =   74.61  125.15  192.32  163.39   98.02   55.33   48.45   49.81
              deke =    0.88    5.81    7.64    4.63    2.32    2.29    3.11    7.50
              temp =  -62.84  -66.51  -49.74  -29.65  -12.86    0.28    8.08   13.49
  field:            1    no. of faulty points:           0
  undefined values set to   0.0000000000000000     
 Write restart dataset for year/month/date/hour:         1984 /           1 /           1 /           0

real	52m40.442s
user	52m25.568s
sys	0m13.969s
Linking file for next year
mv: cannot stat 'output/exp_102/1983010100.rst': No such file or directory
cp: cannot stat 'output/exp_102/1984010100.rst': No such file or directory
103
Restart from  102
Using restart namelist
  hallo from speedy_agcm
 RPE_ACTIVE  F
&RESOLUTION
 NTRUN=         30,
 MTRUN=         30,
 IX=         96,
 IY=         24,
 KX=          8,
 /
&INPUT_RESOLUTION
 NTRUN_IN=         30,
 MTRUN_IN=         30,
 IX_IN=         96,
 IY_IN=         24,
 KX_IN=          8,
 /
&COUPLING_FLAGS
 ICLAND=          1,
 ICSEA=          0,
 ICICE=          1,
 ISSTAN=          1,
 /
&LAND
 DEPTH_SOIL=  1.0000000000000000     ,
 DEPTH_LICE=  5.0000000000000000     ,
 TDLAND=  40.000000000000000     ,
 FLANDMIN= 0.33333333333333331     ,
 /
&SEA
 DEPTH_ML=  60.000000000000000     ,
 DEPT0_ML=  40.000000000000000     ,
 DEPTH_ICE=  2.5000000000000000     ,
 DEPT0_ICE=  1.5000000000000000     ,
 TDSST=  90.000000000000000     ,
 TDICE=  30.000000000000000     ,
 FSEAMIN= 0.33333333333333331     ,
 BETA%VAL=  1.0000000000000000     ,
 L_GLOBE=T,
 L_NORTHE=F,
 L_NATLAN=F,
 L_NPACIF=F,
 L_TROPIC=F,
 L_INDIAN=F,
 /
&DYNAMICS
 GAMMA=  6.0000000000000000     ,
 HSCALE=  7.5000000000000000     ,
 HSHUM=  2.5000000000000000     ,
 REFRH1= 0.69999999999999996     ,
 THD=  2.3999999999999999     ,
 THDD=  2.3999999999999999     ,
 THDS=  12.000000000000000     ,
 TDRS%VAL=  720.00000000000000     ,
 /
&FORCING
 LCO2=F,
 IYEAR_REF=       1950,
 DEL_CO2%VAL=  5.0000000000000001E-003,
 ABLCO2%VAL=  6.0000000000000000     ,
 ALBSEA%VAL=  7.0000000000000007E-002,
 ALBICE%VAL= 0.59999999999999998     ,
 ALBSN%VAL= 0.59999999999999998     ,
 /
&SOLAR_FORCING
 SOLC%VAL=  342.00000000000000     ,
 EPSSW%VAL=  2.0000000000000000E-002,
 /
&SURFACE
 SWCAP%VAL= 0.29999999999999999     ,
 SWWIL%VAL= 0.17000000000000001     ,
 SD2SC%VAL=  60.000000000000000     ,
 /
&TIMESTEPPING
 NSTEPS=         36,
 NSTDIA=        180,
 NMONRS=         12,
 ROB%VAL=  5.0000000000000003E-002,
 WIL%VAL= 0.53000000000000003     ,
 /
&CONVECTION
 PSMIN%VAL= 0.80000000000000004     ,
 TRCNV=  6.0000000000000000     ,
 RHBL%VAL= 0.90000000000000002     ,
 RHIL%VAL= 0.69999999999999996     ,
 ENTMAX= 0.50000000000000000     ,
 SMF%VAL= 0.80000000000000004     ,
 /
&CONDENSATION
 TRLSC%VAL=  4.0000000000000000     ,
 RHLSC= 0.90000000000000002     ,
 DRHLSC= 0.10000000000000001     ,
 RHBLSC= 0.94999999999999996     ,
 /
&CLOUD_PARAMETERS
 RHCL1%VAL= 0.29999999999999999     ,
 RHCL2%VAL=  1.0000000000000000     ,
 QACL%VAL= 0.20000000000000001     ,
 WPCL%VAL= 0.20000000000000001     ,
 PMAXCL%VAL=  10.000000000000000     ,
 CLSMAX%VAL= 0.59999999999999998     ,
 CLSMINL%VAL= 0.14999999999999999     ,
 GSE_S0%VAL= 0.25000000000000000     ,
 GSE_S1%VAL= 0.40000000000000002     ,
 /
&SW_RADIATION
 NSTRAD=          3,
 ABSDRY%VAL=  3.3000000000000002E-002,
 ABSAER%VAL=  3.3000000000000002E-002,
 ABSWV1%VAL=  2.1999999999999999E-002,
 ABSWV2%VAL=  15.000000000000000     ,
 ABSCL1%VAL=  1.4999999999999999E-002,
 ABSCL2%VAL= 0.14999999999999999     ,
 ALBCL%VAL= 0.42999999999999999     ,
 ALBCLS%VAL= 0.50000000000000000     ,
 /
&LW_RADIATION
 EPSLW%VAL=  5.0000000000000003E-002,
 EMISFC%VAL= 0.97999999999999998     ,
 ABLWIN%VAL= 0.29999999999999999     ,
 ABLWV1%VAL= 0.69999999999999996     ,
 ABLWV2%VAL=  50.000000000000000     ,
 ABLCL1%VAL=  12.000000000000000     ,
 ABLCL2%VAL= 0.59999999999999998     ,
 /
&SURFACE_FLUXES
 FWIND0%VAL= 0.94999999999999996     ,
 FTEMP0%VAL=  1.0000000000000000     ,
 FHUM0%VAL=  0.0000000000000000     ,
 CDL%VAL=  2.3999999999999998E-003,
 CDS%VAL=  1.0000000000000000E-003,
 CHL%VAL=  1.1999999999999999E-003,
 CHS%VAL=  8.9999999999999998E-004,
 VGUST%VAL=  5.0000000000000000     ,
 CTDAY%VAL=  1.0000000000000000E-002,
 DTHETA%VAL=  3.0000000000000000     ,
 FSTAB%VAL= 0.67000000000000004     ,
 HDRAG%VAL=  2000.0000000000000     ,
 FHDRAG%VAL= 0.50000000000000000     ,
 CLAMBDA%VAL=  7.0000000000000000     ,
 CLAMBSN%VAL=  7.0000000000000000     ,
 /
&VERTICAL_DIFFUSION
 TRSHC=  6.0000000000000000     ,
 TRVDI=  24.000000000000000     ,
 TRVDS=  6.0000000000000000     ,
 REDSHC%VAL= 0.50000000000000000     ,
 RHGRAD%VAL= 0.50000000000000000     ,
 SEGRAD%VAL= 0.10000000000000001     ,
 /
&SPPT
 SPPT_ON=F,
 NSCALES=          3,
 L_ADDITIVE=F,
 /
&SPPT_PARAMETERS
 MU(1)%VAL=  1.0000000000000000     ,
 MU(2)%VAL=  1.0000000000000000     ,
 MU(3)%VAL=  1.0000000000000000     ,
 MU(4)%VAL=  1.0000000000000000     ,
 MU(5)%VAL=  1.0000000000000000     ,
 MU(6)%VAL=  1.0000000000000000     ,
 MU(7)%VAL=  1.0000000000000000     ,
 MU(8)%VAL=  1.0000000000000000     ,
 TIME_DECORR=  3.0000000000000000     ,  72.000000000000000     ,  720.00000000000000     ,
 LEN_DECORR=  500000.00000000000     ,  1000000.0000000000     ,  2000000.0000000000     ,
 STDDEV= 0.52000000000000002     , 0.17999999999999999     ,  5.9999999999999998E-002,
 ADDITIVE_MAGNITUDE%VAL=  9.9999999999999995E-007,
 /
 Read namelist
 start date         1983           1           1           0
  Model half-level (*1000)           1           0
  Model half-level (*1000)           2          50
  Model half-level (*1000)           3         140
  Model half-level (*1000)           4         260
  Model half-level (*1000)           5         420
  Model half-level (*1000)           6         600
  Model half-level (*1000)           7         770
  Model half-level (*1000)           8         900
  Model half-level (*1000)           9        1000
  Model full-level (*1000)           1          25
  Model full-level (*1000)           2          95
  Model full-level (*1000)           3         200
  Model full-level (*1000)           4         340
  Model full-level (*1000)           5         510
  Model full-level (*1000)           6         685
  Model full-level (*1000)           7         835
  Model full-level (*1000)           8         950
  temp/hum correction at level            2  0.66167368341273969        0.0000000000000000     
  temp/hum correction at level            3  0.75399289734237440        8.0000000000000019E-003
  temp/hum correction at level            4  0.82755908289241631        3.9303999999999992E-002
  temp/hum correction at level            5  0.88857447279504564       0.13265100000000002     
  temp/hum correction at level            6  0.93577679872957287       0.32141912500000008     
  temp/hum correction at level            7  0.96885785555841186       0.58218287499999988     
  temp/hum correction at level            8  0.99104107712276879       0.85737499999999989     
 Filter applied at wavenumber           30
  field:            1    no. of faulty points:           0
  field:            2    no. of faulty points:           0
  field:            3    no. of faulty points:           0
  field:            4    no. of faulty points:           0
  field:            5    no. of faulty points:           0
  field:            6    no. of faulty points:           0
  field:            7    no. of faulty points:           0
  field:            8    no. of faulty points:           0
  field:            9    no. of faulty points:           0
  field:           10    no. of faulty points:           0
  field:           11    no. of faulty points:           0
  field:           12    no. of faulty points:           0
  undefined values set to   273.00000000000000     
  field:            1    no. of faulty points:           0
  field:            2    no. of faulty points:           0
  field:            3    no. of faulty points:           0
  field:            4    no. of faulty points:           0
  field:            5    no. of faulty points:           0
  field:            6    no. of faulty points:           0
  field:            7    no. of faulty points:           0
  field:            8    no. of faulty points:           0
  field:            9    no. of faulty points:           0
  field:           10    no. of faulty points:           0
  field:           11    no. of faulty points:           0
  field:           12    no. of faulty points:           0
  undefined values set to   0.0000000000000000     
  field:            1    no. of faulty points:           0
  field:            2    no. of faulty points:           0
  field:            3    no. of faulty points:           0
  field:            4    no. of faulty points:           0
  field:            5    no. of faulty points:           0
  field:            6    no. of faulty points:           0
  field:            7    no. of faulty points:           0
  field:            8    no. of faulty points:           0
  field:            9    no. of faulty points:           0
  field:           10    no. of faulty points:           0
  field:           11    no. of faulty points:           0
  field:           12    no. of faulty points:           0
  undefined values set to   0.0000000000000000     
  field:            1    no. of faulty points:           0
  field:            2    no. of faulty points:           0
  field:            3    no. of faulty points:           0
  field:            4    no. of faulty points:           0
  field:            5    no. of faulty points:           0
  field:            6    no. of faulty points:           0
  field:            7    no. of faulty points:           0
  field:            8    no. of faulty points:           0
  field:            9    no. of faulty points:           0
  field:           10    no. of faulty points:           0
  field:           11    no. of faulty points:           0
  field:           12    no. of faulty points:           0
  undefined values set to   273.00000000000000     
  field:            1    no. of faulty points:           0
  field:            2    no. of faulty points:           0
  field:            3    no. of faulty points:           0
  field:            4    no. of faulty points:           0
  field:            5    no. of faulty points:           0
  field:            6    no. of faulty points:           0
  field:            7    no. of faulty points:           0
  field:            8    no. of faulty points:           0
  field:            9    no. of faulty points:           0
  field:           10    no. of faulty points:           0
  field:           11    no. of faulty points:           0
  field:           12    no. of faulty points:           0
  undefined values set to   0.0000000000000000     
 isst0 =           49
  field:            1    no. of faulty points:           0
  field:            2    no. of faulty points:           0
  field:            3    no. of faulty points:           0
  undefined values set to   0.0000000000000000     
  reading a restart file
        1983           1           1           0
        1984           1           1           0
 WARNING: Date in restart file does not match requested date
Read restart dataset for year/month/date/hour: 1983/01/01/00
 step =     0 reke =   41.23  103.89  191.97  171.46   98.80   52.76   44.60   47.53
              deke =    0.42    4.53    7.44    5.97    2.54    1.86    2.52    7.00
              temp =  -62.95  -66.85  -50.10  -29.50  -13.05    0.27    8.15   13.61
   tref =    217.14995443460384     
   tref =    217.14995443460384     
   tref =    217.14995443460384     
   tref =    238.33701587301590     
   tref =    255.90944816497316     
   tref =    269.50371803411701     
   tref =    279.03106240082263     
   tref =    285.41983021135741     
 integration length in days:          365
  start of year/month =         1983           1
 step =   180 reke =   37.37   94.47  172.38  152.69   84.57   43.07   39.16   43.07
              deke =    0.54    5.37    7.87    5.17    2.50    1.45    2.61    7.09
              temp =  -62.95  -66.80  -50.00  -29.80  -13.04    0.30    8.14   13.57
 step =   360 reke =   40.74   97.62  176.22  136.89   81.25   42.14   38.12   40.79
              deke =    0.41    6.00    7.49    5.19    2.47    1.63    2.50    7.25
              temp =  -62.98  -66.78  -49.97  -29.77  -12.99    0.25    8.07   13.52
 step =   540 reke =   49.06  126.80  216.97  173.71   98.79   52.59   47.20   49.65
              deke =    0.90    6.60    8.93    4.43    2.09    2.23    3.30    7.82
              temp =  -62.99  -66.75  -49.90  -29.74  -12.92    0.29    8.19   13.58
 step =   720 reke =   66.30  109.91  180.35  151.83   90.87   51.67   44.98   48.50
              deke =    1.03    8.52    6.53    4.99    1.90    1.90    2.40    7.11
              temp =  -62.94  -66.80  -49.94  -30.00  -12.60    0.52    8.23   13.71
 step =   900 reke =   50.65  119.98  198.80  169.09   95.95   51.04   43.70   48.14
              deke =    0.62    7.69    8.56    4.60    1.83    1.96    2.94    7.64
              temp =  -62.90  -66.90  -49.80  -29.94  -12.63    0.45    8.20   13.60
 step =  1080 reke =   72.66  126.25  196.85  145.75   86.50   48.74   39.85   41.33
              deke =    1.01    7.96    7.04    3.85    2.02    1.65    2.58    6.32
              temp =  -62.93  -66.83  -49.80  -29.92  -12.98    0.26    8.12   13.63
  field:            1    no. of faulty points:           0
  undefined values set to   0.0000000000000000     
  start of year/month =         1983           2
 step =  1260 reke =   58.82  137.46  211.86  169.76   94.39   50.79   44.93   48.41
              deke =    0.56    6.56    8.40    4.86    2.25    1.37    2.50    7.23
              temp =  -62.87  -66.84  -49.83  -29.81  -12.73    0.36    7.99   13.52
 step =  1440 reke =   37.91  115.96  181.70  150.13   91.78   53.37   51.49   55.02
              deke =    0.51    6.36    8.25    4.25    2.50    1.80    3.22    9.47
              temp =  -62.86  -66.87  -49.85  -29.96  -12.64    0.44    8.11   13.59
 step =  1620 reke =   31.24  114.72  178.29  141.20   85.70   47.21   45.19   49.37
              deke =    0.53    7.04    7.05    4.32    2.49    2.27    3.61    8.53
              temp =  -62.84  -66.87  -49.64  -29.77  -12.69    0.67    8.34   13.67
 step =  1800 reke =   50.72  127.38  187.60  150.19   79.67   41.30   40.69   44.43
              deke =    0.56    7.86    7.68    4.41    2.08    2.19    2.99    7.57
              temp =  -62.78  -66.84  -49.44  -29.57  -12.78    0.57    8.34   13.68
 step =  1980 reke =   38.33  106.61  156.24  125.69   69.61   40.53   38.08   44.37
              deke =    0.33    6.40    7.61    3.98    1.75    1.93    2.48    6.71
              temp =  -62.81  -66.76  -49.62  -29.83  -13.01    0.37    8.24   13.74
  field:            1    no. of faulty points:           0
  undefined values set to   0.0000000000000000     
  start of year/month =         1983           3
 step =  2160 reke =   39.61   97.91  167.13  141.65   76.35   44.70   42.45   44.66
              deke =    0.54    5.53   10.23    5.03    2.62    2.00    2.85    7.41
              temp =  -62.79  -66.64  -49.88  -29.63  -12.62    0.39    7.99   13.44
 step =  2340 reke =   44.80  121.18  209.46  185.56  106.50   58.84   53.94   56.02
              deke =    0.69    6.48    8.47    4.55    2.65    1.88    2.49    7.80
              temp =  -62.80  -66.64  -49.87  -29.68  -12.63    0.50    8.25   13.61
 step =  2520 reke =   57.95  101.07  167.90  142.40   82.71   46.12   43.96   44.20
              deke =    0.62    5.07    7.21    4.80    1.98    1.76    3.14    7.60
              temp =  -62.80  -66.67  -49.78  -29.96  -12.73    0.54    8.24   13.68
 step =  2700 reke =   52.71  131.78  216.12  174.55  101.50   56.94   52.68   52.89
              deke =    0.71    6.32    8.77    3.98    2.82    2.07    3.54    8.24
              temp =  -62.83  -66.68  -49.76  -29.70  -12.84    0.52    8.26   13.51
 step =  2880 reke =   36.83   84.21  171.96  146.83   72.30   36.81   36.51   41.82
              deke =    0.64    5.48    8.90    4.65    2.34    1.94    2.70    7.30
              temp =  -62.79  -66.64  -49.76  -29.67  -12.62    0.65    8.21   13.55
 step =  3060 reke =   60.34  120.14  197.31  150.69   87.65   45.20   44.66   49.80
              deke =    0.61    7.30    7.67    4.67    3.17    2.05    3.32    7.27
              temp =  -62.82  -66.60  -49.61  -29.65  -12.56    0.44    8.12   13.64
 step =  3240 reke =   55.09   91.44  135.94  110.10   70.13   37.67   33.75   40.23
              deke =    0.59    4.92    6.04    4.17    2.30    1.58    2.40    6.59
              temp =  -62.79  -66.59  -49.69  -29.74  -12.77    0.45    8.20   13.65
  field:            1    no. of faulty points:           0
  undefined values set to   0.0000000000000000     
  start of year/month =         1983           4
 step =  3420 reke =   38.86  107.28  171.06  144.35   82.89   44.14   42.74   46.05
              deke =    0.47    5.84    7.32    4.47    2.03    1.98    2.74    7.78
              temp =  -62.78  -66.59  -49.80  -29.71  -12.86    0.26    8.12   13.54
 step =  3600 reke =   36.12  118.51  178.09  153.49   88.63   47.06   42.84   46.70
              deke =    0.52    5.86    6.22    4.50    1.91    1.73    2.93    7.26
              temp =  -62.75  -66.62  -49.82  -29.63  -12.87    0.29    8.07   13.51
 step =  3780 reke =   35.65   79.96  141.08  121.82   71.05   37.97   37.19   40.95
              deke =    0.32    3.92    5.84    4.18    2.29    1.60    2.48    7.06
              temp =  -62.78  -66.64  -50.01  -29.85  -12.92    0.32    8.03   13.46
 step =  3960 reke =   46.84  111.59  177.62  161.65   92.25   51.96   47.66   50.53
              deke =    0.52    5.41    7.12    4.25    2.38    1.96    2.83    7.39
              temp =  -62.81  -66.66  -50.10  -30.20  -12.88    0.21    8.02   13.43
 step =  4140 reke =   87.14  164.30  222.71  191.18  108.42   58.73   52.24   54.04
              deke =    1.00    8.96    8.19    4.52    2.13    2.18    2.78    8.37
              temp =  -62.80  -66.65  -50.05  -30.09  -12.82    0.33    8.17   13.56
 step =  4320 reke =   77.84  157.43  212.78  161.43   97.04   60.60   56.62   57.00
              deke =    0.90    7.59    8.29    4.21    2.70    1.99    3.49    8.97
              temp =  -62.78  -66.71  -49.66  -29.99  -12.72    0.47    8.18   13.61
  field:            1    no. of faulty points:           0
  undefined values set to   0.0000000000000000     
  start of year/month =         1983           5
 step =  4500 reke =   39.85  111.40  179.16  144.71   83.23   44.13   41.42   46.53
              deke =    0.42    6.42    6.53    3.57    2.74    1.61    2.81    7.03
              temp =  -62.82  -66.73  -49.61  -29.84  -13.03    0.31    8.05   13.66
 step =  4680 reke =   41.37  100.01  194.84  141.63   72.21   36.25   35.33   39.96
              deke =    0.60    5.07    9.54    4.22    2.27    1.46    2.60    6.56
              temp =  -62.81  -66.72  -49.62  -29.82  -12.79    0.26    7.93   13.45
 step =  4860 reke =   56.93  116.91  188.15  140.90   80.74   42.97   42.54   47.27
              deke =    0.61    7.45    6.08    3.96    2.09    1.56    2.52    7.10
              temp =  -62.81  -66.67  -49.77  -29.63  -12.80    0.30    8.00   13.39
 step =  5040 reke =   44.91  128.91  184.97  142.60   82.81   45.60   38.65   43.35
              deke =    0.71    7.80    6.89    4.39    2.12    2.11    2.78    7.08
              temp =  -62.77  -66.71  -49.88  -29.80  -12.69    0.32    8.08   13.44
 step =  5220 reke =   41.98  112.83  172.50  145.39   84.68   46.14   39.45   45.30
              deke =    0.53    7.78    6.68    4.44    1.93    1.76    2.10    6.74
              temp =  -62.77  -66.71  -50.03  -30.09  -12.81    0.38    8.15   13.52
 step =  5400 reke =   41.41  132.89  215.10  183.44   98.68   51.55   47.73   52.70
              deke =    0.43    7.74    7.20    4.48    3.09    1.99    2.85    8.08
              temp =  -62.79  -66.69  -49.94  -29.89  -12.96    0.28    8.10   13.52
  field:            1    no. of faulty points:           0
  undefined values set to   0.0000000000000000     
  start of year/month =         1983           6
 step =  5580 reke =   45.76  109.29  182.46  155.18   95.55   55.55   48.57   51.40
              deke =    0.53    5.00    7.31    4.80    2.33    2.16    2.65    7.80
              temp =  -62.85  -66.73  -49.90  -30.14  -13.07    0.40    8.17   13.44
 step =  5760 reke =   45.89  127.82  180.30  160.72   97.47   56.40   50.86   53.52
              deke =    0.54    8.89    6.50    5.03    2.05    1.68    2.52    7.37
              temp =  -62.90  -66.70  -49.86  -29.92  -13.15    0.15    8.07   13.65
 step =  5940 reke =   57.91  113.29  172.83  160.98   92.23   49.37   45.24   48.99
              deke =    0.46    9.06    5.53    4.69    1.98    1.99    2.50    8.00
              temp =  -62.87  -66.76  -49.78  -29.83  -12.99    0.33    8.16   13.62
 step =  6120 reke =   57.74  123.88  193.93  154.80   96.73   55.49   50.57   53.20
              deke =    0.63    6.71    9.71    5.19    2.42    2.26    2.76    7.61
              temp =  -62.82  -66.82  -49.64  -29.84  -12.87    0.39    8.20   13.68
 step =  6300 reke =   51.04  124.86  196.59  158.36   86.74   43.14   39.01   43.20
              deke =    0.67    8.09    7.87    3.94    2.24    1.58    2.49    6.74
              temp =  -62.80  -66.83  -49.79  -30.00  -12.96    0.27    8.14   13.66
 step =  6480 reke =   64.33  118.76  205.37  179.38  101.12   52.91   48.78   54.97
              deke =    0.98    8.50    9.87    4.96    2.82    2.05    3.15    8.40
              temp =  -62.80  -66.82  -49.82  -29.53  -12.78    0.48    8.24   13.62
  field:            1    no. of faulty points:           0
  undefined values set to   0.0000000000000000     
  start of year/month =         1983           7
 step =  6660 reke =   51.19  102.43  152.27  118.81   72.28   41.58   39.27   43.11
              deke =    0.61    6.06    6.70    3.68    2.49    1.66    2.88    7.27
              temp =  -62.78  -66.82  -49.94  -29.50  -12.81    0.43    8.14   13.52
 step =  6840 reke =   51.60   99.63  173.14  142.66   79.31   42.50   39.26   43.80
              deke =    0.85    7.12    6.67    4.58    2.31    2.08    3.18    8.06
              temp =  -62.81  -66.88  -49.67  -29.58  -13.09    0.31    8.07   13.51
 step =  7020 reke =   48.26  102.21  178.01  148.79   88.26   47.41   43.80   46.76
              deke =    0.71    5.44    8.81    4.51    2.47    1.61    2.78    7.23
              temp =  -62.79  -66.85  -49.74  -29.85  -12.86    0.25    8.05   13.51
 step =  7200 reke =   41.48  116.20  181.21  148.55   93.45   50.79   44.59   47.93
              deke =    0.49    8.21    7.13    3.78    1.96    1.80    2.63    7.51
              temp =  -62.79  -66.79  -49.79  -29.91  -12.67    0.51    8.25   13.65
 step =  7380 reke =   43.51  134.00  242.82  176.19  100.53   54.83   48.86   52.85
              deke =    0.46    6.43   10.22    4.72    3.05    2.41    3.10    7.63
              temp =  -62.78  -66.76  -49.62  -29.63  -12.86    0.33    8.25   13.61
 step =  7560 reke =   58.08  127.36  178.97  146.58   90.09   48.66   46.23   49.88
              deke =    0.46    8.07    8.05    5.33    1.99    2.17    3.51    8.58
              temp =  -62.80  -66.76  -49.55  -29.62  -12.99    0.30    8.20   13.65
  field:            1    no. of faulty points:           0
  undefined values set to   0.0000000000000000     
  start of year/month =         1983           8
 step =  7740 reke =   63.15  128.67  200.07  160.09   93.11   50.27   45.98   48.30
              deke =    0.84    6.97    8.35    3.53    2.47    2.38    3.53    7.81
              temp =  -62.80  -66.68  -49.54  -29.77  -12.71    0.39    8.10   13.50
 step =  7920 reke =   44.57  106.12  155.28  138.38   77.87   40.46   37.81   41.82
              deke =    0.51    8.41    9.44    5.32    2.14    1.98    2.71    7.58
              temp =  -62.80  -66.66  -49.70  -29.99  -12.89    0.41    8.19   13.52
 step =  8100 reke =   41.85  137.41  172.26  152.93   93.61   53.17   47.88   49.39
              deke =    0.50   10.94    7.66    4.38    2.04    2.00    3.05    7.37
              temp =  -62.78  -66.70  -49.85  -29.77  -12.56    0.54    8.18   13.48
 step =  8280 reke =   49.37  178.04  201.65  148.10   80.80   42.07   38.60   43.59
              deke =    0.47    7.75    5.88    3.96    1.92    1.40    2.43    7.20
              temp =  -62.77  -66.74  -49.58  -29.81  -12.88    0.31    8.13   13.68
 step =  8460 reke =   46.34  142.22  214.25  156.09   85.38   41.52   40.59   43.73
              deke =    0.78    7.28    8.79    4.39    2.76    1.76    3.24    7.19
              temp =  -62.76  -66.74  -49.33  -29.72  -13.06    0.29    8.17   13.57
 step =  8640 reke =   48.14  126.04  196.52  142.28   88.51   49.74   47.58   50.76
              deke =    0.73    7.37    9.59    4.79    2.23    1.69    2.74    7.59
              temp =  -62.76  -66.77  -49.27  -29.99  -13.07    0.28    8.07   13.57
  field:            1    no. of faulty points:           0
  undefined values set to   0.0000000000000000     
  start of year/month =         1983           9
 step =  8820 reke =   80.67  138.29  190.46  157.29   93.23   49.61   44.73   48.93
              deke =    0.85    8.90    8.15    5.16    1.56    1.79    2.79    7.24
              temp =  -62.81  -66.69  -49.39  -29.60  -12.88    0.29    8.14   13.54
 step =  9000 reke =   53.98  110.52  186.70  139.50   79.63   44.48   41.34   43.79
              deke =    0.50    5.58    5.97    4.64    1.79    2.11    3.03    7.25
              temp =  -62.77  -66.74  -49.66  -29.68  -12.76    0.28    8.04   13.51
 step =  9180 reke =   32.19  129.89  215.31  163.89   90.41   47.62   40.40   44.65
              deke =    0.49    6.31   10.04    5.10    2.17    2.06    2.94    7.08
              temp =  -62.80  -66.72  -49.63  -29.94  -12.81    0.27    8.09   13.53
 step =  9360 reke =   42.02  129.75  193.04  149.95   87.89   50.81   45.87   50.30
              deke =    0.50    7.42    6.74    4.33    2.43    2.23    2.48    7.17
              temp =  -62.82  -66.69  -49.64  -29.64  -12.77    0.41    8.14   13.63
 step =  9540 reke =   36.97  114.91  179.64  139.92   81.87   45.54   41.54   44.23
              deke =    0.53    8.23    6.44    3.89    2.24    1.80    2.82    7.29
              temp =  -62.84  -66.66  -49.79  -29.75  -12.83    0.33    8.10   13.65
 step =  9720 reke =   45.20   96.90  175.96  134.34   70.94   40.36   39.16   44.22
              deke =    0.62    4.60    5.30    3.76    2.08    1.67    2.70    6.98
              temp =  -62.82  -66.71  -49.81  -29.98  -13.07    0.12    7.92   13.58
  field:            1    no. of faulty points:           0
  undefined values set to   0.0000000000000000     
  start of year/month =         1983          10
 step =  9900 reke =   42.39  105.69  182.33  145.22   82.50   50.00   47.35   49.49
              deke =    0.66    5.86    5.95    3.73    1.98    1.80    2.81    7.67
              temp =  -62.84  -66.71  -50.04  -29.86  -12.76    0.31    8.02   13.52
 step = 10080 reke =   44.13  116.40  192.96  143.69   81.25   46.65   40.96   45.89
              deke =    0.62    6.82    6.09    4.95    2.09    2.04    2.87    7.16
              temp =  -62.84  -66.72  -49.96  -29.99  -12.77    0.39    8.31   13.63
 step = 10260 reke =   69.46  131.88  225.19  173.49  103.22   56.95   49.16   52.60
              deke =    0.88    8.06   10.26    4.50    2.49    2.24    2.78    7.82
              temp =  -62.78  -66.77  -50.01  -29.43  -12.84    0.41    8.32   13.56
 step = 10440 reke =   42.39  135.54  206.99  162.56   92.58   51.81   45.85   49.64
              deke =    0.51   10.93    9.43    4.99    1.85    2.28    2.68    7.84
              temp =  -62.76  -66.76  -49.92  -29.62  -12.77    0.39    8.37   13.82
 step = 10620 reke =   37.39  140.05  216.10  157.94   81.58   43.66   41.09   46.16
              deke =    0.39    7.65    7.25    5.57    2.02    1.92    2.35    7.54
              temp =  -62.77  -66.71  -49.88  -29.43  -12.96    0.35    8.11   13.60
 step = 10800 reke =   50.21  124.95  197.46  144.31   79.85   46.25   42.77   45.28
              deke =    0.45    6.82    6.43    4.03    1.98    1.73    2.34    7.56
              temp =  -62.78  -66.76  -49.64  -29.91  -13.02    0.28    8.11   13.54
  field:            1    no. of faulty points:           0
  undefined values set to   0.0000000000000000     
  start of year/month =         1983          11
 step = 10980 reke =   63.30  114.62  198.91  155.31   84.02   44.31   42.07   47.48
              deke =    0.74    5.50    7.00    4.64    2.18    1.71    3.10    7.02
              temp =  -62.79  -66.79  -49.63  -29.86  -13.30    0.14    8.17   13.61
 step = 11160 reke =   38.94  129.96  212.55  163.65   85.39   47.83   44.76   49.39
              deke =    0.61    6.15    6.89    5.32    1.82    1.78    2.49    7.77
              temp =  -62.78  -66.76  -49.77  -29.21  -12.84    0.19    8.06   13.53
 step = 11340 reke =   43.66  123.19  197.56  164.99   90.53   47.75   44.53   47.68
              deke =    0.71    6.81    6.80    5.48    2.02    2.10    2.87    8.20
              temp =  -62.76  -66.73  -49.74  -29.42  -12.60    0.33    8.06   13.44
slurmstepd-atmnode003: error: *** JOB 871364 ON atmnode003 CANCELLED AT 2020-09-15T12:05:01 ***
