101
Restart from 003
Using restart namelist
  hallo from speedy_agcm
 RPE_ACTIVE  T
&RESOLUTION
 NTRUN=         30,
 MTRUN=         30,
 IX=         96,
 IY=         24,
 KX=          8,
 /
&INPUT_RESOLUTION
 NTRUN_IN=         30,
 MTRUN_IN=         30,
 IX_IN=         96,
 IY_IN=         24,
 KX_IN=          8,
 /
&COUPLING_FLAGS
 ICLAND=          1,
 ICSEA=          0,
 ICICE=          1,
 ISSTAN=          1,
 /
&LAND
 DEPTH_SOIL=  1.0000000000000000     ,
 DEPTH_LICE=  5.0000000000000000     ,
 TDLAND=  40.000000000000000     ,
 FLANDMIN= 0.33333333333333331     ,
 /
&SEA
 DEPTH_ML=  60.000000000000000     ,
 DEPT0_ML=  40.000000000000000     ,
 DEPTH_ICE=  2.5000000000000000     ,
 DEPT0_ICE=  1.5000000000000000     ,
 TDSST=  90.000000000000000     ,
 TDICE=  30.000000000000000     ,
 FSEAMIN= 0.33333333333333331     ,
 BETA%VAL=  1.0000000000000000     ,
 L_GLOBE=T,
 L_NORTHE=F,
 L_NATLAN=F,
 L_NPACIF=F,
 L_TROPIC=F,
 L_INDIAN=F,
 /
&DYNAMICS
 GAMMA=  6.0000000000000000     ,
 HSCALE=  7.5000000000000000     ,
 HSHUM=  2.5000000000000000     ,
 REFRH1= 0.69999999999999996     ,
 THD=  2.3999999999999999     ,
 THDD=  2.3999999999999999     ,
 THDS=  12.000000000000000     ,
 TDRS%VAL=  720.00000000000000     ,
 /
&FORCING
 LCO2=F,
 IYEAR_REF=       1950,
 DEL_CO2%VAL=  5.0000000000000001E-003,
 ABLCO2%VAL=  6.0000000000000000     ,
 ALBSEA%VAL=  7.0000000000000007E-002,
 ALBICE%VAL= 0.59999999999999998     ,
 ALBSN%VAL= 0.59999999999999998     ,
 /
&SOLAR_FORCING
 SOLC%VAL=  342.00000000000000     ,
 EPSSW%VAL=  2.0000000000000000E-002,
 /
&SURFACE
 SWCAP%VAL= 0.29999999999999999     ,
 SWWIL%VAL= 0.17000000000000001     ,
 SD2SC%VAL=  60.000000000000000     ,
 /
&TIMESTEPPING
 NSTEPS=         36,
 NSTDIA=        180,
 NMONRS=         12,
 ROB%VAL=  5.0000000000000003E-002,
 WIL%VAL= 0.53000000000000003     ,
 /
&CONVECTION
 PSMIN%VAL= 0.80000000000000004     ,
 TRCNV=  6.0000000000000000     ,
 RHBL%VAL= 0.90000000000000002     ,
 RHIL%VAL= 0.69999999999999996     ,
 ENTMAX= 0.50000000000000000     ,
 SMF%VAL= 0.80000000000000004     ,
 /
&CONDENSATION
 TRLSC%VAL=  4.0000000000000000     ,
 RHLSC= 0.90000000000000002     ,
 DRHLSC= 0.10000000000000001     ,
 RHBLSC= 0.94999999999999996     ,
 /
&CLOUD_PARAMETERS
 RHCL1%VAL= 0.29999999999999999     ,
 RHCL2%VAL=  1.0000000000000000     ,
 QACL%VAL= 0.20000000000000001     ,
 WPCL%VAL= 0.20000000000000001     ,
 PMAXCL%VAL=  10.000000000000000     ,
 CLSMAX%VAL= 0.59999999999999998     ,
 CLSMINL%VAL= 0.14999999999999999     ,
 GSE_S0%VAL= 0.25000000000000000     ,
 GSE_S1%VAL= 0.40000000000000002     ,
 /
&SW_RADIATION
 NSTRAD=          3,
 ABSDRY%VAL=  3.3000000000000002E-002,
 ABSAER%VAL=  3.3000000000000002E-002,
 ABSWV1%VAL=  2.1999999999999999E-002,
 ABSWV2%VAL=  15.000000000000000     ,
 ABSCL1%VAL=  1.4999999999999999E-002,
 ABSCL2%VAL= 0.14999999999999999     ,
 ALBCL%VAL= 0.42999999999999999     ,
 ALBCLS%VAL= 0.50000000000000000     ,
 /
&LW_RADIATION
 EPSLW%VAL=  5.0000000000000003E-002,
 EMISFC%VAL= 0.97999999999999998     ,
 ABLWIN%VAL= 0.29999999999999999     ,
 ABLWV1%VAL= 0.69999999999999996     ,
 ABLWV2%VAL=  50.000000000000000     ,
 ABLCL1%VAL=  12.000000000000000     ,
 ABLCL2%VAL= 0.59999999999999998     ,
 /
&SURFACE_FLUXES
 FWIND0%VAL= 0.94999999999999996     ,
 FTEMP0%VAL=  1.0000000000000000     ,
 FHUM0%VAL=  0.0000000000000000     ,
 CDL%VAL=  2.3999999999999998E-003,
 CDS%VAL=  1.0000000000000000E-003,
 CHL%VAL=  1.1999999999999999E-003,
 CHS%VAL=  8.9999999999999998E-004,
 VGUST%VAL=  5.0000000000000000     ,
 CTDAY%VAL=  1.0000000000000000E-002,
 DTHETA%VAL=  3.0000000000000000     ,
 FSTAB%VAL= 0.67000000000000004     ,
 HDRAG%VAL=  2000.0000000000000     ,
 FHDRAG%VAL= 0.50000000000000000     ,
 CLAMBDA%VAL=  7.0000000000000000     ,
 CLAMBSN%VAL=  7.0000000000000000     ,
 /
&VERTICAL_DIFFUSION
 TRSHC=  6.0000000000000000     ,
 TRVDI=  24.000000000000000     ,
 TRVDS=  6.0000000000000000     ,
 REDSHC%VAL= 0.50000000000000000     ,
 RHGRAD%VAL= 0.50000000000000000     ,
 SEGRAD%VAL= 0.10000000000000001     ,
 /
&SPPT
 SPPT_ON=F,
 NSCALES=          3,
 L_ADDITIVE=F,
 /
&SPPT_PARAMETERS
 MU(1)%VAL=  1.0000000000000000     ,
 MU(2)%VAL=  1.0000000000000000     ,
 MU(3)%VAL=  1.0000000000000000     ,
 MU(4)%VAL=  1.0000000000000000     ,
 MU(5)%VAL=  1.0000000000000000     ,
 MU(6)%VAL=  1.0000000000000000     ,
 MU(7)%VAL=  1.0000000000000000     ,
 MU(8)%VAL=  1.0000000000000000     ,
 TIME_DECORR=  3.0000000000000000     ,  72.000000000000000     ,  720.00000000000000     ,
 LEN_DECORR=  500000.00000000000     ,  1000000.0000000000     ,  2000000.0000000000     ,
 STDDEV= 0.52000000000000002     , 0.17999999999999999     ,  5.9999999999999998E-002,
 ADDITIVE_MAGNITUDE%VAL=  9.9999999999999995E-007,
 /
 Read namelist
 start date         1983           1           1           0
  Model half-level (*1000)           1           0
  Model half-level (*1000)           2          50
  Model half-level (*1000)           3         140
  Model half-level (*1000)           4         260
  Model half-level (*1000)           5         420
  Model half-level (*1000)           6         600
  Model half-level (*1000)           7         770
  Model half-level (*1000)           8         900
  Model half-level (*1000)           9        1000
  Model full-level (*1000)           1          25
  Model full-level (*1000)           2          95
  Model full-level (*1000)           3         200
  Model full-level (*1000)           4         340
  Model full-level (*1000)           5         510
  Model full-level (*1000)           6         685
  Model full-level (*1000)           7         835
  Model full-level (*1000)           8         950
  temp/hum correction at level            2  0.66167368341273969        0.0000000000000000     
  temp/hum correction at level            3  0.75399289734237440        8.0000000000000019E-003
  temp/hum correction at level            4  0.82755908289241631        3.9303999999999992E-002
  temp/hum correction at level            5  0.88857447279504564       0.13265100000000002     
  temp/hum correction at level            6  0.93577679872957287       0.32141912500000008     
  temp/hum correction at level            7  0.96885785555841186       0.58218287499999988     
  temp/hum correction at level            8  0.99104107712276879       0.85737499999999989     
 Filter applied at wavenumber           30
  field:            1    no. of faulty points:           0
  field:            2    no. of faulty points:           0
  field:            3    no. of faulty points:           0
  field:            4    no. of faulty points:           0
  field:            5    no. of faulty points:           0
  field:            6    no. of faulty points:           0
  field:            7    no. of faulty points:           0
  field:            8    no. of faulty points:           0
  field:            9    no. of faulty points:           0
  field:           10    no. of faulty points:           0
  field:           11    no. of faulty points:           0
  field:           12    no. of faulty points:           0
  undefined values set to   273.00000000000000     
  field:            1    no. of faulty points:           0
  field:            2    no. of faulty points:           0
  field:            3    no. of faulty points:           0
  field:            4    no. of faulty points:           0
  field:            5    no. of faulty points:           0
  field:            6    no. of faulty points:           0
  field:            7    no. of faulty points:           0
  field:            8    no. of faulty points:           0
  field:            9    no. of faulty points:           0
  field:           10    no. of faulty points:           0
  field:           11    no. of faulty points:           0
  field:           12    no. of faulty points:           0
  undefined values set to   0.0000000000000000     
  field:            1    no. of faulty points:           0
  field:            2    no. of faulty points:           0
  field:            3    no. of faulty points:           0
  field:            4    no. of faulty points:           0
  field:            5    no. of faulty points:           0
  field:            6    no. of faulty points:           0
  field:            7    no. of faulty points:           0
  field:            8    no. of faulty points:           0
  field:            9    no. of faulty points:           0
  field:           10    no. of faulty points:           0
  field:           11    no. of faulty points:           0
  field:           12    no. of faulty points:           0
  undefined values set to   0.0000000000000000     
  field:            1    no. of faulty points:           0
  field:            2    no. of faulty points:           0
  field:            3    no. of faulty points:           0
  field:            4    no. of faulty points:           0
  field:            5    no. of faulty points:           0
  field:            6    no. of faulty points:           0
  field:            7    no. of faulty points:           0
  field:            8    no. of faulty points:           0
  field:            9    no. of faulty points:           0
  field:           10    no. of faulty points:           0
  field:           11    no. of faulty points:           0
  field:           12    no. of faulty points:           0
  undefined values set to   273.00000000000000     
  field:            1    no. of faulty points:           0
  field:            2    no. of faulty points:           0
  field:            3    no. of faulty points:           0
  field:            4    no. of faulty points:           0
  field:            5    no. of faulty points:           0
  field:            6    no. of faulty points:           0
  field:            7    no. of faulty points:           0
  field:            8    no. of faulty points:           0
  field:            9    no. of faulty points:           0
  field:           10    no. of faulty points:           0
  field:           11    no. of faulty points:           0
  field:           12    no. of faulty points:           0
  undefined values set to   0.0000000000000000     
 isst0 =           49
  field:            1    no. of faulty points:           0
  field:            2    no. of faulty points:           0
  field:            3    no. of faulty points:           0
  undefined values set to   0.0000000000000000     
  reading a restart file
        1983           1           1           0
        1984           1           1           0
 WARNING: Date in restart file does not match requested date
Read restart dataset for year/month/date/hour: 1983/01/01/00
 step =     0 reke =   41.23  103.89  191.97  171.46   98.80   52.76   44.60   47.53
              deke =    0.42    4.53    7.44    5.97    2.54    1.86    2.52    7.00
              temp =  -62.95  -66.85  -50.10  -29.50  -13.05    0.27    8.15   13.61
   tref =    217.14995443460384     
   tref =    217.14995443460384     
   tref =    217.14995443460384     
   tref =    238.33701587301590     
   tref =    255.90944816497316     
   tref =    269.50371803411701     
   tref =    279.03106240082263     
   tref =    285.41983021135741     
 integration length in days:          365
  start of year/month =         1983           1
 step =   180 reke =   35.68   93.26  180.87  152.31   83.53   45.29   40.96   44.17
              deke =    0.60    4.84   11.39    5.29    2.69    1.74    2.86    7.06
              temp =  -63.55  -67.26  -49.16  -29.67  -12.85    0.28    8.15   13.32
 step =   360 reke =   44.03  116.78  199.56  141.49   83.46   46.15   39.02   41.43
              deke =    0.60    6.61   10.61    4.35    2.40    1.79    2.71    7.38
              temp =  -64.06  -67.54  -48.62  -29.86  -12.78    0.33    8.18   13.34
 step =   540 reke =   49.34  146.40  206.52  151.45   84.87   47.06   44.47   48.38
              deke =    1.12    9.14   10.48    4.40    1.99    1.64    2.64    7.46
              temp =  -64.40  -67.79  -48.29  -29.62  -13.02    0.27    8.26   13.34
 step =   720 reke =   55.46  146.33  192.28  158.53   93.00   49.19   44.61   48.65
              deke =    0.96   11.07    6.97    3.88    2.05    1.87    2.51    7.64
              temp =  -64.71  -68.03  -48.22  -29.76  -12.80    0.12    8.04   13.26
 step =   900 reke =   54.22  111.99  203.75  156.08   87.84   50.90   44.72   46.46
              deke =    0.85    5.52   10.12    3.82    1.87    1.82    2.46    7.42
              temp =  -64.99  -68.22  -48.15  -29.74  -12.67    0.23    8.00   13.28
 step =  1080 reke =   28.53  127.06  202.05  147.82   92.72   52.42   48.32   50.47
              deke =    0.36    8.13    9.96    4.23    2.47    1.85    3.15    7.65
              temp =  -65.25  -68.31  -48.35  -29.95  -12.81    0.10    8.03   13.27
  field:            1    no. of faulty points:           0
  undefined values set to   0.0000000000000000     
  start of year/month =         1983           2
 step =  1260 reke =   57.74  136.78  194.81  167.82  101.04   52.61   45.08   47.57
              deke =    0.77    6.75    8.98    3.85    2.19    1.76    2.90    7.66
              temp =  -65.44  -68.42  -48.28  -29.93  -12.81    0.25    8.18   13.46
 step =  1440 reke =   43.45  130.61  209.68  180.78  108.30   57.24   51.41   55.50
              deke =    0.52    7.54    7.35    4.19    2.07    1.69    3.06    8.59
              temp =  -65.63  -68.56  -48.03  -29.73  -12.76    0.36    8.15   13.28
 step =  1620 reke =   61.32  129.35  204.59  166.24   97.90   55.76   48.18   50.28
              deke =    0.75    7.08    8.64    4.63    2.26    1.86    2.77    8.16
              temp =  -65.76  -68.62  -47.97  -29.93  -12.61    0.41    8.23   13.48
 step =  1800 reke =   53.99  151.33  239.64  185.93   99.03   52.80   46.59   47.26
              deke =    0.57    6.73    9.66    4.33    2.64    1.67    2.86    7.20
              temp =  -65.87  -68.60  -48.13  -29.62  -12.58    0.35    8.25   13.45
 step =  1980 reke =   62.31  142.75  231.39  176.85   94.11   47.75   40.75   43.98
              deke =    0.66    4.97   10.05    4.82    1.89    1.54    2.31    6.81
              temp =  -65.95  -68.45  -48.16  -29.69  -12.53    0.28    8.20   13.39
  field:            1    no. of faulty points:           0
  undefined values set to   0.0000000000000000     
  start of year/month =         1983           3
 step =  2160 reke =   47.24  113.88  179.04  146.44   87.88   47.77   43.59   48.53
              deke =    0.39    5.40    9.32    4.06    2.16    2.05    2.83    7.49
              temp =  -66.07  -68.45  -48.18  -30.06  -12.81    0.35    8.29   13.45
 step =  2340 reke =   39.39  130.02  184.72  146.48   85.25   47.48   43.42   47.49
              deke =    0.58    7.16    7.48    4.36    2.18    1.84    2.95    7.93
              temp =  -66.13  -68.44  -48.24  -29.73  -12.44    0.49    8.28   13.39
 step =  2520 reke =   71.16  158.28  210.82  167.21  100.62   51.42   44.75   47.61
              deke =    0.83    6.21    7.33    3.40    1.91    1.47    2.91    7.80
              temp =  -66.20  -68.53  -48.04  -29.47  -12.62    0.41    8.26   13.46
 step =  2700 reke =   89.69  119.44  173.18  139.72   84.43   45.76   43.30   47.16
              deke =    0.68    6.02    8.32    3.76    2.01    1.49    2.67    8.12
              temp =  -66.21  -68.51  -48.01  -29.31  -12.44    0.51    8.22   13.45
 step =  2880 reke =   65.27  106.31  177.15  136.14   80.85   47.47   46.64   48.03
              deke =    0.61    6.30    9.33    4.00    2.20    1.57    3.19    8.17
              temp =  -66.26  -68.61  -48.29  -29.12  -12.41    0.47    8.19   13.34
 step =  3060 reke =   37.48   99.63  180.79  147.42   85.75   46.03   42.81   47.95
              deke =    0.39    5.27    8.03    4.21    2.21    1.47    2.44    7.48
              temp =  -66.31  -68.57  -48.16  -29.33  -12.62    0.34    7.98   13.28
 step =  3240 reke =   40.14  113.50  200.17  175.81  100.70   49.37   42.48   47.11
              deke =    0.53    6.28    7.97    3.45    2.22    1.87    2.95    7.54
              temp =  -66.32  -68.57  -48.17  -29.37  -12.66    0.28    8.05   13.15
  field:            1    no. of faulty points:           0
  undefined values set to   0.0000000000000000     
  start of year/month =         1983           4
 step =  3420 reke =   46.33  102.64  159.10  146.24   96.06   53.01   46.56   49.67
              deke =    0.59    5.28    9.27    4.43    2.60    2.01    2.93    7.79
              temp =  -66.35  -68.53  -48.26  -29.88  -12.37    0.47    8.10   13.36
 step =  3600 reke =   33.81  121.87  180.47  135.67   85.27   49.06   43.39   47.08
              deke =    0.39    7.61   11.80    3.86    2.27    1.80    2.69    6.76
              temp =  -66.40  -68.48  -48.33  -29.80  -12.54    0.41    8.13   13.40
 step =  3780 reke =   53.82  126.63  182.66  147.53   95.40   53.20   46.48   49.82
              deke =    0.62    5.29    9.58    4.28    1.78    1.85    2.60    7.63
              temp =  -66.45  -68.50  -48.21  -29.59  -12.56    0.41    8.29   13.44
 step =  3960 reke =   54.49  125.56  186.81  148.91   84.38   45.05   40.20   47.84
              deke =    0.64    6.42   10.30    4.69    2.06    1.90    2.07    7.25
              temp =  -66.46  -68.59  -48.20  -29.42  -12.46    0.36    8.21   13.43
 step =  4140 reke =   58.01  126.13  192.17  154.16   94.60   51.85   46.89   49.15
              deke =    0.53    8.27    8.89    5.41    2.33    1.86    2.70    7.71
              temp =  -66.50  -68.53  -48.29  -29.55  -12.31    0.44    8.19   13.38
 step =  4320 reke =   47.23  110.44  185.30  148.62   93.20   50.85   45.78   47.50
              deke =    0.66    4.98    9.15    3.73    2.03    1.64    2.36    7.38
              temp =  -66.53  -68.58  -48.37  -29.56  -12.54    0.43    8.23   13.39
  field:            1    no. of faulty points:           0
  undefined values set to   0.0000000000000000     
  start of year/month =         1983           5
 step =  4500 reke =   48.36  137.50  198.28  162.72  105.03   57.82   47.67   49.58
              deke =    0.62    5.72    8.93    3.95    2.31    1.96    2.67    7.45
              temp =  -66.52  -68.63  -48.20  -29.53  -12.60    0.44    8.31   13.46
 step =  4680 reke =   43.07  116.07  176.12  141.79   83.02   42.75   37.78   40.39
              deke =    0.55    9.86    7.87    3.92    2.07    1.69    2.73    7.20
              temp =  -66.53  -68.64  -48.26  -29.29  -12.57    0.48    8.36   13.53
 step =  4860 reke =   54.99  121.79  182.71  132.04   77.38   47.46   47.30   50.06
              deke =    0.45    7.26    9.22    3.06    1.86    1.68    2.77    7.67
              temp =  -66.57  -68.61  -48.05  -29.17  -12.38    0.47    8.22   13.39
 step =  5040 reke =   52.49  131.03  183.38  143.33   84.36   45.18   40.64   44.23
              deke =    0.84    5.55   10.06    3.91    1.81    1.88    3.05    6.91
              temp =  -66.59  -68.64  -47.74  -29.20  -12.50    0.49    8.29   13.58
 step =  5220 reke =   35.84  126.94  206.16  173.53   97.05   51.30   45.28   47.64
              deke =    0.40    7.35   11.08    4.46    2.43    1.65    2.48    7.60
              temp =  -66.55  -68.49  -47.85  -29.30  -12.42    0.38    8.20   13.43
 step =  5400 reke =   48.55  128.07  189.21  155.55   88.16   45.95   42.16   46.10
              deke =    0.48    8.58    9.28    3.79    1.81    1.62    2.84    7.94
              temp =  -66.53  -68.23  -48.02  -29.41  -12.31    0.36    8.17   13.36
  field:            1    no. of faulty points:           0
  undefined values set to   0.0000000000000000     
  start of year/month =         1983           6
 step =  5580 reke =   58.05  123.68  190.80  140.78   87.17   49.76   43.81   48.28
              deke =    0.72    4.97    9.26    4.79    2.21    1.45    2.52    7.40
              temp =  -66.52  -68.26  -47.93  -29.51  -12.21    0.70    8.37   13.50
 step =  5760 reke =   29.68  114.30  161.25  133.57   78.86   45.91   43.96   45.80
              deke =    0.37    6.99   10.50    3.97    2.25    1.79    3.03    7.37
              temp =  -66.52  -68.19  -48.02  -29.70  -12.50    0.57    8.35   13.61
 step =  5940 reke =   48.70  142.47  221.45  159.79   85.05   44.94   41.30   47.52
              deke =    0.58    6.32    9.73    3.96    1.86    1.47    1.98    7.22
              temp =  -66.51  -68.19  -47.92  -29.47  -12.39    0.53    8.34   13.51
 step =  6120 reke =   57.37  158.24  194.14  137.24   85.12   47.80   41.68   44.48
              deke =    0.61   10.20    9.94    3.44    2.12    1.44    2.59    7.08
              temp =  -66.50  -68.26  -47.99  -29.57  -12.54    0.50    8.31   13.50
 step =  6300 reke =   65.52  115.62  155.10  125.94   78.08   45.22   42.79   49.07
              deke =    0.71    3.88    7.97    4.11    1.86    1.66    2.42    7.69
              temp =  -66.52  -68.37  -47.98  -29.63  -12.45    0.54    8.38   13.67
 step =  6480 reke =   55.92  111.89  170.09  128.64   74.37   40.82   39.98   44.27
              deke =    0.52    4.98    9.88    4.47    1.99    1.74    2.75    7.34
              temp =  -66.54  -68.38  -48.05  -29.80  -12.69    0.44    8.36   13.60
  field:            1    no. of faulty points:           0
  undefined values set to   0.0000000000000000     
  start of year/month =         1983           7
 step =  6660 reke =   44.89  118.25  185.92  157.52   91.01   47.51   44.06   47.79
              deke =    0.70    6.17    7.81    4.34    1.85    1.57    2.51    7.84
              temp =  -66.56  -68.48  -48.06  -29.38  -12.52    0.36    8.20   13.42
 step =  6840 reke =   66.94  127.70  199.79  143.71   85.26   44.51   39.83   44.71
              deke =    0.50    5.43    7.12    4.82    2.30    1.89    2.30    7.69
              temp =  -66.50  -68.52  -48.14  -28.97  -12.39    0.48    8.38   13.46
 step =  7020 reke =   44.48  128.73  170.79  122.90   73.11   38.50   36.26   40.99
              deke =    0.69    8.27    9.41    4.20    2.03    1.79    2.55    7.30
              temp =  -66.51  -68.53  -47.98  -29.46  -12.93    0.22    8.19   13.33
 step =  7200 reke =   42.80  143.08  199.52  130.42   80.25   48.71   44.96   47.53
              deke =    0.53    9.57   10.22    3.48    1.78    1.60    2.82    7.77
              temp =  -66.51  -68.45  -48.06  -29.15  -12.72    0.20    8.11   13.27
 step =  7380 reke =   31.49  130.01  193.42  150.44   94.27   50.13   44.89   50.59
              deke =    0.55    6.66    8.84    4.24    2.55    1.56    2.44    7.37
              temp =  -66.50  -68.42  -47.98  -29.28  -12.64    0.21    8.11   13.27
 step =  7560 reke =   45.88  134.94  168.17  130.98   83.04   47.79   43.84   47.73
              deke =    0.63    6.14    9.05    3.06    2.14    1.70    2.54    7.64
              temp =  -66.54  -68.36  -48.07  -29.62  -12.83    0.22    8.04   13.31
  field:            1    no. of faulty points:           0
  undefined values set to   0.0000000000000000     
  start of year/month =         1983           8
 step =  7740 reke =   47.99  142.64  173.55  127.81   83.30   44.45   40.18   43.44
              deke =    0.50    6.64    8.03    3.70    1.74    1.64    2.61    7.63
              temp =  -66.55  -68.45  -48.16  -29.61  -12.73    0.23    8.18   13.28
 step =  7920 reke =   49.14  138.66  208.58  156.22   94.44   50.05   43.71   46.38
              deke =    0.49    9.09   10.76    4.74    2.18    2.10    2.45    7.61
              temp =  -66.60  -68.42  -48.13  -29.46  -12.61    0.24    8.18   13.38
 step =  8100 reke =   38.27  134.48  203.08  164.96   99.34   50.99   42.87   43.92
              deke =    0.56    6.60    8.46    4.82    2.25    2.00    2.54    7.85
              temp =  -66.63  -68.37  -48.11  -29.43  -12.64    0.39    8.30   13.47
 step =  8280 reke =   31.56  110.93  184.59  149.59   86.86   45.70   40.54   40.64
              deke =    0.65    6.12    9.59    4.00    1.85    1.88    2.87    7.12
              temp =  -66.67  -68.43  -48.27  -29.26  -12.32    0.39    8.19   13.44
 step =  8460 reke =   30.16  113.93  207.72  163.83   93.06   50.13   43.31   44.60
              deke =    0.41    4.33    8.50    4.03    2.07    1.72    2.73    7.56
              temp =  -66.68  -68.45  -48.23  -29.36  -12.51    0.36    8.26   13.42
 step =  8640 reke =   68.63  135.51  218.38  161.72   91.69   49.30   45.00   46.51
              deke =    0.69    5.54    8.38    4.38    2.11    1.62    2.49    7.38
              temp =  -66.69  -68.59  -48.34  -29.53  -12.37    0.47    8.21   13.33
  field:            1    no. of faulty points:           0
  undefined values set to   0.0000000000000000     
  start of year/month =         1983           9
 step =  8820 reke =   64.06  129.63  205.17  154.85   98.28   52.89   45.52   47.86
              deke =    0.90    7.01   10.95    5.06    2.11    1.74    3.08    7.72
              temp =  -66.73  -68.67  -48.26  -29.73  -12.62    0.45    8.32   13.41
 step =  9000 reke =   51.55  131.35  203.55  149.24   85.14   45.56   41.90   44.98
              deke =    0.72    7.15   10.05    4.03    2.13    1.64    2.46    7.45
              temp =  -66.72  -68.63  -48.33  -29.47  -12.64    0.35    8.17   13.44
 step =  9180 reke =   43.07  156.65  205.69  162.10   90.75   52.20   46.54   49.50
              deke =    0.55    9.06    9.06    5.04    1.91    1.76    2.74    7.50
              temp =  -66.74  -68.75  -48.36  -29.76  -12.42    0.35    8.26   13.45
 step =  9360 reke =   46.02  133.68  192.53  165.51   99.47   56.93   47.95   49.62
              deke =    0.52    7.57    7.90    4.33    2.02    1.68    2.79    8.10
              temp =  -66.71  -68.77  -48.29  -29.86  -12.46    0.51    8.30   13.44
 step =  9540 reke =   88.01  160.28  232.84  177.27  100.73   51.09   44.02   48.73
              deke =    0.47    7.58    9.89    4.57    2.80    1.69    3.10    7.49
              temp =  -66.69  -68.86  -48.33  -29.93  -12.73    0.34    8.24   13.43
 step =  9720 reke =   62.54  147.50  210.30  161.01   94.80   50.29   43.27   46.09
              deke =    0.54    6.51    9.71    4.10    2.23    2.03    2.61    7.45
              temp =  -66.71  -68.91  -48.35  -29.83  -12.71    0.39    8.30   13.48
  field:            1    no. of faulty points:           0
  undefined values set to   0.0000000000000000     
  start of year/month =         1983          10
 step =  9900 reke =   49.45  174.17  224.02  182.23  101.03   56.70   51.12   54.80
              deke =    0.45   10.86   10.94    4.39    2.00    1.89    2.76    8.12
              temp =  -66.69  -68.85  -48.21  -29.80  -12.61    0.33    8.30   13.42
 step = 10080 reke =   58.13  160.63  211.26  171.96  103.45   58.31   49.93   52.54
              deke =    0.80    8.88    8.83    4.69    2.07    2.26    2.72    8.74
              temp =  -66.68  -68.88  -48.03  -29.65  -12.62    0.51    8.39   13.57
 step = 10260 reke =   59.89  131.00  167.27  126.53   75.48   44.95   42.27   43.36
              deke =    0.86    9.36    7.72    4.51    1.94    1.92    3.04    7.98
              temp =  -66.68  -68.81  -48.08  -29.76  -12.36    0.54    8.38   13.63
 step = 10440 reke =   47.43  127.59  194.46  146.01   76.97   44.23   42.87   48.76
              deke =    0.73    7.69    6.70    3.87    2.00    1.63    2.43    7.53
              temp =  -66.69  -68.81  -47.99  -29.82  -12.65    0.32    8.29   13.57
 step = 10620 reke =   45.17  128.68  200.80  159.59   93.18   51.32   46.03   49.05
              deke =    1.06    8.32    7.92    4.79    2.78    1.73    2.56    7.20
              temp =  -66.74  -68.87  -48.02  -30.04  -12.79    0.24    8.25   13.51
 step = 10800 reke =   39.63  134.00  217.00  163.04   99.36   52.89   46.89   50.16
              deke =    0.80    9.48   11.17    5.08    2.89    1.88    2.69    7.50
              temp =  -66.75  -68.84  -48.10  -29.63  -12.74    0.27    8.29   13.52
  field:            1    no. of faulty points:           0
  undefined values set to   0.0000000000000000     
  start of year/month =         1983          11
 step = 10980 reke =   55.52  131.49  205.33  180.42  104.11   54.89   52.00   56.40
              deke =    0.64    7.34   10.34    5.25    2.20    1.87    2.39    8.20
              temp =  -66.72  -68.81  -48.13  -29.28  -12.36    0.49    8.22   13.32
 step = 11160 reke =   37.58  123.01  182.59  145.88   79.47   45.82   42.21   43.61
              deke =    0.37    7.02    7.81    4.79    2.46    1.90    2.33    7.02
              temp =  -66.65  -68.83  -48.29  -29.95  -12.69    0.18    8.17   13.33
 step = 11340 reke =   35.44  123.05  194.20  147.96   85.18   45.27   39.76   44.70
              deke =    0.52    5.70    9.23    5.84    2.56    1.45    2.07    6.92
              temp =  -66.66  -68.89  -48.27  -30.09  -12.78    0.23    8.19   13.39
 step = 11520 reke =   34.70  138.02  238.39  195.12  111.01   58.99   51.55   55.40
              deke =    0.38    6.70   10.82    4.63    2.62    2.10    3.20    8.80
              temp =  -66.64  -68.86  -48.22  -29.60  -12.57    0.33    8.17   13.38
 step = 11700 reke =   50.10  132.58  198.17  160.82  100.86   55.46   50.41   53.96
              deke =    0.53    6.83    7.25    4.07    2.62    1.58    2.45    7.77
              temp =  -66.64  -68.88  -48.30  -29.86  -12.65    0.31    8.17   13.36
 step = 11880 reke =   46.43  117.12  192.44  150.12   91.14   50.46   48.32   51.15
              deke =    0.66    5.67    7.34    4.48    2.47    2.20    3.59    8.13
              temp =  -66.65  -68.92  -48.17  -29.65  -12.90    0.27    8.26   13.40
 Write restart dataset for year/month/date/hour:         1983 /          12 /           1 /           0
  field:            1    no. of faulty points:           0
  undefined values set to   0.0000000000000000     
  start of year/month =         1983          12
 step = 12060 reke =   42.83  154.42  231.16  173.75   90.19   45.08   42.61   47.80
              deke =    0.51    8.43    9.34    4.77    1.89    1.85    2.79    8.42
              temp =  -66.57  -68.93  -48.17  -29.52  -12.73    0.33    8.19   13.30
 step = 12240 reke =   81.83  130.35  191.93  145.97   86.05   43.47   37.35   41.28
              deke =    1.43    4.75    9.23    3.99    2.70    1.88    2.84    7.37
              temp =  -66.61  -68.95  -47.99  -29.39  -12.45    0.58    8.34   13.43
 step = 12420 reke =   28.68   97.80  159.02  132.46   86.11   48.36   44.38   46.17
              deke =    0.58    6.71   10.07    4.17    2.62    1.92    3.27    7.97
              temp =  -66.64  -68.91  -48.21  -29.81  -12.62    0.41    8.21   13.45
 step = 12600 reke =   44.67  140.34  190.43  139.24   83.11   48.26   42.31   46.00
              deke =    0.70    7.18    9.13    3.12    2.49    1.92    2.76    6.95
              temp =  -66.61  -68.93  -48.05  -29.96  -12.79    0.32    8.30   13.49
 step = 12780 reke =   65.20  137.90  198.13  150.11   88.35   45.64   41.02   45.23
              deke =    0.53    8.15    9.84    4.21    2.32    1.51    2.62    8.08
              temp =  -66.62  -68.89  -47.89  -29.43  -12.46    0.49    8.39   13.42
 step = 12960 reke =   59.93   98.50  155.28  101.09   61.87   35.63   33.44   35.68
              deke =    0.92    4.69    7.75    3.47    1.71    1.61    2.67    6.63
              temp =  -66.64  -68.91  -47.93  -29.64  -12.95    0.40    8.21   13.47
 step = 13140 reke =   56.56  131.49  192.11  130.43   82.52   46.99   44.25   46.38
              deke =    0.60    6.97   10.07    3.53    1.98    1.87    2.99    7.74
              temp =  -66.62  -68.91  -48.25  -29.73  -12.45    0.31    8.19   13.38
  field:            1    no. of faulty points:           0
  undefined values set to   0.0000000000000000     
 Write restart dataset for year/month/date/hour:         1984 /           1 /           1 /           0

real	130m49.118s
user	130m30.992s
sys	0m16.027s
Linking file for next year
mv: cannot stat 'output/exp_101/1983010100.rst': No such file or directory
cp: cannot stat 'output/exp_101/1984010100.rst': No such file or directory
102
Restart from  101
/var/lib/slurm-llnl/slurmd/job871283/slurm_script: line 35: ./runCONTROL6sig11exp.sh: No such file or directory
Linking file for next year
mv: cannot stat 'output/exp_102/1983010100.rst': No such file or directory
cp: cannot stat 'output/exp_102/1984010100.rst': No such file or directory
103
Restart from  102
/var/lib/slurm-llnl/slurmd/job871283/slurm_script: line 35: ./runCONTROL6sig11exp.sh: No such file or directory
Linking file for next year
mv: cannot stat 'output/exp_103/1983010100.rst': No such file or directory
cp: cannot stat 'output/exp_103/1984010100.rst': No such file or directory
104
Restart from  103
/var/lib/slurm-llnl/slurmd/job871283/slurm_script: line 35: ./runCONTROL6sig11exp.sh: No such file or directory
Linking file for next year
mv: cannot stat 'output/exp_104/1983010100.rst': No such file or directory
cp: cannot stat 'output/exp_104/1984010100.rst': No such file or directory
105
Restart from  104
/var/lib/slurm-llnl/slurmd/job871283/slurm_script: line 35: ./runCONTROL6sig11exp.sh: No such file or directory
Linking file for next year
mv: cannot stat 'output/exp_105/1983010100.rst': No such file or directory
cp: cannot stat 'output/exp_105/1984010100.rst': No such file or directory
106
Restart from  105
/var/lib/slurm-llnl/slurmd/job871283/slurm_script: line 35: ./runCONTROL6sig11exp.sh: No such file or directory
Linking file for next year
mv: cannot stat 'output/exp_106/1983010100.rst': No such file or directory
cp: cannot stat 'output/exp_106/1984010100.rst': No such file or directory
107
Restart from  106
/var/lib/slurm-llnl/slurmd/job871283/slurm_script: line 35: ./runCONTROL6sig11exp.sh: No such file or directory
Linking file for next year
mv: cannot stat 'output/exp_107/1983010100.rst': No such file or directory
cp: cannot stat 'output/exp_107/1984010100.rst': No such file or directory
108
Restart from  107
/var/lib/slurm-llnl/slurmd/job871283/slurm_script: line 35: ./runCONTROL6sig11exp.sh: No such file or directory
Linking file for next year
mv: cannot stat 'output/exp_108/1983010100.rst': No such file or directory
cp: cannot stat 'output/exp_108/1984010100.rst': No such file or directory
109
Restart from  108
/var/lib/slurm-llnl/slurmd/job871283/slurm_script: line 35: ./runCONTROL6sig11exp.sh: No such file or directory
Linking file for next year
mv: cannot stat 'output/exp_109/1983010100.rst': No such file or directory
cp: cannot stat 'output/exp_109/1984010100.rst': No such file or directory
110
Restart from  109
/var/lib/slurm-llnl/slurmd/job871283/slurm_script: line 35: ./runCONTROL6sig11exp.sh: No such file or directory
Linking file for next year
mv: cannot stat 'output/exp_110/1983010100.rst': No such file or directory
cp: cannot stat 'output/exp_110/1984010100.rst': No such file or directory
111
Restart from  110
/var/lib/slurm-llnl/slurmd/job871283/slurm_script: line 35: ./runCONTROL6sig11exp.sh: No such file or directory
Linking file for next year
mv: cannot stat 'output/exp_111/1983010100.rst': No such file or directory
cp: cannot stat 'output/exp_111/1984010100.rst': No such file or directory
112
Restart from  111
/var/lib/slurm-llnl/slurmd/job871283/slurm_script: line 35: ./runCONTROL6sig11exp.sh: No such file or directory
Linking file for next year
mv: cannot stat 'output/exp_112/1983010100.rst': No such file or directory
cp: cannot stat 'output/exp_112/1984010100.rst': No such file or directory
113
Restart from  112
/var/lib/slurm-llnl/slurmd/job871283/slurm_script: line 35: ./runCONTROL6sig11exp.sh: No such file or directory
Linking file for next year
mv: cannot stat 'output/exp_113/1983010100.rst': No such file or directory
cp: cannot stat 'output/exp_113/1984010100.rst': No such file or directory
114
Restart from  113
/var/lib/slurm-llnl/slurmd/job871283/slurm_script: line 35: ./runCONTROL6sig11exp.sh: No such file or directory
Linking file for next year
mv: cannot stat 'output/exp_114/1983010100.rst': No such file or directory
cp: cannot stat 'output/exp_114/1984010100.rst': No such file or directory
115
Restart from  114
/var/lib/slurm-llnl/slurmd/job871283/slurm_script: line 35: ./runCONTROL6sig11exp.sh: No such file or directory
Linking file for next year
mv: cannot stat 'output/exp_115/1983010100.rst': No such file or directory
cp: cannot stat 'output/exp_115/1984010100.rst': No such file or directory
116
Restart from  115
/var/lib/slurm-llnl/slurmd/job871283/slurm_script: line 35: ./runCONTROL6sig11exp.sh: No such file or directory
Linking file for next year
mv: cannot stat 'output/exp_116/1983010100.rst': No such file or directory
cp: cannot stat 'output/exp_116/1984010100.rst': No such file or directory
117
Restart from  116
/var/lib/slurm-llnl/slurmd/job871283/slurm_script: line 35: ./runCONTROL6sig11exp.sh: No such file or directory
Linking file for next year
mv: cannot stat 'output/exp_117/1983010100.rst': No such file or directory
cp: cannot stat 'output/exp_117/1984010100.rst': No such file or directory
118
Restart from  117
/var/lib/slurm-llnl/slurmd/job871283/slurm_script: line 35: ./runCONTROL6sig11exp.sh: No such file or directory
Linking file for next year
mv: cannot stat 'output/exp_118/1983010100.rst': No such file or directory
cp: cannot stat 'output/exp_118/1984010100.rst': No such file or directory
119
Restart from  118
/var/lib/slurm-llnl/slurmd/job871283/slurm_script: line 35: ./runCONTROL6sig11exp.sh: No such file or directory
Linking file for next year
mv: cannot stat 'output/exp_119/1983010100.rst': No such file or directory
cp: cannot stat 'output/exp_119/1984010100.rst': No such file or directory
120
Restart from  119
/var/lib/slurm-llnl/slurmd/job871283/slurm_script: line 35: ./runCONTROL6sig11exp.sh: No such file or directory
Linking file for next year
mv: cannot stat 'output/exp_120/1983010100.rst': No such file or directory
cp: cannot stat 'output/exp_120/1984010100.rst': No such file or directory
121
Restart from  120
/var/lib/slurm-llnl/slurmd/job871283/slurm_script: line 35: ./runCONTROL6sig11exp.sh: No such file or directory
Linking file for next year
mv: cannot stat 'output/exp_121/1983010100.rst': No such file or directory
cp: cannot stat 'output/exp_121/1984010100.rst': No such file or directory
122
Restart from  121
/var/lib/slurm-llnl/slurmd/job871283/slurm_script: line 35: ./runCONTROL6sig11exp.sh: No such file or directory
Linking file for next year
mv: cannot stat 'output/exp_122/1983010100.rst': No such file or directory
cp: cannot stat 'output/exp_122/1984010100.rst': No such file or directory
123
Restart from  122
/var/lib/slurm-llnl/slurmd/job871283/slurm_script: line 35: ./runCONTROL6sig11exp.sh: No such file or directory
Linking file for next year
mv: cannot stat 'output/exp_123/1983010100.rst': No such file or directory
cp: cannot stat 'output/exp_123/1984010100.rst': No such file or directory
124
Restart from  123
/var/lib/slurm-llnl/slurmd/job871283/slurm_script: line 35: ./runCONTROL6sig11exp.sh: No such file or directory
Linking file for next year
mv: cannot stat 'output/exp_124/1983010100.rst': No such file or directory
cp: cannot stat 'output/exp_124/1984010100.rst': No such file or directory
125
Restart from  124
/var/lib/slurm-llnl/slurmd/job871283/slurm_script: line 35: ./runCONTROL6sig11exp.sh: No such file or directory
Linking file for next year
mv: cannot stat 'output/exp_125/1983010100.rst': No such file or directory
cp: cannot stat 'output/exp_125/1984010100.rst': No such file or directory
