101
Restart from 003
Using restart namelist
  hallo from speedy_agcm
 RPE_ACTIVE  F
&RESOLUTION
 NTRUN=         30,
 MTRUN=         30,
 IX=         96,
 IY=         24,
 KX=          8,
 /
&INPUT_RESOLUTION
 NTRUN_IN=         30,
 MTRUN_IN=         30,
 IX_IN=         96,
 IY_IN=         24,
 KX_IN=          8,
 /
&COUPLING_FLAGS
 ICLAND=          1,
 ICSEA=          0,
 ICICE=          1,
 ISSTAN=          1,
 /
&LAND
 DEPTH_SOIL=  1.0000000000000000     ,
 DEPTH_LICE=  5.0000000000000000     ,
 TDLAND=  40.000000000000000     ,
 FLANDMIN= 0.33333333333333331     ,
 /
&SEA
 DEPTH_ML=  60.000000000000000     ,
 DEPT0_ML=  40.000000000000000     ,
 DEPTH_ICE=  2.5000000000000000     ,
 DEPT0_ICE=  1.5000000000000000     ,
 TDSST=  90.000000000000000     ,
 TDICE=  30.000000000000000     ,
 FSEAMIN= 0.33333333333333331     ,
 BETA%VAL=  1.0000000000000000     ,
 L_GLOBE=T,
 L_NORTHE=F,
 L_NATLAN=F,
 L_NPACIF=F,
 L_TROPIC=F,
 L_INDIAN=F,
 /
&DYNAMICS
 GAMMA=  6.0000000000000000     ,
 HSCALE=  7.5000000000000000     ,
 HSHUM=  2.5000000000000000     ,
 REFRH1= 0.69999999999999996     ,
 THD=  2.3999999999999999     ,
 THDD=  2.3999999999999999     ,
 THDS=  12.000000000000000     ,
 TDRS%VAL=  720.00000000000000     ,
 /
&FORCING
 LCO2=F,
 IYEAR_REF=       1950,
 DEL_CO2%VAL=  5.0000000000000001E-003,
 ABLCO2%VAL=  6.0000000000000000     ,
 ALBSEA%VAL=  7.0000000000000007E-002,
 ALBICE%VAL= 0.59999999999999998     ,
 ALBSN%VAL= 0.59999999999999998     ,
 /
&SOLAR_FORCING
 SOLC%VAL=  342.00000000000000     ,
 EPSSW%VAL=  2.0000000000000000E-002,
 /
&SURFACE
 SWCAP%VAL= 0.29999999999999999     ,
 SWWIL%VAL= 0.17000000000000001     ,
 SD2SC%VAL=  60.000000000000000     ,
 /
&TIMESTEPPING
 NSTEPS=         36,
 NSTDIA=        180,
 NMONRS=         12,
 ROB%VAL=  5.0000000000000003E-002,
 WIL%VAL= 0.53000000000000003     ,
 /
&CONVECTION
 PSMIN%VAL= 0.80000000000000004     ,
 TRCNV=  6.0000000000000000     ,
 RHBL%VAL= 0.90000000000000002     ,
 RHIL%VAL= 0.69999999999999996     ,
 ENTMAX= 0.50000000000000000     ,
 SMF%VAL= 0.80000000000000004     ,
 /
&CONDENSATION
 TRLSC%VAL=  4.0000000000000000     ,
 RHLSC= 0.90000000000000002     ,
 DRHLSC= 0.10000000000000001     ,
 RHBLSC= 0.94999999999999996     ,
 /
&CLOUD_PARAMETERS
 RHCL1%VAL= 0.29999999999999999     ,
 RHCL2%VAL=  1.0000000000000000     ,
 QACL%VAL= 0.20000000000000001     ,
 WPCL%VAL= 0.20000000000000001     ,
 PMAXCL%VAL=  10.000000000000000     ,
 CLSMAX%VAL= 0.59999999999999998     ,
 CLSMINL%VAL= 0.14999999999999999     ,
 GSE_S0%VAL= 0.25000000000000000     ,
 GSE_S1%VAL= 0.40000000000000002     ,
 /
&SW_RADIATION
 NSTRAD=          3,
 ABSDRY%VAL=  3.3000000000000002E-002,
 ABSAER%VAL=  3.3000000000000002E-002,
 ABSWV1%VAL=  2.1999999999999999E-002,
 ABSWV2%VAL=  15.000000000000000     ,
 ABSCL1%VAL=  1.4999999999999999E-002,
 ABSCL2%VAL= 0.14999999999999999     ,
 ALBCL%VAL= 0.42999999999999999     ,
 ALBCLS%VAL= 0.50000000000000000     ,
 /
&LW_RADIATION
 EPSLW%VAL=  5.0000000000000003E-002,
 EMISFC%VAL= 0.97999999999999998     ,
 ABLWIN%VAL= 0.29999999999999999     ,
 ABLWV1%VAL= 0.69999999999999996     ,
 ABLWV2%VAL=  50.000000000000000     ,
 ABLCL1%VAL=  12.000000000000000     ,
 ABLCL2%VAL= 0.59999999999999998     ,
 /
&SURFACE_FLUXES
 FWIND0%VAL= 0.94999999999999996     ,
 FTEMP0%VAL=  1.0000000000000000     ,
 FHUM0%VAL=  0.0000000000000000     ,
 CDL%VAL=  2.3999999999999998E-003,
 CDS%VAL=  1.0000000000000000E-003,
 CHL%VAL=  1.1999999999999999E-003,
 CHS%VAL=  8.9999999999999998E-004,
 VGUST%VAL=  5.0000000000000000     ,
 CTDAY%VAL=  1.0000000000000000E-002,
 DTHETA%VAL=  3.0000000000000000     ,
 FSTAB%VAL= 0.67000000000000004     ,
 HDRAG%VAL=  2000.0000000000000     ,
 FHDRAG%VAL= 0.50000000000000000     ,
 CLAMBDA%VAL=  7.0000000000000000     ,
 CLAMBSN%VAL=  7.0000000000000000     ,
 /
&VERTICAL_DIFFUSION
 TRSHC=  6.0000000000000000     ,
 TRVDI=  24.000000000000000     ,
 TRVDS=  6.0000000000000000     ,
 REDSHC%VAL= 0.50000000000000000     ,
 RHGRAD%VAL= 0.50000000000000000     ,
 SEGRAD%VAL= 0.10000000000000001     ,
 /
&SPPT
 SPPT_ON=F,
 NSCALES=          3,
 L_ADDITIVE=F,
 /
&SPPT_PARAMETERS
 MU(1)%VAL=  1.0000000000000000     ,
 MU(2)%VAL=  1.0000000000000000     ,
 MU(3)%VAL=  1.0000000000000000     ,
 MU(4)%VAL=  1.0000000000000000     ,
 MU(5)%VAL=  1.0000000000000000     ,
 MU(6)%VAL=  1.0000000000000000     ,
 MU(7)%VAL=  1.0000000000000000     ,
 MU(8)%VAL=  1.0000000000000000     ,
 TIME_DECORR=  3.0000000000000000     ,  72.000000000000000     ,  720.00000000000000     ,
 LEN_DECORR=  500000.00000000000     ,  1000000.0000000000     ,  2000000.0000000000     ,
 STDDEV= 0.52000000000000002     , 0.17999999999999999     ,  5.9999999999999998E-002,
 ADDITIVE_MAGNITUDE%VAL=  9.9999999999999995E-007,
 /
 Read namelist
 start date         1983           1           1           0
  Model half-level (*1000)           1           0
  Model half-level (*1000)           2          50
  Model half-level (*1000)           3         140
  Model half-level (*1000)           4         260
  Model half-level (*1000)           5         420
  Model half-level (*1000)           6         600
  Model half-level (*1000)           7         770
  Model half-level (*1000)           8         900
  Model half-level (*1000)           9        1000
  Model full-level (*1000)           1          25
  Model full-level (*1000)           2          95
  Model full-level (*1000)           3         200
  Model full-level (*1000)           4         340
  Model full-level (*1000)           5         510
  Model full-level (*1000)           6         685
  Model full-level (*1000)           7         835
  Model full-level (*1000)           8         950
  temp/hum correction at level            2  0.66167368341273969        0.0000000000000000     
  temp/hum correction at level            3  0.75399289734237440        8.0000000000000019E-003
  temp/hum correction at level            4  0.82755908289241631        3.9303999999999992E-002
  temp/hum correction at level            5  0.88857447279504564       0.13265100000000002     
  temp/hum correction at level            6  0.93577679872957287       0.32141912500000008     
  temp/hum correction at level            7  0.96885785555841186       0.58218287499999988     
  temp/hum correction at level            8  0.99104107712276879       0.85737499999999989     
 Filter applied at wavenumber           30
  field:            1    no. of faulty points:           0
  field:            2    no. of faulty points:           0
  field:            3    no. of faulty points:           0
  field:            4    no. of faulty points:           0
  field:            5    no. of faulty points:           0
  field:            6    no. of faulty points:           0
  field:            7    no. of faulty points:           0
  field:            8    no. of faulty points:           0
  field:            9    no. of faulty points:           0
  field:           10    no. of faulty points:           0
  field:           11    no. of faulty points:           0
  field:           12    no. of faulty points:           0
  undefined values set to   273.00000000000000     
  field:            1    no. of faulty points:           0
  field:            2    no. of faulty points:           0
  field:            3    no. of faulty points:           0
  field:            4    no. of faulty points:           0
  field:            5    no. of faulty points:           0
  field:            6    no. of faulty points:           0
  field:            7    no. of faulty points:           0
  field:            8    no. of faulty points:           0
  field:            9    no. of faulty points:           0
  field:           10    no. of faulty points:           0
  field:           11    no. of faulty points:           0
  field:           12    no. of faulty points:           0
  undefined values set to   0.0000000000000000     
  field:            1    no. of faulty points:           0
  field:            2    no. of faulty points:           0
  field:            3    no. of faulty points:           0
  field:            4    no. of faulty points:           0
  field:            5    no. of faulty points:           0
  field:            6    no. of faulty points:           0
  field:            7    no. of faulty points:           0
  field:            8    no. of faulty points:           0
  field:            9    no. of faulty points:           0
  field:           10    no. of faulty points:           0
  field:           11    no. of faulty points:           0
  field:           12    no. of faulty points:           0
  undefined values set to   0.0000000000000000     
  field:            1    no. of faulty points:           0
  field:            2    no. of faulty points:           0
  field:            3    no. of faulty points:           0
  field:            4    no. of faulty points:           0
  field:            5    no. of faulty points:           0
  field:            6    no. of faulty points:           0
  field:            7    no. of faulty points:           0
  field:            8    no. of faulty points:           0
  field:            9    no. of faulty points:           0
  field:           10    no. of faulty points:           0
  field:           11    no. of faulty points:           0
  field:           12    no. of faulty points:           0
  undefined values set to   273.00000000000000     
  field:            1    no. of faulty points:           0
  field:            2    no. of faulty points:           0
  field:            3    no. of faulty points:           0
  field:            4    no. of faulty points:           0
  field:            5    no. of faulty points:           0
  field:            6    no. of faulty points:           0
  field:            7    no. of faulty points:           0
  field:            8    no. of faulty points:           0
  field:            9    no. of faulty points:           0
  field:           10    no. of faulty points:           0
  field:           11    no. of faulty points:           0
  field:           12    no. of faulty points:           0
  undefined values set to   0.0000000000000000     
 isst0 =           49
  field:            1    no. of faulty points:           0
  field:            2    no. of faulty points:           0
  field:            3    no. of faulty points:           0
  undefined values set to   0.0000000000000000     
  reading a restart file
        1983           1           1           0
        1984           1           1           0
 WARNING: Date in restart file does not match requested date
Read restart dataset for year/month/date/hour: 1983/01/01/00
 step =     0 reke =   41.23  103.89  191.97  171.46   98.80   52.76   44.60   47.53
              deke =    0.42    4.53    7.44    5.97    2.54    1.86    2.52    7.00
              temp =  -62.95  -66.85  -50.10  -29.50  -13.05    0.27    8.15   13.61
   tref =    217.14995443460384     
   tref =    217.14995443460384     
   tref =    217.14995443460384     
   tref =    238.33701587301590     
   tref =    255.90944816497316     
   tref =    269.50371803411701     
   tref =    279.03106240082263     
   tref =    285.41983021135741     
 integration length in days:          365
  start of year/month =         1983           1
 step =   180 reke =     NaN     NaN     NaN     NaN     NaN     NaN     NaN     NaN
              deke =     NaN     NaN     NaN     NaN     NaN     NaN     NaN     NaN
              temp =     NaN     NaN     NaN     NaN     NaN     NaN     NaN     NaN
slurmstepd-atmnode013: error: *** JOB 871275 ON atmnode013 CANCELLED AT 2020-09-10T15:41:49 ***
