  hallo from speedy_agcm
 RPE_ACTIVE  T
&RESOLUTION
 NTRUN=         30,
 MTRUN=         30,
 IX=         96,
 IY=         24,
 KX=          8,
 /
&INPUT_RESOLUTION
 NTRUN_IN=         30,
 MTRUN_IN=         30,
 IX_IN=         96,
 IY_IN=         24,
 KX_IN=          8,
 /
&COUPLING_FLAGS
 ICLAND=          1,
 ICSEA=          0,
 ICICE=          1,
 ISSTAN=          1,
 /
&LAND
 DEPTH_SOIL=  1.0000000000000000     ,
 DEPTH_LICE=  5.0000000000000000     ,
 TDLAND=  40.000000000000000     ,
 FLANDMIN= 0.33333333333333331     ,
 /
&SEA
 DEPTH_ML=  60.000000000000000     ,
 DEPT0_ML=  40.000000000000000     ,
 DEPTH_ICE=  2.5000000000000000     ,
 DEPT0_ICE=  1.5000000000000000     ,
 TDSST=  90.000000000000000     ,
 TDICE=  30.000000000000000     ,
 FSEAMIN= 0.33333333333333331     ,
 BETA%VAL=  1.0000000000000000     ,
 L_GLOBE=T,
 L_NORTHE=F,
 L_NATLAN=F,
 L_NPACIF=F,
 L_TROPIC=F,
 L_INDIAN=F,
 /
&DYNAMICS
 GAMMA=  6.0000000000000000     ,
 HSCALE=  7.5000000000000000     ,
 HSHUM=  2.5000000000000000     ,
 REFRH1= 0.69999999999999996     ,
 THD=  2.3999999999999999     ,
 THDD=  2.3999999999999999     ,
 THDS=  12.000000000000000     ,
 TDRS%VAL=  720.00000000000000     ,
 /
&FORCING
 LCO2=F,
 IYEAR_REF=       1950,
 DEL_CO2%VAL=  5.0000000000000001E-003,
 ABLCO2%VAL=  6.0000000000000000     ,
 ALBSEA%VAL=  7.0000000000000007E-002,
 ALBICE%VAL= 0.59999999999999998     ,
 ALBSN%VAL= 0.59999999999999998     ,
 /
&SOLAR_FORCING
 SOLC%VAL=  342.00000000000000     ,
 EPSSW%VAL=  2.0000000000000000E-002,
 /
&SURFACE
 SWCAP%VAL= 0.29999999999999999     ,
 SWWIL%VAL= 0.17000000000000001     ,
 SD2SC%VAL=  60.000000000000000     ,
 /
&TIMESTEPPING
 NSTEPS=         36,
 NSTDIA=        180,
 NMONRS=         12,
 ROB%VAL=  5.0000000000000003E-002,
 WIL%VAL= 0.53000000000000003     ,
 /
&CONVECTION
 PSMIN%VAL= 0.80000000000000004     ,
 TRCNV=  6.0000000000000000     ,
 RHBL%VAL= 0.90000000000000002     ,
 RHIL%VAL= 0.69999999999999996     ,
 ENTMAX= 0.50000000000000000     ,
 SMF%VAL= 0.80000000000000004     ,
 /
&CONDENSATION
 TRLSC%VAL=  4.0000000000000000     ,
 RHLSC= 0.90000000000000002     ,
 DRHLSC= 0.10000000000000001     ,
 RHBLSC= 0.94999999999999996     ,
 /
&CLOUD_PARAMETERS
 RHCL1%VAL= 0.29999999999999999     ,
 RHCL2%VAL=  1.0000000000000000     ,
 QACL%VAL= 0.20000000000000001     ,
 WPCL%VAL= 0.20000000000000001     ,
 PMAXCL%VAL=  10.000000000000000     ,
 CLSMAX%VAL= 0.59999999999999998     ,
 CLSMINL%VAL= 0.14999999999999999     ,
 GSE_S0%VAL= 0.25000000000000000     ,
 GSE_S1%VAL= 0.40000000000000002     ,
 /
&SW_RADIATION
 NSTRAD=          3,
 ABSDRY%VAL=  3.3000000000000002E-002,
 ABSAER%VAL=  3.3000000000000002E-002,
 ABSWV1%VAL=  2.1999999999999999E-002,
 ABSWV2%VAL=  15.000000000000000     ,
 ABSCL1%VAL=  1.4999999999999999E-002,
 ABSCL2%VAL= 0.14999999999999999     ,
 ALBCL%VAL= 0.42999999999999999     ,
 ALBCLS%VAL= 0.50000000000000000     ,
 /
&LW_RADIATION
 EPSLW%VAL=  5.0000000000000003E-002,
 EMISFC%VAL= 0.97999999999999998     ,
 ABLWIN%VAL= 0.29999999999999999     ,
 ABLWV1%VAL= 0.69999999999999996     ,
 ABLWV2%VAL=  50.000000000000000     ,
 ABLCL1%VAL=  12.000000000000000     ,
 ABLCL2%VAL= 0.59999999999999998     ,
 /
&SURFACE_FLUXES
 FWIND0%VAL= 0.94999999999999996     ,
 FTEMP0%VAL=  1.0000000000000000     ,
 FHUM0%VAL=  0.0000000000000000     ,
 CDL%VAL=  2.3999999999999998E-003,
 CDS%VAL=  1.0000000000000000E-003,
 CHL%VAL=  1.1999999999999999E-003,
 CHS%VAL=  8.9999999999999998E-004,
 VGUST%VAL=  5.0000000000000000     ,
 CTDAY%VAL=  1.0000000000000000E-002,
 DTHETA%VAL=  3.0000000000000000     ,
 FSTAB%VAL= 0.67000000000000004     ,
 HDRAG%VAL=  2000.0000000000000     ,
 FHDRAG%VAL= 0.50000000000000000     ,
 CLAMBDA%VAL=  7.0000000000000000     ,
 CLAMBSN%VAL=  7.0000000000000000     ,
 /
&VERTICAL_DIFFUSION
 TRSHC=  6.0000000000000000     ,
 TRVDI=  24.000000000000000     ,
 TRVDS=  6.0000000000000000     ,
 REDSHC%VAL= 0.50000000000000000     ,
 RHGRAD%VAL= 0.50000000000000000     ,
 SEGRAD%VAL= 0.10000000000000001     ,
 /
&SPPT
 SPPT_ON=F,
 NSCALES=          3,
 L_ADDITIVE=F,
 /
&SPPT_PARAMETERS
 MU(1)%VAL=  1.0000000000000000     ,
 MU(2)%VAL=  1.0000000000000000     ,
 MU(3)%VAL=  1.0000000000000000     ,
 MU(4)%VAL=  1.0000000000000000     ,
 MU(5)%VAL=  1.0000000000000000     ,
 MU(6)%VAL=  1.0000000000000000     ,
 MU(7)%VAL=  1.0000000000000000     ,
 MU(8)%VAL=  1.0000000000000000     ,
 TIME_DECORR=  3.0000000000000000     ,  72.000000000000000     ,  720.00000000000000     ,
 LEN_DECORR=  500000.00000000000     ,  1000000.0000000000     ,  2000000.0000000000     ,
 STDDEV= 0.52000000000000002     , 0.17999999999999999     ,  5.9999999999999998E-002,
 ADDITIVE_MAGNITUDE%VAL=  9.9999999999999995E-007,
 /
 Read namelist
 start date         1983           1           1           0
  Model half-level (*1000)           1           0
  Model half-level (*1000)           2          50
  Model half-level (*1000)           3         140
  Model half-level (*1000)           4         260
  Model half-level (*1000)           5         420
  Model half-level (*1000)           6         600
  Model half-level (*1000)           7         770
  Model half-level (*1000)           8         900
  Model half-level (*1000)           9        1000
  Model full-level (*1000)           1          25
  Model full-level (*1000)           2          95
  Model full-level (*1000)           3         200
  Model full-level (*1000)           4         340
  Model full-level (*1000)           5         510
  Model full-level (*1000)           6         685
  Model full-level (*1000)           7         835
  Model full-level (*1000)           8         950
  temp/hum correction at level            2  0.66167368341273969        0.0000000000000000     
  temp/hum correction at level            3  0.75399289734237440        8.0000000000000019E-003
  temp/hum correction at level            4  0.82755908289241631        3.9303999999999992E-002
  temp/hum correction at level            5  0.88857447279504564       0.13265100000000002     
  temp/hum correction at level            6  0.93577679872957287       0.32141912500000008     
  temp/hum correction at level            7  0.96885785555841186       0.58218287499999988     
  temp/hum correction at level            8  0.99104107712276879       0.85737499999999989     
 Filter applied at wavenumber           30
  field:            1    no. of faulty points:           0
  field:            2    no. of faulty points:           0
  field:            3    no. of faulty points:           0
  field:            4    no. of faulty points:           0
  field:            5    no. of faulty points:           0
  field:            6    no. of faulty points:           0
  field:            7    no. of faulty points:           0
  field:            8    no. of faulty points:           0
  field:            9    no. of faulty points:           0
  field:           10    no. of faulty points:           0
  field:           11    no. of faulty points:           0
  field:           12    no. of faulty points:           0
  undefined values set to   273.00000000000000     
  field:            1    no. of faulty points:           0
  field:            2    no. of faulty points:           0
  field:            3    no. of faulty points:           0
  field:            4    no. of faulty points:           0
  field:            5    no. of faulty points:           0
  field:            6    no. of faulty points:           0
  field:            7    no. of faulty points:           0
  field:            8    no. of faulty points:           0
  field:            9    no. of faulty points:           0
  field:           10    no. of faulty points:           0
  field:           11    no. of faulty points:           0
  field:           12    no. of faulty points:           0
  undefined values set to   0.0000000000000000     
  field:            1    no. of faulty points:           0
  field:            2    no. of faulty points:           0
  field:            3    no. of faulty points:           0
  field:            4    no. of faulty points:           0
  field:            5    no. of faulty points:           0
  field:            6    no. of faulty points:           0
  field:            7    no. of faulty points:           0
  field:            8    no. of faulty points:           0
  field:            9    no. of faulty points:           0
  field:           10    no. of faulty points:           0
  field:           11    no. of faulty points:           0
  field:           12    no. of faulty points:           0
  undefined values set to   0.0000000000000000     
  field:            1    no. of faulty points:           0
  field:            2    no. of faulty points:           0
  field:            3    no. of faulty points:           0
  field:            4    no. of faulty points:           0
  field:            5    no. of faulty points:           0
  field:            6    no. of faulty points:           0
  field:            7    no. of faulty points:           0
  field:            8    no. of faulty points:           0
  field:            9    no. of faulty points:           0
  field:           10    no. of faulty points:           0
  field:           11    no. of faulty points:           0
  field:           12    no. of faulty points:           0
  undefined values set to   273.00000000000000     
  field:            1    no. of faulty points:           0
  field:            2    no. of faulty points:           0
  field:            3    no. of faulty points:           0
  field:            4    no. of faulty points:           0
  field:            5    no. of faulty points:           0
  field:            6    no. of faulty points:           0
  field:            7    no. of faulty points:           0
  field:            8    no. of faulty points:           0
  field:            9    no. of faulty points:           0
  field:           10    no. of faulty points:           0
  field:           11    no. of faulty points:           0
  field:           12    no. of faulty points:           0
  undefined values set to   0.0000000000000000     
 isst0 =           49
  field:            1    no. of faulty points:           0
  field:            2    no. of faulty points:           0
  field:            3    no. of faulty points:           0
  undefined values set to   0.0000000000000000     
  reading a restart file
        1983           1           1           0
        1984           1           1           0
 WARNING: Date in restart file does not match requested date
Read restart dataset for year/month/date/hour: 1983/01/01/00
 step =     0 reke =   35.81  125.63  253.31  183.53   99.55   55.63   51.79   55.01
              deke =    0.75    8.98   11.33    5.33    2.77    2.01    3.08    9.02
              temp =  -62.40  -66.08  -49.17  -28.21  -12.13    0.80    8.68   13.98
   tref =    217.14995443460384     
   tref =    217.14995443460384     
   tref =    217.14995443460384     
   tref =    238.33701587301590     
   tref =    255.90944816497316     
   tref =    269.50371803411701     
   tref =    279.03106240082263     
   tref =    285.41983021135741     
 integration length in days:          365
  start of year/month =         1983           1
 step =   180 reke =   39.78  109.56  208.24  153.26   87.64   47.02   43.23   48.07
              deke =    0.54    7.10    9.64    4.93    2.07    2.24    2.89    7.55
              temp =  -62.41  -66.05  -49.34  -28.36  -12.12    0.82    8.69   14.16
 step =   360 reke =   37.72  127.24  270.47  207.06  113.84   59.24   52.88   55.31
              deke =    0.73    5.61   12.85    4.38    2.35    2.00    2.58    9.21
              temp =  -62.41  -66.18  -48.84  -27.94  -12.02    0.91    8.68   14.01
 step =   540 reke =   54.09  133.25  203.50  145.75   87.35   49.28   40.82   43.71
              deke =    0.67    8.07    9.93    5.07    2.34    2.06    2.57    7.46
              temp =  -62.40  -66.21  -48.69  -27.97  -11.99    0.84    8.75   14.18
 step =   720 reke =   45.69  123.45  200.52  148.13   90.63   54.85   48.72   54.08
              deke =    0.61    8.45    9.55    4.79    1.87    1.93    2.40    7.44
              temp =  -62.40  -66.22  -48.71  -28.01  -12.14    0.74    8.68   14.10
 step =   900 reke =   54.50  118.95  187.85  158.99   92.44   56.52   51.20   55.89
              deke =    0.90    7.75    8.33    4.64    1.50    2.14    2.83    7.83
              temp =  -62.41  -66.19  -48.88  -27.99  -11.73    1.03    8.88   14.13
 step =  1080 reke =   52.85  111.58  187.95  146.29   77.60   43.77   37.36   41.43
              deke =    0.73    6.58    9.49    5.18    1.64    1.79    2.43    7.06
              temp =  -62.36  -66.18  -49.03  -28.31  -11.73    1.04    8.74   14.16
  field:            1    no. of faulty points:           0
  undefined values set to   0.0000000000000000     
  start of year/month =         1983           2
 step =  1260 reke =   76.32  120.53  212.72  178.20   97.51   52.00   44.03   50.01
              deke =    1.09    6.03    9.04    4.16    1.78    1.93    2.40    7.66
              temp =  -62.35  -66.21  -48.99  -28.40  -12.01    0.90    8.82   14.20
 step =  1440 reke =   71.13  115.48  218.20  169.14   94.71   53.64   48.75   52.75
              deke =    1.04    6.04    9.89    5.18    2.09    1.88    3.03    8.55
              temp =  -62.39  -66.21  -48.91  -28.16  -11.66    1.03    8.67   13.94
 step =  1620 reke =   64.84  150.34  267.52  185.55  111.79   60.26   52.71   55.32
              deke =    0.92    8.94   12.36    5.18    2.78    2.35    3.38    8.53
              temp =  -62.40  -66.13  -48.67  -28.02  -11.73    1.12    8.87   14.20
 step =  1800 reke =   45.30  108.86  215.31  169.29   96.77   53.03   43.81   47.08
              deke =    0.43    5.54    8.23    4.19    2.00    2.10    2.78    7.03
              temp =  -62.36  -66.07  -48.69  -28.28  -11.66    1.19    8.81   14.20
 step =  1980 reke =   47.97  118.35  238.44  192.09  103.59   52.21   42.17   47.11
              deke =    0.75    6.30   10.27    4.90    2.12    1.83    2.32    7.40
              temp =  -62.37  -66.06  -48.68  -28.45  -11.83    1.10    8.85   14.22
  field:            1    no. of faulty points:           0
  undefined values set to   0.0000000000000000     
  start of year/month =         1983           3
 step =  2160 reke =   49.36  140.23  208.06  134.72   77.59   42.23   36.63   40.46
              deke =    0.75    6.70    9.39    4.07    2.15    2.29    2.50    7.39
              temp =  -62.37  -66.05  -48.72  -28.29  -11.66    1.01    8.75   14.10
 step =  2340 reke =   36.19  101.05  173.66  127.57   70.07   36.79   37.18   43.77
              deke =    0.50    8.54    9.14    3.73    2.27    1.94    2.65    7.47
              temp =  -62.37  -66.00  -48.59  -28.74  -12.02    0.82    8.61   14.05
 step =  2520 reke =   70.83  123.86  189.65  150.25   90.88   54.62   48.88   52.54
              deke =    0.81    6.67    7.94    4.85    2.45    2.29    2.35    7.53
              temp =  -62.40  -65.96  -48.50  -28.54  -12.21    0.73    8.58   14.07
 step =  2700 reke =   42.27  117.79  222.92  193.49  116.47   64.55   57.07   61.09
              deke =    0.73   10.19   10.77    5.30    2.85    2.35    2.85    8.28
              temp =  -62.34  -65.98  -48.46  -27.72  -11.58    0.97    8.63   13.91
 step =  2880 reke =   70.07  151.69  212.20  163.36   93.39   53.94   45.59   47.94
              deke =    0.98   11.18   10.42    4.67    1.88    1.77    2.15    7.39
              temp =  -62.33  -66.01  -48.51  -28.24  -12.21    0.75    8.67   14.02
 step =  3060 reke =   67.55  126.52  197.77  169.15   97.49   54.19   46.07   49.93
              deke =    0.61    7.95   10.51    6.17    1.94    2.16    2.59    7.37
              temp =  -62.29  -66.08  -48.52  -28.31  -12.02    0.78    8.63   14.03
 step =  3240 reke =   68.98  131.39  239.58  182.11  105.84   63.13   52.64   55.53
              deke =    0.69    9.38   11.59    4.70    1.87    2.07    2.56    7.77
              temp =  -62.35  -65.99  -48.70  -28.07  -11.80    0.94    8.61   14.01
  field:            1    no. of faulty points:           0
  undefined values set to   0.0000000000000000     
  start of year/month =         1983           4
 step =  3420 reke =   73.17  119.56  199.93  178.86  111.15   59.42   47.83   50.24
              deke =    0.98    9.04   13.44    5.56    2.36    2.34    3.37    8.40
              temp =  -62.41  -66.06  -48.85  -27.98  -11.84    1.17    9.00   14.30
 step =  3600 reke =   53.02  126.85  225.59  180.80  101.42   50.22   42.35   45.07
              deke =    0.64    5.98   12.59    4.33    2.02    1.68    2.44    7.68
              temp =  -62.39  -66.10  -48.90  -27.95  -11.67    1.21    8.86   14.14
 step =  3780 reke =   47.90   97.83  186.77  148.28   86.59   48.65   44.73   47.47
              deke =    0.55    4.54   12.31    5.15    2.08    1.80    2.74    7.21
              temp =  -62.43  -66.08  -48.81  -28.53  -11.73    1.26    8.92   14.17
 step =  3960 reke =   61.34   99.94  182.81  165.52   95.58   52.84   44.67   50.25
              deke =    0.65    8.32   11.58    4.52    1.63    1.73    2.73    7.71
              temp =  -62.43  -66.06  -48.58  -28.39  -11.86    1.29    8.99   14.26
 step =  4140 reke =   50.43  124.82  192.03  152.82   90.27   46.16   37.97   43.86
              deke =    0.96    8.71    7.73    4.09    1.77    1.97    2.36    6.98
              temp =  -62.42  -66.02  -48.77  -28.33  -12.17    1.10    8.99   14.36
 step =  4320 reke =   58.32  123.28  216.64  179.99  101.81   59.16   51.62   54.71
              deke =    1.04    7.42    8.82    4.81    2.34    2.15    2.86    7.78
              temp =  -62.40  -66.13  -49.04  -28.03  -11.65    1.17    9.00   14.36
  field:            1    no. of faulty points:           0
  undefined values set to   0.0000000000000000     
  start of year/month =         1983           5
 step =  4500 reke =   44.35  124.74  225.95  168.47   92.99   48.99   42.22   47.80
              deke =    0.57    8.47   10.02    5.48    2.20    1.77    2.40    7.32
              temp =  -62.37  -66.17  -48.90  -28.38  -11.82    1.08    8.77   14.14
 step =  4680 reke =   58.57  123.00  231.91  176.83   97.30   53.23   48.68   53.32
              deke =    0.54    6.78    9.61    4.72    2.29    1.73    2.69    8.99
              temp =  -62.36  -66.25  -48.75  -28.01  -11.62    1.08    8.86   14.13
 step =  4860 reke =   49.47  121.33  229.57  179.37   96.93   53.21   49.02   48.07
              deke =    0.71    7.95    9.79    4.02    2.05    2.02    2.98    8.78
              temp =  -62.34  -66.22  -48.55  -27.92  -11.94    1.09    8.96   14.17
 step =  5040 reke =   64.76  122.39  244.82  175.65  100.12   54.65   44.73   44.43
              deke =    0.74    6.90   11.79    5.79    2.26    2.06    2.50    6.03
              temp =  -62.35  -66.22  -48.39  -28.13  -11.77    1.08    8.91   14.19
 step =  5220 reke =   52.85  113.97  188.90  155.16   85.79   47.49   45.04   49.08
              deke =    0.64   10.03   10.23    4.31    2.07    1.86    2.78    7.68
              temp =  -62.34  -66.17  -48.48  -28.29  -11.84    1.07    8.83   14.11
 step =  5400 reke =   62.93  117.26  183.93  140.63   81.29   48.63   43.58   49.50
              deke =    0.91    6.47   10.43    6.20    2.14    2.04    2.29    6.70
              temp =  -62.38  -66.13  -48.77  -28.31  -12.14    0.84    8.82   14.29
  field:            1    no. of faulty points:           0
  undefined values set to   0.0000000000000000     
  start of year/month =         1983           6
 step =  5580 reke =   54.87  144.59  196.67  137.97   74.60   42.29   39.32   45.78
              deke =    0.53    9.70    8.23    4.67    2.02    2.22    2.34    7.78
              temp =  -62.37  -66.16  -48.89  -28.31  -12.34    0.77    8.89   14.31
 step =  5760 reke =   73.36  126.41  193.75  164.91   99.09   63.42   58.52   63.84
              deke =    0.42    7.53   10.31    5.01    1.79    1.90    2.25    8.03
              temp =  -62.39  -66.20  -48.86  -27.88  -11.86    0.99    8.83   14.18
 step =  5940 reke =   62.39  101.06  191.55  159.43   85.24   52.33   46.03   51.99
              deke =    0.66    4.49    8.18    5.59    2.06    2.02    2.66    7.59
              temp =  -62.40  -66.22  -49.02  -27.75  -11.78    1.09    8.84   14.23
 step =  6120 reke =   64.38  121.21  216.79  191.62  103.22   59.11   51.72   56.43
              deke =    0.79    5.86    9.97    4.49    2.45    2.11    2.52    7.61
              temp =  -62.39  -66.24  -49.12  -28.19  -11.80    0.99    8.78   14.13
 step =  6300 reke =  121.52  122.06  206.86  168.33   93.66   55.94   46.19   47.06
              deke =    1.19    6.75    8.74    4.45    2.43    1.92    2.44    7.57
              temp =  -62.43  -66.32  -49.19  -28.43  -11.83    1.04    8.77   14.10
 step =  6480 reke =   70.58  113.76  196.13  156.09   90.70   49.24   42.22   47.06
              deke =    0.68    6.39   12.09    4.99    2.83    2.35    3.18    8.43
              temp =  -62.41  -66.35  -49.12  -28.55  -12.10    0.97    8.74   14.19
  field:            1    no. of faulty points:           0
  undefined values set to   0.0000000000000000     
  start of year/month =         1983           7
 step =  6660 reke =   45.46  118.01  211.46  170.72   97.37   53.37   46.35   49.63
              deke =    0.52    7.48   11.44    5.81    2.82    2.08    2.86    7.65
              temp =  -62.41  -66.44  -48.84  -28.54  -11.89    0.98    8.64   14.03
 step =  6840 reke =   52.68  102.05  215.77  140.65   89.42   53.30   46.52   49.62
              deke =    0.40    6.56   11.34    4.72    2.83    1.99    3.29    8.15
              temp =  -62.47  -66.37  -48.74  -28.25  -11.73    1.22    8.95   14.30
 step =  7020 reke =   55.24  123.21  200.68  165.14   97.20   55.61   49.54   52.26
              deke =    0.82   11.70   11.65    5.49    2.29    1.98    3.17    8.00
              temp =  -62.46  -66.30  -48.61  -28.24  -12.10    1.06    8.90   14.23
 step =  7200 reke =   52.18  106.56  221.71  169.41   93.95   53.91   48.40   51.83
              deke =    0.64    7.30   12.85    5.95    2.26    1.71    2.64    7.36
              temp =  -62.44  -66.11  -48.77  -28.08  -11.72    1.08    8.82   14.18
 step =  7380 reke =   48.73  110.07  209.21  150.71   81.77   45.31   42.47   49.32
              deke =    0.75    9.01    8.37    4.83    1.87    1.87    2.68    8.09
              temp =  -62.48  -66.09  -48.97  -28.45  -12.01    0.88    8.70   14.31
 step =  7560 reke =   47.01  128.20  233.79  165.81  100.58   59.37   53.94   59.47
              deke =    0.69   10.16   12.85    6.07    2.69    2.54    2.95    8.99
              temp =  -62.44  -66.17  -48.72  -28.33  -11.73    1.01    8.73   14.07
  field:            1    no. of faulty points:           0
  undefined values set to   0.0000000000000000     
  start of year/month =         1983           8
 step =  7740 reke =   63.23  156.70  245.81  196.70  115.62   60.80   51.54   55.53
              deke =    0.64    9.37   14.77    5.43    2.68    2.07    2.65    8.65
              temp =  -62.45  -66.09  -48.72  -28.00  -11.58    1.14    8.80   14.03
 step =  7920 reke =   95.69  143.25  217.16  169.67   97.22   54.03   45.58   45.94
              deke =    0.98    8.35   10.71    5.24    2.75    2.51    2.84    7.99
              temp =  -62.42  -66.11  -48.92  -28.60  -11.65    1.27    9.02   14.30
 step =  8100 reke =   55.21  142.12  236.47  182.07  101.59   56.02   47.86   50.00
              deke =    1.02    8.29   11.23    5.02    2.18    1.85    2.61    7.25
              temp =  -62.43  -66.12  -49.01  -28.45  -11.93    1.11    8.86   14.17
 step =  8280 reke =   44.71  143.52  250.48  190.81  108.06   56.77   47.23   49.33
              deke =    0.74    7.90   10.19    4.16    2.81    2.08    2.49    6.68
              temp =  -62.43  -66.16  -48.89  -27.96  -11.73    1.05    8.82   14.14
 step =  8460 reke =   42.17  129.47  242.24  176.09   96.84   49.31   44.10   48.93
              deke =    0.72   10.29   16.04    5.67    3.06    2.38    3.04    8.06
              temp =  -62.43  -66.21  -48.86  -28.26  -11.81    0.94    8.65   14.18
 step =  8640 reke =   69.36  157.95  232.99  158.81   87.40   47.66   42.96   46.14
              deke =    1.15    9.69   10.24    4.48    2.37    1.80    2.91    7.69
              temp =  -62.40  -66.21  -48.84  -28.37  -12.00    1.00    8.77   14.27
  field:            1    no. of faulty points:           0
  undefined values set to   0.0000000000000000     
  start of year/month =         1983           9
 step =  8820 reke =   33.23  119.39  243.35  173.06   97.88   54.34   45.59   49.14
              deke =    0.56    6.55   15.65    5.38    2.77    2.56    3.40    7.74
              temp =  -62.40  -66.34  -49.05  -28.10  -11.60    1.14    8.72   14.07
 step =  9000 reke =   28.91  136.25  196.01  142.97   76.36   41.00   34.55   39.17
              deke =    0.33   13.12    9.17    5.44    2.32    1.84    2.86    7.06
              temp =  -62.39  -66.37  -49.02  -28.66  -11.91    0.97    8.79   14.31
 step =  9180 reke =   52.04  129.58  246.94  186.94   94.89   47.97   44.03   48.02
              deke =    0.65    6.23   11.01    5.52    2.49    1.60    2.48    7.98
              temp =  -62.37  -66.38  -48.80  -28.37  -11.83    0.99    8.71   14.13
 step =  9360 reke =   37.15  113.67  210.69  150.08   87.51   47.82   45.77   49.27
              deke =    0.42    5.04   12.60    4.50    2.32    2.16    3.21    8.82
              temp =  -62.34  -66.41  -48.72  -28.29  -11.77    1.03    8.62   14.12
 step =  9540 reke =   37.90  108.35  192.94  137.42   84.08   45.38   40.56   44.66
              deke =    0.56    6.45   10.58    5.53    2.29    2.26    2.73    7.69
              temp =  -62.33  -66.36  -48.61  -28.39  -12.00    1.00    8.88   14.14
 step =  9720 reke =   27.46  131.28  234.94  177.95  103.92   58.66   48.36   51.53
              deke =    0.52    6.67   10.22    4.56    2.58    2.03    2.57    7.48
              temp =  -62.35  -66.32  -48.75  -27.89  -11.87    0.98    8.77   14.03
  field:            1    no. of faulty points:           0
  undefined values set to   0.0000000000000000     
  start of year/month =         1983          10
 step =  9900 reke =   45.73  175.15  271.78  181.28   99.31   54.63   44.31   47.13
              deke =    0.78    8.76    9.41    4.50    2.38    2.06    2.58    7.82
              temp =  -62.33  -66.32  -48.73  -27.82  -11.76    1.05    8.90   14.14
 step = 10080 reke =   62.19  122.81  231.36  176.49   95.13   52.18   45.32   47.23
              deke =    0.73    7.01   15.85    4.37    2.78    2.60    3.83    7.78
              temp =  -62.38  -66.33  -48.90  -28.01  -11.89    1.05    8.75   14.16
 step = 10260 reke =   50.53  137.35  235.63  163.77   96.29   57.00   50.01   52.25
              deke =    0.55   11.48   11.71    5.08    2.46    1.89    3.21    7.84
              temp =  -62.41  -66.24  -48.76  -27.82  -11.98    1.00    8.66   14.01
 step = 10440 reke =   63.58  159.66  247.50  182.01  103.19   55.47   42.60   44.67
              deke =    0.88    8.15    9.67    5.47    2.63    2.31    3.05    8.29
              temp =  -62.41  -66.21  -48.93  -27.84  -11.83    1.11    8.81   14.23
 step = 10620 reke =   42.19   99.92  186.02  136.67   82.32   49.44   45.34   49.14
              deke =    0.50    6.13   10.88    4.99    2.65    2.38    2.88    8.15
              temp =  -62.45  -66.22  -48.82  -27.92  -11.64    1.11    8.76   14.13
 step = 10800 reke =   50.69  121.47  181.67  148.99   93.33   55.68   47.06   48.25
              deke =    1.02    9.36    9.99    4.94    2.00    2.19    2.94    7.79
              temp =  -62.43  -66.26  -48.72  -27.98  -11.89    1.00    8.74   14.12
  field:            1    no. of faulty points:           0
  undefined values set to   0.0000000000000000     
  start of year/month =         1983          11
 step = 10980 reke =   44.57  117.11  230.02  205.25  116.13   63.73   52.35   55.00
              deke =    0.49    8.64   12.64    5.69    2.05    2.40    2.33    7.83
              temp =  -62.39  -66.24  -48.86  -27.75  -11.46    1.14    8.75   14.01
 step = 11160 reke =   46.57  139.88  231.89  195.38  106.24   60.29   49.23   54.39
              deke =    0.90    7.50   11.85    4.38    3.01    2.53    3.14    7.94
              temp =  -62.37  -66.27  -48.90  -28.16  -11.75    1.10    8.76   14.15
 step = 11340 reke =   54.55  163.60  233.34  184.73  105.58   58.83   47.51   52.03
              deke =    0.72    6.01    8.82    4.53    2.10    2.22    2.48    7.69
              temp =  -62.33  -66.32  -48.82  -28.41  -11.88    1.10    8.95   14.29
 step = 11520 reke =   53.16  142.22  222.59  173.92   98.91   53.24   45.50   49.99
              deke =    0.69    9.12   10.59    5.04    2.11    1.61    2.39    7.17
              temp =  -62.37  -66.32  -48.72  -28.47  -11.92    0.99    8.99   14.32
 step = 11700 reke =   42.22  130.00  229.19  181.48   96.88   51.86   46.36   49.94
              deke =    0.79    8.21   10.09    4.59    2.15    1.81    2.80    8.03
              temp =  -62.37  -66.27  -48.56  -28.41  -12.10    1.02    9.02   14.26
 step = 11880 reke =   53.08  116.17  199.36  152.83   90.55   49.14   42.78   45.42
              deke =    0.90    6.33   10.24    4.91    2.79    2.28    3.16    7.33
              temp =  -62.36  -66.17  -48.70  -28.44  -11.68    1.25    8.95   14.26
 Write restart dataset for year/month/date/hour:         1983 /          12 /           1 /           0
  field:            1    no. of faulty points:           0
  undefined values set to   0.0000000000000000     
  start of year/month =         1983          12
 step = 12060 reke =   35.50  126.25  206.98  156.48   85.38   47.13   43.24   46.64
              deke =    0.47    7.09   12.12    4.47    2.22    2.16    3.13    8.66
              temp =  -62.35  -66.15  -48.71  -28.23  -11.65    1.18    8.86   14.18
 step = 12240 reke =   52.50  141.29  225.25  167.71   95.99   54.07   46.85   49.50
              deke =    0.92    9.08   11.02    4.85    2.10    2.00    3.04    8.17
              temp =  -62.35  -66.21  -48.52  -28.26  -11.84    1.05    8.76   14.17
 step = 12420 reke =   44.31  111.13  192.71  141.16   76.59   39.81   37.75   42.33
              deke =    0.48    8.09    9.23    4.06    1.70    1.80    2.54    7.58
              temp =  -62.32  -66.21  -48.60  -28.13  -11.45    1.30    8.73   14.02
 step = 12600 reke =   60.39  115.21  197.55  150.77   80.04   43.23   39.63   45.71
              deke =    0.86    7.37   13.04    4.77    2.26    1.88    2.50    7.49
              temp =  -62.30  -66.16  -48.33  -28.41  -12.35    0.82    8.72   14.09
 step = 12780 reke =   56.38  139.17  270.45  204.28  112.96   62.06   53.95   58.22
              deke =    0.53    8.45   14.21    6.27    2.53    1.99    2.93    9.27
              temp =  -62.32  -66.16  -48.28  -27.94  -11.89    0.95    8.68   13.96
 step = 12960 reke =   64.87  125.31  243.04  169.14   93.86   58.53   52.81   53.91
              deke =    0.77    7.35   13.16    5.60    1.95    1.63    2.73    8.65
              temp =  -62.34  -66.05  -48.44  -27.55  -11.28    1.33    8.96   14.23
 step = 13140 reke =   46.95  100.25  190.23  148.03   88.95   50.42   45.28   48.16
              deke =    0.48    5.83   11.91    5.42    2.35    2.08    2.83    8.04
              temp =  -62.38  -65.94  -48.50  -27.87  -11.63    1.24    9.00   14.32
  field:            1    no. of faulty points:           0
  undefined values set to   0.0000000000000000     
 Write restart dataset for year/month/date/hour:         1984 /           1 /           1 /           0
