  hallo from speedy_agcm
 RPE_ACTIVE  T
&RESOLUTION
 NTRUN=         30,
 MTRUN=         30,
 IX=         96,
 IY=         24,
 KX=          8,
 /
&INPUT_RESOLUTION
 NTRUN_IN=         30,
 MTRUN_IN=         30,
 IX_IN=         96,
 IY_IN=         24,
 KX_IN=          8,
 /
&COUPLING_FLAGS
 ICLAND=          1,
 ICSEA=          0,
 ICICE=          1,
 ISSTAN=          1,
 /
&LAND
 DEPTH_SOIL=  1.0000000000000000     ,
 DEPTH_LICE=  5.0000000000000000     ,
 TDLAND=  40.000000000000000     ,
 FLANDMIN= 0.33333333333333331     ,
 /
&SEA
 DEPTH_ML=  60.000000000000000     ,
 DEPT0_ML=  40.000000000000000     ,
 DEPTH_ICE=  2.5000000000000000     ,
 DEPT0_ICE=  1.5000000000000000     ,
 TDSST=  90.000000000000000     ,
 TDICE=  30.000000000000000     ,
 FSEAMIN= 0.33333333333333331     ,
 BETA%VAL=  1.0000000000000000     ,
 L_GLOBE=T,
 L_NORTHE=F,
 L_NATLAN=F,
 L_NPACIF=F,
 L_TROPIC=F,
 L_INDIAN=F,
 /
&DYNAMICS
 GAMMA=  6.0000000000000000     ,
 HSCALE=  7.5000000000000000     ,
 HSHUM=  2.5000000000000000     ,
 REFRH1= 0.69999999999999996     ,
 THD=  2.3999999999999999     ,
 THDD=  2.3999999999999999     ,
 THDS=  12.000000000000000     ,
 TDRS%VAL=  720.00000000000000     ,
 /
&FORCING
 LCO2=F,
 IYEAR_REF=       1950,
 DEL_CO2%VAL=  5.0000000000000001E-003,
 ABLCO2%VAL=  6.0000000000000000     ,
 ALBSEA%VAL=  7.0000000000000007E-002,
 ALBICE%VAL= 0.59999999999999998     ,
 ALBSN%VAL= 0.59999999999999998     ,
 /
&SOLAR_FORCING
 SOLC%VAL=  342.00000000000000     ,
 EPSSW%VAL=  2.0000000000000000E-002,
 /
&SURFACE
 SWCAP%VAL= 0.29999999999999999     ,
 SWWIL%VAL= 0.17000000000000001     ,
 SD2SC%VAL=  60.000000000000000     ,
 /
&TIMESTEPPING
 NSTEPS=         36,
 NSTDIA=        180,
 NMONRS=         12,
 ROB%VAL=  5.0000000000000003E-002,
 WIL%VAL= 0.53000000000000003     ,
 /
&CONVECTION
 PSMIN%VAL= 0.80000000000000004     ,
 TRCNV=  6.0000000000000000     ,
 RHBL%VAL= 0.90000000000000002     ,
 RHIL%VAL= 0.69999999999999996     ,
 ENTMAX= 0.50000000000000000     ,
 SMF%VAL= 0.80000000000000004     ,
 /
&CONDENSATION
 TRLSC%VAL=  4.0000000000000000     ,
 RHLSC= 0.90000000000000002     ,
 DRHLSC= 0.10000000000000001     ,
 RHBLSC= 0.94999999999999996     ,
 /
&CLOUD_PARAMETERS
 RHCL1%VAL= 0.29999999999999999     ,
 RHCL2%VAL=  1.0000000000000000     ,
 QACL%VAL= 0.20000000000000001     ,
 WPCL%VAL= 0.20000000000000001     ,
 PMAXCL%VAL=  10.000000000000000     ,
 CLSMAX%VAL= 0.59999999999999998     ,
 CLSMINL%VAL= 0.14999999999999999     ,
 GSE_S0%VAL= 0.25000000000000000     ,
 GSE_S1%VAL= 0.40000000000000002     ,
 /
&SW_RADIATION
 NSTRAD=          3,
 ABSDRY%VAL=  3.3000000000000002E-002,
 ABSAER%VAL=  3.3000000000000002E-002,
 ABSWV1%VAL=  2.1999999999999999E-002,
 ABSWV2%VAL=  15.000000000000000     ,
 ABSCL1%VAL=  1.4999999999999999E-002,
 ABSCL2%VAL= 0.14999999999999999     ,
 ALBCL%VAL= 0.42999999999999999     ,
 ALBCLS%VAL= 0.50000000000000000     ,
 /
&LW_RADIATION
 EPSLW%VAL=  5.0000000000000003E-002,
 EMISFC%VAL= 0.97999999999999998     ,
 ABLWIN%VAL= 0.29999999999999999     ,
 ABLWV1%VAL= 0.69999999999999996     ,
 ABLWV2%VAL=  50.000000000000000     ,
 ABLCL1%VAL=  12.000000000000000     ,
 ABLCL2%VAL= 0.59999999999999998     ,
 /
&SURFACE_FLUXES
 FWIND0%VAL= 0.94999999999999996     ,
 FTEMP0%VAL=  1.0000000000000000     ,
 FHUM0%VAL=  0.0000000000000000     ,
 CDL%VAL=  2.3999999999999998E-003,
 CDS%VAL=  1.0000000000000000E-003,
 CHL%VAL=  1.1999999999999999E-003,
 CHS%VAL=  8.9999999999999998E-004,
 VGUST%VAL=  5.0000000000000000     ,
 CTDAY%VAL=  1.0000000000000000E-002,
 DTHETA%VAL=  3.0000000000000000     ,
 FSTAB%VAL= 0.67000000000000004     ,
 HDRAG%VAL=  2000.0000000000000     ,
 FHDRAG%VAL= 0.50000000000000000     ,
 CLAMBDA%VAL=  7.0000000000000000     ,
 CLAMBSN%VAL=  7.0000000000000000     ,
 /
&VERTICAL_DIFFUSION
 TRSHC=  6.0000000000000000     ,
 TRVDI=  24.000000000000000     ,
 TRVDS=  6.0000000000000000     ,
 REDSHC%VAL= 0.50000000000000000     ,
 RHGRAD%VAL= 0.50000000000000000     ,
 SEGRAD%VAL= 0.10000000000000001     ,
 /
&SPPT
 SPPT_ON=F,
 NSCALES=          3,
 L_ADDITIVE=F,
 /
&SPPT_PARAMETERS
 MU(1)%VAL=  1.0000000000000000     ,
 MU(2)%VAL=  1.0000000000000000     ,
 MU(3)%VAL=  1.0000000000000000     ,
 MU(4)%VAL=  1.0000000000000000     ,
 MU(5)%VAL=  1.0000000000000000     ,
 MU(6)%VAL=  1.0000000000000000     ,
 MU(7)%VAL=  1.0000000000000000     ,
 MU(8)%VAL=  1.0000000000000000     ,
 TIME_DECORR=  3.0000000000000000     ,  72.000000000000000     ,  720.00000000000000     ,
 LEN_DECORR=  500000.00000000000     ,  1000000.0000000000     ,  2000000.0000000000     ,
 STDDEV= 0.52000000000000002     , 0.17999999999999999     ,  5.9999999999999998E-002,
 ADDITIVE_MAGNITUDE%VAL=  9.9999999999999995E-007,
 /
 Read namelist
 start date         1983           1           1           0
  Model half-level (*1000)           1           0
  Model half-level (*1000)           2          50
  Model half-level (*1000)           3         140
  Model half-level (*1000)           4         260
  Model half-level (*1000)           5         420
  Model half-level (*1000)           6         600
  Model half-level (*1000)           7         770
  Model half-level (*1000)           8         900
  Model half-level (*1000)           9        1000
  Model full-level (*1000)           1          25
  Model full-level (*1000)           2          95
  Model full-level (*1000)           3         200
  Model full-level (*1000)           4         340
  Model full-level (*1000)           5         510
  Model full-level (*1000)           6         685
  Model full-level (*1000)           7         835
  Model full-level (*1000)           8         950
  temp/hum correction at level            2  0.66167368341273969        0.0000000000000000     
  temp/hum correction at level            3  0.75399289734237440        8.0000000000000019E-003
  temp/hum correction at level            4  0.82755908289241631        3.9303999999999992E-002
  temp/hum correction at level            5  0.88857447279504564       0.13265100000000002     
  temp/hum correction at level            6  0.93577679872957287       0.32141912500000008     
  temp/hum correction at level            7  0.96885785555841186       0.58218287499999988     
  temp/hum correction at level            8  0.99104107712276879       0.85737499999999989     
 Filter applied at wavenumber           30
  field:            1    no. of faulty points:           0
  field:            2    no. of faulty points:           0
  field:            3    no. of faulty points:           0
  field:            4    no. of faulty points:           0
  field:            5    no. of faulty points:           0
  field:            6    no. of faulty points:           0
  field:            7    no. of faulty points:           0
  field:            8    no. of faulty points:           0
  field:            9    no. of faulty points:           0
  field:           10    no. of faulty points:           0
  field:           11    no. of faulty points:           0
  field:           12    no. of faulty points:           0
  undefined values set to   273.00000000000000     
  field:            1    no. of faulty points:           0
  field:            2    no. of faulty points:           0
  field:            3    no. of faulty points:           0
  field:            4    no. of faulty points:           0
  field:            5    no. of faulty points:           0
  field:            6    no. of faulty points:           0
  field:            7    no. of faulty points:           0
  field:            8    no. of faulty points:           0
  field:            9    no. of faulty points:           0
  field:           10    no. of faulty points:           0
  field:           11    no. of faulty points:           0
  field:           12    no. of faulty points:           0
  undefined values set to   0.0000000000000000     
  field:            1    no. of faulty points:           0
  field:            2    no. of faulty points:           0
  field:            3    no. of faulty points:           0
  field:            4    no. of faulty points:           0
  field:            5    no. of faulty points:           0
  field:            6    no. of faulty points:           0
  field:            7    no. of faulty points:           0
  field:            8    no. of faulty points:           0
  field:            9    no. of faulty points:           0
  field:           10    no. of faulty points:           0
  field:           11    no. of faulty points:           0
  field:           12    no. of faulty points:           0
  undefined values set to   0.0000000000000000     
  field:            1    no. of faulty points:           0
  field:            2    no. of faulty points:           0
  field:            3    no. of faulty points:           0
  field:            4    no. of faulty points:           0
  field:            5    no. of faulty points:           0
  field:            6    no. of faulty points:           0
  field:            7    no. of faulty points:           0
  field:            8    no. of faulty points:           0
  field:            9    no. of faulty points:           0
  field:           10    no. of faulty points:           0
  field:           11    no. of faulty points:           0
  field:           12    no. of faulty points:           0
  undefined values set to   273.00000000000000     
  field:            1    no. of faulty points:           0
  field:            2    no. of faulty points:           0
  field:            3    no. of faulty points:           0
  field:            4    no. of faulty points:           0
  field:            5    no. of faulty points:           0
  field:            6    no. of faulty points:           0
  field:            7    no. of faulty points:           0
  field:            8    no. of faulty points:           0
  field:            9    no. of faulty points:           0
  field:           10    no. of faulty points:           0
  field:           11    no. of faulty points:           0
  field:           12    no. of faulty points:           0
  undefined values set to   0.0000000000000000     
 isst0 =           49
  field:            1    no. of faulty points:           0
  field:            2    no. of faulty points:           0
  field:            3    no. of faulty points:           0
  undefined values set to   0.0000000000000000     
  reading a restart file
        1983           1           1           0
        1984           1           1           0
 WARNING: Date in restart file does not match requested date
Read restart dataset for year/month/date/hour: 1983/01/01/00
 step =     0 reke =   46.95  100.25  190.23  148.03   88.95   50.42   45.28   48.16
              deke =    0.48    5.83   11.91    5.42    2.35    2.08    2.83    8.04
              temp =  -62.38  -65.94  -48.50  -27.87  -11.63    1.24    9.00   14.32
   tref =    217.14995443460384     
   tref =    217.14995443460384     
   tref =    217.14995443460384     
   tref =    238.33701587301590     
   tref =    255.90944816497316     
   tref =    269.50371803411701     
   tref =    279.03106240082263     
   tref =    285.41983021135741     
 integration length in days:          365
  start of year/month =         1983           1
 step =   180 reke =   49.69   84.46  200.00  153.06   85.54   49.56   45.50   47.68
              deke =    0.47    5.29   14.03    5.30    2.01    1.58    2.55    8.19
              temp =  -62.36  -65.94  -48.58  -27.89  -11.87    0.97    8.85   14.27
 step =   360 reke =   63.05  111.51  213.58  158.38   97.61   59.34   52.99   55.14
              deke =    0.68    6.77   11.73    4.78    2.14    1.44    2.46    7.68
              temp =  -62.38  -65.96  -48.69  -27.87  -11.81    1.05    8.70   14.14
 step =   540 reke =   42.88  109.03  184.92  164.29   96.67   58.23   51.96   55.60
              deke =    0.63    7.54   10.84    4.48    1.79    1.94    2.55    8.77
              temp =  -62.37  -66.05  -48.74  -28.06  -11.94    0.97    8.68   14.15
 step =   720 reke =   50.74  125.47  221.81  188.10  102.65   57.94   47.87   52.01
              deke =    0.56    7.06   10.28    5.62    2.26    2.02    2.25    7.77
              temp =  -62.38  -66.08  -48.60  -27.94  -11.53    1.27    8.87   14.17
 step =   900 reke =   42.74  118.32  223.93  183.23   94.94   52.16   44.42   46.72
              deke =    0.64    7.07    8.60    5.69    2.66    1.90    2.57    7.01
              temp =  -62.37  -66.10  -48.46  -28.14  -11.68    1.20    9.02   14.36
 step =  1080 reke =   36.80   99.86  195.28  144.77   83.51   48.46   42.46   47.84
              deke =    0.50    5.33   10.17    4.13    1.90    1.75    2.12    7.43
              temp =  -62.37  -66.08  -48.75  -28.51  -11.72    1.08    8.92   14.25
  field:            1    no. of faulty points:           0
  undefined values set to   0.0000000000000000     
  start of year/month =         1983           2
 step =  1260 reke =   39.50  102.77  175.94  144.51   82.17   47.40   40.48   44.68
              deke =    0.60    4.83    9.33    4.12    1.91    2.14    2.40    7.33
              temp =  -62.38  -66.10  -48.81  -28.30  -11.80    0.99    8.68   14.17
 step =  1440 reke =   69.61  113.18  192.96  160.61   90.16   48.50   42.02   46.92
              deke =    0.80    8.07   10.39    5.64    2.53    1.85    2.89    7.30
              temp =  -62.38  -66.15  -49.01  -28.13  -12.01    0.91    8.74   14.21
 step =  1620 reke =   55.13  128.84  208.42  164.12   95.40   52.33   49.88   54.64
              deke =    0.92    7.63   11.00    4.37    2.47    1.75    2.64    7.62
              temp =  -62.37  -66.20  -48.95  -28.17  -11.54    1.20    8.80   14.19
 step =  1800 reke =   36.30  103.19  217.65  151.08   87.48   48.04   42.81   47.28
              deke =    0.73    7.50   12.05    4.41    2.76    2.24    2.67    7.20
              temp =  -62.37  -66.25  -48.95  -28.01  -11.61    1.29    8.83   14.05
 step =  1980 reke =   54.67  121.39  184.18  141.22   90.47   53.89   49.37   50.65
              deke =    0.62    9.03   12.35    4.73    2.45    2.26    3.05    8.58
              temp =  -62.38  -66.14  -48.73  -28.20  -12.02    0.96    8.72   14.07
  field:            1    no. of faulty points:           0
  undefined values set to   0.0000000000000000     
  start of year/month =         1983           3
 step =  2160 reke =   74.93  109.61  200.90  167.42  102.75   62.40   56.23   57.65
              deke =    0.76   10.46   12.95    5.91    2.31    2.25    3.17    8.38
              temp =  -62.39  -66.13  -48.63  -28.02  -11.66    1.14    8.87   14.10
 step =  2340 reke =   55.35  114.38  184.45  162.84   95.26   58.11   49.92   53.43
              deke =    0.68    8.67    9.46    5.43    2.14    2.26    2.77    7.02
              temp =  -62.36  -66.15  -48.70  -28.39  -11.52    1.32    9.08   14.28
 step =  2520 reke =   58.93  102.83  184.03  145.77   87.17   52.38   43.25   45.71
              deke =    0.61    4.97    8.53    5.45    1.73    1.71    1.86    6.77
              temp =  -62.39  -66.19  -48.89  -28.31  -11.78    1.18    8.87   14.18
 step =  2700 reke =   94.06  142.92  250.33  206.34  114.92   60.84   51.90   53.46
              deke =    0.88    8.74   11.12    5.83    2.68    2.06    2.72    8.61
              temp =  -62.41  -66.15  -48.67  -27.94  -11.81    1.09    8.93   14.19
 step =  2880 reke =   47.50  116.02  213.62  170.29   95.74   49.16   40.06   44.45
              deke =    0.76    7.59    9.80    4.84    2.20    1.87    2.29    7.54
              temp =  -62.40  -66.18  -48.88  -28.14  -11.56    1.25    8.92   14.23
 step =  3060 reke =   42.00  105.92  227.35  171.24   93.84   53.64   48.15   51.95
              deke =    0.67    5.82    9.96    5.18    2.10    1.68    2.48    8.03
              temp =  -62.34  -66.16  -48.82  -27.95  -11.68    1.18    8.94   14.24
 step =  3240 reke =   52.58  122.35  220.10  161.18   87.76   51.39   42.74   44.97
              deke =    0.55    6.07    8.95    5.32    1.91    2.00    2.34    7.66
              temp =  -62.34  -66.10  -48.71  -28.22  -11.94    1.00    8.77   14.14
  field:            1    no. of faulty points:           0
  undefined values set to   0.0000000000000000     
  start of year/month =         1983           4
 step =  3420 reke =   51.20  135.85  233.02  180.88  102.26   57.34   50.24   53.89
              deke =    0.95    7.88   10.05    4.75    1.92    1.95    2.58    7.79
              temp =  -62.39  -66.03  -48.92  -28.11  -11.71    1.03    8.68   14.03
 step =  3600 reke =   62.01  122.98  217.69  163.74   94.69   54.45   48.22   54.00
              deke =    0.96    7.77    7.87    5.38    2.87    2.34    2.73    7.81
              temp =  -62.36  -66.03  -48.81  -27.99  -11.66    1.11    8.79   14.21
 step =  3780 reke =   43.67  104.48  172.67  141.90   82.91   49.36   44.63   49.05
              deke =    0.57    5.22    7.86    5.53    2.13    1.93    2.35    7.66
              temp =  -62.35  -66.03  -48.89  -28.30  -11.93    1.01    8.70   14.09
 step =  3960 reke =   64.24  134.56  219.61  167.37  102.61   56.91   45.68   48.59
              deke =    0.82    8.90   12.43    5.47    2.66    1.84    2.62    7.67
              temp =  -62.38  -66.10  -49.01  -28.22  -11.60    0.93    8.78   14.19
 step =  4140 reke =   53.35  140.72  234.81  197.15  109.17   57.76   50.16   54.61
              deke =    0.68   10.75   13.22    4.66    2.15    2.19    2.83    8.03
              temp =  -62.43  -66.12  -48.83  -28.36  -11.60    1.07    8.82   14.19
 step =  4320 reke =   56.03  154.07  224.44  165.48   95.84   49.57   44.69   49.75
              deke =    1.13    7.74   10.92    3.72    2.17    1.85    2.75    7.47
              temp =  -62.44  -66.20  -48.64  -28.44  -11.82    1.16    8.87   14.28
  field:            1    no. of faulty points:           0
  undefined values set to   0.0000000000000000     
  start of year/month =         1983           5
 step =  4500 reke =   50.45  139.29  222.10  165.84   97.62   55.20   46.71   48.56
              deke =    0.73    7.28   11.45    4.21    2.21    2.22    2.81    7.93
              temp =  -62.37  -66.24  -48.56  -28.71  -11.84    1.09    8.79   14.19
 step =  4680 reke =   75.65  136.69  204.37  149.62   89.01   51.09   44.69   47.99
              deke =    0.52    7.30    9.43    5.17    2.18    1.94    3.07    8.18
              temp =  -62.41  -66.15  -48.93  -28.65  -12.00    0.88    8.66   14.09
 step =  4860 reke =   65.78  141.10  212.21  165.32  104.84   60.77   52.32   55.96
              deke =    0.69    7.43   12.17    5.48    2.67    2.63    3.06    8.53
              temp =  -62.41  -66.14  -49.01  -28.32  -11.86    1.02    8.86   14.13
 step =  5040 reke =   55.46  147.86  223.64  173.20   91.44   49.03   42.63   47.44
              deke =    0.56    7.94   10.63    4.69    2.07    1.85    2.80    7.34
              temp =  -62.38  -66.14  -49.01  -28.52  -12.07    0.86    8.70   14.00
 step =  5220 reke =   91.99  163.13  252.96  206.91  108.97   57.69   47.74   51.53
              deke =    1.43    7.78   12.68    5.63    2.26    2.22    3.02    7.24
              temp =  -62.37  -66.16  -48.80  -28.32  -12.18    0.90    8.75   13.98
 step =  5400 reke =   44.65  128.95  217.66  175.96   92.04   46.51   38.17   41.63
              deke =    0.89    6.25   10.30    3.59    2.30    2.22    2.35    7.68
              temp =  -62.35  -66.21  -48.66  -28.58  -12.13    0.88    8.70   13.93
  field:            1    no. of faulty points:           0
  undefined values set to   0.0000000000000000     
  start of year/month =         1983           6
 step =  5580 reke =   41.63   99.09  169.19  145.85   82.95   47.47   42.06   46.60
              deke =    0.51    6.27   10.76    5.00    2.13    2.15    2.68    7.31
              temp =  -62.36  -66.21  -48.68  -28.71  -12.16    0.90    8.78   14.22
 step =  5760 reke =   55.07  161.97  241.06  190.29  109.52   57.80   48.65   50.23
              deke =    0.99   10.47    9.22    4.09    2.03    1.72    2.55    7.65
              temp =  -62.36  -66.20  -48.53  -28.32  -12.07    0.90    8.80   14.15
 step =  5940 reke =   77.32  136.07  228.47  162.91   87.75   47.38   39.62   44.63
              deke =    0.87    8.03    8.08    5.03    2.11    2.26    2.58    7.42
              temp =  -62.29  -66.14  -48.48  -28.22  -12.06    1.02    8.80   14.10
 step =  6120 reke =   56.78  120.49  193.99  148.28   83.19   47.07   42.18   47.38
              deke =    0.65    5.84    7.92    5.04    2.18    2.06    2.35    7.81
              temp =  -62.33  -66.04  -48.71  -28.37  -12.17    0.83    8.75   14.00
 step =  6300 reke =   63.53  124.27  221.16  191.01  105.27   59.44   51.17   52.49
              deke =    0.90    8.18   10.80    5.06    2.11    2.36    2.55    7.94
              temp =  -62.35  -66.03  -48.88  -28.15  -11.97    1.04    8.81   14.12
 step =  6480 reke =   62.85   93.72  175.36  138.39   77.60   45.74   41.48   46.86
              deke =    0.77    6.18    8.47    5.59    1.91    1.61    2.29    7.01
              temp =  -62.41  -66.05  -49.13  -28.33  -11.86    0.93    8.67   14.19
  field:            1    no. of faulty points:           0
  undefined values set to   0.0000000000000000     
  start of year/month =         1983           7
 step =  6660 reke =   53.46  106.38  175.57  130.38   77.22   39.08   33.52   37.95
              deke =    0.49    4.88    8.32    3.82    1.92    1.93    2.50    7.00
              temp =  -62.40  -66.08  -48.94  -28.39  -11.91    0.95    8.63   14.05
 step =  6840 reke =   45.83   91.10  152.60  120.69   68.68   35.84   35.38   40.85
              deke =    0.44    7.44   10.34    4.79    1.89    1.77    2.39    7.89
              temp =  -62.39  -66.11  -48.77  -28.89  -12.36    0.76    8.56   14.16
 step =  7020 reke =   42.45  116.88  171.78  115.53   66.41   40.37   37.31   42.91
              deke =    0.76    6.61   10.44    4.86    2.14    1.87    2.78    7.00
              temp =  -62.36  -66.16  -48.60  -29.00  -12.41    0.86    8.63   14.05
 step =  7200 reke =   43.29  113.96  224.77  159.65   89.01   49.38   45.87   50.24
              deke =    0.42    7.23   12.66    6.29    2.41    1.91    3.05    7.81
              temp =  -62.37  -66.16  -48.88  -28.80  -12.34    0.65    8.59   14.01
 step =  7380 reke =  110.83  131.11  220.14  168.12   93.92   54.01   50.19   54.77
              deke =    0.67    7.98   12.10    5.30    1.77    1.67    2.65    8.65
              temp =  -62.42  -66.15  -49.02  -28.39  -12.01    0.83    8.65   14.00
 step =  7560 reke =   50.81  115.15  233.00  192.98  103.88   56.99   48.82   51.32
              deke =    0.62    7.31   10.61    4.72    2.02    2.03    2.71    8.03
              temp =  -62.46  -66.17  -49.01  -28.24  -11.86    1.00    8.76   14.15
  field:            1    no. of faulty points:           0
  undefined values set to   0.0000000000000000     
  start of year/month =         1983           8
 step =  7740 reke =   92.15  136.44  248.53  192.03  106.85   53.17   44.69   50.77
              deke =    0.78    7.84   12.70    5.82    2.47    2.07    2.60    7.45
              temp =  -62.46  -66.09  -48.97  -27.97  -11.68    1.06    8.78   14.13
 step =  7920 reke =   62.42  122.19  233.44  178.09   92.49   46.87   39.43   44.74
              deke =    0.67    7.16   12.02    5.24    2.05    2.34    2.71    7.29
              temp =  -62.40  -66.10  -49.00  -27.94  -11.94    0.88    8.63   14.08
 step =  8100 reke =   82.36  155.19  238.40  189.63  109.17   63.51   56.10   58.70
              deke =    0.96    9.62   12.37    4.47    2.19    2.02    3.16    9.06
              temp =  -62.39  -66.19  -48.78  -28.04  -11.51    1.11    8.84   14.15
 step =  8280 reke =   68.39  120.93  207.37  166.28   92.37   50.42   42.37   44.29
              deke =    0.55    9.27   10.54    4.42    2.67    2.17    2.71    7.67
              temp =  -62.40  -66.12  -48.63  -28.11  -11.76    1.19    8.82   14.20
 step =  8460 reke =   59.20  135.58  248.19  197.11  113.74   60.51   50.37   51.65
              deke =    0.56    6.99   13.21    5.69    2.53    2.10    2.89    8.45
              temp =  -62.36  -66.06  -48.67  -27.93  -11.34    1.22    8.75   14.09
 step =  8640 reke =   41.72  108.88  227.52  183.58  107.30   53.35   47.52   52.39
              deke =    0.56    7.48   12.13    4.85    2.42    2.28    3.26    8.67
              temp =  -62.34  -66.00  -48.63  -27.90  -11.47    1.17    8.78   14.12
  field:            1    no. of faulty points:           0
  undefined values set to   0.0000000000000000     
  start of year/month =         1983           9
 step =  8820 reke =   64.11  133.18  206.24  151.35   85.61   46.56   40.61   43.80
              deke =    0.99    7.36   10.42    5.33    2.38    1.74    2.41    7.82
              temp =  -62.33  -65.90  -48.68  -28.30  -11.63    1.15    8.94   14.23
 step =  9000 reke =   48.54  102.81  186.90  142.28   84.03   48.85   46.52   51.02
              deke =    0.59    7.91   10.07    4.81    2.30    2.07    2.92    8.01
              temp =  -62.31  -65.95  -48.38  -28.23  -11.73    1.12    8.82   14.21
 step =  9180 reke =   48.10  131.31  225.88  153.62   84.69   48.31   43.31   47.97
              deke =    0.49    6.87   11.53    5.32    2.45    2.05    2.43    6.53
              temp =  -62.28  -65.95  -48.28  -28.30  -11.80    1.11    8.74   14.19
 step =  9360 reke =   32.88  120.37  234.84  177.13   92.20   51.63   46.32   51.53
              deke =    0.46    5.95   10.71    4.60    2.66    1.93    2.96    7.28
              temp =  -62.26  -65.90  -48.66  -27.86  -11.77    1.11    8.86   14.19
 step =  9540 reke =   43.78  121.69  214.71  152.08   87.76   52.18   49.09   54.04
              deke =    0.83    5.62   11.12    4.78    2.54    2.00    2.72    8.26
              temp =  -62.33  -65.92  -48.76  -27.83  -11.83    0.97    8.74   14.09
 step =  9720 reke =   47.53  124.76  214.51  154.75   82.51   46.44   42.21   45.99
              deke =    0.56    4.91    8.82    5.06    1.71    1.96    2.62    7.64
              temp =  -62.32  -66.00  -48.64  -28.15  -11.93    0.90    8.68   14.24
  field:            1    no. of faulty points:           0
  undefined values set to   0.0000000000000000     
  start of year/month =         1983          10
 step =  9900 reke =   56.67  116.62  224.66  172.70   92.71   51.01   43.32   44.97
              deke =    0.77    6.82   10.71    5.14    2.31    2.33    3.10    7.44
              temp =  -62.33  -66.00  -48.50  -28.39  -11.77    1.04    8.72   14.15
 step = 10080 reke =   34.01  124.98  246.90  179.86   95.37   51.49   45.71   48.38
              deke =    0.62    6.43   11.68    4.67    2.26    1.94    2.60    7.77
              temp =  -62.34  -66.00  -48.65  -28.36  -11.99    1.00    8.69   14.10
 step = 10260 reke =   40.39  128.57  221.90  167.33   97.17   57.12   50.96   53.18
              deke =    0.62    7.46    9.67    3.61    2.32    2.19    3.06    8.08
              temp =  -62.36  -66.03  -48.74  -27.87  -11.85    0.96    8.73   14.16
 step = 10440 reke =   73.98  117.96  220.94  173.01   94.23   54.86   50.55   54.14
              deke =    0.96    8.52   10.65    5.19    1.74    2.21    3.45    8.05
              temp =  -62.36  -66.04  -48.80  -27.87  -11.58    1.08    8.84   14.06
 step = 10620 reke =   38.80  102.94  183.43  133.86   79.47   50.00   43.42   48.56
              deke =    0.43    7.15    9.17    4.52    1.92    2.05    2.36    7.16
              temp =  -62.34  -66.05  -48.83  -28.42  -11.99    0.93    8.76   14.23
 step = 10800 reke =   55.95  120.16  190.85  154.17   82.76   48.38   46.69   51.55
              deke =    0.68    7.56    8.93    4.33    2.03    2.29    2.70    8.54
              temp =  -62.30  -66.13  -48.90  -28.26  -12.16    0.78    8.70   13.99
  field:            1    no. of faulty points:           0
  undefined values set to   0.0000000000000000     
  start of year/month =         1983          11
 step = 10980 reke =   61.08  120.76  199.67  144.61   86.51   49.98   43.31   46.59
              deke =    0.88    6.40   11.67    4.93    2.11    1.85    2.77    7.64
              temp =  -62.30  -66.19  -49.02  -28.13  -11.77    1.06    8.74   14.02
 step = 11160 reke =   71.60  124.53  197.26  136.81   81.94   45.78   39.24   43.69
              deke =    0.67    6.08    8.22    5.13    2.34    1.79    2.35    6.94
              temp =  -62.31  -66.16  -49.01  -28.47  -12.19    0.78    8.64   14.09
 step = 11340 reke =   37.95   99.40  192.04  141.10   87.03   52.64   47.62   50.60
              deke =    0.54    8.22    8.24    5.25    2.84    2.24    2.99    8.54
              temp =  -62.33  -66.20  -49.15  -28.39  -12.02    1.00    8.64   13.89
 step = 11520 reke =   25.91  107.69  192.35  145.79   85.84   46.09   41.47   44.35
              deke =    0.53    5.91   11.80    3.86    2.47    1.88    2.92    7.30
              temp =  -62.32  -66.31  -49.04  -28.36  -12.20    0.79    8.61   13.93
 step = 11700 reke =   40.97  114.25  235.19  161.27   92.09   46.40   42.90   46.31
              deke =    0.65    8.11   10.97    4.52    1.96    2.10    3.38    8.84
              temp =  -62.32  -66.35  -48.77  -28.32  -12.02    0.86    8.73   14.05
 step = 11880 reke =   68.27  119.11  236.99  152.99   77.08   44.84   39.63   40.97
              deke =    0.89    7.73   10.66    6.43    2.07    2.63    2.87    7.33
              temp =  -62.34  -66.32  -48.59  -27.94  -12.00    0.86    8.78   14.14
 Write restart dataset for year/month/date/hour:         1983 /          12 /           1 /           0
  field:            1    no. of faulty points:           0
  undefined values set to   0.0000000000000000     
  start of year/month =         1983          12
 step = 12060 reke =   46.78  106.07  216.38  158.76   85.65   51.00   47.97   54.14
              deke =    0.80   10.54   13.62    5.65    2.11    2.11    2.81    8.03
              temp =  -62.31  -66.30  -48.65  -28.02  -12.02    0.88    8.65   14.17
 step = 12240 reke =   55.76  139.44  215.62  177.18  100.53   56.10   49.30   54.01
              deke =    0.86    7.97    9.77    4.41    1.73    1.93    2.45    7.94
              temp =  -62.29  -66.36  -48.76  -27.77  -11.66    0.97    8.65   13.99
 step = 12420 reke =   87.92  142.56  226.00  183.88  103.78   56.24   45.59   48.78
              deke =    0.95    6.49    9.36    4.21    2.02    2.05    2.64    7.31
              temp =  -62.29  -66.42  -48.84  -27.92  -11.69    0.95    8.74   13.99
 step = 12600 reke =   58.16  134.36  265.98  195.29  105.56   54.96   42.89   45.52
              deke =    0.57    7.60   16.87    5.85    1.95    1.96    2.25    7.22
              temp =  -62.32  -66.41  -49.01  -28.40  -11.70    0.93    8.75   14.09
 step = 12780 reke =   66.20  130.28  211.82  168.56   97.57   55.34   47.56   51.69
              deke =    0.97   11.43   10.84    4.81    2.04    2.07    2.85    7.92
              temp =  -62.37  -66.34  -49.00  -28.61  -11.78    1.03    8.72   14.16
 step = 12960 reke =   82.98  140.14  219.08  162.14   91.92   53.00   48.61   51.87
              deke =    1.02    8.41    9.47    6.37    2.55    1.58    2.62    7.38
              temp =  -62.36  -66.28  -48.69  -28.55  -12.03    0.94    8.62   13.99
 step = 13140 reke =   45.64  112.61  210.49  170.43   94.83   52.57   44.10   48.89
              deke =    0.63    5.96   11.06    5.16    2.49    2.03    2.53    8.18
              temp =  -62.34  -66.29  -48.71  -28.21  -11.85    0.99    8.75   14.05
  field:            1    no. of faulty points:           0
  undefined values set to   0.0000000000000000     
 Write restart dataset for year/month/date/hour:         1984 /           1 /           1 /           0
