  hallo from speedy_agcm
 RPE_ACTIVE  T
&RESOLUTION
 NTRUN=         30,
 MTRUN=         30,
 IX=         96,
 IY=         24,
 KX=          8,
 /
&INPUT_RESOLUTION
 NTRUN_IN=         30,
 MTRUN_IN=         30,
 IX_IN=         96,
 IY_IN=         24,
 KX_IN=          8,
 /
&COUPLING_FLAGS
 ICLAND=          1,
 ICSEA=          0,
 ICICE=          1,
 ISSTAN=          1,
 /
&LAND
 DEPTH_SOIL=  1.0000000000000000     ,
 DEPTH_LICE=  5.0000000000000000     ,
 TDLAND=  40.000000000000000     ,
 FLANDMIN= 0.33333333333333331     ,
 /
&SEA
 DEPTH_ML=  60.000000000000000     ,
 DEPT0_ML=  40.000000000000000     ,
 DEPTH_ICE=  2.5000000000000000     ,
 DEPT0_ICE=  1.5000000000000000     ,
 TDSST=  90.000000000000000     ,
 TDICE=  30.000000000000000     ,
 FSEAMIN= 0.33333333333333331     ,
 BETA%VAL=  1.0000000000000000     ,
 L_GLOBE=T,
 L_NORTHE=F,
 L_NATLAN=F,
 L_NPACIF=F,
 L_TROPIC=F,
 L_INDIAN=F,
 /
&DYNAMICS
 GAMMA=  6.0000000000000000     ,
 HSCALE=  7.5000000000000000     ,
 HSHUM=  2.5000000000000000     ,
 REFRH1= 0.69999999999999996     ,
 THD=  2.3999999999999999     ,
 THDD=  2.3999999999999999     ,
 THDS=  12.000000000000000     ,
 TDRS%VAL=  720.00000000000000     ,
 /
&FORCING
 LCO2=F,
 IYEAR_REF=       1950,
 DEL_CO2%VAL=  5.0000000000000001E-003,
 ABLCO2%VAL=  6.0000000000000000     ,
 ALBSEA%VAL=  7.0000000000000007E-002,
 ALBICE%VAL= 0.59999999999999998     ,
 ALBSN%VAL= 0.59999999999999998     ,
 /
&SOLAR_FORCING
 SOLC%VAL=  342.00000000000000     ,
 EPSSW%VAL=  2.0000000000000000E-002,
 /
&SURFACE
 SWCAP%VAL= 0.29999999999999999     ,
 SWWIL%VAL= 0.17000000000000001     ,
 SD2SC%VAL=  60.000000000000000     ,
 /
&TIMESTEPPING
 NSTEPS=         36,
 NSTDIA=        180,
 NMONRS=         12,
 ROB%VAL=  5.0000000000000003E-002,
 WIL%VAL= 0.53000000000000003     ,
 /
&CONVECTION
 PSMIN%VAL= 0.80000000000000004     ,
 TRCNV=  6.0000000000000000     ,
 RHBL%VAL= 0.90000000000000002     ,
 RHIL%VAL= 0.69999999999999996     ,
 ENTMAX= 0.50000000000000000     ,
 SMF%VAL= 0.80000000000000004     ,
 /
&CONDENSATION
 TRLSC%VAL=  4.0000000000000000     ,
 RHLSC= 0.90000000000000002     ,
 DRHLSC= 0.10000000000000001     ,
 RHBLSC= 0.94999999999999996     ,
 /
&CLOUD_PARAMETERS
 RHCL1%VAL= 0.29999999999999999     ,
 RHCL2%VAL=  1.0000000000000000     ,
 QACL%VAL= 0.20000000000000001     ,
 WPCL%VAL= 0.20000000000000001     ,
 PMAXCL%VAL=  10.000000000000000     ,
 CLSMAX%VAL= 0.59999999999999998     ,
 CLSMINL%VAL= 0.14999999999999999     ,
 GSE_S0%VAL= 0.25000000000000000     ,
 GSE_S1%VAL= 0.40000000000000002     ,
 /
&SW_RADIATION
 NSTRAD=          3,
 ABSDRY%VAL=  3.3000000000000002E-002,
 ABSAER%VAL=  3.3000000000000002E-002,
 ABSWV1%VAL=  2.1999999999999999E-002,
 ABSWV2%VAL=  15.000000000000000     ,
 ABSCL1%VAL=  1.4999999999999999E-002,
 ABSCL2%VAL= 0.14999999999999999     ,
 ALBCL%VAL= 0.42999999999999999     ,
 ALBCLS%VAL= 0.50000000000000000     ,
 /
&LW_RADIATION
 EPSLW%VAL=  5.0000000000000003E-002,
 EMISFC%VAL= 0.97999999999999998     ,
 ABLWIN%VAL= 0.29999999999999999     ,
 ABLWV1%VAL= 0.69999999999999996     ,
 ABLWV2%VAL=  50.000000000000000     ,
 ABLCL1%VAL=  12.000000000000000     ,
 ABLCL2%VAL= 0.59999999999999998     ,
 /
&SURFACE_FLUXES
 FWIND0%VAL= 0.94999999999999996     ,
 FTEMP0%VAL=  1.0000000000000000     ,
 FHUM0%VAL=  0.0000000000000000     ,
 CDL%VAL=  2.3999999999999998E-003,
 CDS%VAL=  1.0000000000000000E-003,
 CHL%VAL=  1.1999999999999999E-003,
 CHS%VAL=  8.9999999999999998E-004,
 VGUST%VAL=  5.0000000000000000     ,
 CTDAY%VAL=  1.0000000000000000E-002,
 DTHETA%VAL=  3.0000000000000000     ,
 FSTAB%VAL= 0.67000000000000004     ,
 HDRAG%VAL=  2000.0000000000000     ,
 FHDRAG%VAL= 0.50000000000000000     ,
 CLAMBDA%VAL=  7.0000000000000000     ,
 CLAMBSN%VAL=  7.0000000000000000     ,
 /
&VERTICAL_DIFFUSION
 TRSHC=  6.0000000000000000     ,
 TRVDI=  24.000000000000000     ,
 TRVDS=  6.0000000000000000     ,
 REDSHC%VAL= 0.50000000000000000     ,
 RHGRAD%VAL= 0.50000000000000000     ,
 SEGRAD%VAL= 0.10000000000000001     ,
 /
&SPPT
 SPPT_ON=F,
 NSCALES=          3,
 L_ADDITIVE=F,
 /
&SPPT_PARAMETERS
 MU(1)%VAL=  1.0000000000000000     ,
 MU(2)%VAL=  1.0000000000000000     ,
 MU(3)%VAL=  1.0000000000000000     ,
 MU(4)%VAL=  1.0000000000000000     ,
 MU(5)%VAL=  1.0000000000000000     ,
 MU(6)%VAL=  1.0000000000000000     ,
 MU(7)%VAL=  1.0000000000000000     ,
 MU(8)%VAL=  1.0000000000000000     ,
 TIME_DECORR=  3.0000000000000000     ,  72.000000000000000     ,  720.00000000000000     ,
 LEN_DECORR=  500000.00000000000     ,  1000000.0000000000     ,  2000000.0000000000     ,
 STDDEV= 0.52000000000000002     , 0.17999999999999999     ,  5.9999999999999998E-002,
 ADDITIVE_MAGNITUDE%VAL=  9.9999999999999995E-007,
 /
 Read namelist
 start date         1983           1           1           0
  Model half-level (*1000)           1           0
  Model half-level (*1000)           2          50
  Model half-level (*1000)           3         140
  Model half-level (*1000)           4         260
  Model half-level (*1000)           5         420
  Model half-level (*1000)           6         600
  Model half-level (*1000)           7         770
  Model half-level (*1000)           8         900
  Model half-level (*1000)           9        1000
  Model full-level (*1000)           1          25
  Model full-level (*1000)           2          95
  Model full-level (*1000)           3         200
  Model full-level (*1000)           4         340
  Model full-level (*1000)           5         510
  Model full-level (*1000)           6         685
  Model full-level (*1000)           7         835
  Model full-level (*1000)           8         950
  temp/hum correction at level            2  0.66167368341273969        0.0000000000000000     
  temp/hum correction at level            3  0.75399289734237440        8.0000000000000019E-003
  temp/hum correction at level            4  0.82755908289241631        3.9303999999999992E-002
  temp/hum correction at level            5  0.88857447279504564       0.13265100000000002     
  temp/hum correction at level            6  0.93577679872957287       0.32141912500000008     
  temp/hum correction at level            7  0.96885785555841186       0.58218287499999988     
  temp/hum correction at level            8  0.99104107712276879       0.85737499999999989     
 Filter applied at wavenumber           30
  field:            1    no. of faulty points:           0
  field:            2    no. of faulty points:           0
  field:            3    no. of faulty points:           0
  field:            4    no. of faulty points:           0
  field:            5    no. of faulty points:           0
  field:            6    no. of faulty points:           0
  field:            7    no. of faulty points:           0
  field:            8    no. of faulty points:           0
  field:            9    no. of faulty points:           0
  field:           10    no. of faulty points:           0
  field:           11    no. of faulty points:           0
  field:           12    no. of faulty points:           0
  undefined values set to   273.00000000000000     
  field:            1    no. of faulty points:           0
  field:            2    no. of faulty points:           0
  field:            3    no. of faulty points:           0
  field:            4    no. of faulty points:           0
  field:            5    no. of faulty points:           0
  field:            6    no. of faulty points:           0
  field:            7    no. of faulty points:           0
  field:            8    no. of faulty points:           0
  field:            9    no. of faulty points:           0
  field:           10    no. of faulty points:           0
  field:           11    no. of faulty points:           0
  field:           12    no. of faulty points:           0
  undefined values set to   0.0000000000000000     
  field:            1    no. of faulty points:           0
  field:            2    no. of faulty points:           0
  field:            3    no. of faulty points:           0
  field:            4    no. of faulty points:           0
  field:            5    no. of faulty points:           0
  field:            6    no. of faulty points:           0
  field:            7    no. of faulty points:           0
  field:            8    no. of faulty points:           0
  field:            9    no. of faulty points:           0
  field:           10    no. of faulty points:           0
  field:           11    no. of faulty points:           0
  field:           12    no. of faulty points:           0
  undefined values set to   0.0000000000000000     
  field:            1    no. of faulty points:           0
  field:            2    no. of faulty points:           0
  field:            3    no. of faulty points:           0
  field:            4    no. of faulty points:           0
  field:            5    no. of faulty points:           0
  field:            6    no. of faulty points:           0
  field:            7    no. of faulty points:           0
  field:            8    no. of faulty points:           0
  field:            9    no. of faulty points:           0
  field:           10    no. of faulty points:           0
  field:           11    no. of faulty points:           0
  field:           12    no. of faulty points:           0
  undefined values set to   273.00000000000000     
  field:            1    no. of faulty points:           0
  field:            2    no. of faulty points:           0
  field:            3    no. of faulty points:           0
  field:            4    no. of faulty points:           0
  field:            5    no. of faulty points:           0
  field:            6    no. of faulty points:           0
  field:            7    no. of faulty points:           0
  field:            8    no. of faulty points:           0
  field:            9    no. of faulty points:           0
  field:           10    no. of faulty points:           0
  field:           11    no. of faulty points:           0
  field:           12    no. of faulty points:           0
  undefined values set to   0.0000000000000000     
 isst0 =           49
  field:            1    no. of faulty points:           0
  field:            2    no. of faulty points:           0
  field:            3    no. of faulty points:           0
  undefined values set to   0.0000000000000000     
  reading a restart file
        1983           1           1           0
        1984           1           1           0
 WARNING: Date in restart file does not match requested date
Read restart dataset for year/month/date/hour: 1983/01/01/00
 step =     0 reke =   42.79  137.69  270.12  180.63  100.62   54.72   48.69   52.00
              deke =    0.72    6.43   14.21    3.79    2.11    2.25    2.34    7.68
              temp =  -62.44  -66.11  -48.95  -28.68  -11.98    0.94    8.76   14.21
   tref =    217.14995443460384     
   tref =    217.14995443460384     
   tref =    217.14995443460384     
   tref =    238.33701587301590     
   tref =    255.90944816497316     
   tref =    269.50371803411701     
   tref =    279.03106240082263     
   tref =    285.41983021135741     
 integration length in days:          365
  start of year/month =         1983           1
 step =   180 reke =   48.37  121.67  220.49  164.61   95.87   55.28   52.07   56.75
              deke =    0.52    7.68   11.68    5.18    2.17    2.21    3.22    9.01
              temp =  -62.47  -66.17  -48.76  -28.27  -11.74    0.95    8.71   14.13
 step =   360 reke =   56.22   92.05  180.91  156.10   91.11   49.96   43.94   46.35
              deke =    0.53    6.79    7.88    4.33    2.32    1.86    3.07    7.43
              temp =  -62.42  -66.15  -48.77  -28.49  -12.06    1.05    8.94   14.36
 step =   540 reke =   56.27  111.46  194.39  163.80   99.61   55.58   47.10   51.28
              deke =    0.54    7.91   10.40    4.69    2.34    2.61    2.86    7.60
              temp =  -62.45  -66.14  -48.85  -28.35  -12.07    1.06    9.01   14.37
 step =   720 reke =   47.32  117.55  212.42  155.07   87.02   52.29   45.36   49.79
              deke =    0.74    7.55   10.19    4.15    2.33    2.29    3.09    7.93
              temp =  -62.47  -66.23  -48.63  -28.15  -11.94    1.07    8.79   14.18
 step =   900 reke =   90.87  167.90  265.28  192.25  108.98   61.05   49.42   51.24
              deke =    0.86    8.51   11.79    5.01    2.02    2.28    2.55    7.13
              temp =  -62.45  -66.29  -48.53  -27.97  -11.96    0.99    8.89   14.24
 step =  1080 reke =   52.88  120.93  199.20  149.70   82.03   49.62   45.37   51.12
              deke =    0.49    9.37   10.25    5.63    1.90    2.12    2.36    7.93
              temp =  -62.39  -66.36  -48.42  -28.11  -12.11    0.81    8.67   14.13
  field:            1    no. of faulty points:           0
  undefined values set to   0.0000000000000000     
  start of year/month =         1983           2
 step =  1260 reke =   29.72  107.25  218.54  166.75   97.10   58.32   51.39   54.00
              deke =    0.68    5.11    8.40    4.49    2.00    1.79    2.35    7.29
              temp =  -62.41  -66.34  -48.54  -27.99  -12.00    0.83    8.58   14.04
 step =  1440 reke =   44.57  106.98  190.05  145.45   79.73   49.09   44.31   48.61
              deke =    0.32    4.31    7.93    3.78    1.51    1.37    2.04    6.54
              temp =  -62.42  -66.31  -48.91  -28.20  -11.95    0.74    8.56   14.05
 step =  1620 reke =   47.07  152.60  276.62  209.82  104.70   59.69   54.92   58.88
              deke =    0.86    7.14   11.19    5.80    2.34    1.82    2.99    9.46
              temp =  -62.43  -66.34  -48.84  -28.22  -11.74    0.90    8.65   14.02
 step =  1800 reke =   54.31  128.72  209.43  156.59   85.54   46.01   38.08   41.09
              deke =    0.72    6.01   11.00    5.53    2.26    1.88    2.63    7.38
              temp =  -62.38  -66.20  -48.91  -28.37  -11.76    1.10    8.86   14.25
 step =  1980 reke =   45.27  107.27  202.01  154.50   85.34   49.42   43.95   48.06
              deke =    0.66    7.93    9.93    4.73    2.64    2.56    3.30    8.82
              temp =  -62.34  -66.10  -48.71  -28.43  -11.99    1.05    8.76   14.10
  field:            1    no. of faulty points:           0
  undefined values set to   0.0000000000000000     
  start of year/month =         1983           3
 step =  2160 reke =   50.32  121.55  192.35  157.11   95.66   54.95   46.26   47.28
              deke =    0.85    5.62    9.52    4.12    2.39    2.32    2.66    7.52
              temp =  -62.36  -65.98  -48.78  -28.33  -11.86    1.04    8.84   14.17
 step =  2340 reke =   29.39  124.94  183.57  148.40   90.29   53.25   46.78   48.54
              deke =    0.67    8.96    7.71    4.03    2.75    2.29    3.17    7.71
              temp =  -62.38  -66.04  -48.85  -28.26  -11.73    1.11    8.73   14.09
 step =  2520 reke =   42.31  109.27  188.89  156.60   88.91   47.71   40.06   44.98
              deke =    0.62    5.60    9.40    4.07    2.22    2.20    2.25    7.02
              temp =  -62.34  -66.15  -48.94  -28.61  -12.06    0.91    8.71   14.07
 step =  2700 reke =   59.33  125.11  196.98  158.16   95.58   55.95   49.73   54.17
              deke =    0.57    5.94    9.22    3.89    2.17    1.97    3.08    8.69
              temp =  -62.34  -66.18  -49.01  -28.43  -12.10    0.99    8.67   13.92
 step =  2880 reke =   38.48   97.34  184.13  157.22   88.55   45.08   40.29   45.99
              deke =    0.56    6.49   10.84    4.44    2.56    1.78    2.77    7.21
              temp =  -62.36  -66.20  -49.11  -28.60  -12.14    0.92    8.65   14.08
 step =  3060 reke =   47.72  125.43  217.11  182.62  109.80   60.46   55.55   59.32
              deke =    0.60    8.27   11.07    4.78    2.81    2.21    2.64    9.23
              temp =  -62.42  -66.26  -49.03  -28.62  -11.83    0.91    8.64   13.92
 step =  3240 reke =   60.37   98.66  178.77  158.21   91.15   49.08   44.78   47.07
              deke =    1.05    5.14    9.43    4.60    2.47    2.01    3.00    7.30
              temp =  -62.41  -66.28  -48.78  -28.92  -12.31    0.97    8.65   14.01
  field:            1    no. of faulty points:           0
  undefined values set to   0.0000000000000000     
  start of year/month =         1983           4
 step =  3420 reke =   61.23  131.54  226.88  190.98  104.30   55.77   48.12   52.89
              deke =    1.02    7.73    9.44    4.41    2.53    2.27    2.85    7.80
              temp =  -62.44  -66.24  -48.73  -28.68  -12.10    0.93    8.67   13.97
 step =  3600 reke =   46.95  107.38  187.49  149.10   84.15   49.23   43.67   47.49
              deke =    0.72    7.21   12.08    5.10    2.33    2.53    2.79    8.34
              temp =  -62.40  -66.30  -48.63  -28.43  -12.16    0.80    8.61   13.95
 step =  3780 reke =   79.66  113.43  160.94  131.62   76.15   46.36   42.45   48.78
              deke =    0.64    8.58   10.35    5.07    2.14    2.00    2.79    7.13
              temp =  -62.39  -66.29  -48.85  -28.73  -12.37    0.69    8.57   14.02
 step =  3960 reke =   74.94  124.87  217.50  185.87  107.34   63.33   57.19   60.69
              deke =    1.25    7.04    8.31    4.01    2.36    2.43    3.00    9.21
              temp =  -62.39  -66.38  -48.88  -28.78  -12.23    0.78    8.72   14.03
 step =  4140 reke =   69.68  133.53  244.70  182.52  102.34   59.17   50.83   53.27
              deke =    0.72    7.99   13.89    5.46    3.05    2.23    2.43    8.45
              temp =  -62.33  -66.39  -48.83  -28.22  -11.84    0.99    8.73   14.14
 step =  4320 reke =   53.53  125.31  222.10  172.32   85.57   46.97   39.83   41.31
              deke =    0.50   10.01   10.62    4.93    2.65    1.99    2.51    6.72
              temp =  -62.32  -66.44  -48.63  -28.20  -12.08    0.86    8.74   14.10
  field:            1    no. of faulty points:           0
  undefined values set to   0.0000000000000000     
  start of year/month =         1983           5
 step =  4500 reke =   45.65  123.57  195.41  153.45   84.02   46.63   43.48   46.90
              deke =    0.69    8.50    8.68    5.62    2.30    2.08    2.62    7.69
              temp =  -62.30  -66.40  -48.66  -28.56  -12.03    0.76    8.56   14.01
 step =  4680 reke =   37.70  109.20  179.98  155.56   84.55   44.69   38.08   44.01
              deke =    0.62    6.74   11.24    5.23    2.34    2.52    2.78    7.78
              temp =  -62.33  -66.36  -48.79  -28.53  -12.03    0.85    8.71   14.13
 step =  4860 reke =   60.25  135.14  188.81  158.51   86.54   46.94   43.84   46.72
              deke =    0.59    7.91   11.80    5.41    1.82    1.66    2.64    8.26
              temp =  -62.34  -66.32  -48.92  -28.36  -12.09    0.80    8.84   14.21
 step =  5040 reke =   40.41   97.17  139.18  135.84   76.74   43.17   39.86   44.00
              deke =    0.59    5.30    7.92    5.73    1.77    1.72    2.40    7.36
              temp =  -62.34  -66.30  -48.92  -28.40  -12.08    0.87    8.67   14.06
 step =  5220 reke =   25.96  109.89  183.69  151.25   83.66   43.76   38.56   42.83
              deke =    0.40    6.30   13.73    4.18    1.60    1.84    2.73    7.94
              temp =  -62.34  -66.30  -48.79  -28.52  -12.24    0.81    8.65   14.05
 step =  5400 reke =   30.80   98.02  183.94  155.89   91.57   48.05   41.91   45.69
              deke =    0.56    5.73    9.37    4.87    1.93    1.93    2.89    7.94
              temp =  -62.32  -66.30  -48.94  -28.58  -12.17    0.79    8.65   14.04
  field:            1    no. of faulty points:           0
  undefined values set to   0.0000000000000000     
  start of year/month =         1983           6
 step =  5580 reke =   66.93  126.93  216.71  168.17   91.02   49.30   40.22   44.10
              deke =    0.64    6.25    8.80    4.73    1.55    1.83    2.25    7.17
              temp =  -62.33  -66.33  -48.92  -28.33  -12.15    0.84    8.62   14.00
 step =  5760 reke =   46.48   84.55  160.44  129.78   73.54   40.45   37.43   43.66
              deke =    0.72    6.38    8.46    4.55    2.09    1.84    2.64    7.47
              temp =  -62.38  -66.33  -49.07  -28.32  -12.30    0.78    8.61   14.04
 step =  5940 reke =   44.89  109.44  198.82  168.83   96.70   57.43   54.03   59.81
              deke =    0.58    5.57   10.04    4.06    1.86    2.32    3.22    8.60
              temp =  -62.35  -66.37  -48.99  -28.27  -12.36    0.54    8.65   14.03
 step =  6120 reke =   49.16  123.37  220.29  185.91  106.18   59.66   50.86   55.47
              deke =    0.68    8.62   12.00    4.61    2.39    2.27    2.98    8.06
              temp =  -62.36  -66.37  -49.30  -28.04  -11.78    0.83    8.56   13.93
 step =  6300 reke =   42.37  136.35  227.89  181.04  100.11   55.21   47.12   51.21
              deke =    0.76    8.66    9.89    4.19    2.05    1.80    2.36    7.45
              temp =  -62.39  -66.40  -49.25  -28.22  -12.00    0.88    8.67   13.96
 step =  6480 reke =   63.45  124.50  230.63  175.75   95.23   55.71   49.41   51.25
              deke =    0.58    6.59    9.38    5.07    2.42    2.46    2.78    8.32
              temp =  -62.39  -66.45  -49.08  -28.11  -11.93    0.99    8.71   14.00
  field:            1    no. of faulty points:           0
  undefined values set to   0.0000000000000000     
  start of year/month =         1983           7
 step =  6660 reke =   48.90  120.55  221.29  156.76   90.46   50.24   43.35   47.36
              deke =    0.48    5.75   11.79    5.25    2.43    1.99    2.76    7.87
              temp =  -62.37  -66.36  -48.87  -28.09  -12.00    0.97    8.81   14.09
 step =  6840 reke =   56.84  112.16  170.15  133.62   81.99   49.51   43.93   49.98
              deke =    0.56    6.82    8.35    5.28    2.66    2.52    2.83    7.52
              temp =  -62.35  -66.32  -49.10  -28.46  -11.97    1.03    8.67   14.04
 step =  7020 reke =   70.64  125.17  201.00  170.15   98.64   50.13   43.02   46.82
              deke =    1.18    6.90   10.86    4.48    2.31    1.93    2.52    7.24
              temp =  -62.40  -66.29  -49.14  -28.62  -12.03    1.01    8.82   14.24
 step =  7200 reke =   53.03  120.55  196.99  163.06   94.55   53.87   48.45   54.12
              deke =    0.69    7.56    6.76    4.93    2.26    1.44    2.34    7.32
              temp =  -62.44  -66.25  -49.05  -28.54  -12.14    0.84    8.70   14.14
 step =  7380 reke =   84.14  146.00  238.11  169.94   98.75   54.45   46.13   52.36
              deke =    1.15    6.66    8.36    5.33    2.13    2.64    3.11    8.10
              temp =  -62.42  -66.21  -49.07  -28.50  -12.08    0.87    8.72   14.08
 step =  7560 reke =   56.00  115.10  189.33  156.14   96.35   54.59   48.29   50.56
              deke =    1.04    5.96   10.50    5.13    2.10    1.90    2.66    7.01
              temp =  -62.43  -66.18  -49.12  -28.16  -11.88    1.05    8.73   14.06
  field:            1    no. of faulty points:           0
  undefined values set to   0.0000000000000000     
  start of year/month =         1983           8
 step =  7740 reke =   57.16  127.24  176.18  143.24   86.67   48.96   42.54   48.14
              deke =    0.61    8.38    8.66    6.06    2.41    1.80    2.36    8.21
              temp =  -62.40  -66.23  -49.12  -28.65  -12.10    0.85    8.72   14.18
 step =  7920 reke =   54.93  119.77  195.46  148.84   90.16   54.90   50.57   53.58
              deke =    1.11    7.74    9.11    5.02    2.40    1.84    2.35    8.56
              temp =  -62.43  -66.24  -49.00  -28.76  -12.21    0.82    8.74   14.15
 step =  8100 reke =   59.56  169.87  299.79  232.06  128.24   69.68   56.35   55.79
              deke =    1.15    7.50   11.29    4.91    1.86    2.23    3.03    8.42
              temp =  -62.44  -66.24  -49.13  -28.32  -11.95    0.93    8.93   14.22
 step =  8280 reke =   52.04  126.03  217.09  169.31   95.54   56.37   48.51   51.99
              deke =    0.79    6.93   10.22    5.15    1.70    1.80    2.31    7.22
              temp =  -62.49  -66.19  -49.15  -28.18  -11.77    1.16    9.01   14.39
 step =  8460 reke =   51.05   99.52  206.86  146.76   84.57   46.90   43.18   50.04
              deke =    0.52    6.15   12.19    4.34    2.06    1.84    2.35    8.23
              temp =  -62.46  -66.24  -49.02  -28.51  -11.75    1.12    8.74   14.07
 step =  8640 reke =   59.30  105.59  203.82  162.68   97.78   51.04   46.08   52.00
              deke =    0.62    9.03   12.13    4.68    2.66    2.16    3.01    7.89
              temp =  -62.47  -66.23  -48.78  -28.32  -11.81    1.10    8.83   14.16
  field:            1    no. of faulty points:           0
  undefined values set to   0.0000000000000000     
  start of year/month =         1983           9
 step =  8820 reke =  118.97  150.12  221.04  174.70  101.11   57.26   46.91   50.80
              deke =    0.99    7.58   11.78    4.22    2.31    2.00    2.65    7.21
              temp =  -62.42  -66.23  -48.87  -28.28  -12.03    0.95    8.74   14.13
 step =  9000 reke =   45.94   94.17  179.10  161.06   94.17   56.72   51.70   54.59
              deke =    0.89    9.48   10.76    5.04    2.40    1.94    2.77    8.17
              temp =  -62.39  -66.27  -48.90  -28.25  -12.26    0.77    8.64   14.09
 step =  9180 reke =   89.00  143.51  244.64  213.73  128.67   73.34   63.65   63.99
              deke =    0.83    6.51    9.00    4.79    2.48    1.91    2.72    9.28
              temp =  -62.37  -66.25  -49.07  -27.87  -11.47    1.06    8.84   14.13
 step =  9360 reke =   45.33   99.20  198.79  164.00   93.46   50.98   43.16   45.34
              deke =    0.66    3.97   10.85    4.99    2.20    1.59    2.09    6.73
              temp =  -62.41  -66.21  -49.34  -28.08  -11.74    1.27    8.94   14.29
 step =  9540 reke =   62.81  127.92  215.35  164.88   91.60   50.58   46.90   51.52
              deke =    1.09    7.50    9.75    3.82    1.69    1.52    2.11    7.79
              temp =  -62.44  -66.23  -49.25  -28.26  -12.01    1.10    8.92   14.29
 step =  9720 reke =   65.35  115.51  203.79  161.02   91.66   53.35   46.48   49.01
              deke =    0.78    6.51    9.98    4.59    2.10    1.98    2.46    8.13
              temp =  -62.47  -66.27  -49.09  -28.35  -12.15    0.94    8.78   14.29
  field:            1    no. of faulty points:           0
  undefined values set to   0.0000000000000000     
  start of year/month =         1983          10
 step =  9900 reke =   42.85  114.18  236.82  165.28  102.88   59.24   50.50   54.92
              deke =    0.71    6.97   12.17    4.12    2.33    2.36    2.39    7.68
              temp =  -62.49  -66.25  -48.86  -28.27  -11.80    1.25    8.97   14.27
 step = 10080 reke =   59.21  134.05  263.09  197.68  111.74   60.61   49.85   50.65
              deke =    0.96    5.79   10.47    5.48    3.14    2.27    2.99    6.92
              temp =  -62.54  -66.16  -48.82  -28.13  -11.85    1.20    8.79   14.12
 step = 10260 reke =   73.62  136.44  236.30  172.93  101.56   55.03   46.12   49.23
              deke =    1.16   10.61   11.86    6.11    2.99    2.51    3.11    7.98
              temp =  -62.48  -66.21  -49.03  -28.11  -11.81    1.13    8.76   14.05
 step = 10440 reke =   52.47  117.32  194.35  157.11   90.90   49.99   41.46   47.52
              deke =    0.77    7.83    9.63    5.01    2.21    2.06    2.56    7.38
              temp =  -62.42  -66.30  -48.89  -28.43  -11.84    1.13    8.95   14.21
 step = 10620 reke =   67.01  132.06  230.99  176.36   95.55   52.39   48.13   50.95
              deke =    0.92    9.22   13.29    4.08    2.19    2.28    3.12    8.97
              temp =  -62.39  -66.25  -48.84  -28.53  -12.01    1.09    8.95   14.19
 step = 10800 reke =   57.52  116.40  178.60  139.78   84.85   49.05   42.04   43.79
              deke =    0.55    7.06    9.49    4.50    2.01    2.78    2.58    7.35
              temp =  -62.41  -66.24  -49.15  -28.49  -12.14    0.90    8.82   14.27
  field:            1    no. of faulty points:           0
  undefined values set to   0.0000000000000000     
  start of year/month =         1983          11
 step = 10980 reke =   36.82  136.56  227.10  186.12  116.59   69.86   60.00   59.25
              deke =    0.55    8.81   10.57    4.20    3.14    2.82    2.95    9.56
              temp =  -62.42  -66.17  -48.79  -28.43  -12.04    0.93    8.87   14.14
 step = 11160 reke =   34.40  113.34  198.59  165.13   93.88   53.13   50.60   53.25
              deke =    0.41    6.12    9.01    5.13    2.20    1.70    2.44    7.48
              temp =  -62.45  -66.16  -48.74  -28.14  -12.08    1.08    8.84   14.16
 step = 11340 reke =   92.25  151.97  219.04  172.62  100.28   58.92   49.07   51.13
              deke =    0.77    6.63    9.75    4.28    1.91    1.91    2.49    7.43
              temp =  -62.44  -66.22  -48.97  -28.11  -11.79    1.04    8.71   14.05
 step = 11520 reke =   53.26  102.94  171.93  151.91   89.10   47.94   44.00   49.36
              deke =    0.52    4.56    8.86    3.56    1.98    1.67    2.48    7.81
              temp =  -62.41  -66.26  -49.21  -28.32  -11.97    1.02    8.87   14.23
 step = 11700 reke =   45.44  116.09  201.57  157.76   91.66   51.87   45.59   48.09
              deke =    0.91    6.89   11.52    4.86    2.25    2.27    2.47    7.29
              temp =  -62.42  -66.26  -48.90  -28.26  -11.96    1.05    8.66   14.06
 step = 11880 reke =   50.45  121.23  185.89  144.25   85.86   50.11   44.66   51.01
              deke =    0.67    8.50   10.91    4.96    2.34    1.94    2.16    7.72
              temp =  -62.40  -66.22  -48.89  -28.30  -12.03    1.01    8.72   14.10
 Write restart dataset for year/month/date/hour:         1983 /          12 /           1 /           0
  field:            1    no. of faulty points:           0
  undefined values set to   0.0000000000000000     
  start of year/month =         1983          12
 step = 12060 reke =   46.55  116.83  187.37  153.43   93.23   54.52   46.66   50.73
              deke =    0.80    8.54    9.45    4.74    2.47    2.56    2.83    8.10
              temp =  -62.43  -66.11  -49.15  -27.99  -11.75    1.14    8.88   14.19
 step = 12240 reke =   63.90  113.38  202.49  160.69   93.36   54.41   47.87   50.88
              deke =    0.85    7.08    9.30    4.35    2.08    2.26    2.96    8.59
              temp =  -62.39  -66.08  -48.93  -28.32  -12.10    0.99    8.84   14.03
 step = 12420 reke =   54.49  130.21  212.25  171.94  103.09   58.15   47.68   50.17
              deke =    0.46    5.92    9.79    5.16    1.94    2.21    2.65    7.44
              temp =  -62.39  -66.06  -48.91  -28.24  -12.02    0.86    8.68   14.09
 step = 12600 reke =   61.03   99.75  200.03  178.43   99.47   50.86   44.62   49.15
              deke =    0.59    6.19   10.62    4.36    2.51    1.98    2.51    8.32
              temp =  -62.34  -66.05  -49.02  -28.37  -11.65    1.01    8.67   14.09
 step = 12780 reke =   68.11  103.17  186.49  143.98   86.45   47.02   38.84   42.62
              deke =    0.65    6.02    9.85    3.98    2.16    2.19    2.55    6.85
              temp =  -62.36  -66.00  -49.04  -28.59  -11.77    1.08    8.65   14.11
 step = 12960 reke =   36.85  101.72  184.11  133.69   85.21   47.32   44.52   48.71
              deke =    0.51    8.40   11.09    4.40    2.63    1.87    3.08    7.83
              temp =  -62.38  -66.06  -49.02  -28.33  -11.84    1.06    8.68   14.07
 step = 13140 reke =   35.81  125.63  253.31  183.53   99.55   55.63   51.79   55.01
              deke =    0.75    8.98   11.33    5.33    2.77    2.01    3.08    9.02
              temp =  -62.40  -66.08  -49.17  -28.21  -12.13    0.80    8.68   13.98
  field:            1    no. of faulty points:           0
  undefined values set to   0.0000000000000000     
 Write restart dataset for year/month/date/hour:         1984 /           1 /           1 /           0
