  hallo from speedy_agcm
&RESOLUTION
 NTRUN=         30,
 MTRUN=         30,
 IX=         96,
 IY=         24,
 KX=          8,
 /
&INPUT_RESOLUTION
 NTRUN_IN=         30,
 MTRUN_IN=         30,
 IX_IN=         96,
 IY_IN=         24,
 KX_IN=          8,
 /
&COUPLING_FLAGS
 ICLAND=          1,
 ICSEA=          0,
 ICICE=          1,
 ISSTAN=          1,
 /
&LAND
 DEPTH_SOIL=  1.0000000000000000     ,
 DEPTH_LICE=  5.0000000000000000     ,
 TDLAND=  40.000000000000000     ,
 FLANDMIN= 0.33333333333333331     ,
 /
&SEA
 DEPTH_ML=  60.000000000000000     ,
 DEPT0_ML=  40.000000000000000     ,
 DEPTH_ICE=  2.5000000000000000     ,
 DEPT0_ICE=  1.5000000000000000     ,
 TDSST=  90.000000000000000     ,
 TDICE=  30.000000000000000     ,
 FSEAMIN= 0.33333333333333331     ,
 BETA=  1.0000000000000000     ,
 L_GLOBE=T,
 L_NORTHE=F,
 L_NATLAN=F,
 L_NPACIF=F,
 L_TROPIC=F,
 L_INDIAN=F,
 /
&DYNAMICS
 GAMMA=  6.0000000000000000     ,
 HSCALE=  7.5000000000000000     ,
 HSHUM=  2.5000000000000000     ,
 REFRH1= 0.69999999999999996     ,
 THD=  2.3999999999999999     ,
 THDD=  2.3999999999999999     ,
 THDS=  12.000000000000000     ,
 TDRS=  720.00000000000000     ,
 /
&FORCING
 LCO2=F,
 IYEAR_REF=       1950,
 DEL_CO2=  5.0000000000000001E-003,
 ABLCO2=  6.0000000000000000     ,
 ALBSEA=  7.0000000000000007E-002,
 ALBICE= 0.59999999999999998     ,
 ALBSN= 0.59999999999999998     ,
 /
&SOLAR_FORCING
 SOLC=  342.00000000000000     ,
 EPSSW=  2.0000000000000000E-002,
 /
&SURFACE
 SWCAP= 0.29999999999999999     ,
 SWWIL= 0.17000000000000001     ,
 SD2SC=  60.000000000000000     ,
 /
&TIMESTEPPING
 NSTEPS=         36,
 NSTDIA=        180,
 NMONRS=         12,
 ROB=  5.0000000000000003E-002,
 WIL= 0.53000000000000003     ,
 /
&CONVECTION
 PSMIN= 0.80000000000000004     ,
 TRCNV=  6.0000000000000000     ,
 RHBL= 0.90000000000000002     ,
 RHIL= 0.69999999999999996     ,
 ENTMAX= 0.50000000000000000     ,
 SMF= 0.80000000000000004     ,
 /
&CONDENSATION
 TRLSC=  4.0000000000000000     ,
 RHLSC= 0.90000000000000002     ,
 DRHLSC= 0.10000000000000001     ,
 RHBLSC= 0.94999999999999996     ,
 /
&CLOUD_PARAMETERS
 RHCL1= 0.29999999999999999     ,
 RHCL2=  1.0000000000000000     ,
 QACL= 0.20000000000000001     ,
 WPCL= 0.20000000000000001     ,
 PMAXCL=  10.000000000000000     ,
 CLSMAX= 0.59999999999999998     ,
 CLSMINL= 0.14999999999999999     ,
 GSE_S0= 0.25000000000000000     ,
 GSE_S1= 0.40000000000000002     ,
 /
&SW_RADIATION
 NSTRAD=          3,
 ABSDRY=  3.3000000000000002E-002,
 ABSAER=  3.3000000000000002E-002,
 ABSWV1=  2.1999999999999999E-002,
 ABSWV2=  15.000000000000000     ,
 ABSCL1=  1.4999999999999999E-002,
 ABSCL2= 0.14999999999999999     ,
 ALBCL= 0.42999999999999999     ,
 ALBCLS= 0.50000000000000000     ,
 /
&LW_RADIATION
 EPSLW=  5.0000000000000003E-002,
 EMISFC= 0.97999999999999998     ,
 ABLWIN= 0.29999999999999999     ,
 ABLWV1= 0.69999999999999996     ,
 ABLWV2=  50.000000000000000     ,
 ABLCL1=  12.000000000000000     ,
 ABLCL2= 0.59999999999999998     ,
 /
&SURFACE_FLUXES
 FWIND0= 0.94999999999999996     ,
 FTEMP0=  1.0000000000000000     ,
 FHUM0=  0.0000000000000000     ,
 CDL=  2.3999999999999998E-003,
 CDS=  1.0000000000000000E-003,
 CHL=  1.1999999999999999E-003,
 CHS=  8.9999999999999998E-004,
 VGUST=  5.0000000000000000     ,
 CTDAY=  1.0000000000000000E-002,
 DTHETA=  3.0000000000000000     ,
 FSTAB= 0.67000000000000004     ,
 HDRAG=  2000.0000000000000     ,
 FHDRAG= 0.50000000000000000     ,
 CLAMBDA=  7.0000000000000000     ,
 CLAMBSN=  7.0000000000000000     ,
 /
&VERTICAL_DIFFUSION
 TRSHC=  6.0000000000000000     ,
 TRVDI=  24.000000000000000     ,
 TRVDS=  6.0000000000000000     ,
 REDSHC= 0.50000000000000000     ,
 RHGRAD= 0.50000000000000000     ,
 SEGRAD= 0.10000000000000001     ,
 /
&SPPT
 SPPT_ON=F,
 NSCALES=          3,
 L_ADDITIVE=F,
 /
&SPPT_PARAMETERS
 MU= 8*1.0000000000000000       ,
 TIME_DECORR=  3.0000000000000000     ,  72.000000000000000     ,  720.00000000000000     ,
 LEN_DECORR=  500000.00000000000     ,  1000000.0000000000     ,  2000000.0000000000     ,
 STDDEV= 0.52000000000000002     , 0.17999999999999999     ,  5.9999999999999998E-002,
 ADDITIVE_MAGNITUDE=  9.9999999999999995E-007,
 /
 Read namelist
 start date         1983           1           1           0
  Model half-level (*1000)           1           0
  Model half-level (*1000)           2          50
  Model half-level (*1000)           3         140
  Model half-level (*1000)           4         260
  Model half-level (*1000)           5         420
  Model half-level (*1000)           6         600
  Model half-level (*1000)           7         770
  Model half-level (*1000)           8         900
  Model half-level (*1000)           9        1000
  Model full-level (*1000)           1          25
  Model full-level (*1000)           2          95
  Model full-level (*1000)           3         200
  Model full-level (*1000)           4         340
  Model full-level (*1000)           5         510
  Model full-level (*1000)           6         685
  Model full-level (*1000)           7         835
  Model full-level (*1000)           8         950
  temp/hum correction at level            2  0.66167368341273969        0.0000000000000000     
  temp/hum correction at level            3  0.75399289734237440        8.0000000000000019E-003
  temp/hum correction at level            4  0.82755908289241631        3.9303999999999992E-002
  temp/hum correction at level            5  0.88857447279504564       0.13265100000000002     
  temp/hum correction at level            6  0.93577679872957287       0.32141912500000008     
  temp/hum correction at level            7  0.96885785555841186       0.58218287499999988     
  temp/hum correction at level            8  0.99104107712276879       0.85737499999999989     
 Filter applied at wavenumber           30
  field:            1    no. of faulty points:           0
  field:            2    no. of faulty points:           0
  field:            3    no. of faulty points:           0
  field:            4    no. of faulty points:           0
  field:            5    no. of faulty points:           0
  field:            6    no. of faulty points:           0
  field:            7    no. of faulty points:           0
  field:            8    no. of faulty points:           0
  field:            9    no. of faulty points:           0
  field:           10    no. of faulty points:           0
  field:           11    no. of faulty points:           0
  field:           12    no. of faulty points:           0
  undefined values set to   273.00000000000000     
  field:            1    no. of faulty points:           0
  field:            2    no. of faulty points:           0
  field:            3    no. of faulty points:           0
  field:            4    no. of faulty points:           0
  field:            5    no. of faulty points:           0
  field:            6    no. of faulty points:           0
  field:            7    no. of faulty points:           0
  field:            8    no. of faulty points:           0
  field:            9    no. of faulty points:           0
  field:           10    no. of faulty points:           0
  field:           11    no. of faulty points:           0
  field:           12    no. of faulty points:           0
  undefined values set to   0.0000000000000000     
  field:            1    no. of faulty points:           0
  field:            2    no. of faulty points:           0
  field:            3    no. of faulty points:           0
  field:            4    no. of faulty points:           0
  field:            5    no. of faulty points:           0
  field:            6    no. of faulty points:           0
  field:            7    no. of faulty points:           0
  field:            8    no. of faulty points:           0
  field:            9    no. of faulty points:           0
  field:           10    no. of faulty points:           0
  field:           11    no. of faulty points:           0
  field:           12    no. of faulty points:           0
  undefined values set to   0.0000000000000000     
  field:            1    no. of faulty points:           0
  field:            2    no. of faulty points:           0
  field:            3    no. of faulty points:           0
  field:            4    no. of faulty points:           0
  field:            5    no. of faulty points:           0
  field:            6    no. of faulty points:           0
  field:            7    no. of faulty points:           0
  field:            8    no. of faulty points:           0
  field:            9    no. of faulty points:           0
  field:           10    no. of faulty points:           0
  field:           11    no. of faulty points:           0
  field:           12    no. of faulty points:           0
  undefined values set to   273.00000000000000     
  field:            1    no. of faulty points:           0
  field:            2    no. of faulty points:           0
  field:            3    no. of faulty points:           0
  field:            4    no. of faulty points:           0
  field:            5    no. of faulty points:           0
  field:            6    no. of faulty points:           0
  field:            7    no. of faulty points:           0
  field:            8    no. of faulty points:           0
  field:            9    no. of faulty points:           0
  field:           10    no. of faulty points:           0
  field:           11    no. of faulty points:           0
  field:           12    no. of faulty points:           0
  undefined values set to   0.0000000000000000     
 isst0 =           49
  field:            1    no. of faulty points:           0
  field:            2    no. of faulty points:           0
  field:            3    no. of faulty points:           0
  undefined values set to   0.0000000000000000     
  starting from rest
  q0 jlat =            1   8.0124160080745082     
  q0 jlat =            2   8.0325467828210844     
  q0 jlat =            3   8.1310482439925416     
  q0 jlat =            4   8.4129836238731439     
  q0 jlat =            5   8.3166862585963468     
  q0 jlat =            6   7.6745770287689936     
  q0 jlat =            7   7.2575199513940900     
  q0 jlat =            8   7.4462319570989468     
  q0 jlat =            9   7.7898820564724023     
  q0 jlat =           10   7.7554519557003641     
  q0 jlat =           11   7.3577617499876693     
  q0 jlat =           12   6.9634389136572308     
  q0 jlat =           13   6.7419391465957164     
  q0 jlat =           14   6.4630886358626958     
  q0 jlat =           15   6.0919382000019384     
  q0 jlat =           16   6.0681488341477463     
  q0 jlat =           17   6.4779225464274033     
  q0 jlat =           18   6.8014028790640966     
  q0 jlat =           19   6.8554012824782724     
  q0 jlat =           20   6.9084580667498328     
  q0 jlat =           21   6.9377322809585671     
  q0 jlat =           22   7.0411257827928804     
  q0 jlat =           23   7.4692373281648985     
  q0 jlat =           24   7.7901829865389454     
  q0 jlat =           25   7.6275466971723178     
  q0 jlat =           26   7.5691402798179954     
  q0 jlat =           27   7.7561295676051758     
  q0 jlat =           28   7.6446092250859428     
  q0 jlat =           29   7.4391692231506017     
  q0 jlat =           30   7.5137765153159251     
  q0 jlat =           31   7.5403442198988619     
  q0 jlat =           32   7.5498925955501468     
  q0 jlat =           33   7.8440594238691785     
  q0 jlat =           34   7.9522223633897129     
  q0 jlat =           35   7.7119789982330733     
  q0 jlat =           36   7.7264403839317533     
  q0 jlat =           37   7.8396452943299204     
  q0 jlat =           38   7.6747999897667327     
  q0 jlat =           39   7.6476964608051263     
  q0 jlat =           40   7.7388468281096658     
  q0 jlat =           41   7.7327653396942360     
  q0 jlat =           42   7.9724126096223999     
  q0 jlat =           43   7.2082520092460101     
  q0 jlat =           44   4.5852057160622959     
  q0 jlat =           45   2.8967810565049978     
  q0 jlat =           46   2.9445081663937631     
  q0 jlat =           47   3.4148221003933648     
  q0 jlat =           48   2.9225595216982585     
 vertical scale factor at level            3   8.0000000000000019E-003
 vertical scale factor at level            4   3.9303999999999992E-002
 vertical scale factor at level            5  0.13265100000000002     
 vertical scale factor at level            6  0.32141912500000008     
 vertical scale factor at level            7  0.58218287499999988     
 vertical scale factor at level            8  0.85737499999999989     
 step =     0 reke =    0.00    0.00    0.00    0.00    0.00    0.00    0.00    0.00
              deke =    0.00    0.00    0.00    0.00    0.00    0.00    0.00    0.00
              temp =  216.00  216.00  216.11  237.20  254.69  268.22  277.70  284.06
   tref =    217.14995443460384     
   tref =    217.14995443460384     
   tref =    217.14995443460384     
   tref =    238.33701587301590     
   tref =    255.90944816497316     
   tref =    269.50371803411701     
   tref =    279.03106240082263     
   tref =    285.41983021135741     
   tref =    217.14995443460384     
   tref =    217.14995443460384     
   tref =    217.14995443460384     
   tref =    238.33701587301590     
   tref =    255.90944816497316     
   tref =    269.50371803411701     
   tref =    279.03106240082263     
   tref =    285.41983021135741     
   tref =    217.14995443460384     
   tref =    217.14995443460384     
   tref =    217.14995443460384     
   tref =    238.33701587301590     
   tref =    255.90944816497316     
   tref =    269.50371803411701     
   tref =    279.03106240082263     
   tref =    285.41983021135741     
 integration length in days:          365
  start of year/month =         1983           1
 step =   180 reke =    2.20    8.11   34.83   24.75    7.19    7.55   10.52    8.42
              deke =    0.71    0.98    4.45    2.65    1.05    1.31    2.19    4.10
              temp =  214.70  214.00  217.73  236.26  257.27  270.91  279.87  285.48
 step =   360 reke =    8.73   32.52  105.71   74.20   29.74   24.20   24.10   22.61
              deke =    0.41    1.85    8.77    5.39    1.59    1.99    2.48    5.91
              temp =  213.80  212.60  219.95  238.99  256.97  271.52  279.92  285.69
 step =   540 reke =   19.36   70.38  144.63  115.25   58.82   38.94   40.03   42.21
              deke =    0.24    4.37    9.55    6.59    1.86    2.12    2.54    7.87
              temp =  213.14  211.51  221.00  240.45  258.11  272.01  280.14  285.74
 step =   720 reke =   37.16   85.66  187.52  151.65   86.58   51.58   50.92   51.80
              deke =    0.52    4.88   10.07    6.64    2.26    2.29    3.30    8.82
              temp =  212.63  210.62  222.01  241.03  258.70  272.47  280.49  286.07
 step =   900 reke =   24.24  120.79  230.42  172.12   98.91   58.20   46.67   47.89
              deke =    0.24    6.21    9.53    6.17    2.66    1.90    2.45    7.40
              temp =  212.23  209.97  222.62  241.81  259.34  273.02  280.83  286.39
 step =  1080 reke =   54.75  106.64  195.29  170.45   97.93   54.86   45.67   47.91
              deke =    0.46    7.11   12.89    6.53    3.21    2.96    2.94    7.81
              temp =  211.91  209.39  222.92  241.88  259.50  273.05  280.98  286.57
  field:            1    no. of faulty points:           0
  undefined values set to   0.0000000000000000     
  start of year/month =         1983           2
 step =  1260 reke =   51.42   91.72  181.62  183.68  111.42   59.22   49.51   52.25
              deke =    0.37    6.37   11.34    5.70    2.55    2.44    2.77    8.76
              temp =  211.65  208.95  223.05  242.03  259.72  273.29  281.15  286.59
 step =  1440 reke =   43.74   90.58  171.22  150.30   86.86   48.53   41.54   45.44
              deke =    0.44    5.21    9.32    5.19    1.99    2.16    2.57    8.39
              temp =  211.43  208.56  223.17  242.43  259.64  273.28  281.16  286.51
 step =  1620 reke =   32.73  102.05  157.10  157.49   97.92   55.13   48.35   49.79
              deke =    0.34    6.67    9.93    5.52    2.35    1.94    2.90    8.50
              temp =  211.22  208.20  223.23  242.37  259.75  273.31  281.09  286.51
 step =  1800 reke =   50.28  140.66  194.73  164.05   91.77   47.45   41.68   45.28
              deke =    0.43    8.25    8.14    5.24    2.13    1.74    2.42    8.00
              temp =  211.06  207.97  223.32  242.47  259.63  273.20  281.06  286.60
 step =  1980 reke =   42.05  124.14  180.90  166.52   95.45   51.16   43.78   47.73
              deke =    0.35    8.71    9.95    5.52    2.24    2.01    2.56    7.72
              temp =  210.91  207.77  223.31  242.46  259.63  273.15  281.09  286.52
  field:            1    no. of faulty points:           0
  undefined values set to   0.0000000000000000     
  start of year/month =         1983           3
 step =  2160 reke =   24.94  112.08  203.43  187.77  108.05   59.88   50.38   54.85
              deke =    0.33    5.82    7.73    5.31    2.09    2.00    2.57    9.21
              temp =  210.77  207.67  223.46  242.56  260.02  273.35  281.22  286.57
 step =  2340 reke =   37.80  123.78  171.85  160.97   94.34   56.31   50.10   53.72
              deke =    0.50    7.57    8.66    6.35    1.67    2.03    2.35    8.39
              temp =  210.67  207.56  223.32  242.85  259.89  273.34  281.27  286.71
 step =  2520 reke =   45.72  152.03  221.47  183.78  100.50   57.36   47.42   49.58
              deke =    0.46    7.04    9.84    5.89    1.94    2.25    2.68    8.20
              temp =  210.60  207.48  223.17  243.10  260.05  273.27  281.16  286.53
 step =  2700 reke =   39.73  106.21  175.15  167.34   93.69   55.88   48.56   50.67
              deke =    0.45    6.09    8.24    5.03    2.01    1.86    2.31    7.86
              temp =  210.50  207.36  223.13  242.96  259.97  273.35  281.21  286.62
 step =  2880 reke =   53.18   98.23  154.28  151.07   92.89   51.72   45.90   49.88
              deke =    0.45    7.00    7.73    5.37    1.71    1.72    2.40    7.62
              temp =  210.43  207.25  223.14  242.81  259.60  273.07  281.08  286.63
 step =  3060 reke =   49.09  114.54  178.02  161.78   89.87   49.91   44.71   46.55
              deke =    0.57    6.26    8.25    5.94    2.11    1.81    2.70    8.20
              temp =  210.37  207.15  223.27  243.02  259.77  273.09  281.04  286.65
 step =  3240 reke =   64.21  117.12  211.74  184.13   94.04   51.03   44.52   50.60
              deke =    0.56    5.11   11.40    6.29    2.59    2.11    2.70    8.26
              temp =  210.32  207.01  223.20  243.28  260.04  273.34  281.14  286.58
  field:            1    no. of faulty points:           0
  undefined values set to   0.0000000000000000     
  start of year/month =         1983           4
 step =  3420 reke =   44.45  133.04  168.19  146.93   85.70   47.63   43.03   46.67
              deke =    0.43   10.94    9.75    5.40    2.09    2.38    2.70    8.07
              temp =  210.30  206.91  223.18  243.00  260.27  273.33  281.21  286.66
 step =  3600 reke =   64.46  110.76  165.87  148.63   80.69   45.16   42.71   46.67
              deke =    0.81    5.70    8.52    4.56    2.09    1.89    2.46    7.47
              temp =  210.30  206.83  223.24  242.92  260.11  273.32  281.18  286.59
 step =  3780 reke =   61.88  124.47  158.98  134.77   83.46   51.43   44.25   47.51
              deke =    0.62    8.94    6.34    3.85    1.60    1.69    2.63    7.41
              temp =  210.28  206.75  222.97  242.82  260.09  273.34  281.07  286.62
 step =  3960 reke =   52.08  114.82  178.64  157.59   87.99   46.49   41.28   46.23
              deke =    0.84   10.73    7.51    4.16    2.94    1.65    2.49    7.55
              temp =  210.31  206.60  222.80  243.17  259.99  273.34  281.17  286.64
 step =  4140 reke =   64.78  134.99  168.26  146.21   87.09   47.18   44.50   48.28
              deke =    0.67    8.04    6.55    4.52    3.17    1.75    2.46    8.12
              temp =  210.29  206.48  222.88  243.20  259.95  273.24  281.09  286.56
 step =  4320 reke =   44.08  126.24  186.79  163.55   98.83   53.75   46.82   49.43
              deke =    0.55    6.60    7.46    5.11    3.04    2.38    3.23    8.65
              temp =  210.26  206.49  223.08  242.83  260.09  273.30  281.06  286.43
  field:            1    no. of faulty points:           0
  undefined values set to   0.0000000000000000     
  start of year/month =         1983           5
 step =  4500 reke =   73.87  134.20  162.05  140.31   84.20   48.75   42.17   44.01
              deke =    0.75    6.72    6.25    3.31    2.07    1.64    2.55    6.35
              temp =  210.23  206.44  223.12  242.50  259.69  273.06  281.08  286.63
 step =  4680 reke =   51.76  137.44  179.41  146.44   87.86   49.90   48.32   52.61
              deke =    0.54   10.63    9.81    4.15    2.27    1.47    2.85    7.79
              temp =  210.21  206.36  223.30  242.67  259.75  273.11  281.04  286.48
 step =  4860 reke =   53.46  118.62  173.55  154.85   96.08   53.05   46.69   51.46
              deke =    0.39    4.79    5.01    4.44    1.90    1.52    1.99    7.11
              temp =  210.18  206.31  223.25  242.51  259.87  273.16  281.00  286.47
 step =  5040 reke =   42.97  105.97  159.20  136.27   80.91   42.46   39.25   44.20
              deke =    0.40    6.11    5.63    3.70    2.84    1.63    2.61    6.67
              temp =  210.15  206.29  223.09  242.43  259.89  273.10  281.00  286.55
 step =  5220 reke =   32.25   85.59  150.77  150.79   88.53   49.05   47.73   52.70
              deke =    0.54    5.12    6.96    4.48    2.06    1.44    2.60    8.00
              temp =  210.09  206.29  222.64  242.38  259.82  272.96  280.88  286.45
 step =  5400 reke =   47.91  120.21  193.07  170.37   98.92   51.13   42.73   46.10
              deke =    0.52    5.86    6.49    4.76    2.15    1.69    2.42    6.90
              temp =  210.08  206.26  222.65  242.81  259.82  273.19  281.03  286.56
  field:            1    no. of faulty points:           0
  undefined values set to   0.0000000000000000     
  start of year/month =         1983           6
 step =  5580 reke =   59.20  112.77  191.34  143.99   83.04   46.56   41.95   47.26
              deke =    0.70    4.63    6.96    4.48    2.33    1.97    2.25    6.64
              temp =  210.10  206.17  222.47  242.95  260.00  273.28  281.20  286.63
 step =  5760 reke =   55.22  108.29  160.26  137.14   78.07   38.70   37.00   40.43
              deke =    0.56    5.98    7.11    4.66    1.96    1.86    2.59    7.73
              temp =  210.12  206.16  222.56  243.04  260.04  273.26  281.05  286.45
 step =  5940 reke =   88.11  127.09  197.67  172.65  100.70   55.00   47.73   51.91
              deke =    1.01    7.77    7.83    4.02    2.67    1.86    2.71    6.93
              temp =  210.06  206.15  222.68  243.17  260.08  273.22  281.17  286.62
 step =  6120 reke =   61.95   97.75  136.48  127.96   84.26   45.28   39.25   45.00
              deke =    0.77    5.65    6.42    3.97    1.97    1.67    2.34    5.60
              temp =  210.07  206.15  222.58  242.70  259.91  273.30  281.20  286.83
 step =  6300 reke =   58.55  120.41  189.02  165.06   96.53   52.94   47.98   51.60
              deke =    0.74    6.71    7.30    3.49    2.33    1.71    2.91    7.67
              temp =  210.06  206.11  222.92  242.66  259.73  273.22  281.19  286.61
 step =  6480 reke =   66.36  121.29  191.76  154.79   94.93   56.25   49.50   52.91
              deke =    0.57    6.16    6.43    4.20    2.62    1.55    2.59    7.50
              temp =  210.03  206.05  222.91  242.89  260.07  273.42  281.05  286.47
  field:            1    no. of faulty points:           0
  undefined values set to   0.0000000000000000     
  start of year/month =         1983           7
 step =  6660 reke =   47.52  108.76  203.94  180.34  112.44   61.38   52.76   56.85
              deke =    0.47    4.89    8.00    3.91    2.36    1.91    3.17    8.10
              temp =  210.04  206.03  222.72  243.26  260.26  273.43  281.08  286.48
 step =  6840 reke =   31.98   89.98  140.00  131.25   75.40   44.40   41.10   43.35
              deke =    0.36    5.84    7.25    3.83    1.80    1.62    2.52    6.90
              temp =  210.05  206.02  222.79  243.02  259.85  273.16  280.95  286.49
 step =  7020 reke =   33.76  127.39  202.32  151.31   78.53   43.45   40.16   45.48
              deke =    0.57    5.28    7.96    5.20    1.58    2.31    2.79    7.65
              temp =  210.04  206.02  223.01  243.04  259.66  273.04  280.91  286.48
 step =  7200 reke =   33.13  132.83  195.60  168.11   90.51   48.62   43.77   48.25
              deke =    0.37    7.79    9.81    6.03    2.64    1.73    2.49    7.93
              temp =  210.01  205.99  223.05  243.45  259.94  273.08  280.96  286.40
 step =  7380 reke =   43.48  135.47  192.63  149.49   84.67   49.05   49.32   51.07
              deke =    0.54    7.18    8.10    6.09    2.20    1.96    2.98    7.44
              temp =  209.99  206.05  223.02  243.13  259.77  273.06  281.07  286.51
 step =  7560 reke =   56.59  166.69  236.00  195.09  107.17   55.92   48.28   51.40
              deke =    0.51    6.62    6.49    4.42    1.75    1.78    2.55    7.68
              temp =  210.02  206.03  223.00  242.85  260.05  273.22  281.09  286.55
  field:            1    no. of faulty points:           0
  undefined values set to   0.0000000000000000     
  start of year/month =         1983           8
 step =  7740 reke =   52.76  127.63  178.16  158.12   88.64   49.05   44.61   48.17
              deke =    0.46    5.92    7.81    5.28    1.61    1.59    2.79    7.15
              temp =  210.01  206.06  222.97  242.87  259.73  273.16  281.00  286.54
 step =  7920 reke =   64.32  125.98  187.16  157.26   82.58   42.85   38.08   41.21
              deke =    0.47    6.58    8.25    4.73    1.71    1.53    2.25    6.72
              temp =  209.97  206.08  222.99  242.96  259.80  273.10  281.03  286.38
 step =  8100 reke =   36.57   92.48  153.17  123.36   64.65   38.30   38.00   43.13
              deke =    0.86    5.72    9.02    4.58    1.74    1.80    2.81    7.92
              temp =  209.95  206.13  223.03  242.57  259.56  273.00  280.93  286.49
 step =  8280 reke =   55.40  109.98  180.01  156.36   93.41   48.75   43.63   51.04
              deke =    0.50    5.28    6.74    5.32    1.81    1.56    2.26    7.89
              temp =  209.95  206.11  223.15  243.06  260.11  273.09  280.94  286.44
 step =  8460 reke =   45.46   96.86  167.27  141.93   83.53   43.84   40.67   44.77
              deke =    0.67    5.24    7.00    5.18    2.41    2.01    3.15    6.90
              temp =  209.98  206.14  223.02  242.65  259.91  273.17  281.03  286.48
 step =  8640 reke =   38.03  121.00  172.53  143.71   82.28   47.46   43.03   45.53
              deke =    0.55    8.98    7.76    4.94    2.39    1.55    2.37    7.04
              temp =  209.99  206.22  222.72  242.88  259.99  273.11  280.99  286.41
  field:            1    no. of faulty points:           0
  undefined values set to   0.0000000000000000     
  start of year/month =         1983           9
 step =  8820 reke =   65.21  130.82  199.03  161.13   87.79   50.57   43.79   47.13
              deke =    0.63    9.54    8.29    4.91    1.76    1.78    2.21    6.90
              temp =  209.96  206.25  222.63  242.56  260.02  273.17  281.01  286.47
 step =  9000 reke =   37.15  119.04  173.43  131.09   78.49   41.93   39.37   43.53
              deke =    0.47    6.40    7.24    4.47    2.09    1.91    2.98    7.19
              temp =  210.00  206.21  222.84  242.66  259.64  273.18  280.92  286.44
 step =  9180 reke =   43.87  101.76  165.11  148.14   91.01   53.98   48.84   50.61
              deke =    0.42    5.62    6.36    4.88    1.86    2.10    3.08    7.74
              temp =  210.01  206.15  222.70  242.93  259.89  273.15  280.94  286.38
 step =  9360 reke =   50.52  128.54  207.11  163.65   90.42   47.36   42.71   44.08
              deke =    0.60    7.57    7.66    4.62    2.26    1.89    2.73    7.32
              temp =  209.99  206.08  222.86  242.86  259.76  273.05  280.99  286.38
 step =  9540 reke =   54.69  121.09  180.10  157.71   97.45   52.56   43.46   43.51
              deke =    0.68    7.51    6.60    4.88    2.55    1.97    2.40    6.91
              temp =  209.99  206.04  222.73  243.06  259.73  273.08  280.99  286.44
 step =  9720 reke =   35.88  105.82  164.96  142.87   83.16   46.46   42.58   48.64
              deke =    0.70    7.10    7.73    4.59    1.77    1.89    2.69    7.43
              temp =  210.00  205.98  222.72  242.75  259.52  273.09  281.12  286.44
  field:            1    no. of faulty points:           0
  undefined values set to   0.0000000000000000     
  start of year/month =         1983          10
 step =  9900 reke =   37.94   94.57  185.20  157.71   88.87   50.86   47.78   53.79
              deke =    0.45    6.28    8.48    6.23    1.97    1.81    2.48    7.29
              temp =  209.96  205.99  222.70  243.07  259.84  273.12  280.94  286.38
 step = 10080 reke =   49.67  137.98  225.03  191.18  102.54   57.87   52.37   54.11
              deke =    0.62    6.88    7.31    3.82    1.55    1.97    2.57    7.45
              temp =  209.96  206.08  222.80  243.06  259.82  273.07  281.06  286.45
 step = 10260 reke =   72.11  130.18  204.07  161.72   99.14   52.90   46.60   48.40
              deke =    1.00    7.21    7.33    5.19    2.21    2.14    2.56    7.29
              temp =  209.97  206.03  222.86  243.02  260.05  273.16  281.14  286.58
 step = 10440 reke =   48.65  108.14  144.79  114.14   63.20   33.94   35.84   38.16
              deke =    0.75    7.46    6.53    4.43    1.69    1.77    2.77    6.68
              temp =  209.98  206.07  222.94  242.52  259.48  273.08  281.10  286.57
 step = 10620 reke =   44.95  105.49  171.85  147.91   86.50   47.46   45.49   48.75
              deke =    0.64    6.26   10.56    5.92    1.86    1.85    3.17    7.59
              temp =  209.98  206.13  223.00  242.60  259.52  272.86  280.74  286.32
 step = 10800 reke =   51.25  104.94  173.55  143.59   87.46   51.73   47.93   51.55
              deke =    0.47    5.79    6.91    3.97    1.82    1.73    3.06    7.33
              temp =  209.93  206.14  222.79  242.88  259.71  273.04  280.99  286.42
  field:            1    no. of faulty points:           0
  undefined values set to   0.0000000000000000     
  start of year/month =         1983          11
 step = 10980 reke =   48.87  110.52  199.06  154.46   92.69   54.20   47.56   49.60
              deke =    0.64    4.96    9.26    5.35    2.11    2.01    3.26    7.77
              temp =  209.91  206.14  222.90  243.43  259.85  273.11  281.04  286.51
 step = 11160 reke =   45.34  118.82  189.75  160.41   94.83   48.83   43.40   42.39
              deke =    0.58    6.49    9.17    5.47    2.31    1.57    3.29    8.15
              temp =  209.94  206.10  223.04  243.23  259.89  273.12  281.05  286.49
 step = 11340 reke =   41.38  110.42  174.76  154.77   98.23   54.02   49.65   48.54
              deke =    0.53    7.70    8.66    4.25    2.12    2.04    3.77    7.77
              temp =  209.95  206.16  223.27  243.22  260.14  273.22  281.11  286.42
 step = 11520 reke =   40.65  130.07  187.95  138.80   85.04   49.62   46.04   45.31
              deke =    0.44    8.23    8.15    4.79    1.72    1.56    3.37    7.04
              temp =  209.97  206.16  223.39  243.04  259.79  273.12  280.91  286.44
 step = 11700 reke =   48.80  119.18  163.85  129.13   82.52   52.63   49.34   49.43
              deke =    0.68    6.97    7.48    4.76    1.93    2.03    3.31    7.71
              temp =  209.98  206.18  223.38  242.93  259.80  273.13  280.92  286.53
 step = 11880 reke =   44.05  126.53  198.34  162.30   92.64   52.90   49.72   48.40
              deke =    0.67    6.48    7.62    6.02    1.72    2.11    3.14    7.67
              temp =  209.96  206.22  223.36  243.11  259.71  272.97  281.00  286.49
 Write restart dataset for year/month/date/hour:         1983 /          12 /           1 /           0
  field:            1    no. of faulty points:           0
  undefined values set to   0.0000000000000000     
  start of year/month =         1983          12
 step = 12060 reke =   54.81  114.74  196.46  148.62   86.81   51.22   47.87   49.96
              deke =    0.60    4.92    7.78    4.37    2.16    2.31    3.31    7.70
              temp =  209.98  206.25  222.98  243.53  260.19  273.19  281.04  286.44
 step = 12240 reke =   37.48  108.47  178.85  129.37   81.44   49.06   46.18   46.17
              deke =    0.43    4.85    6.73    4.05    1.91    1.67    3.16    7.07
              temp =  209.99  206.23  222.82  243.19  260.42  273.36  281.14  286.62
 step = 12420 reke =   46.20   98.54  140.71  113.39   66.63   42.18   40.55   42.61
              deke =    0.31    4.96    6.60    4.58    1.60    1.64    3.30    7.20
              temp =  209.97  206.19  222.97  243.10  259.75  273.16  281.01  286.58
 step = 12600 reke =   42.32  118.75  177.96  154.35   93.70   54.76   49.70   50.55
              deke =    0.51    6.95    6.71    4.12    2.38    2.01    3.28    7.76
              temp =  209.98  206.16  223.12  243.28  260.09  273.27  281.11  286.54
 step = 12780 reke =   45.89  132.23  214.44  169.30   96.49   52.69   50.15   51.45
              deke =    0.63    6.42    6.99    5.45    3.42    2.09    3.27    7.83
              temp =  210.07  206.10  223.18  243.31  260.22  273.39  281.08  286.41
 step = 12960 reke =   58.36  119.57  203.23  147.60   84.14   43.20   38.68   39.86
              deke =    0.75    6.04    8.28    6.24    3.17    2.08    3.39    7.78
              temp =  210.08  206.09  223.09  243.16  260.01  273.24  281.08  286.60
 step = 13140 reke =   41.23  103.89  191.97  171.46   98.80   52.76   44.60   47.53
              deke =    0.42    4.53    7.44    5.97    2.54    1.86    2.52    7.00
              temp =  210.05  206.15  222.90  243.50  259.95  273.27  281.15  286.61
  field:            1    no. of faulty points:           0
  undefined values set to   0.0000000000000000     
 Write restart dataset for year/month/date/hour:         1984 /           1 /           1 /           0
