  hallo from speedy_agcm
 RPE_ACTIVE  T
&RESOLUTION
 NTRUN=         30,
 MTRUN=         30,
 IX=         96,
 IY=         24,
 KX=          8,
 /
&INPUT_RESOLUTION
 NTRUN_IN=         30,
 MTRUN_IN=         30,
 IX_IN=         96,
 IY_IN=         24,
 KX_IN=          8,
 /
&COUPLING_FLAGS
 ICLAND=          1,
 ICSEA=          0,
 ICICE=          1,
 ISSTAN=          1,
 /
&LAND
 DEPTH_SOIL=  1.0000000000000000     ,
 DEPTH_LICE=  5.0000000000000000     ,
 TDLAND=  40.000000000000000     ,
 FLANDMIN= 0.33333333333333331     ,
 /
&SEA
 DEPTH_ML=  60.000000000000000     ,
 DEPT0_ML=  40.000000000000000     ,
 DEPTH_ICE=  2.5000000000000000     ,
 DEPT0_ICE=  1.5000000000000000     ,
 TDSST=  90.000000000000000     ,
 TDICE=  30.000000000000000     ,
 FSEAMIN= 0.33333333333333331     ,
 BETA%VAL=  1.0000000000000000     ,
 L_GLOBE=T,
 L_NORTHE=F,
 L_NATLAN=F,
 L_NPACIF=F,
 L_TROPIC=F,
 L_INDIAN=F,
 /
&DYNAMICS
 GAMMA=  6.0000000000000000     ,
 HSCALE=  7.5000000000000000     ,
 HSHUM=  2.5000000000000000     ,
 REFRH1= 0.69999999999999996     ,
 THD=  2.3999999999999999     ,
 THDD=  2.3999999999999999     ,
 THDS=  12.000000000000000     ,
 TDRS%VAL=  720.00000000000000     ,
 /
&FORCING
 LCO2=F,
 IYEAR_REF=       1950,
 DEL_CO2%VAL=  5.0000000000000001E-003,
 ABLCO2%VAL=  6.0000000000000000     ,
 ALBSEA%VAL=  7.0000000000000007E-002,
 ALBICE%VAL= 0.59999999999999998     ,
 ALBSN%VAL= 0.59999999999999998     ,
 /
&SOLAR_FORCING
 SOLC%VAL=  342.00000000000000     ,
 EPSSW%VAL=  2.0000000000000000E-002,
 /
&SURFACE
 SWCAP%VAL= 0.29999999999999999     ,
 SWWIL%VAL= 0.17000000000000001     ,
 SD2SC%VAL=  60.000000000000000     ,
 /
&TIMESTEPPING
 NSTEPS=         36,
 NSTDIA=        180,
 NMONRS=         12,
 ROB%VAL=  5.0000000000000003E-002,
 WIL%VAL= 0.53000000000000003     ,
 /
&CONVECTION
 PSMIN%VAL= 0.80000000000000004     ,
 TRCNV=  6.0000000000000000     ,
 RHBL%VAL= 0.90000000000000002     ,
 RHIL%VAL= 0.69999999999999996     ,
 ENTMAX= 0.50000000000000000     ,
 SMF%VAL= 0.80000000000000004     ,
 /
&CONDENSATION
 TRLSC%VAL=  4.0000000000000000     ,
 RHLSC= 0.90000000000000002     ,
 DRHLSC= 0.10000000000000001     ,
 RHBLSC= 0.94999999999999996     ,
 /
&CLOUD_PARAMETERS
 RHCL1%VAL= 0.29999999999999999     ,
 RHCL2%VAL=  1.0000000000000000     ,
 QACL%VAL= 0.20000000000000001     ,
 WPCL%VAL= 0.20000000000000001     ,
 PMAXCL%VAL=  10.000000000000000     ,
 CLSMAX%VAL= 0.59999999999999998     ,
 CLSMINL%VAL= 0.14999999999999999     ,
 GSE_S0%VAL= 0.25000000000000000     ,
 GSE_S1%VAL= 0.40000000000000002     ,
 /
&SW_RADIATION
 NSTRAD=          3,
 ABSDRY%VAL=  3.3000000000000002E-002,
 ABSAER%VAL=  3.3000000000000002E-002,
 ABSWV1%VAL=  2.1999999999999999E-002,
 ABSWV2%VAL=  15.000000000000000     ,
 ABSCL1%VAL=  1.4999999999999999E-002,
 ABSCL2%VAL= 0.14999999999999999     ,
 ALBCL%VAL= 0.42999999999999999     ,
 ALBCLS%VAL= 0.50000000000000000     ,
 /
&LW_RADIATION
 EPSLW%VAL=  5.0000000000000003E-002,
 EMISFC%VAL= 0.97999999999999998     ,
 ABLWIN%VAL= 0.29999999999999999     ,
 ABLWV1%VAL= 0.69999999999999996     ,
 ABLWV2%VAL=  50.000000000000000     ,
 ABLCL1%VAL=  12.000000000000000     ,
 ABLCL2%VAL= 0.59999999999999998     ,
 /
&SURFACE_FLUXES
 FWIND0%VAL= 0.94999999999999996     ,
 FTEMP0%VAL=  1.0000000000000000     ,
 FHUM0%VAL=  0.0000000000000000     ,
 CDL%VAL=  2.3999999999999998E-003,
 CDS%VAL=  1.0000000000000000E-003,
 CHL%VAL=  1.1999999999999999E-003,
 CHS%VAL=  8.9999999999999998E-004,
 VGUST%VAL=  5.0000000000000000     ,
 CTDAY%VAL=  1.0000000000000000E-002,
 DTHETA%VAL=  3.0000000000000000     ,
 FSTAB%VAL= 0.67000000000000004     ,
 HDRAG%VAL=  2000.0000000000000     ,
 FHDRAG%VAL= 0.50000000000000000     ,
 CLAMBDA%VAL=  7.0000000000000000     ,
 CLAMBSN%VAL=  7.0000000000000000     ,
 /
&VERTICAL_DIFFUSION
 TRSHC=  6.0000000000000000     ,
 TRVDI=  24.000000000000000     ,
 TRVDS=  6.0000000000000000     ,
 REDSHC%VAL= 0.50000000000000000     ,
 RHGRAD%VAL= 0.50000000000000000     ,
 SEGRAD%VAL= 0.10000000000000001     ,
 /
&SPPT
 SPPT_ON=F,
 NSCALES=          3,
 L_ADDITIVE=F,
 /
&SPPT_PARAMETERS
 MU(1)%VAL=  1.0000000000000000     ,
 MU(2)%VAL=  1.0000000000000000     ,
 MU(3)%VAL=  1.0000000000000000     ,
 MU(4)%VAL=  1.0000000000000000     ,
 MU(5)%VAL=  1.0000000000000000     ,
 MU(6)%VAL=  1.0000000000000000     ,
 MU(7)%VAL=  1.0000000000000000     ,
 MU(8)%VAL=  1.0000000000000000     ,
 TIME_DECORR=  3.0000000000000000     ,  72.000000000000000     ,  720.00000000000000     ,
 LEN_DECORR=  500000.00000000000     ,  1000000.0000000000     ,  2000000.0000000000     ,
 STDDEV= 0.52000000000000002     , 0.17999999999999999     ,  5.9999999999999998E-002,
 ADDITIVE_MAGNITUDE%VAL=  9.9999999999999995E-007,
 /
 Read namelist
 start date         1983           1           1           0
  Model half-level (*1000)           1           0
  Model half-level (*1000)           2          50
  Model half-level (*1000)           3         140
  Model half-level (*1000)           4         260
  Model half-level (*1000)           5         420
  Model half-level (*1000)           6         600
  Model half-level (*1000)           7         770
  Model half-level (*1000)           8         900
  Model half-level (*1000)           9        1000
  Model full-level (*1000)           1          25
  Model full-level (*1000)           2          95
  Model full-level (*1000)           3         200
  Model full-level (*1000)           4         340
  Model full-level (*1000)           5         510
  Model full-level (*1000)           6         685
  Model full-level (*1000)           7         835
  Model full-level (*1000)           8         950
  temp/hum correction at level            2  0.66167368341273969        0.0000000000000000     
  temp/hum correction at level            3  0.75399289734237440        8.0000000000000019E-003
  temp/hum correction at level            4  0.82755908289241631        3.9303999999999992E-002
  temp/hum correction at level            5  0.88857447279504564       0.13265100000000002     
  temp/hum correction at level            6  0.93577679872957287       0.32141912500000008     
  temp/hum correction at level            7  0.96885785555841186       0.58218287499999988     
  temp/hum correction at level            8  0.99104107712276879       0.85737499999999989     
 Filter applied at wavenumber           30
  field:            1    no. of faulty points:           0
  field:            2    no. of faulty points:           0
  field:            3    no. of faulty points:           0
  field:            4    no. of faulty points:           0
  field:            5    no. of faulty points:           0
  field:            6    no. of faulty points:           0
  field:            7    no. of faulty points:           0
  field:            8    no. of faulty points:           0
  field:            9    no. of faulty points:           0
  field:           10    no. of faulty points:           0
  field:           11    no. of faulty points:           0
  field:           12    no. of faulty points:           0
  undefined values set to   273.00000000000000     
  field:            1    no. of faulty points:           0
  field:            2    no. of faulty points:           0
  field:            3    no. of faulty points:           0
  field:            4    no. of faulty points:           0
  field:            5    no. of faulty points:           0
  field:            6    no. of faulty points:           0
  field:            7    no. of faulty points:           0
  field:            8    no. of faulty points:           0
  field:            9    no. of faulty points:           0
  field:           10    no. of faulty points:           0
  field:           11    no. of faulty points:           0
  field:           12    no. of faulty points:           0
  undefined values set to   0.0000000000000000     
  field:            1    no. of faulty points:           0
  field:            2    no. of faulty points:           0
  field:            3    no. of faulty points:           0
  field:            4    no. of faulty points:           0
  field:            5    no. of faulty points:           0
  field:            6    no. of faulty points:           0
  field:            7    no. of faulty points:           0
  field:            8    no. of faulty points:           0
  field:            9    no. of faulty points:           0
  field:           10    no. of faulty points:           0
  field:           11    no. of faulty points:           0
  field:           12    no. of faulty points:           0
  undefined values set to   0.0000000000000000     
  field:            1    no. of faulty points:           0
  field:            2    no. of faulty points:           0
  field:            3    no. of faulty points:           0
  field:            4    no. of faulty points:           0
  field:            5    no. of faulty points:           0
  field:            6    no. of faulty points:           0
  field:            7    no. of faulty points:           0
  field:            8    no. of faulty points:           0
  field:            9    no. of faulty points:           0
  field:           10    no. of faulty points:           0
  field:           11    no. of faulty points:           0
  field:           12    no. of faulty points:           0
  undefined values set to   273.00000000000000     
  field:            1    no. of faulty points:           0
  field:            2    no. of faulty points:           0
  field:            3    no. of faulty points:           0
  field:            4    no. of faulty points:           0
  field:            5    no. of faulty points:           0
  field:            6    no. of faulty points:           0
  field:            7    no. of faulty points:           0
  field:            8    no. of faulty points:           0
  field:            9    no. of faulty points:           0
  field:           10    no. of faulty points:           0
  field:           11    no. of faulty points:           0
  field:           12    no. of faulty points:           0
  undefined values set to   0.0000000000000000     
 isst0 =           49
  field:            1    no. of faulty points:           0
  field:            2    no. of faulty points:           0
  field:            3    no. of faulty points:           0
  undefined values set to   0.0000000000000000     
  reading a restart file
        1983           1           1           0
        1984           1           1           0
 WARNING: Date in restart file does not match requested date
Read restart dataset for year/month/date/hour: 1983/01/01/00
 step =     0 reke =   42.16  112.74  168.11  141.36   83.09   40.89   37.05   42.13
              deke =    0.42    5.24    6.59    4.18    1.90    1.35    2.51    6.96
              temp =  -62.82  -66.71  -49.86  -29.78  -12.98    0.11    8.12   13.55
   tref =    217.14995443460384     
   tref =    217.14995443460384     
   tref =    217.14995443460384     
   tref =    238.33701587301590     
   tref =    255.90944816497316     
   tref =    269.50371803411701     
   tref =    279.03106240082263     
   tref =    285.41983021135741     
 integration length in days:          365
  start of year/month =         1983           1
 step =   180 reke =   53.54  119.63  169.72  133.05   77.78   41.54   40.61   42.83
              deke =    0.52    6.70    7.80    4.91    1.80    1.34    2.63    7.69
              temp =  -62.82  -66.70  -49.94  -29.88  -12.74    0.33    8.08   13.53
 step =   360 reke =   36.27  128.79  173.30  130.56   78.32   39.06   38.18   42.11
              deke =    0.50    9.63    7.72    3.44    2.45    1.45    2.68    7.25
              temp =  -62.86  -66.68  -50.00  -30.11  -12.78    0.33    8.02   13.50
 step =   540 reke =   38.57  124.04  212.04  156.80   86.76   45.94   44.50   47.50
              deke =    0.45    5.77    8.58    4.52    2.42    1.65    2.94    7.87
              temp =  -62.88  -66.74  -49.90  -29.92  -13.15    0.22    8.05   13.53
 step =   720 reke =   49.23  116.42  203.36  157.37   93.34   52.45   48.55   50.15
              deke =    0.73    7.01    7.28    4.28    2.68    1.82    3.41    7.47
              temp =  -62.89  -66.72  -49.83  -30.02  -12.98    0.28    8.13   13.57
 step =   900 reke =   60.67  116.66  185.14  153.96   82.64   45.16   40.34   43.66
              deke =    0.62    6.63    7.02    4.18    1.85    1.72    2.70    7.55
              temp =  -62.86  -66.75  -49.93  -29.75  -12.68    0.41    8.22   13.59
 step =  1080 reke =   43.31  105.27  163.28  131.26   72.17   39.03   34.56   38.67
              deke =    0.34    6.27    5.90    4.64    1.66    1.94    2.85    6.68
              temp =  -62.82  -66.73  -49.81  -29.92  -13.18    0.12    8.06   13.63
  field:            1    no. of faulty points:           0
  undefined values set to   0.0000000000000000     
  start of year/month =         1983           2
 step =  1260 reke =   39.90  114.76  189.13  166.46   91.70   52.41   46.92   51.88
              deke =    0.53    5.58    7.67    4.50    1.88    1.81    2.38    7.31
              temp =  -62.80  -66.82  -49.75  -30.08  -13.02    0.02    7.87   13.47
 step =  1440 reke =   66.70  128.41  186.62  144.97   82.66   44.72   39.92   45.11
              deke =    0.48    5.35    7.38    4.56    2.68    1.51    2.43    7.40
              temp =  -62.83  -66.84  -49.85  -30.03  -12.89    0.29    8.00   13.53
 step =  1620 reke =   39.83  121.09  169.44  133.44   76.72   39.98   39.12   42.27
              deke =    0.62    6.36    7.62    4.29    2.30    1.70    2.91    7.03
              temp =  -62.81  -66.85  -49.54  -30.26  -12.84    0.42    8.18   13.62
 step =  1800 reke =   43.41   99.68  151.80  113.76   68.88   39.92   40.04   45.72
              deke =    0.39    6.58    6.08    3.56    2.02    1.63    2.62    7.17
              temp =  -62.81  -66.87  -49.62  -29.94  -13.20    0.26    8.01   13.57
 step =  1980 reke =   33.98   96.12  186.24  161.67   93.03   53.31   49.50   52.57
              deke =    0.61    5.06    9.87    4.53    2.32    2.24    2.65    8.24
              temp =  -62.83  -66.88  -49.54  -29.89  -12.94    0.32    8.08   13.47
  field:            1    no. of faulty points:           0
  undefined values set to   0.0000000000000000     
  start of year/month =         1983           3
 step =  2160 reke =   43.61  101.64  187.70  155.78   78.30   42.38   41.98   47.80
              deke =    0.59    8.88    6.46    4.62    2.02    2.07    2.59    6.80
              temp =  -62.80  -66.86  -49.82  -30.11  -12.61    0.38    8.16   13.59
 step =  2340 reke =   33.68  109.04  154.73  116.55   59.52   31.45   31.25   36.38
              deke =    0.53    6.68    8.11    4.59    2.01    1.79    2.75    6.37
              temp =  -62.79  -66.88  -49.76  -30.10  -12.97    0.26    8.06   13.61
 step =  2520 reke =   35.91  103.09  151.17  139.59   84.12   49.97   48.48   49.51
              deke =    0.49    7.21    7.63    5.92    1.91    1.72    2.88    8.31
              temp =  -62.83  -66.89  -49.99  -29.79  -12.92    0.18    8.09   13.51
 step =  2700 reke =   37.35  100.69  194.74  144.30   77.63   43.93   41.14   44.16
              deke =    0.65    4.49    8.28    4.45    2.15    2.23    2.53    7.23
              temp =  -62.82  -66.91  -50.07  -29.75  -12.57    0.45    8.23   13.59
 step =  2880 reke =   54.05  119.98  200.53  142.73   81.48   49.66   47.20   51.58
              deke =    0.58    5.75    6.59    4.38    1.73    1.58    2.24    6.89
              temp =  -62.85  -66.93  -50.00  -30.12  -12.57    0.49    8.24   13.58
 step =  3060 reke =   70.75  140.05  206.24  167.34   87.62   46.77   40.46   45.48
              deke =    0.46    6.48    6.25    5.25    1.70    1.49    2.53    6.91
              temp =  -62.87  -66.93  -49.81  -29.30  -12.87    0.43    8.33   13.73
 step =  3240 reke =   51.67  107.46  170.57  129.99   76.47   43.04   40.44   42.59
              deke =    0.52    6.27    7.92    3.96    1.89    2.05    3.11    8.00
              temp =  -62.83  -66.86  -49.99  -29.54  -13.05    0.16    8.04   13.64
  field:            1    no. of faulty points:           0
  undefined values set to   0.0000000000000000     
  start of year/month =         1983           4
 step =  3420 reke =   46.39   91.91  162.59  134.91   76.15   42.71   39.55   44.21
              deke =    0.42    4.84   10.32    4.68    2.19    1.82    3.08    7.30
              temp =  -62.83  -66.90  -49.88  -29.66  -12.83    0.36    8.11   13.54
 step =  3600 reke =   43.45  114.91  198.23  153.08   86.04   47.43   44.32   48.39
              deke =    0.51    6.81    7.84    5.31    2.43    1.83    3.04    7.99
              temp =  -62.84  -66.84  -49.89  -29.49  -12.86    0.42    8.24   13.57
 step =  3780 reke =   40.92  129.55  203.12  157.81   86.82   44.18   40.72   44.57
              deke =    0.55    6.80    6.63    4.29    2.86    2.15    3.16    7.06
              temp =  -62.84  -66.81  -49.72  -29.49  -12.78    0.49    8.36   13.70
 step =  3960 reke =   45.64  107.32  158.00  132.26   78.08   42.12   40.20   43.86
              deke =    0.52    7.90    8.51    4.90    2.20    2.33    3.16    7.84
              temp =  -62.85  -66.78  -49.73  -29.72  -12.99    0.45    8.30   13.70
 step =  4140 reke =   45.25  110.93  193.53  156.26   85.53   47.65   46.04   50.34
              deke =    0.77    7.50    8.39    4.81    2.08    1.83    2.91    7.10
              temp =  -62.85  -66.81  -49.77  -29.78  -12.86    0.34    8.15   13.61
 step =  4320 reke =   50.48  150.23  203.47  150.01   81.49   46.94   43.48   47.56
              deke =    0.65   10.47    8.12    4.32    1.77    1.94    2.91    7.56
              temp =  -62.81  -66.85  -49.77  -29.65  -12.70    0.33    8.19   13.71
  field:            1    no. of faulty points:           0
  undefined values set to   0.0000000000000000     
  start of year/month =         1983           5
 step =  4500 reke =   47.05  125.85  185.21  143.13   84.54   46.74   43.10   46.41
              deke =    0.73    8.07    6.76    4.33    2.17    1.89    3.15    7.41
              temp =  -62.79  -66.91  -49.64  -29.72  -12.82    0.39    8.24   13.65
 step =  4680 reke =   39.53   93.07  169.49  135.16   75.03   39.55   41.35   47.03
              deke =    0.65    4.73    7.50    4.64    2.24    1.78    2.49    7.69
              temp =  -62.76  -66.91  -49.71  -29.74  -12.82    0.35    8.12   13.59
 step =  4860 reke =   49.86   97.72  177.97  142.21   83.51   47.13   42.79   46.51
              deke =    0.69    5.88    9.21    3.98    2.25    1.91    2.84    7.00
              temp =  -62.77  -66.97  -49.77  -29.75  -12.87    0.20    8.06   13.64
 step =  5040 reke =   46.03  131.26  181.25  145.01   86.68   45.74   40.63   43.10
              deke =    0.58   10.59    6.67    3.78    2.29    1.90    2.45    7.53
              temp =  -62.79  -66.90  -49.78  -29.91  -12.89    0.17    8.07   13.57
 step =  5220 reke =   74.57  130.47  187.00  148.62   98.19   55.77   52.03   52.57
              deke =    0.85    6.20    6.07    3.61    2.80    1.68    2.85    7.29
              temp =  -62.82  -66.92  -49.83  -29.93  -12.78    0.40    8.26   13.58
 step =  5400 reke =   56.69  115.87  187.73  162.63   90.45   49.85   45.37   47.07
              deke =    0.63    7.49    6.32    5.44    2.43    1.90    3.01    7.57
              temp =  -62.81  -66.90  -49.98  -29.84  -13.00    0.36    8.14   13.50
  field:            1    no. of faulty points:           0
  undefined values set to   0.0000000000000000     
  start of year/month =         1983           6
 step =  5580 reke =   56.22  113.97  180.62  164.16   89.33   45.68   39.27   40.82
              deke =    0.40    6.74    6.57    5.80    2.63    1.86    2.53    7.35
              temp =  -62.86  -66.91  -49.96  -29.92  -12.85    0.24    8.10   13.62
 step =  5760 reke =   28.95  122.68  221.15  184.99   98.64   56.14   51.19   53.61
              deke =    0.53    9.14    8.89    4.67    2.03    2.87    3.75    8.85
              temp =  -62.89  -66.87  -49.78  -29.85  -13.09    0.19    8.19   13.61
 step =  5940 reke =   36.84  114.67  193.83  153.91   85.72   46.24   42.28   46.45
              deke =    0.45    8.29    7.75    4.12    2.12    2.04    2.58    7.16
              temp =  -62.88  -66.84  -49.74  -29.65  -12.80    0.32    8.22   13.71
 step =  6120 reke =   64.71  122.70  161.81  140.46   74.16   41.24   41.31   44.41
              deke =    0.56    7.33    8.02    5.40    2.06    2.05    2.72    7.84
              temp =  -62.92  -66.77  -49.82  -29.67  -13.06    0.33    8.22   13.74
 step =  6300 reke =   44.84  135.74  215.70  169.90   96.40   54.59   49.53   53.57
              deke =    0.67    7.08    9.19    4.50    1.86    2.02    2.71    7.29
              temp =  -62.93  -66.82  -49.73  -29.69  -12.78    0.32    8.23   13.62
 step =  6480 reke =   53.19  136.41  218.01  180.35   98.48   46.89   38.14   41.77
              deke =    0.66    7.18    6.12    5.30    2.36    2.20    2.69    7.05
              temp =  -62.90  -66.75  -49.82  -29.69  -12.50    0.53    8.30   13.66
  field:            1    no. of faulty points:           0
  undefined values set to   0.0000000000000000     
  start of year/month =         1983           7
 step =  6660 reke =   53.73  124.85  190.84  149.74   91.96   49.35   44.03   45.55
              deke =    0.55    7.42    8.80    4.58    2.13    1.78    2.95    6.85
              temp =  -62.91  -66.77  -49.86  -29.93  -12.97    0.26    8.16   13.64
 step =  6840 reke =   72.28  120.01  180.42  141.54   81.78   46.03   41.02   45.63
              deke =    0.71    5.23    8.78    5.77    1.90    1.70    2.49    7.48
              temp =  -62.90  -66.81  -49.81  -30.27  -13.21    0.25    8.17   13.62
 step =  7020 reke =   49.39  108.30  179.63  151.08   95.08   54.01   49.55   50.18
              deke =    0.69    8.84    8.99    4.78    1.97    1.76    2.61    7.80
              temp =  -62.92  -66.73  -49.86  -29.84  -12.87    0.37    8.29   13.59
 step =  7200 reke =   64.23  110.00  197.49  161.66   95.78   54.90   48.12   48.47
              deke =    0.69    6.72    8.71    4.38    2.65    2.01    3.05    7.38
              temp =  -63.02  -66.65  -49.68  -29.85  -12.80    0.45    8.28   13.61
 step =  7380 reke =   58.24  118.77  206.96  161.93  100.68   56.52   48.40   48.82
              deke =    0.73    6.56    7.78    4.59    2.58    2.16    3.10    7.86
              temp =  -63.03  -66.60  -49.79  -29.66  -12.62    0.56    8.31   13.62
 step =  7560 reke =   51.92  133.66  205.93  135.63   81.70   44.04   39.56   43.84
              deke =    0.71    7.75    7.16    4.49    2.11    1.61    2.98    7.31
              temp =  -63.00  -66.63  -49.62  -29.88  -12.83    0.39    8.19   13.62
  field:            1    no. of faulty points:           0
  undefined values set to   0.0000000000000000     
  start of year/month =         1983           8
 step =  7740 reke =   60.99  129.62  182.20  145.41   84.54   48.51   44.91   46.37
              deke =    0.47    7.45    7.59    4.41    2.37    1.94    3.51    8.27
              temp =  -62.95  -66.66  -49.68  -29.81  -12.85    0.43    8.08   13.55
 step =  7920 reke =   44.22  105.49  156.32  130.75   71.99   42.33   43.34   47.09
              deke =    0.74    7.73    6.55    4.06    2.15    1.78    3.75    8.33
              temp =  -62.93  -66.64  -49.79  -29.92  -12.77    0.34    7.91   13.46
 step =  8100 reke =   31.98   93.74  176.55  144.98   84.87   48.21   44.79   47.72
              deke =    0.63    4.25    6.97    4.05    2.20    1.72    2.88    7.51
              temp =  -62.94  -66.63  -49.77  -29.86  -12.77    0.41    8.19   13.55
 step =  8280 reke =   47.21   96.14  186.54  159.70   90.76   51.66   45.85   49.32
              deke =    0.56    6.32    9.66    4.81    2.23    1.88    3.26    6.89
              temp =  -62.95  -66.55  -49.95  -29.73  -12.75    0.48    8.29   13.61
 step =  8460 reke =   51.05  132.07  222.02  176.85   96.23   47.78   44.00   47.95
              deke =    0.47    6.36    8.57    4.40    1.94    1.55    2.98    7.56
              temp =  -62.98  -66.55  -49.96  -29.37  -12.64    0.56    8.29   13.65
 step =  8640 reke =   36.02  135.31  225.01  160.55   92.49   51.17   45.32   48.18
              deke =    0.54    8.32    7.91    4.29    2.22    1.76    3.16    7.33
              temp =  -62.98  -66.53  -49.65  -29.17  -12.88    0.56    8.31   13.71
  field:            1    no. of faulty points:           0
  undefined values set to   0.0000000000000000     
  start of year/month =         1983           9
 step =  8820 reke =   56.79  123.77  197.73  147.35   82.21   45.51   45.23   49.27
              deke =    0.87    7.67    8.34    4.92    1.51    1.75    3.22    8.19
              temp =  -62.94  -66.61  -49.58  -29.36  -12.86    0.25    8.18   13.59
 step =  9000 reke =   31.58   99.64  174.23  132.32   73.18   44.07   40.48   46.76
              deke =    0.38    6.13    9.05    5.21    1.63    2.06    2.53    7.16
              temp =  -62.91  -66.62  -49.70  -29.61  -12.99    0.24    8.06   13.53
 step =  9180 reke =   55.03  132.51  215.85  162.48   86.13   50.31   46.87   50.75
              deke =    0.49    6.83    7.03    4.59    1.75    1.73    2.56    7.94
              temp =  -62.90  -66.60  -49.72  -29.50  -12.99    0.10    7.97   13.43
 step =  9360 reke =   42.24  118.69  203.94  163.88   90.52   52.73   45.45   48.31
              deke =    0.68    7.80    7.36    4.66    1.96    1.74    2.39    6.88
              temp =  -62.92  -66.57  -50.02  -29.61  -12.81    0.25    8.00   13.44
 step =  9540 reke =   43.32  131.53  189.78  149.89   88.05   50.42   45.52   49.31
              deke =    0.59    6.20    7.24    5.31    2.95    1.96    2.90    7.48
              temp =  -62.93  -66.62  -50.01  -29.63  -12.78    0.36    8.04   13.45
 step =  9720 reke =   27.48  109.33  182.02  153.36   90.02   47.55   41.80   47.40
              deke =    0.40    5.69    7.78    4.17    2.27    1.79    2.48    7.66
              temp =  -62.91  -66.64  -49.98  -29.69  -12.76    0.30    8.23   13.61
  field:            1    no. of faulty points:           0
  undefined values set to   0.0000000000000000     
  start of year/month =         1983          10
 step =  9900 reke =   33.42  105.51  169.31  124.59   71.23   38.28   35.24   39.41
              deke =    0.49    7.21    6.82    4.50    2.87    1.63    2.96    6.84
              temp =  -62.88  -66.67  -49.91  -29.46  -13.01    0.33    8.02   13.51
 step = 10080 reke =   36.78  100.22  180.76  148.70   91.09   56.61   52.45   54.76
              deke =    0.53    6.93    9.39    5.11    1.97    2.36    3.56    8.37
              temp =  -62.90  -66.67  -49.85  -29.54  -12.84    0.37    8.06   13.50
 step = 10260 reke =   50.00  120.74  192.79  169.82  100.66   60.82   51.06   53.69
              deke =    0.53    6.08    6.83    5.02    2.54    2.15    2.87    8.02
              temp =  -62.88  -66.67  -49.76  -29.37  -12.44    0.58    8.32   13.63
 step = 10440 reke =   49.07  118.31  188.19  146.90   86.81   49.18   41.84   44.46
              deke =    0.56    7.88    7.80    4.00    1.60    1.73    2.40    6.94
              temp =  -62.87  -66.69  -49.74  -29.27  -12.75    0.36    8.21   13.65
 step = 10620 reke =   56.80  129.34  200.07  151.96   80.62   44.91   40.16   43.59
              deke =    0.62    6.38    7.25    3.73    2.20    1.79    2.58    6.93
              temp =  -62.82  -66.71  -49.68  -29.90  -13.08    0.10    8.00   13.41
 step = 10800 reke =   36.68  117.60  189.59  170.98   99.14   53.13   48.96   50.98
              deke =    0.45    6.51    8.89    6.24    2.15    1.85    3.39    8.53
              temp =  -62.79  -66.83  -49.72  -29.67  -13.12    0.06    8.00   13.51
  field:            1    no. of faulty points:           0
  undefined values set to   0.0000000000000000     
  start of year/month =         1983          11
 step = 10980 reke =   69.08  120.09  200.56  165.85  100.46   56.51   49.62   51.85
              deke =    0.59    4.70    8.45    4.83    1.67    1.80    2.67    8.00
              temp =  -62.83  -66.76  -49.71  -29.78  -12.78    0.24    8.14   13.59
 step = 11160 reke =   68.96  125.22  190.13  144.79   85.87   44.41   41.64   43.94
              deke =    0.71    6.95    7.86    4.65    1.94    1.91    3.08    7.74
              temp =  -62.82  -66.77  -49.68  -29.60  -12.69    0.48    8.34   13.73
 step = 11340 reke =   48.93  143.87  186.54  131.66   69.71   40.54   40.17   41.68
              deke =    0.78    8.95    8.30    4.29    2.16    1.91    3.00    7.31
              temp =  -62.80  -66.79  -49.67  -29.79  -12.86    0.28    8.19   13.69
 step = 11520 reke =   58.83  125.43  186.00  140.65   85.00   47.23   44.05   49.79
              deke =    0.48    6.42    7.59    4.72    2.28    2.05    3.09    7.75
              temp =  -62.80  -66.79  -49.66  -29.90  -13.04    0.24    8.16   13.63
 step = 11700 reke =   43.32  128.35  191.44  157.41   93.15   54.10   48.88   52.06
              deke =    0.43    7.16    8.57    5.33    2.37    2.42    3.57    7.95
              temp =  -62.80  -66.75  -49.62  -29.29  -12.76    0.52    8.28   13.57
 step = 11880 reke =   53.50  127.73  199.42  163.20   92.52   54.80   48.77   50.16
              deke =    0.43    7.34    9.24    5.62    1.93    2.34    3.39    8.09
              temp =  -62.75  -66.67  -49.77  -29.22  -12.57    0.59    8.34   13.64
 Write restart dataset for year/month/date/hour:         1983 /          12 /           1 /           0
  field:            1    no. of faulty points:           0
  undefined values set to   0.0000000000000000     
  start of year/month =         1983          12
 step = 12060 reke =   48.43  118.13  183.21  145.20   83.11   46.89   43.09   44.86
              deke =    0.39    7.84    8.47    4.37    2.17    2.68    3.04    8.15
              temp =  -62.75  -66.66  -49.92  -29.63  -12.68    0.45    8.23   13.58
 step = 12240 reke =   29.24  114.39  177.02  131.82   72.75   43.61   43.73   48.13
              deke =    0.39    6.34    6.74    3.85    2.05    1.52    2.47    7.29
              temp =  -62.72  -66.72  -49.55  -29.60  -12.96    0.32    8.16   13.64
 step = 12420 reke =   33.30  119.73  206.71  157.93   85.37   43.35   40.70   44.67
              deke =    0.59    5.48    8.14    4.34    2.33    1.81    2.61    7.28
              temp =  -62.69  -66.72  -49.68  -29.62  -12.75    0.44    8.21   13.58
 step = 12600 reke =   41.25   94.37  172.22  134.15   78.70   44.71   42.37   46.90
              deke =    0.54    5.68    7.76    4.06    2.57    1.55    3.26    7.36
              temp =  -62.71  -66.72  -50.08  -29.80  -12.66    0.42    8.20   13.62
 step = 12780 reke =   43.88  110.10  200.71  160.77   89.14   46.92   44.55   47.67
              deke =    0.58    4.49    6.81    4.25    2.51    1.74    2.93    7.92
              temp =  -62.75  -66.73  -50.03  -29.41  -12.63    0.49    8.28   13.58
 step = 12960 reke =   30.84   88.25  141.98  116.34   70.60   37.60   38.30   40.93
              deke =    0.41    5.88    6.43    3.52    2.56    1.82    3.16    7.14
              temp =  -62.75  -66.72  -50.10  -29.66  -12.63    0.43    8.22   13.67
 step = 13140 reke =   36.48  110.91  173.48  118.38   72.49   39.97   37.47   41.00
              deke =    0.64    8.39    8.07    3.87    2.12    1.75    2.64    6.62
              temp =  -62.80  -66.67  -49.82  -29.82  -13.18    0.23    8.13   13.68
  field:            1    no. of faulty points:           0
  undefined values set to   0.0000000000000000     
 Write restart dataset for year/month/date/hour:         1984 /           1 /           1 /           0
