  hallo from speedy_agcm
 RPE_ACTIVE  T
&RESOLUTION
 NTRUN=         30,
 MTRUN=         30,
 IX=         96,
 IY=         24,
 KX=          8,
 /
&INPUT_RESOLUTION
 NTRUN_IN=         30,
 MTRUN_IN=         30,
 IX_IN=         96,
 IY_IN=         24,
 KX_IN=          8,
 /
&COUPLING_FLAGS
 ICLAND=          1,
 ICSEA=          0,
 ICICE=          1,
 ISSTAN=          1,
 /
&LAND
 DEPTH_SOIL=  1.0000000000000000     ,
 DEPTH_LICE=  5.0000000000000000     ,
 TDLAND=  40.000000000000000     ,
 FLANDMIN= 0.33333333333333331     ,
 /
&SEA
 DEPTH_ML=  60.000000000000000     ,
 DEPT0_ML=  40.000000000000000     ,
 DEPTH_ICE=  2.5000000000000000     ,
 DEPT0_ICE=  1.5000000000000000     ,
 TDSST=  90.000000000000000     ,
 TDICE=  30.000000000000000     ,
 FSEAMIN= 0.33333333333333331     ,
 BETA%VAL=  1.0000000000000000     ,
 L_GLOBE=T,
 L_NORTHE=F,
 L_NATLAN=F,
 L_NPACIF=F,
 L_TROPIC=F,
 L_INDIAN=F,
 /
&DYNAMICS
 GAMMA=  6.0000000000000000     ,
 HSCALE=  7.5000000000000000     ,
 HSHUM=  2.5000000000000000     ,
 REFRH1= 0.69999999999999996     ,
 THD=  2.3999999999999999     ,
 THDD=  2.3999999999999999     ,
 THDS=  12.000000000000000     ,
 TDRS%VAL=  720.00000000000000     ,
 /
&FORCING
 LCO2=F,
 IYEAR_REF=       1950,
 DEL_CO2%VAL=  5.0000000000000001E-003,
 ABLCO2%VAL=  6.0000000000000000     ,
 ALBSEA%VAL=  7.0000000000000007E-002,
 ALBICE%VAL= 0.59999999999999998     ,
 ALBSN%VAL= 0.59999999999999998     ,
 /
&SOLAR_FORCING
 SOLC%VAL=  342.00000000000000     ,
 EPSSW%VAL=  2.0000000000000000E-002,
 /
&SURFACE
 SWCAP%VAL= 0.29999999999999999     ,
 SWWIL%VAL= 0.17000000000000001     ,
 SD2SC%VAL=  60.000000000000000     ,
 /
&TIMESTEPPING
 NSTEPS=         36,
 NSTDIA=        180,
 NMONRS=         12,
 ROB%VAL=  5.0000000000000003E-002,
 WIL%VAL= 0.53000000000000003     ,
 /
&CONVECTION
 PSMIN%VAL= 0.80000000000000004     ,
 TRCNV=  6.0000000000000000     ,
 RHBL%VAL= 0.90000000000000002     ,
 RHIL%VAL= 0.69999999999999996     ,
 ENTMAX= 0.50000000000000000     ,
 SMF%VAL= 0.80000000000000004     ,
 /
&CONDENSATION
 TRLSC%VAL=  4.0000000000000000     ,
 RHLSC= 0.90000000000000002     ,
 DRHLSC= 0.10000000000000001     ,
 RHBLSC= 0.94999999999999996     ,
 /
&CLOUD_PARAMETERS
 RHCL1%VAL= 0.29999999999999999     ,
 RHCL2%VAL=  1.0000000000000000     ,
 QACL%VAL= 0.20000000000000001     ,
 WPCL%VAL= 0.20000000000000001     ,
 PMAXCL%VAL=  10.000000000000000     ,
 CLSMAX%VAL= 0.59999999999999998     ,
 CLSMINL%VAL= 0.14999999999999999     ,
 GSE_S0%VAL= 0.25000000000000000     ,
 GSE_S1%VAL= 0.40000000000000002     ,
 /
&SW_RADIATION
 NSTRAD=          3,
 ABSDRY%VAL=  3.3000000000000002E-002,
 ABSAER%VAL=  3.3000000000000002E-002,
 ABSWV1%VAL=  2.1999999999999999E-002,
 ABSWV2%VAL=  15.000000000000000     ,
 ABSCL1%VAL=  1.4999999999999999E-002,
 ABSCL2%VAL= 0.14999999999999999     ,
 ALBCL%VAL= 0.42999999999999999     ,
 ALBCLS%VAL= 0.50000000000000000     ,
 /
&LW_RADIATION
 EPSLW%VAL=  5.0000000000000003E-002,
 EMISFC%VAL= 0.97999999999999998     ,
 ABLWIN%VAL= 0.29999999999999999     ,
 ABLWV1%VAL= 0.69999999999999996     ,
 ABLWV2%VAL=  50.000000000000000     ,
 ABLCL1%VAL=  12.000000000000000     ,
 ABLCL2%VAL= 0.59999999999999998     ,
 /
&SURFACE_FLUXES
 FWIND0%VAL= 0.94999999999999996     ,
 FTEMP0%VAL=  1.0000000000000000     ,
 FHUM0%VAL=  0.0000000000000000     ,
 CDL%VAL=  2.3999999999999998E-003,
 CDS%VAL=  1.0000000000000000E-003,
 CHL%VAL=  1.1999999999999999E-003,
 CHS%VAL=  8.9999999999999998E-004,
 VGUST%VAL=  5.0000000000000000     ,
 CTDAY%VAL=  1.0000000000000000E-002,
 DTHETA%VAL=  3.0000000000000000     ,
 FSTAB%VAL= 0.67000000000000004     ,
 HDRAG%VAL=  2000.0000000000000     ,
 FHDRAG%VAL= 0.50000000000000000     ,
 CLAMBDA%VAL=  7.0000000000000000     ,
 CLAMBSN%VAL=  7.0000000000000000     ,
 /
&VERTICAL_DIFFUSION
 TRSHC=  6.0000000000000000     ,
 TRVDI=  24.000000000000000     ,
 TRVDS=  6.0000000000000000     ,
 REDSHC%VAL= 0.50000000000000000     ,
 RHGRAD%VAL= 0.50000000000000000     ,
 SEGRAD%VAL= 0.10000000000000001     ,
 /
&SPPT
 SPPT_ON=F,
 NSCALES=          3,
 L_ADDITIVE=F,
 /
&SPPT_PARAMETERS
 MU(1)%VAL=  1.0000000000000000     ,
 MU(2)%VAL=  1.0000000000000000     ,
 MU(3)%VAL=  1.0000000000000000     ,
 MU(4)%VAL=  1.0000000000000000     ,
 MU(5)%VAL=  1.0000000000000000     ,
 MU(6)%VAL=  1.0000000000000000     ,
 MU(7)%VAL=  1.0000000000000000     ,
 MU(8)%VAL=  1.0000000000000000     ,
 TIME_DECORR=  3.0000000000000000     ,  72.000000000000000     ,  720.00000000000000     ,
 LEN_DECORR=  500000.00000000000     ,  1000000.0000000000     ,  2000000.0000000000     ,
 STDDEV= 0.52000000000000002     , 0.17999999999999999     ,  5.9999999999999998E-002,
 ADDITIVE_MAGNITUDE%VAL=  9.9999999999999995E-007,
 /
 Read namelist
 start date         1983           1           1           0
  Model half-level (*1000)           1           0
  Model half-level (*1000)           2          50
  Model half-level (*1000)           3         140
  Model half-level (*1000)           4         260
  Model half-level (*1000)           5         420
  Model half-level (*1000)           6         600
  Model half-level (*1000)           7         770
  Model half-level (*1000)           8         900
  Model half-level (*1000)           9        1000
  Model full-level (*1000)           1          25
  Model full-level (*1000)           2          95
  Model full-level (*1000)           3         200
  Model full-level (*1000)           4         340
  Model full-level (*1000)           5         510
  Model full-level (*1000)           6         685
  Model full-level (*1000)           7         835
  Model full-level (*1000)           8         950
  temp/hum correction at level            2  0.66167368341273969        0.0000000000000000     
  temp/hum correction at level            3  0.75399289734237440        8.0000000000000019E-003
  temp/hum correction at level            4  0.82755908289241631        3.9303999999999992E-002
  temp/hum correction at level            5  0.88857447279504564       0.13265100000000002     
  temp/hum correction at level            6  0.93577679872957287       0.32141912500000008     
  temp/hum correction at level            7  0.96885785555841186       0.58218287499999988     
  temp/hum correction at level            8  0.99104107712276879       0.85737499999999989     
 Filter applied at wavenumber           30
  field:            1    no. of faulty points:           0
  field:            2    no. of faulty points:           0
  field:            3    no. of faulty points:           0
  field:            4    no. of faulty points:           0
  field:            5    no. of faulty points:           0
  field:            6    no. of faulty points:           0
  field:            7    no. of faulty points:           0
  field:            8    no. of faulty points:           0
  field:            9    no. of faulty points:           0
  field:           10    no. of faulty points:           0
  field:           11    no. of faulty points:           0
  field:           12    no. of faulty points:           0
  undefined values set to   273.00000000000000     
  field:            1    no. of faulty points:           0
  field:            2    no. of faulty points:           0
  field:            3    no. of faulty points:           0
  field:            4    no. of faulty points:           0
  field:            5    no. of faulty points:           0
  field:            6    no. of faulty points:           0
  field:            7    no. of faulty points:           0
  field:            8    no. of faulty points:           0
  field:            9    no. of faulty points:           0
  field:           10    no. of faulty points:           0
  field:           11    no. of faulty points:           0
  field:           12    no. of faulty points:           0
  undefined values set to   0.0000000000000000     
  field:            1    no. of faulty points:           0
  field:            2    no. of faulty points:           0
  field:            3    no. of faulty points:           0
  field:            4    no. of faulty points:           0
  field:            5    no. of faulty points:           0
  field:            6    no. of faulty points:           0
  field:            7    no. of faulty points:           0
  field:            8    no. of faulty points:           0
  field:            9    no. of faulty points:           0
  field:           10    no. of faulty points:           0
  field:           11    no. of faulty points:           0
  field:           12    no. of faulty points:           0
  undefined values set to   0.0000000000000000     
  field:            1    no. of faulty points:           0
  field:            2    no. of faulty points:           0
  field:            3    no. of faulty points:           0
  field:            4    no. of faulty points:           0
  field:            5    no. of faulty points:           0
  field:            6    no. of faulty points:           0
  field:            7    no. of faulty points:           0
  field:            8    no. of faulty points:           0
  field:            9    no. of faulty points:           0
  field:           10    no. of faulty points:           0
  field:           11    no. of faulty points:           0
  field:           12    no. of faulty points:           0
  undefined values set to   273.00000000000000     
  field:            1    no. of faulty points:           0
  field:            2    no. of faulty points:           0
  field:            3    no. of faulty points:           0
  field:            4    no. of faulty points:           0
  field:            5    no. of faulty points:           0
  field:            6    no. of faulty points:           0
  field:            7    no. of faulty points:           0
  field:            8    no. of faulty points:           0
  field:            9    no. of faulty points:           0
  field:           10    no. of faulty points:           0
  field:           11    no. of faulty points:           0
  field:           12    no. of faulty points:           0
  undefined values set to   0.0000000000000000     
 isst0 =           49
  field:            1    no. of faulty points:           0
  field:            2    no. of faulty points:           0
  field:            3    no. of faulty points:           0
  undefined values set to   0.0000000000000000     
  reading a restart file
        1983           1           1           0
        1984           1           1           0
 WARNING: Date in restart file does not match requested date
Read restart dataset for year/month/date/hour: 1983/01/01/00
 step =     0 reke =   40.74  136.16  232.42  164.98   96.59   52.89   45.78   50.78
              deke =    0.56    7.86    9.09    4.06    2.45    2.00    3.05    8.53
              temp =  -62.35  -66.15  -48.99  -28.21  -11.91    0.97    8.73   14.01
   tref =    217.14995443460384     
   tref =    217.14995443460384     
   tref =    217.14995443460384     
   tref =    238.33701587301590     
   tref =    255.90944816497316     
   tref =    269.50371803411701     
   tref =    279.03106240082263     
   tref =    285.41983021135741     
 integration length in days:          365
  start of year/month =         1983           1
 step =   180 reke =   63.07  143.77  224.37  175.43  101.24   58.94   50.19   52.75
              deke =    0.67    8.98   12.03    6.15    2.61    2.49    3.23    7.81
              temp =  -62.36  -66.22  -48.93  -28.06  -11.82    1.01    8.87   14.16
 step =   360 reke =   80.89  142.13  221.20  175.16   95.79   55.33   50.53   52.72
              deke =    1.07   13.55   13.11    5.92    2.60    2.24    3.11    8.15
              temp =  -62.38  -66.17  -48.72  -27.89  -11.93    1.06    8.96   14.36
 step =   540 reke =   64.22  169.86  246.38  163.68   86.88   52.77   44.31   48.29
              deke =    1.13    7.98   12.14    4.60    2.21    2.64    2.91    8.53
              temp =  -62.34  -66.13  -48.36  -27.56  -11.74    1.16    8.90   14.17
 step =   720 reke =   51.67  103.38  181.67  136.98   79.30   46.93   46.31   49.08
              deke =    0.78   10.08   11.10    6.35    2.34    2.33    2.95    7.63
              temp =  -62.35  -66.03  -48.60  -27.70  -11.98    1.01    8.89   14.25
 step =   900 reke =   61.72  106.83  188.61  140.25   75.99   42.92   38.42   42.34
              deke =    0.62    7.01    9.24    4.14    1.82    2.25    3.16    7.94
              temp =  -62.36  -66.04  -48.70  -28.04  -12.02    1.01    8.76   14.14
 step =  1080 reke =   40.39  104.77  217.31  167.69   95.02   53.47   48.65   52.13
              deke =    0.71    6.46   13.29    5.49    2.13    2.14    3.11    9.04
              temp =  -62.36  -66.03  -48.60  -27.73  -12.05    0.88    8.80   14.16
  field:            1    no. of faulty points:           0
  undefined values set to   0.0000000000000000     
  start of year/month =         1983           2
 step =  1260 reke =   43.77  133.03  220.99  157.45   87.58   49.26   42.41   46.76
              deke =    0.59    8.02    9.54    4.13    1.88    2.10    2.61    7.40
              temp =  -62.33  -66.05  -48.53  -27.76  -11.64    1.17    8.91   14.21
 step =  1440 reke =   40.41  125.33  233.97  156.47   80.92   45.49   41.29   45.66
              deke =    0.77    8.73   11.77    4.98    1.63    2.34    2.58    7.45
              temp =  -62.35  -65.98  -48.55  -27.93  -11.93    0.96    8.80   14.13
 step =  1620 reke =   79.03  168.78  260.06  198.54  106.27   60.17   51.13   54.95
              deke =    0.71    9.96   11.49    5.08    2.17    2.50    2.99    8.59
              temp =  -62.34  -65.97  -48.66  -27.57  -11.51    1.10    8.77   14.00
 step =  1800 reke =   87.13  141.16  213.28  156.60   90.78   54.03   44.63   46.65
              deke =    1.14    7.45   10.00    5.88    1.84    1.90    2.59    6.98
              temp =  -62.35  -66.03  -48.45  -28.09  -12.14    0.90    8.78   14.16
 step =  1980 reke =   49.22   95.17  194.95  165.61   87.44   56.79   53.01   57.86
              deke =    0.92    7.11   11.14    5.54    1.77    2.04    2.44    7.94
              temp =  -62.35  -65.93  -48.72  -27.85  -11.43    1.09    8.76   14.06
  field:            1    no. of faulty points:           0
  undefined values set to   0.0000000000000000     
  start of year/month =         1983           3
 step =  2160 reke =   72.65  131.91  187.53  156.96   91.99   53.59   48.86   53.30
              deke =    0.75    8.50    9.32    5.74    1.98    1.95    2.86    7.82
              temp =  -62.38  -65.90  -48.63  -28.58  -11.85    1.03    8.81   14.14
 step =  2340 reke =   56.26  116.88  195.21  148.99   85.38   52.72   47.59   51.95
              deke =    1.08    7.17   10.59    5.46    1.96    1.94    2.66    8.25
              temp =  -62.41  -65.85  -48.83  -28.18  -11.72    1.20    9.00   14.24
 step =  2520 reke =   72.75  126.26  219.74  178.91   96.23   53.78   47.62   53.51
              deke =    0.75    7.71   11.80    5.29    2.14    2.22    2.80    8.11
              temp =  -62.44  -65.83  -48.92  -28.25  -11.71    1.19    9.00   14.23
 step =  2700 reke =   68.79  118.75  199.95  150.39   93.88   51.80   42.08   45.61
              deke =    0.87    7.25   10.64    5.36    2.11    2.28    2.20    7.41
              temp =  -62.35  -65.88  -48.80  -28.51  -11.81    1.11    8.86   14.24
 step =  2880 reke =   39.78  118.70  199.33  155.60   94.25   52.60   43.24   45.46
              deke =    0.64    9.93   11.50    5.10    2.02    2.53    2.99    7.39
              temp =  -62.38  -65.92  -48.71  -28.63  -12.13    0.94    8.79   14.25
 step =  3060 reke =   75.38  135.53  217.02  164.15   93.00   53.98   46.86   50.95
              deke =    0.62    6.74   10.93    6.13    3.28    2.26    3.07    7.48
              temp =  -62.35  -66.03  -48.71  -28.37  -11.97    0.87    8.59   14.09
 step =  3240 reke =   73.67  116.86  201.99  165.92  100.23   60.76   53.92   55.84
              deke =    1.06    6.02   10.40    5.28    2.17    2.21    2.85    8.66
              temp =  -62.38  -66.10  -48.90  -28.56  -11.84    1.12    8.90   14.25
  field:            1    no. of faulty points:           0
  undefined values set to   0.0000000000000000     
  start of year/month =         1983           4
 step =  3420 reke =   55.61  139.83  248.99  179.08   91.15   48.82   42.69   47.07
              deke =    0.69    8.42   13.75    5.28    2.01    1.80    2.62    7.56
              temp =  -62.38  -66.14  -48.89  -28.23  -11.74    1.09    8.87   14.25
 step =  3600 reke =   72.02  141.54  202.12  142.39   84.53   47.85   42.22   45.71
              deke =    0.94    9.48    8.73    3.37    1.76    1.57    2.18    7.35
              temp =  -62.33  -66.25  -48.76  -28.45  -11.92    1.09    8.91   14.33
 step =  3780 reke =   56.75  167.01  219.08  127.48   69.94   37.50   34.36   40.86
              deke =    0.56    8.02    9.45    4.76    1.65    1.73    2.22    7.59
              temp =  -62.30  -66.18  -48.46  -28.30  -12.09    0.97    8.89   14.30
 step =  3960 reke =   45.09  126.61  206.11  152.48   88.50   52.05   47.06   50.52
              deke =    0.73    8.69   11.39    6.08    2.00    1.46    2.36    8.00
              temp =  -62.34  -66.14  -48.49  -28.29  -12.23    0.77    8.64   14.13
 step =  4140 reke =   70.64  114.13  223.80  174.91   94.35   52.46   44.32   47.55
              deke =    0.72    6.45    9.25    5.15    2.36    2.05    2.94    7.71
              temp =  -62.36  -66.10  -48.62  -28.42  -11.93    0.91    8.67   14.17
 step =  4320 reke =   57.68  126.97  237.50  171.37   97.19   57.09   51.19   53.02
              deke =    0.50    6.06    8.00    4.50    1.97    1.74    2.55    7.71
              temp =  -62.40  -66.11  -48.60  -28.37  -12.19    0.73    8.76   14.20
  field:            1    no. of faulty points:           0
  undefined values set to   0.0000000000000000     
  start of year/month =         1983           5
 step =  4500 reke =   46.84  123.85  206.00  156.18   86.98   49.98   47.49   52.34
              deke =    0.81    8.35   10.44    4.96    3.07    1.72    2.96    7.36
              temp =  -62.48  -66.12  -48.80  -28.27  -12.02    1.00    8.85   14.28
 step =  4680 reke =   50.40  116.40  226.77  172.63   92.51   49.02   43.08   44.45
              deke =    0.75    6.55    8.61    4.55    2.21    2.19    3.17    7.36
              temp =  -62.45  -66.16  -48.82  -28.34  -11.56    1.14    8.83   14.18
 step =  4860 reke =   44.30  109.21  211.14  150.66   93.06   49.41   41.34   45.90
              deke =    0.61    6.40    7.88    4.97    2.41    2.05    2.73    7.42
              temp =  -62.41  -66.12  -48.85  -28.35  -11.46    1.25    8.79   14.17
 step =  5040 reke =   48.57  109.00  203.40  148.50   84.24   45.33   39.73   41.09
              deke =    0.80    6.48   10.83    4.07    2.10    1.63    2.72    7.21
              temp =  -62.42  -66.16  -48.63  -28.65  -12.02    1.05    8.85   14.26
 step =  5220 reke =   63.92  100.05  167.11  134.46   77.56   42.91   39.07   42.54
              deke =    0.81    6.13    8.57    4.86    2.68    1.65    2.56    7.12
              temp =  -62.44  -66.16  -48.77  -28.26  -12.05    0.89    8.78   14.28
 step =  5400 reke =   51.99  118.27  197.90  147.62   84.03   48.90   45.44   50.09
              deke =    0.62    7.45   10.03    4.61    2.60    1.88    2.74    8.19
              temp =  -62.43  -66.23  -48.67  -28.22  -11.98    0.83    8.68   14.15
  field:            1    no. of faulty points:           0
  undefined values set to   0.0000000000000000     
  start of year/month =         1983           6
 step =  5580 reke =   51.24  135.22  256.33  179.38  107.79   66.28   59.12   58.78
              deke =    0.66    7.78   12.21    5.37    2.68    2.27    3.17    9.33
              temp =  -62.40  -66.27  -48.45  -27.98  -11.48    1.15    8.78   14.00
 step =  5760 reke =   43.37  137.82  241.70  207.59  121.61   61.77   50.01   52.51
              deke =    0.56   11.82   12.12    4.87    2.44    2.30    2.91    7.57
              temp =  -62.35  -66.08  -48.32  -27.93  -11.37    1.27    8.91   14.20
 step =  5940 reke =   89.52  145.83  205.39  158.97   95.95   54.60   45.73   48.50
              deke =    0.87   10.87   10.15    5.16    2.17    1.81    2.34    7.45
              temp =  -62.32  -66.03  -48.34  -28.13  -11.57    1.18    8.86   14.27
 step =  6120 reke =   52.56  138.17  213.96  156.33   89.40   49.48   40.31   44.74
              deke =    0.74    8.59   13.24    4.12    1.76    1.84    2.27    7.45
              temp =  -62.35  -65.95  -48.40  -28.10  -11.90    1.00    8.77   14.23
 step =  6300 reke =   38.53  110.23  200.80  162.41   91.83   44.05   36.61   41.63
              deke =    0.55    7.27    8.82    4.67    2.23    1.76    2.40    7.16
              temp =  -62.35  -65.95  -48.63  -28.19  -11.75    0.94    8.65   14.15
 step =  6480 reke =   32.55  129.27  243.03  185.34  101.14   55.95   50.41   55.01
              deke =    0.80    6.29   12.39    4.91    2.68    1.76    2.80    8.31
              temp =  -62.33  -65.95  -48.75  -28.13  -11.68    0.99    8.71   14.08
  field:            1    no. of faulty points:           0
  undefined values set to   0.0000000000000000     
  start of year/month =         1983           7
 step =  6660 reke =   36.59  122.07  250.21  196.09  110.90   62.34   53.96   59.04
              deke =    0.36    8.30   12.43    4.79    2.05    1.79    2.55    8.60
              temp =  -62.31  -65.95  -48.77  -27.81  -11.34    1.30    8.94   14.23
 step =  6840 reke =   71.07  101.47  189.07  138.70   80.84   49.12   43.78   48.70
              deke =    0.55    6.10    8.44    5.01    2.66    1.81    2.38    7.36
              temp =  -62.30  -65.90  -48.84  -28.38  -11.79    1.19    9.00   14.38
 step =  7020 reke =   34.91   94.77  195.54  154.14   91.54   53.66   50.39   55.78
              deke =    0.61    5.41   10.29    6.20    2.46    1.92    2.65    7.92
              temp =  -62.33  -65.90  -48.83  -28.18  -11.76    1.12    8.86   14.20
 step =  7200 reke =   36.00   85.37  194.50  141.19   83.42   48.43   45.09   51.21
              deke =    0.77    6.30   11.65    5.21    2.31    1.89    2.29    7.04
              temp =  -62.34  -65.89  -48.77  -28.36  -11.91    0.98    8.71   14.24
 step =  7380 reke =   49.43  106.23  213.78  161.21   90.75   52.73   47.59   52.23
              deke =    0.77    6.58   10.66    4.80    2.75    2.13    2.73    7.73
              temp =  -62.36  -65.91  -48.73  -28.02  -11.94    0.93    8.80   14.22
 step =  7560 reke =   44.80  136.53  249.43  173.32   95.26   53.82   48.64   52.23
              deke =    0.71    8.56   10.97    5.65    2.48    2.00    2.80    8.12
              temp =  -62.35  -66.01  -48.70  -28.11  -11.91    1.00    8.87   14.30
  field:            1    no. of faulty points:           0
  undefined values set to   0.0000000000000000     
  start of year/month =         1983           8
 step =  7740 reke =   54.44  135.88  259.72  180.27  100.65   61.53   52.09   55.57
              deke =    1.00    7.60   10.51    4.67    2.19    2.14    3.02    7.43
              temp =  -62.38  -66.05  -48.82  -28.21  -11.90    1.04    8.83   14.17
 step =  7920 reke =   75.11  134.36  258.97  189.71  107.08   58.43   50.50   51.88
              deke =    0.72    7.59    8.64    5.02    2.54    2.09    3.02    7.87
              temp =  -62.38  -66.06  -49.01  -28.07  -11.78    1.09    8.85   14.13
 step =  8100 reke =   43.04  121.34  226.85  172.67  106.66   62.89   52.93   56.08
              deke =    0.61    5.75    9.82    4.10    1.86    1.97    2.16    7.52
              temp =  -62.36  -66.07  -49.06  -27.99  -11.75    1.18    8.91   14.20
 step =  8280 reke =   39.15   89.34  182.15  140.14   82.49   49.73   44.50   49.42
              deke =    1.08    5.83    9.75    4.74    1.83    1.83    2.12    6.92
              temp =  -62.37  -66.06  -49.16  -27.94  -11.65    1.07    8.87   14.17
 step =  8460 reke =   39.56  105.84  193.14  160.73   95.32   55.33   49.33   53.44
              deke =    0.62    8.42   10.51    4.73    1.85    1.79    2.86    8.28
              temp =  -62.39  -66.10  -48.90  -28.27  -11.84    0.96    8.70   14.12
 step =  8640 reke =   46.44  100.32  198.50  150.72   84.36   50.19   43.54   46.20
              deke =    1.13    5.37    8.76    5.44    2.36    1.82    2.15    6.88
              temp =  -62.40  -66.17  -48.70  -28.40  -11.99    0.91    8.64   14.20
  field:            1    no. of faulty points:           0
  undefined values set to   0.0000000000000000     
  start of year/month =         1983           9
 step =  8820 reke =   52.21  132.99  243.25  156.25   88.82   52.26   45.28   48.49
              deke =    0.71   10.46   13.58    4.96    1.94    1.66    2.24    6.98
              temp =  -62.40  -66.26  -48.82  -28.21  -12.02    0.92    8.75   14.28
 step =  9000 reke =   63.57  154.81  284.44  186.86   92.13   50.31   45.39   48.93
              deke =    0.90    8.40   10.92    5.01    2.56    2.55    3.05    8.56
              temp =  -62.38  -66.26  -48.55  -28.33  -12.06    0.77    8.56   14.08
 step =  9180 reke =   53.52  161.56  295.89  196.86   99.22   55.17   48.25   52.13
              deke =    0.80    6.59    9.90    4.82    2.43    1.89    2.65    7.51
              temp =  -62.33  -66.33  -48.69  -28.42  -12.07    0.92    8.62   13.97
 step =  9360 reke =   86.02  189.21  299.38  202.89  107.95   63.88   53.84   56.06
              deke =    0.89   10.22   14.88    6.28    2.19    2.64    2.86    8.13
              temp =  -62.31  -66.41  -48.61  -28.35  -12.24    0.71    8.65   14.02
 step =  9540 reke =   76.22  151.51  235.41  172.22  109.74   63.19   52.58   52.16
              deke =    0.78    9.70    8.91    4.45    1.99    2.23    2.90    8.13
              temp =  -62.31  -66.35  -48.76  -28.09  -11.86    0.91    8.74   14.14
 step =  9720 reke =   53.59  151.09  253.47  172.74   97.89   54.79   47.05   48.46
              deke =    0.65    9.61   15.22    5.01    1.97    2.08    2.96    8.63
              temp =  -62.31  -66.40  -48.76  -27.92  -12.06    0.84    8.70   14.12
  field:            1    no. of faulty points:           0
  undefined values set to   0.0000000000000000     
  start of year/month =         1983          10
 step =  9900 reke =   77.41  148.65  231.73  176.82  103.66   54.61   46.61   50.10
              deke =    0.62    9.47   10.76    5.87    1.89    2.02    2.91    8.77
              temp =  -62.29  -66.29  -48.77  -27.71  -11.72    0.90    8.65   14.02
 step = 10080 reke =   58.62  104.46  176.59  135.41   77.59   43.54   39.96   43.33
              deke =    0.40    8.07   12.46    4.72    1.80    1.94    2.52    7.88
              temp =  -62.27  -66.21  -48.70  -28.17  -12.00    0.77    8.59   14.05
 step = 10260 reke =   70.99  132.34  223.91  200.98  124.31   69.69   62.01   66.43
              deke =    0.68    8.44   10.31    4.69    3.13    2.57    3.30   10.35
              temp =  -62.34  -66.14  -48.61  -28.11  -11.84    0.89    8.75   14.03
 step = 10440 reke =   59.27  130.16  216.13  163.83   87.32   44.02   36.08   40.26
              deke =    0.67    9.56    9.68    6.01    2.70    2.39    2.14    6.99
              temp =  -62.30  -66.14  -48.49  -28.35  -11.69    1.12    8.76   14.15
 step = 10620 reke =   42.56  122.06  209.80  167.61   99.10   54.77   45.63   48.21
              deke =    0.95    6.37   11.90    5.09    2.16    2.26    2.67    7.32
              temp =  -62.25  -66.12  -48.57  -28.22  -12.09    0.80    8.67   14.13
 step = 10800 reke =   61.67  144.45  237.33  182.78   93.39   48.01   40.09   43.37
              deke =    0.89    7.34   10.74    5.63    2.40    1.89    2.47    6.88
              temp =  -62.27  -66.07  -48.79  -28.17  -11.89    0.91    8.73   14.09
  field:            1    no. of faulty points:           0
  undefined values set to   0.0000000000000000     
  start of year/month =         1983          11
 step = 10980 reke =   70.05  114.79  208.35  161.72   91.38   50.38   45.23   47.35
              deke =    0.84    6.11    9.45    4.99    2.14    2.06    2.68    8.17
              temp =  -62.24  -66.09  -48.74  -28.42  -12.02    0.96    8.78   14.11
 step = 11160 reke =   44.22  122.33  201.73  150.96   90.86   60.34   53.27   56.58
              deke =    0.71    7.39    9.02    4.73    2.15    2.05    2.79    8.00
              temp =  -62.25  -66.11  -48.65  -28.17  -11.93    1.05    8.76   14.11
 step = 11340 reke =   71.01  125.60  190.59  150.93   95.09   58.17   50.33   52.33
              deke =    1.00    9.07    8.56    3.75    1.75    1.70    2.51    7.14
              temp =  -62.26  -66.11  -48.60  -28.01  -12.16    0.81    8.70   14.18
 step = 11520 reke =   63.88   94.43  190.72  168.93   97.01   53.03   47.09   52.50
              deke =    0.50    5.68    8.34    4.57    1.92    1.81    2.43    7.91
              temp =  -62.30  -66.11  -48.66  -27.86  -11.92    0.80    8.73   14.18
 step = 11700 reke =   53.87  105.13  180.17  144.15   94.98   55.36   50.35   55.48
              deke =    0.71    4.88   10.20    5.58    2.28    2.30    2.45    8.67
              temp =  -62.33  -66.10  -48.72  -27.76  -11.90    0.90    8.63   14.14
 step = 11880 reke =   56.18  139.92  220.28  178.06  108.94   62.02   54.45   55.38
              deke =    1.26    8.92   10.21    4.79    2.03    1.97    2.81    8.65
              temp =  -62.34  -66.09  -48.45  -28.09  -11.80    1.04    8.95   14.22
 Write restart dataset for year/month/date/hour:         1983 /          12 /           1 /           0
  field:            1    no. of faulty points:           0
  undefined values set to   0.0000000000000000     
  start of year/month =         1983          12
 step = 12060 reke =   60.01  145.29  267.66  212.44  109.70   55.44   45.81   47.76
              deke =    0.83    9.11   12.96    5.27    2.51    2.27    2.73    7.66
              temp =  -62.33  -66.01  -48.48  -27.98  -11.40    1.38    9.03   14.29
 step = 12240 reke =   52.63  113.83  200.25  166.55   88.26   47.88   42.55   44.72
              deke =    0.95    9.63    9.86    4.66    2.08    1.77    2.70    7.56
              temp =  -62.33  -65.99  -48.84  -28.29  -11.41    1.22    8.79   14.15
 step = 12420 reke =   65.08   98.21  204.72  174.54  100.06   55.81   47.13   49.85
              deke =    0.78    4.80    8.46    4.54    1.81    2.09    2.79    7.61
              temp =  -62.34  -66.00  -48.88  -28.36  -11.65    1.30    9.06   14.34
 step = 12600 reke =   62.08  123.89  229.99  175.60   91.86   47.92   39.32   42.95
              deke =    1.38    5.69   10.30    4.42    2.11    1.87    2.32    7.08
              temp =  -62.32  -66.04  -48.87  -28.31  -11.80    1.14    8.94   14.28
 step = 12780 reke =   86.96  154.73  239.22  176.83   95.97   52.48   45.84   50.96
              deke =    0.51    6.87   12.06    4.91    2.51    1.83    3.13    8.02
              temp =  -62.33  -66.13  -48.78  -28.36  -11.76    1.23    8.82   14.16
 step = 12960 reke =   42.63  102.09  209.10  162.50   91.48   50.10   45.00   51.08
              deke =    0.87    6.57   10.14    4.30    2.36    2.01    2.81    7.81
              temp =  -62.31  -66.12  -48.80  -28.23  -11.63    1.27    8.77   14.04
 step = 13140 reke =   39.29  118.09  259.48  189.01  105.35   55.04   49.99   56.20
              deke =    0.45    6.29   10.70    3.97    1.98    1.59    2.75    8.49
              temp =  -62.36  -66.16  -48.63  -28.22  -11.77    1.07    8.85   14.19
  field:            1    no. of faulty points:           0
  undefined values set to   0.0000000000000000     
 Write restart dataset for year/month/date/hour:         1984 /           1 /           1 /           0
