  hallo from speedy_agcm
 RPE_ACTIVE  T
&RESOLUTION
 NTRUN=         30,
 MTRUN=         30,
 IX=         96,
 IY=         24,
 KX=          8,
 /
&INPUT_RESOLUTION
 NTRUN_IN=         30,
 MTRUN_IN=         30,
 IX_IN=         96,
 IY_IN=         24,
 KX_IN=          8,
 /
&COUPLING_FLAGS
 ICLAND=          1,
 ICSEA=          0,
 ICICE=          1,
 ISSTAN=          1,
 /
&LAND
 DEPTH_SOIL=  1.0000000000000000     ,
 DEPTH_LICE=  5.0000000000000000     ,
 TDLAND=  40.000000000000000     ,
 FLANDMIN= 0.33333333333333331     ,
 /
&SEA
 DEPTH_ML=  60.000000000000000     ,
 DEPT0_ML=  40.000000000000000     ,
 DEPTH_ICE=  2.5000000000000000     ,
 DEPT0_ICE=  1.5000000000000000     ,
 TDSST=  90.000000000000000     ,
 TDICE=  30.000000000000000     ,
 FSEAMIN= 0.33333333333333331     ,
 BETA%VAL=  1.0000000000000000     ,
 L_GLOBE=T,
 L_NORTHE=F,
 L_NATLAN=F,
 L_NPACIF=F,
 L_TROPIC=F,
 L_INDIAN=F,
 /
&DYNAMICS
 GAMMA=  6.0000000000000000     ,
 HSCALE=  7.5000000000000000     ,
 HSHUM=  2.5000000000000000     ,
 REFRH1= 0.69999999999999996     ,
 THD=  2.3999999999999999     ,
 THDD=  2.3999999999999999     ,
 THDS=  12.000000000000000     ,
 TDRS%VAL=  720.00000000000000     ,
 /
&FORCING
 LCO2=F,
 IYEAR_REF=       1950,
 DEL_CO2%VAL=  5.0000000000000001E-003,
 ABLCO2%VAL=  6.0000000000000000     ,
 ALBSEA%VAL=  7.0000000000000007E-002,
 ALBICE%VAL= 0.59999999999999998     ,
 ALBSN%VAL= 0.59999999999999998     ,
 /
&SOLAR_FORCING
 SOLC%VAL=  342.00000000000000     ,
 EPSSW%VAL=  2.0000000000000000E-002,
 /
&SURFACE
 SWCAP%VAL= 0.29999999999999999     ,
 SWWIL%VAL= 0.17000000000000001     ,
 SD2SC%VAL=  60.000000000000000     ,
 /
&TIMESTEPPING
 NSTEPS=         36,
 NSTDIA=        180,
 NMONRS=         12,
 ROB%VAL=  5.0000000000000003E-002,
 WIL%VAL= 0.53000000000000003     ,
 /
&CONVECTION
 PSMIN%VAL= 0.80000000000000004     ,
 TRCNV=  6.0000000000000000     ,
 RHBL%VAL= 0.90000000000000002     ,
 RHIL%VAL= 0.69999999999999996     ,
 ENTMAX= 0.50000000000000000     ,
 SMF%VAL= 0.80000000000000004     ,
 /
&CONDENSATION
 TRLSC%VAL=  4.0000000000000000     ,
 RHLSC= 0.90000000000000002     ,
 DRHLSC= 0.10000000000000001     ,
 RHBLSC= 0.94999999999999996     ,
 /
&CLOUD_PARAMETERS
 RHCL1%VAL= 0.29999999999999999     ,
 RHCL2%VAL=  1.0000000000000000     ,
 QACL%VAL= 0.20000000000000001     ,
 WPCL%VAL= 0.20000000000000001     ,
 PMAXCL%VAL=  10.000000000000000     ,
 CLSMAX%VAL= 0.59999999999999998     ,
 CLSMINL%VAL= 0.14999999999999999     ,
 GSE_S0%VAL= 0.25000000000000000     ,
 GSE_S1%VAL= 0.40000000000000002     ,
 /
&SW_RADIATION
 NSTRAD=          3,
 ABSDRY%VAL=  3.3000000000000002E-002,
 ABSAER%VAL=  3.3000000000000002E-002,
 ABSWV1%VAL=  2.1999999999999999E-002,
 ABSWV2%VAL=  15.000000000000000     ,
 ABSCL1%VAL=  1.4999999999999999E-002,
 ABSCL2%VAL= 0.14999999999999999     ,
 ALBCL%VAL= 0.42999999999999999     ,
 ALBCLS%VAL= 0.50000000000000000     ,
 /
&LW_RADIATION
 EPSLW%VAL=  5.0000000000000003E-002,
 EMISFC%VAL= 0.97999999999999998     ,
 ABLWIN%VAL= 0.29999999999999999     ,
 ABLWV1%VAL= 0.69999999999999996     ,
 ABLWV2%VAL=  50.000000000000000     ,
 ABLCL1%VAL=  12.000000000000000     ,
 ABLCL2%VAL= 0.59999999999999998     ,
 /
&SURFACE_FLUXES
 FWIND0%VAL= 0.94999999999999996     ,
 FTEMP0%VAL=  1.0000000000000000     ,
 FHUM0%VAL=  0.0000000000000000     ,
 CDL%VAL=  2.3999999999999998E-003,
 CDS%VAL=  1.0000000000000000E-003,
 CHL%VAL=  1.1999999999999999E-003,
 CHS%VAL=  8.9999999999999998E-004,
 VGUST%VAL=  5.0000000000000000     ,
 CTDAY%VAL=  1.0000000000000000E-002,
 DTHETA%VAL=  3.0000000000000000     ,
 FSTAB%VAL= 0.67000000000000004     ,
 HDRAG%VAL=  2000.0000000000000     ,
 FHDRAG%VAL= 0.50000000000000000     ,
 CLAMBDA%VAL=  7.0000000000000000     ,
 CLAMBSN%VAL=  7.0000000000000000     ,
 /
&VERTICAL_DIFFUSION
 TRSHC=  6.0000000000000000     ,
 TRVDI=  24.000000000000000     ,
 TRVDS=  6.0000000000000000     ,
 REDSHC%VAL= 0.50000000000000000     ,
 RHGRAD%VAL= 0.50000000000000000     ,
 SEGRAD%VAL= 0.10000000000000001     ,
 /
&SPPT
 SPPT_ON=F,
 NSCALES=          3,
 L_ADDITIVE=F,
 /
&SPPT_PARAMETERS
 MU(1)%VAL=  1.0000000000000000     ,
 MU(2)%VAL=  1.0000000000000000     ,
 MU(3)%VAL=  1.0000000000000000     ,
 MU(4)%VAL=  1.0000000000000000     ,
 MU(5)%VAL=  1.0000000000000000     ,
 MU(6)%VAL=  1.0000000000000000     ,
 MU(7)%VAL=  1.0000000000000000     ,
 MU(8)%VAL=  1.0000000000000000     ,
 TIME_DECORR=  3.0000000000000000     ,  72.000000000000000     ,  720.00000000000000     ,
 LEN_DECORR=  500000.00000000000     ,  1000000.0000000000     ,  2000000.0000000000     ,
 STDDEV= 0.52000000000000002     , 0.17999999999999999     ,  5.9999999999999998E-002,
 ADDITIVE_MAGNITUDE%VAL=  9.9999999999999995E-007,
 /
 Read namelist
 start date         1983           1           1           0
  Model half-level (*1000)           1           0
  Model half-level (*1000)           2          50
  Model half-level (*1000)           3         140
  Model half-level (*1000)           4         260
  Model half-level (*1000)           5         420
  Model half-level (*1000)           6         600
  Model half-level (*1000)           7         770
  Model half-level (*1000)           8         900
  Model half-level (*1000)           9        1000
  Model full-level (*1000)           1          25
  Model full-level (*1000)           2          95
  Model full-level (*1000)           3         200
  Model full-level (*1000)           4         340
  Model full-level (*1000)           5         510
  Model full-level (*1000)           6         685
  Model full-level (*1000)           7         835
  Model full-level (*1000)           8         950
  temp/hum correction at level            2  0.66167368341273969        0.0000000000000000     
  temp/hum correction at level            3  0.75399289734237440        8.0000000000000019E-003
  temp/hum correction at level            4  0.82755908289241631        3.9303999999999992E-002
  temp/hum correction at level            5  0.88857447279504564       0.13265100000000002     
  temp/hum correction at level            6  0.93577679872957287       0.32141912500000008     
  temp/hum correction at level            7  0.96885785555841186       0.58218287499999988     
  temp/hum correction at level            8  0.99104107712276879       0.85737499999999989     
 Filter applied at wavenumber           30
  field:            1    no. of faulty points:           0
  field:            2    no. of faulty points:           0
  field:            3    no. of faulty points:           0
  field:            4    no. of faulty points:           0
  field:            5    no. of faulty points:           0
  field:            6    no. of faulty points:           0
  field:            7    no. of faulty points:           0
  field:            8    no. of faulty points:           0
  field:            9    no. of faulty points:           0
  field:           10    no. of faulty points:           0
  field:           11    no. of faulty points:           0
  field:           12    no. of faulty points:           0
  undefined values set to   273.00000000000000     
  field:            1    no. of faulty points:           0
  field:            2    no. of faulty points:           0
  field:            3    no. of faulty points:           0
  field:            4    no. of faulty points:           0
  field:            5    no. of faulty points:           0
  field:            6    no. of faulty points:           0
  field:            7    no. of faulty points:           0
  field:            8    no. of faulty points:           0
  field:            9    no. of faulty points:           0
  field:           10    no. of faulty points:           0
  field:           11    no. of faulty points:           0
  field:           12    no. of faulty points:           0
  undefined values set to   0.0000000000000000     
  field:            1    no. of faulty points:           0
  field:            2    no. of faulty points:           0
  field:            3    no. of faulty points:           0
  field:            4    no. of faulty points:           0
  field:            5    no. of faulty points:           0
  field:            6    no. of faulty points:           0
  field:            7    no. of faulty points:           0
  field:            8    no. of faulty points:           0
  field:            9    no. of faulty points:           0
  field:           10    no. of faulty points:           0
  field:           11    no. of faulty points:           0
  field:           12    no. of faulty points:           0
  undefined values set to   0.0000000000000000     
  field:            1    no. of faulty points:           0
  field:            2    no. of faulty points:           0
  field:            3    no. of faulty points:           0
  field:            4    no. of faulty points:           0
  field:            5    no. of faulty points:           0
  field:            6    no. of faulty points:           0
  field:            7    no. of faulty points:           0
  field:            8    no. of faulty points:           0
  field:            9    no. of faulty points:           0
  field:           10    no. of faulty points:           0
  field:           11    no. of faulty points:           0
  field:           12    no. of faulty points:           0
  undefined values set to   273.00000000000000     
  field:            1    no. of faulty points:           0
  field:            2    no. of faulty points:           0
  field:            3    no. of faulty points:           0
  field:            4    no. of faulty points:           0
  field:            5    no. of faulty points:           0
  field:            6    no. of faulty points:           0
  field:            7    no. of faulty points:           0
  field:            8    no. of faulty points:           0
  field:            9    no. of faulty points:           0
  field:           10    no. of faulty points:           0
  field:           11    no. of faulty points:           0
  field:           12    no. of faulty points:           0
  undefined values set to   0.0000000000000000     
 isst0 =           49
  field:            1    no. of faulty points:           0
  field:            2    no. of faulty points:           0
  field:            3    no. of faulty points:           0
  undefined values set to   0.0000000000000000     
  reading a restart file
        1983           1           1           0
        1984           1           1           0
 WARNING: Date in restart file does not match requested date
Read restart dataset for year/month/date/hour: 1983/01/01/00
 step =     0 reke =   47.33  105.68  175.99  150.82   82.93   44.62   40.13   46.23
              deke =    0.55    6.72    6.36    4.83    1.74    2.04    2.98    7.70
              temp =  -62.84  -66.81  -49.91  -30.17  -13.02    0.26    8.27   13.60
   tref =    217.14995443460384     
   tref =    217.14995443460384     
   tref =    217.14995443460384     
   tref =    238.33701587301590     
   tref =    255.90944816497316     
   tref =    269.50371803411701     
   tref =    279.03106240082263     
   tref =    285.41983021135741     
 integration length in days:          365
  start of year/month =         1983           1
 step =   180 reke =   44.27  120.15  187.99  149.96   79.74   47.49   42.74   45.60
              deke =    0.49    7.48    7.16    4.59    1.41    1.86    2.91    7.19
              temp =  -62.86  -66.84  -50.02  -29.83  -12.66    0.33    8.10   13.52
 step =   360 reke =   58.57  130.70  208.20  177.95   94.83   50.95   44.98   48.78
              deke =    0.64    6.11    6.06    4.28    1.81    1.56    2.57    7.26
              temp =  -62.88  -66.81  -49.96  -29.89  -12.78    0.32    8.13   13.51
 step =   540 reke =   48.15   98.01  180.09  146.33   82.09   41.49   39.40   43.28
              deke =    0.55    5.22    7.63    4.44    3.05    1.99    3.21    7.62
              temp =  -62.88  -66.79  -50.08  -29.80  -12.76    0.40    8.20   13.66
 step =   720 reke =   29.12   89.65  159.78  112.96   64.23   35.87   35.68   38.16
              deke =    0.52    5.26    8.43    4.16    2.69    1.67    2.89    6.51
              temp =  -62.85  -66.84  -50.04  -30.09  -12.94    0.34    8.07   13.57
 step =   900 reke =   49.42  130.05  169.32  138.77   77.47   41.78   41.96   46.14
              deke =    0.44   10.48    6.83    4.27    2.48    1.93    3.04    7.59
              temp =  -62.87  -66.84  -49.99  -29.90  -13.15    0.25    8.02   13.57
 step =  1080 reke =   50.09  136.08  194.41  158.66   96.50   52.36   50.25   55.83
              deke =    0.62    6.57    8.94    4.25    2.56    1.73    3.28    8.21
              temp =  -62.86  -66.85  -49.83  -29.61  -12.57    0.34    8.02   13.42
  field:            1    no. of faulty points:           0
  undefined values set to   0.0000000000000000     
  start of year/month =         1983           2
 step =  1260 reke =   63.66  126.90  199.52  156.68   90.80   49.20   41.85   43.28
              deke =    0.57    7.50    5.99    3.56    2.46    1.75    3.05    7.73
              temp =  -62.87  -66.78  -49.81  -29.65  -12.75    0.42    8.09   13.38
 step =  1440 reke =   54.23  141.29  178.32  132.31   74.56   40.40   37.17   41.58
              deke =    0.81    9.33    8.01    4.90    2.09    1.96    2.66    7.23
              temp =  -62.87  -66.83  -49.73  -29.52  -13.05    0.21    8.05   13.64
 step =  1620 reke =   54.62  143.71  193.34  137.18   82.54   45.74   44.38   46.41
              deke =    0.52    9.32    7.89    4.76    1.95    1.71    3.31    8.20
              temp =  -62.89  -66.79  -49.70  -29.70  -12.75    0.33    7.95   13.46
 step =  1800 reke =   36.25  115.16  208.70  150.48   82.58   48.79   50.60   53.89
              deke =    0.34    5.91    7.29    5.53    2.22    2.13    3.36    8.60
              temp =  -62.85  -66.86  -49.56  -29.97  -12.91    0.21    7.92   13.42
 step =  1980 reke =   44.65  110.36  198.98  146.32   87.09   50.41   45.00   47.77
              deke =    0.68    6.89    9.69    4.59    2.02    2.35    3.19    7.81
              temp =  -62.82  -66.81  -49.62  -29.67  -12.75    0.36    8.08   13.52
  field:            1    no. of faulty points:           0
  undefined values set to   0.0000000000000000     
  start of year/month =         1983           3
 step =  2160 reke =   38.60  119.08  173.80  129.79   74.19   41.14   38.78   44.23
              deke =    0.43    8.34    9.05    4.14    2.06    1.86    2.45    6.97
              temp =  -62.80  -66.82  -49.75  -29.62  -12.81    0.33    8.13   13.52
 step =  2340 reke =   50.36  145.67  200.46  157.74   98.79   56.74   51.13   53.46
              deke =    0.64   10.73    7.35    4.61    2.15    2.24    3.37    8.25
              temp =  -62.79  -66.80  -49.64  -29.41  -12.73    0.43    8.11   13.50
 step =  2520 reke =   58.12  138.20  200.16  164.88   96.02   52.50   48.13   51.64
              deke =    0.58    7.21    6.32    4.24    2.62    1.70    3.00    7.66
              temp =  -62.75  -66.84  -49.62  -29.49  -12.88    0.39    8.06   13.47
 step =  2700 reke =   47.00  120.14  200.84  174.80  105.53   55.87   46.85   49.41
              deke =    0.76    4.20    7.09    4.89    2.98    1.80    2.70    7.64
              temp =  -62.77  -66.84  -49.59  -29.58  -12.80    0.47    8.19   13.53
 step =  2880 reke =   51.43  111.77  156.60  130.31   74.05   42.51   38.81   39.07
              deke =    0.50    7.35    6.60    4.38    2.82    1.88    2.86    7.32
              temp =  -62.79  -66.79  -49.66  -30.00  -12.98    0.39    8.11   13.58
 step =  3060 reke =   43.14  118.46  202.22  182.74  108.17   61.55   57.08   60.78
              deke =    0.66    7.28    7.96    4.50    2.41    1.88    3.21    9.23
              temp =  -62.81  -66.80  -49.47  -29.69  -12.92    0.28    8.09   13.56
 step =  3240 reke =   51.33  132.82  191.58  138.12   83.19   51.16   46.58   49.27
              deke =    0.90    7.31    7.15    3.54    1.83    1.76    2.94    6.98
              temp =  -62.84  -66.82  -49.60  -29.84  -12.87    0.27    8.16   13.59
  field:            1    no. of faulty points:           0
  undefined values set to   0.0000000000000000     
  start of year/month =         1983           4
 step =  3420 reke =   55.14  130.04  194.11  153.63   85.70   44.12   39.75   46.83
              deke =    0.59    7.00    8.39    4.07    1.88    1.62    2.46    6.86
              temp =  -62.79  -66.82  -49.66  -29.56  -12.76    0.41    8.12   13.58
 step =  3600 reke =   39.76   99.14  155.72  144.74   80.80   43.32   38.63   43.57
              deke =    0.60    5.42    6.63    4.68    1.82    1.59    2.34    6.81
              temp =  -62.79  -66.82  -49.75  -29.85  -12.93    0.14    7.93   13.50
 step =  3780 reke =   95.68  130.54  194.95  164.83   94.80   48.81   44.18   49.41
              deke =    0.78    5.05    6.95    5.16    1.63    1.66    2.66    8.11
              temp =  -62.84  -66.78  -49.67  -29.92  -12.86    0.31    8.05   13.48
 step =  3960 reke =   60.57  114.94  181.23  151.61   85.29   49.51   46.09   50.93
              deke =    0.74    5.00    6.48    4.57    1.57    1.73    2.72    7.04
              temp =  -62.81  -66.82  -49.85  -29.77  -12.80    0.42    8.21   13.63
 step =  4140 reke =   76.26  111.05  184.07  152.55   90.37   50.61   45.89   49.62
              deke =    0.89    7.44    8.74    5.00    2.05    2.15    3.07    7.68
              temp =  -62.80  -66.80  -49.94  -29.96  -12.97    0.26    8.18   13.57
 step =  4320 reke =   55.87  105.52  169.17  148.81   87.88   49.72   43.98   46.46
              deke =    0.69    6.15    8.33    5.15    2.25    1.98    3.09    7.86
              temp =  -62.81  -66.79  -49.84  -29.83  -12.80    0.42    8.16   13.54
  field:            1    no. of faulty points:           0
  undefined values set to   0.0000000000000000     
  start of year/month =         1983           5
 step =  4500 reke =   42.45  129.72  192.83  143.92   78.60   40.63   37.79   40.81
              deke =    0.78    9.36    6.88    4.51    1.95    1.81    3.01    6.76
              temp =  -62.82  -66.78  -49.63  -29.87  -13.15    0.26    8.16   13.70
 step =  4680 reke =   46.44  127.07  197.74  171.35   96.84   52.65   45.80   49.13
              deke =    0.75    8.30    8.18    4.45    2.03    1.81    2.98    7.70
              temp =  -62.83  -66.81  -49.98  -29.43  -12.82    0.35    8.26   13.61
 step =  4860 reke =   55.60  122.25  175.11  148.09   94.96   51.07   45.82   47.92
              deke =    0.54    7.77   10.61    4.20    2.69    1.90    2.99    7.46
              temp =  -62.81  -66.79  -49.87  -29.95  -12.82    0.49    8.32   13.83
 step =  5040 reke =   41.49  111.86  184.46  142.78   78.21   43.84   39.76   41.70
              deke =    0.61    6.91    8.01    4.81    2.43    1.78    3.07    8.08
              temp =  -62.81  -66.71  -49.80  -29.70  -12.86    0.47    8.26   13.65
 step =  5220 reke =   50.35  109.74  187.22  153.72   86.88   44.71   41.73   45.73
              deke =    0.59    6.39    8.56    4.39    1.96    1.66    3.00    7.57
              temp =  -62.79  -66.70  -49.64  -29.66  -12.89    0.32    8.19   13.63
 step =  5400 reke =   50.43  118.47  178.53  151.08   91.93   49.92   43.86   46.09
              deke =    0.73    6.52    6.28    3.82    1.97    1.51    2.46    7.24
              temp =  -62.83  -66.67  -49.57  -30.02  -12.82    0.36    8.16   13.53
  field:            1    no. of faulty points:           0
  undefined values set to   0.0000000000000000     
  start of year/month =         1983           6
 step =  5580 reke =   44.80  120.51  211.66  168.76   97.49   53.52   47.65   49.43
              deke =    0.68    5.58    8.12    5.02    2.84    1.62    2.75    6.96
              temp =  -62.83  -66.67  -49.55  -29.69  -12.90    0.22    8.01   13.47
 step =  5760 reke =   34.79  126.31  203.83  165.32   91.33   49.30   44.56   47.29
              deke =    0.49    6.85    8.75    4.65    1.94    1.96    3.24    8.52
              temp =  -62.84  -66.59  -49.72  -29.49  -12.86    0.29    8.04   13.49
 step =  5940 reke =   63.74  112.26  171.30  134.15   76.64   43.60   39.67   45.39
              deke =    0.66    5.27    8.02    5.09    1.82    1.53    2.28    6.82
              temp =  -62.82  -66.63  -49.73  -29.76  -12.62    0.51    8.18   13.53
 step =  6120 reke =   58.34  106.32  171.15  142.84   86.00   50.41   48.88   52.31
              deke =    0.48    5.96    6.58    5.45    1.63    1.71    3.20    8.46
              temp =  -62.81  -66.69  -49.78  -29.70  -12.85    0.44    8.32   13.68
 step =  6300 reke =   46.71   98.23  162.57  166.97  101.95   59.70   53.12   55.17
              deke =    0.41    4.22    7.46    4.64    1.83    1.83    2.74    7.33
              temp =  -62.84  -66.67  -49.68  -29.60  -12.56    0.64    8.47   13.79
 step =  6480 reke =   44.40  123.00  178.84  145.58   78.64   45.39   40.45   42.88
              deke =    0.53    5.67    7.94    5.09    1.89    1.83    2.67    7.35
              temp =  -62.83  -66.66  -49.67  -30.11  -12.77    0.50    8.35   13.80
  field:            1    no. of faulty points:           0
  undefined values set to   0.0000000000000000     
  start of year/month =         1983           7
 step =  6660 reke =   34.56  121.64  202.92  172.49  101.88   58.37   54.39   56.16
              deke =    0.65    6.00    8.48    5.02    1.84    1.83    2.84    8.30
              temp =  -62.87  -66.58  -49.73  -29.74  -12.83    0.49    8.44   13.73
 step =  6840 reke =   41.34  106.46  188.23  148.86   85.98   49.10   42.01   44.78
              deke =    0.37    5.01    6.99    3.77    2.47    2.10    3.07    7.27
              temp =  -62.88  -66.62  -49.79  -30.12  -12.88    0.49    8.28   13.74
 step =  7020 reke =   51.16  127.94  200.22  169.04  104.95   58.01   49.76   52.38
              deke =    0.89    7.98    8.60    4.76    2.40    2.18    2.64    7.75
              temp =  -62.88  -66.65  -49.99  -30.06  -12.70    0.56    8.36   13.70
 step =  7200 reke =   38.41  109.42  175.95  168.02   99.37   49.72   42.60   46.14
              deke =    0.60    4.58    5.66    4.34    2.07    1.63    1.94    6.74
              temp =  -62.87  -66.59  -50.08  -29.57  -12.64    0.72    8.53   13.86
 step =  7380 reke =   54.67  101.83  174.69  147.04   87.77   46.80   44.58   49.07
              deke =    0.88    5.16    7.39    4.04    2.54    1.67    2.67    7.34
              temp =  -62.86  -66.63  -50.08  -29.89  -12.76    0.47    8.23   13.65
 step =  7560 reke =   79.41  113.32  184.09  151.27   85.68   46.26   42.68   45.60
              deke =    0.50    4.96    8.84    4.75    2.11    1.59    2.78    6.81
              temp =  -62.86  -66.69  -50.01  -29.85  -12.99    0.33    8.20   13.66
  field:            1    no. of faulty points:           0
  undefined values set to   0.0000000000000000     
  start of year/month =         1983           8
 step =  7740 reke =   58.30  125.94  205.38  169.54   89.13   47.04   44.36   46.97
              deke =    1.15    8.06   10.68    4.93    1.93    2.09    3.47    7.73
              temp =  -62.83  -66.69  -49.78  -29.60  -12.91    0.23    8.20   13.58
 step =  7920 reke =   50.55   99.06  185.37  162.37   88.94   49.44   43.93   45.55
              deke =    0.63    4.84    7.56    4.24    1.81    1.68    2.77    7.71
              temp =  -62.83  -66.74  -49.79  -29.73  -12.61    0.47    8.23   13.57
 step =  8100 reke =   61.71  140.08  202.74  157.71   87.43   47.94   43.06   44.29
              deke =    0.91    8.92    7.87    4.42    1.86    1.69    2.70    6.95
              temp =  -62.85  -66.68  -49.59  -29.79  -12.89    0.33    8.21   13.67
 step =  8280 reke =   70.68  117.35  197.43  146.16   83.04   48.40   49.22   51.72
              deke =    0.75    6.76    8.13    4.44    2.21    1.80    3.22    8.56
              temp =  -62.84  -66.62  -49.64  -29.98  -12.80    0.43    8.19   13.60
 step =  8460 reke =   45.50  117.28  209.61  162.97   89.62   54.01   53.01   56.43
              deke =    0.51    6.18    7.16    3.91    2.10    1.67    2.75    7.91
              temp =  -62.86  -66.62  -49.70  -29.76  -12.57    0.55    8.32   13.64
 step =  8640 reke =   41.91  125.47  205.50  170.75   86.96   46.71   42.63   44.96
              deke =    0.55    6.29    8.29    5.72    2.18    2.06    2.66    8.09
              temp =  -62.87  -66.61  -49.42  -29.62  -13.01    0.30    8.10   13.55
  field:            1    no. of faulty points:           0
  undefined values set to   0.0000000000000000     
  start of year/month =         1983           9
 step =  8820 reke =   40.63   97.59  177.75  155.54   89.09   48.08   45.30   48.31
              deke =    0.48    6.13    7.31    4.39    1.99    2.23    2.96    7.18
              temp =  -62.85  -66.60  -49.55  -29.45  -12.49    0.50    8.25   13.57
 step =  9000 reke =   59.05  138.71  188.75  153.15   93.42   53.73   47.80   52.60
              deke =    0.37    5.83    8.43    4.45    1.77    2.01    2.73    7.88
              temp =  -62.82  -66.57  -49.56  -29.75  -12.55    0.52    8.21   13.65
 step =  9180 reke =   52.71  140.95  182.63  139.17   75.00   41.95   37.58   40.28
              deke =    0.61    6.67    7.02    3.94    1.62    1.75    2.73    7.12
              temp =  -62.83  -66.57  -49.63  -29.51  -12.84    0.41    8.25   13.76
 step =  9360 reke =   50.47  111.67  154.48  138.22   86.31   48.40   47.47   53.60
              deke =    0.50    7.24    5.38    4.47    2.00    1.70    3.08    8.06
              temp =  -62.79  -66.64  -49.50  -29.58  -12.86    0.33    8.17   13.57
 step =  9540 reke =   48.79  112.91  195.53  155.58   77.44   42.50   39.57   42.13
              deke =    0.43    7.14    6.83    4.89    1.96    1.88    2.75    7.66
              temp =  -62.79  -66.67  -49.44  -29.73  -12.93    0.33    8.12   13.63
 step =  9720 reke =   49.04  107.26  194.60  147.74   83.24   44.38   39.97   44.12
              deke =    0.61    5.36    7.70    5.85    2.61    1.80    2.97    6.93
              temp =  -62.81  -66.71  -49.55  -29.89  -12.63    0.28    7.97   13.44
  field:            1    no. of faulty points:           0
  undefined values set to   0.0000000000000000     
  start of year/month =         1983          10
 step =  9900 reke =   36.67  118.42  197.59  144.95   80.85   43.21   38.65   44.84
              deke =    0.34    7.69    8.29    4.68    2.34    2.15    2.56    7.28
              temp =  -62.77  -66.69  -49.72  -30.08  -12.66    0.30    8.05   13.53
 step = 10080 reke =   43.04  114.36  202.69  181.70  101.16   52.42   48.51   49.63
              deke =    1.17    7.30    9.25    4.66    2.63    2.24    3.07    7.70
              temp =  -62.75  -66.64  -49.60  -30.14  -12.77    0.23    8.06   13.44
 step = 10260 reke =   55.66  106.56  188.09  158.56   86.90   43.35   36.90   40.99
              deke =    0.58    6.94    8.06    3.83    2.82    1.70    2.54    6.63
              temp =  -62.73  -66.62  -49.76  -29.84  -12.71    0.31    8.03   13.56
 step = 10440 reke =   49.58   90.35  143.97  127.77   80.05   46.16   42.77   47.62
              deke =    0.51    4.42    6.23    3.66    2.13    1.67    2.61    7.30
              temp =  -62.77  -66.63  -49.88  -30.00  -12.89    0.39    8.12   13.53
 step = 10620 reke =   63.65  108.32  164.48  128.10   76.51   39.50   36.97   40.83
              deke =    0.47    7.08    8.95    4.20    2.26    1.72    2.51    7.28
              temp =  -62.82  -66.60  -49.85  -30.00  -12.92    0.42    8.21   13.57
 step = 10800 reke =   45.95  117.62  188.56  138.45   77.00   39.93   39.07   44.13
              deke =    0.63    7.53    8.33    3.41    2.34    1.78    3.38    7.55
              temp =  -62.85  -66.55  -49.94  -30.01  -12.95    0.24    8.07   13.49
  field:            1    no. of faulty points:           0
  undefined values set to   0.0000000000000000     
  start of year/month =         1983          11
 step = 10980 reke =   30.92  107.04  172.55  143.16   76.46   41.62   45.13   49.41
              deke =    0.45    7.59    7.48    4.76    1.90    1.72    2.82    8.34
              temp =  -62.88  -66.62  -49.88  -29.92  -13.05    0.17    8.08   13.53
 step = 11160 reke =   62.81  131.17  212.01  169.54   96.50   52.70   47.52   49.39
              deke =    0.85    4.04    7.78    4.14    1.94    1.73    2.93    6.63
              temp =  -62.91  -66.61  -49.65  -29.52  -12.94    0.28    8.14   13.63
 step = 11340 reke =   74.68  146.31  189.51  153.17   87.47   46.74   42.34   46.68
              deke =    0.87    7.59    6.41    4.36    1.84    1.64    2.49    8.08
              temp =  -62.90  -66.53  -49.81  -29.69  -12.55    0.40    8.12   13.52
 step = 11520 reke =   45.18  129.63  169.17  131.57   75.13   38.34   35.09   38.71
              deke =    0.51    8.39    7.37    5.04    2.14    1.96    2.65    6.60
              temp =  -62.90  -66.57  -49.74  -29.74  -12.94    0.31    8.10   13.57
 step = 11700 reke =   29.00  126.70  196.65  143.79   89.36   50.83   46.90   49.12
              deke =    0.47    8.09   10.46    4.49    1.93    1.68    2.80    7.89
              temp =  -62.88  -66.58  -49.70  -29.58  -13.07    0.07    7.96   13.50
 step = 11880 reke =   35.92  127.91  189.71  149.12   91.72   54.08   46.11   46.17
              deke =    0.47    8.15    8.10    4.46    1.62    1.69    2.99    7.47
              temp =  -62.85  -66.63  -49.63  -29.72  -12.99    0.13    8.13   13.57
 Write restart dataset for year/month/date/hour:         1983 /          12 /           1 /           0
  field:            1    no. of faulty points:           0
  undefined values set to   0.0000000000000000     
  start of year/month =         1983          12
 step = 12060 reke =   82.45  141.70  233.12  177.67  101.75   59.24   50.09   51.94
              deke =    1.13    7.77    9.56    4.62    1.78    1.89    2.95    8.11
              temp =  -62.82  -66.58  -49.43  -29.76  -12.86    0.31    8.19   13.59
 step = 12240 reke =   49.59  111.62  183.04  147.96   86.28   48.32   41.09   42.63
              deke =    0.67    4.49    6.73    5.30    1.87    1.70    2.83    7.45
              temp =  -62.86  -66.53  -49.68  -30.01  -13.03    0.39    8.32   13.73
 step = 12420 reke =   39.72  115.31  206.70  175.64   95.36   48.33   42.56   47.20
              deke =    0.70    6.18    7.91    4.52    2.18    1.66    2.77    7.84
              temp =  -62.85  -66.58  -49.43  -29.93  -12.90    0.34    8.16   13.60
 step = 12600 reke =   58.19  122.36  194.21  167.29   98.18   55.90   51.60   54.69
              deke =    0.58    6.73    6.02    3.71    2.08    1.73    2.71    7.67
              temp =  -62.85  -66.54  -49.54  -29.71  -12.57    0.41    8.06   13.54
 step = 12780 reke =   28.85  109.92  197.54  151.12   84.14   43.55   37.66   41.30
              deke =    0.47    5.48    6.78    4.58    2.06    1.82    2.55    6.84
              temp =  -62.81  -66.51  -49.69  -29.71  -12.74    0.36    8.16   13.66
 step = 12960 reke =   37.28  119.57  169.83  146.75   82.86   45.39   42.91   48.80
              deke =    0.63    7.64    6.80    5.09    1.83    1.49    2.68    7.29
              temp =  -62.80  -66.51  -49.64  -29.90  -13.05    0.31    8.10   13.56
 step = 13140 reke =   67.71  110.09  160.53  149.26   86.29   46.59   44.12   51.17
              deke =    0.71    5.82    6.77    4.47    2.20    1.74    2.69    7.37
              temp =  -62.79  -66.50  -49.87  -29.85  -12.84    0.30    8.21   13.66
  field:            1    no. of faulty points:           0
  undefined values set to   0.0000000000000000     
 Write restart dataset for year/month/date/hour:         1984 /           1 /           1 /           0
