  hallo from speedy_agcm
 RPE_ACTIVE  T
&RESOLUTION
 NTRUN=         30,
 MTRUN=         30,
 IX=         96,
 IY=         24,
 KX=          8,
 /
&INPUT_RESOLUTION
 NTRUN_IN=         30,
 MTRUN_IN=         30,
 IX_IN=         96,
 IY_IN=         24,
 KX_IN=          8,
 /
&COUPLING_FLAGS
 ICLAND=          1,
 ICSEA=          0,
 ICICE=          1,
 ISSTAN=          1,
 /
&LAND
 DEPTH_SOIL=  1.0000000000000000     ,
 DEPTH_LICE=  5.0000000000000000     ,
 TDLAND=  40.000000000000000     ,
 FLANDMIN= 0.33333333333333331     ,
 /
&SEA
 DEPTH_ML=  60.000000000000000     ,
 DEPT0_ML=  40.000000000000000     ,
 DEPTH_ICE=  2.5000000000000000     ,
 DEPT0_ICE=  1.5000000000000000     ,
 TDSST=  90.000000000000000     ,
 TDICE=  30.000000000000000     ,
 FSEAMIN= 0.33333333333333331     ,
 BETA%VAL=  1.0000000000000000     ,
 L_GLOBE=T,
 L_NORTHE=F,
 L_NATLAN=F,
 L_NPACIF=F,
 L_TROPIC=F,
 L_INDIAN=F,
 /
&DYNAMICS
 GAMMA=  6.0000000000000000     ,
 HSCALE=  7.5000000000000000     ,
 HSHUM=  2.5000000000000000     ,
 REFRH1= 0.69999999999999996     ,
 THD=  2.3999999999999999     ,
 THDD=  2.3999999999999999     ,
 THDS=  12.000000000000000     ,
 TDRS%VAL=  720.00000000000000     ,
 /
&FORCING
 LCO2=F,
 IYEAR_REF=       1950,
 DEL_CO2%VAL=  5.0000000000000001E-003,
 ABLCO2%VAL=  6.0000000000000000     ,
 ALBSEA%VAL=  7.0000000000000007E-002,
 ALBICE%VAL= 0.59999999999999998     ,
 ALBSN%VAL= 0.59999999999999998     ,
 /
&SOLAR_FORCING
 SOLC%VAL=  342.00000000000000     ,
 EPSSW%VAL=  2.0000000000000000E-002,
 /
&SURFACE
 SWCAP%VAL= 0.29999999999999999     ,
 SWWIL%VAL= 0.17000000000000001     ,
 SD2SC%VAL=  60.000000000000000     ,
 /
&TIMESTEPPING
 NSTEPS=         36,
 NSTDIA=        180,
 NMONRS=         12,
 ROB%VAL=  5.0000000000000003E-002,
 WIL%VAL= 0.53000000000000003     ,
 /
&CONVECTION
 PSMIN%VAL= 0.80000000000000004     ,
 TRCNV=  6.0000000000000000     ,
 RHBL%VAL= 0.90000000000000002     ,
 RHIL%VAL= 0.69999999999999996     ,
 ENTMAX= 0.50000000000000000     ,
 SMF%VAL= 0.80000000000000004     ,
 /
&CONDENSATION
 TRLSC%VAL=  4.0000000000000000     ,
 RHLSC= 0.90000000000000002     ,
 DRHLSC= 0.10000000000000001     ,
 RHBLSC= 0.94999999999999996     ,
 /
&CLOUD_PARAMETERS
 RHCL1%VAL= 0.29999999999999999     ,
 RHCL2%VAL=  1.0000000000000000     ,
 QACL%VAL= 0.20000000000000001     ,
 WPCL%VAL= 0.20000000000000001     ,
 PMAXCL%VAL=  10.000000000000000     ,
 CLSMAX%VAL= 0.59999999999999998     ,
 CLSMINL%VAL= 0.14999999999999999     ,
 GSE_S0%VAL= 0.25000000000000000     ,
 GSE_S1%VAL= 0.40000000000000002     ,
 /
&SW_RADIATION
 NSTRAD=          3,
 ABSDRY%VAL=  3.3000000000000002E-002,
 ABSAER%VAL=  3.3000000000000002E-002,
 ABSWV1%VAL=  2.1999999999999999E-002,
 ABSWV2%VAL=  15.000000000000000     ,
 ABSCL1%VAL=  1.4999999999999999E-002,
 ABSCL2%VAL= 0.14999999999999999     ,
 ALBCL%VAL= 0.42999999999999999     ,
 ALBCLS%VAL= 0.50000000000000000     ,
 /
&LW_RADIATION
 EPSLW%VAL=  5.0000000000000003E-002,
 EMISFC%VAL= 0.97999999999999998     ,
 ABLWIN%VAL= 0.29999999999999999     ,
 ABLWV1%VAL= 0.69999999999999996     ,
 ABLWV2%VAL=  50.000000000000000     ,
 ABLCL1%VAL=  12.000000000000000     ,
 ABLCL2%VAL= 0.59999999999999998     ,
 /
&SURFACE_FLUXES
 FWIND0%VAL= 0.94999999999999996     ,
 FTEMP0%VAL=  1.0000000000000000     ,
 FHUM0%VAL=  0.0000000000000000     ,
 CDL%VAL=  2.3999999999999998E-003,
 CDS%VAL=  1.0000000000000000E-003,
 CHL%VAL=  1.1999999999999999E-003,
 CHS%VAL=  8.9999999999999998E-004,
 VGUST%VAL=  5.0000000000000000     ,
 CTDAY%VAL=  1.0000000000000000E-002,
 DTHETA%VAL=  3.0000000000000000     ,
 FSTAB%VAL= 0.67000000000000004     ,
 HDRAG%VAL=  2000.0000000000000     ,
 FHDRAG%VAL= 0.50000000000000000     ,
 CLAMBDA%VAL=  7.0000000000000000     ,
 CLAMBSN%VAL=  7.0000000000000000     ,
 /
&VERTICAL_DIFFUSION
 TRSHC=  6.0000000000000000     ,
 TRVDI=  24.000000000000000     ,
 TRVDS=  6.0000000000000000     ,
 REDSHC%VAL= 0.50000000000000000     ,
 RHGRAD%VAL= 0.50000000000000000     ,
 SEGRAD%VAL= 0.10000000000000001     ,
 /
&SPPT
 SPPT_ON=F,
 NSCALES=          3,
 L_ADDITIVE=F,
 /
&SPPT_PARAMETERS
 MU(1)%VAL=  1.0000000000000000     ,
 MU(2)%VAL=  1.0000000000000000     ,
 MU(3)%VAL=  1.0000000000000000     ,
 MU(4)%VAL=  1.0000000000000000     ,
 MU(5)%VAL=  1.0000000000000000     ,
 MU(6)%VAL=  1.0000000000000000     ,
 MU(7)%VAL=  1.0000000000000000     ,
 MU(8)%VAL=  1.0000000000000000     ,
 TIME_DECORR=  3.0000000000000000     ,  72.000000000000000     ,  720.00000000000000     ,
 LEN_DECORR=  500000.00000000000     ,  1000000.0000000000     ,  2000000.0000000000     ,
 STDDEV= 0.52000000000000002     , 0.17999999999999999     ,  5.9999999999999998E-002,
 ADDITIVE_MAGNITUDE%VAL=  9.9999999999999995E-007,
 /
 Read namelist
 start date         1983           1           1           0
  Model half-level (*1000)           1           0
  Model half-level (*1000)           2          50
  Model half-level (*1000)           3         140
  Model half-level (*1000)           4         260
  Model half-level (*1000)           5         420
  Model half-level (*1000)           6         600
  Model half-level (*1000)           7         770
  Model half-level (*1000)           8         900
  Model half-level (*1000)           9        1000
  Model full-level (*1000)           1          25
  Model full-level (*1000)           2          95
  Model full-level (*1000)           3         200
  Model full-level (*1000)           4         340
  Model full-level (*1000)           5         510
  Model full-level (*1000)           6         685
  Model full-level (*1000)           7         835
  Model full-level (*1000)           8         950
  temp/hum correction at level            2  0.66167368341273969        0.0000000000000000     
  temp/hum correction at level            3  0.75399289734237440        8.0000000000000019E-003
  temp/hum correction at level            4  0.82755908289241631        3.9303999999999992E-002
  temp/hum correction at level            5  0.88857447279504564       0.13265100000000002     
  temp/hum correction at level            6  0.93577679872957287       0.32141912500000008     
  temp/hum correction at level            7  0.96885785555841186       0.58218287499999988     
  temp/hum correction at level            8  0.99104107712276879       0.85737499999999989     
 Filter applied at wavenumber           30
  field:            1    no. of faulty points:           0
  field:            2    no. of faulty points:           0
  field:            3    no. of faulty points:           0
  field:            4    no. of faulty points:           0
  field:            5    no. of faulty points:           0
  field:            6    no. of faulty points:           0
  field:            7    no. of faulty points:           0
  field:            8    no. of faulty points:           0
  field:            9    no. of faulty points:           0
  field:           10    no. of faulty points:           0
  field:           11    no. of faulty points:           0
  field:           12    no. of faulty points:           0
  undefined values set to   273.00000000000000     
  field:            1    no. of faulty points:           0
  field:            2    no. of faulty points:           0
  field:            3    no. of faulty points:           0
  field:            4    no. of faulty points:           0
  field:            5    no. of faulty points:           0
  field:            6    no. of faulty points:           0
  field:            7    no. of faulty points:           0
  field:            8    no. of faulty points:           0
  field:            9    no. of faulty points:           0
  field:           10    no. of faulty points:           0
  field:           11    no. of faulty points:           0
  field:           12    no. of faulty points:           0
  undefined values set to   0.0000000000000000     
  field:            1    no. of faulty points:           0
  field:            2    no. of faulty points:           0
  field:            3    no. of faulty points:           0
  field:            4    no. of faulty points:           0
  field:            5    no. of faulty points:           0
  field:            6    no. of faulty points:           0
  field:            7    no. of faulty points:           0
  field:            8    no. of faulty points:           0
  field:            9    no. of faulty points:           0
  field:           10    no. of faulty points:           0
  field:           11    no. of faulty points:           0
  field:           12    no. of faulty points:           0
  undefined values set to   0.0000000000000000     
  field:            1    no. of faulty points:           0
  field:            2    no. of faulty points:           0
  field:            3    no. of faulty points:           0
  field:            4    no. of faulty points:           0
  field:            5    no. of faulty points:           0
  field:            6    no. of faulty points:           0
  field:            7    no. of faulty points:           0
  field:            8    no. of faulty points:           0
  field:            9    no. of faulty points:           0
  field:           10    no. of faulty points:           0
  field:           11    no. of faulty points:           0
  field:           12    no. of faulty points:           0
  undefined values set to   273.00000000000000     
  field:            1    no. of faulty points:           0
  field:            2    no. of faulty points:           0
  field:            3    no. of faulty points:           0
  field:            4    no. of faulty points:           0
  field:            5    no. of faulty points:           0
  field:            6    no. of faulty points:           0
  field:            7    no. of faulty points:           0
  field:            8    no. of faulty points:           0
  field:            9    no. of faulty points:           0
  field:           10    no. of faulty points:           0
  field:           11    no. of faulty points:           0
  field:           12    no. of faulty points:           0
  undefined values set to   0.0000000000000000     
 isst0 =           49
  field:            1    no. of faulty points:           0
  field:            2    no. of faulty points:           0
  field:            3    no. of faulty points:           0
  undefined values set to   0.0000000000000000     
  reading a restart file
        1983           1           1           0
        1984           1           1           0
 WARNING: Date in restart file does not match requested date
Read restart dataset for year/month/date/hour: 1983/01/01/00
 step =     0 reke =   42.78   91.36  184.88  153.84   89.67   53.23   49.37   52.59
              deke =    0.59    6.35   10.36    4.71    3.11    2.14    3.00    8.02
              temp =  -62.40  -66.28  -48.89  -28.66  -12.22    0.71    8.67   14.06
   tref =    217.14995443460384     
   tref =    217.14995443460384     
   tref =    217.14995443460384     
   tref =    238.33701587301590     
   tref =    255.90944816497316     
   tref =    269.50371803411701     
   tref =    279.03106240082263     
   tref =    285.41983021135741     
 integration length in days:          365
  start of year/month =         1983           1
 step =   180 reke =   75.88  120.04  209.04  167.86   92.61   54.63   47.85   51.47
              deke =    0.85    9.75    9.95    4.40    2.01    1.96    2.36    7.47
              temp =  -62.39  -66.21  -48.90  -28.36  -11.82    1.01    8.71   14.14
 step =   360 reke =   64.89  146.87  238.46  188.92  103.41   57.55   48.30   51.78
              deke =    1.14    8.77   11.49    4.10    2.69    2.15    2.26    7.02
              temp =  -62.39  -66.28  -48.67  -28.39  -11.91    0.91    8.69   14.06
 step =   540 reke =   80.26  151.79  246.72  169.49   90.09   49.71   41.83   44.17
              deke =    0.74    7.67   11.03    5.01    2.51    1.87    2.70    7.20
              temp =  -62.38  -66.24  -48.76  -27.92  -11.65    0.94    8.59   14.08
 step =   720 reke =   66.25  144.32  236.01  169.46   91.26   47.06   39.22   44.06
              deke =    0.92    6.93    9.44    4.49    2.49    1.92    2.50    7.63
              temp =  -62.41  -66.28  -48.88  -27.96  -11.88    0.99    8.70   14.18
 step =   900 reke =   57.11   80.17  182.55  151.75   83.08   47.04   43.91   49.24
              deke =    0.76    5.19   10.57    5.64    1.91    2.07    2.83    7.76
              temp =  -62.39  -66.27  -48.94  -27.96  -11.82    1.05    8.78   14.14
 step =  1080 reke =   34.73   97.82  170.83  132.42   74.48   43.10   40.84   44.96
              deke =    0.43    9.22    8.50    4.75    2.20    1.71    2.84    7.78
              temp =  -62.37  -66.26  -48.97  -27.95  -11.83    1.01    8.57   13.93
  field:            1    no. of faulty points:           0
  undefined values set to   0.0000000000000000     
  start of year/month =         1983           2
 step =  1260 reke =   42.37   98.87  197.43  145.04   89.91   52.54   45.46   49.78
              deke =    0.53    6.11   10.57    5.25    2.24    1.80    2.57    7.77
              temp =  -62.36  -66.15  -48.88  -28.25  -12.14    0.82    8.70   14.03
 step =  1440 reke =   36.55  116.76  206.20  155.65   92.66   51.11   48.40   53.29
              deke =    0.59    8.21    9.62    4.84    2.34    2.08    3.45    8.46
              temp =  -62.40  -66.08  -48.93  -28.13  -11.87    0.98    8.69   14.02
 step =  1620 reke =   51.05  129.16  219.15  156.74   92.89   57.54   54.40   55.46
              deke =    0.65    8.34   10.65    5.02    2.05    2.31    3.06    9.47
              temp =  -62.43  -66.02  -48.94  -28.13  -11.87    1.00    8.69   13.94
 step =  1800 reke =   33.90  111.37  202.79  147.51   89.49   54.91   46.25   46.49
              deke =    0.44    7.25   11.39    5.30    1.94    2.38    2.77    7.96
              temp =  -62.43  -66.09  -48.93  -28.22  -11.72    1.04    8.70   14.00
 step =  1980 reke =   51.01  136.61  221.99  162.09   84.84   47.65   41.09   44.97
              deke =    0.59    7.47    8.95    4.78    2.12    1.96    2.36    6.44
              temp =  -62.39  -66.10  -49.00  -28.31  -11.89    1.08    8.78   14.07
  field:            1    no. of faulty points:           0
  undefined values set to   0.0000000000000000     
  start of year/month =         1983           3
 step =  2160 reke =   43.67   96.68  177.84  154.64   85.98   51.25   47.28   50.11
              deke =    0.57    4.56    8.60    5.52    2.15    1.97    2.54    7.84
              temp =  -62.42  -66.17  -49.12  -28.62  -11.96    0.94    8.70   14.11
 step =  2340 reke =   41.27   87.68  164.58  141.85   85.37   54.57   49.80   51.38
              deke =    0.51    5.65   10.37    4.17    2.88    2.54    3.33    8.48
              temp =  -62.44  -66.24  -48.97  -28.58  -12.08    1.00    8.69   14.09
 step =  2520 reke =   53.50  118.52  199.90  173.15   97.83   58.13   53.63   54.86
              deke =    0.75    6.54   11.14    4.05    2.41    2.18    2.88    8.86
              temp =  -62.43  -66.25  -48.88  -28.49  -11.85    1.03    8.79   14.13
 step =  2700 reke =   58.85  103.48  220.43  181.03  102.46   57.73   49.59   54.55
              deke =    0.68    7.21   12.14    4.81    2.32    2.11    2.70    7.72
              temp =  -62.42  -66.24  -49.03  -28.48  -12.08    0.91    8.80   14.20
 step =  2880 reke =   49.10  103.59  210.22  174.14   95.96   53.79   45.37   48.59
              deke =    0.36    6.32   10.80    5.27    1.84    1.77    2.05    6.76
              temp =  -62.39  -66.18  -49.17  -28.61  -11.92    1.06    8.86   14.15
 step =  3060 reke =   49.33  130.47  229.53  172.85   91.46   51.24   47.31   51.57
              deke =    0.83    6.01    8.78    4.42    1.86    1.68    2.61    8.50
              temp =  -62.40  -66.19  -49.12  -28.21  -11.69    1.01    8.65   13.99
 step =  3240 reke =   42.25  110.89  181.39  152.43   82.39   45.98   39.98   43.12
              deke =    0.53    8.55   12.45    5.52    2.10    1.50    2.44    7.20
              temp =  -62.42  -66.22  -48.94  -28.42  -11.92    0.90    8.55   13.96
  field:            1    no. of faulty points:           0
  undefined values set to   0.0000000000000000     
  start of year/month =         1983           4
 step =  3420 reke =   53.13   78.86  183.65  144.24   78.76   46.13   44.23   45.69
              deke =    0.79    7.08   12.26    5.59    2.26    2.15    3.48    8.47
              temp =  -62.42  -66.30  -48.82  -28.33  -12.17    0.89    8.60   13.98
 step =  3600 reke =   43.34  124.66  216.10  171.44   93.30   51.19   44.17   47.75
              deke =    0.60    8.86    9.28    4.36    1.87    1.90    2.86    7.21
              temp =  -62.41  -66.26  -48.91  -28.05  -11.94    0.86    8.70   14.00
 step =  3780 reke =   54.70  127.29  212.01  160.64   92.20   52.64   47.00   51.32
              deke =    0.83    8.57    8.53    4.53    2.68    2.29    3.46    8.00
              temp =  -62.38  -66.29  -49.04  -28.03  -12.09    0.90    8.74   14.14
 step =  3960 reke =   75.52  113.54  214.55  162.36  100.39   61.81   54.08   56.72
              deke =    1.42    6.29   10.66    5.65    2.70    2.31    2.81    8.70
              temp =  -62.40  -66.30  -48.86  -27.70  -11.52    1.26    8.86   14.30
 step =  4140 reke =   48.05  125.63  216.86  155.20   88.03   49.59   40.22   43.72
              deke =    0.71    6.27    9.68    4.65    2.15    2.24    2.76    6.46
              temp =  -62.40  -66.38  -48.59  -27.94  -11.97    0.95    8.84   14.26
 step =  4320 reke =   61.04  121.58  223.31  157.57   92.69   51.62   46.98   53.01
              deke =    0.81    8.55   11.36    4.94    2.33    2.72    3.15    8.72
              temp =  -62.41  -66.35  -48.71  -27.92  -11.90    0.89    8.68   14.16
  field:            1    no. of faulty points:           0
  undefined values set to   0.0000000000000000     
  start of year/month =         1983           5
 step =  4500 reke =   49.74  136.08  229.12  172.98  109.70   63.93   55.68   55.84
              deke =    0.75   10.16   12.57    3.81    3.02    2.23    3.02    8.32
              temp =  -62.44  -66.36  -48.83  -27.99  -11.38    1.17    8.74   14.14
 step =  4680 reke =   52.96  113.14  209.16  165.75   88.52   52.06   46.88   50.94
              deke =    1.05    7.34    9.98    4.85    2.01    2.02    3.00    7.51
              temp =  -62.45  -66.37  -48.78  -28.37  -11.57    1.21    8.93   14.33
 step =  4860 reke =   83.79  155.78  273.25  209.33  106.19   56.28   47.04   50.42
              deke =    0.69    6.55    9.38    6.07    1.76    1.83    2.14    6.92
              temp =  -62.41  -66.40  -48.67  -28.37  -11.90    0.97    8.85   14.23
 step =  5040 reke =   76.79  151.41  253.21  171.71   89.19   49.66   44.38   48.16
              deke =    0.66    5.93   10.44    4.39    2.17    2.14    3.08    7.99
              temp =  -62.39  -66.32  -48.75  -28.38  -11.97    0.91    8.78   14.13
 step =  5220 reke =   45.32  131.88  231.05  175.74   97.82   55.96   48.32   50.42
              deke =    0.86    7.40   10.65    4.22    2.18    2.38    3.02    9.35
              temp =  -62.37  -66.36  -48.67  -28.44  -11.90    1.00    8.81   14.17
 step =  5400 reke =   44.05  112.52  208.85  155.35   92.80   56.18   51.95   54.32
              deke =    0.51    8.67   11.95    4.87    1.66    2.07    3.27    8.28
              temp =  -62.37  -66.36  -48.66  -27.98  -11.76    1.07    8.85   14.25
  field:            1    no. of faulty points:           0
  undefined values set to   0.0000000000000000     
  start of year/month =         1983           6
 step =  5580 reke =   39.32  113.85  219.59  163.18   91.14   50.90   44.01   47.08
              deke =    0.57    8.22   10.66    5.28    2.09    2.31    2.98    7.66
              temp =  -62.35  -66.23  -48.76  -28.04  -11.68    1.12    8.93   14.17
 step =  5760 reke =   72.36  152.65  221.65  174.85   99.44   51.15   41.30   44.05
              deke =    0.75    8.96   11.18    4.11    2.00    1.76    2.73    7.52
              temp =  -62.36  -66.12  -48.94  -28.20  -11.84    1.12    8.78   14.19
 step =  5940 reke =   53.47  114.86  217.72  176.11   98.22   51.22   43.64   47.97
              deke =    0.73    7.60   11.41    4.55    2.48    2.09    2.82    8.11
              temp =  -62.34  -66.16  -48.77  -28.16  -11.72    1.22    8.87   14.16
 step =  6120 reke =   39.02  106.51  205.84  161.81   94.44   52.78   45.70   51.13
              deke =    0.57    6.68    9.26    5.33    2.09    2.40    3.18    8.01
              temp =  -62.32  -66.11  -48.89  -28.40  -11.80    1.22    9.05   14.27
 step =  6300 reke =   43.74  120.51  233.59  175.43   85.32   44.32   38.71   42.46
              deke =    0.43    6.71   10.30    4.68    2.12    1.94    2.56    8.11
              temp =  -62.35  -66.09  -48.95  -28.48  -11.92    0.97    8.72   14.02
 step =  6480 reke =   77.38  151.71  243.18  167.11   89.07   50.16   45.20   49.18
              deke =    1.21    9.01   10.29    5.77    2.99    2.04    2.88    8.23
              temp =  -62.37  -66.09  -49.02  -28.65  -11.86    1.15    8.88   14.20
  field:            1    no. of faulty points:           0
  undefined values set to   0.0000000000000000     
  start of year/month =         1983           7
 step =  6660 reke =   68.17  141.81  246.04  194.09  108.60   52.94   44.36   47.44
              deke =    0.83    7.47   11.80    4.58    2.51    2.21    3.37    8.25
              temp =  -62.37  -66.09  -48.98  -28.45  -11.66    1.12    8.75   14.13
 step =  6840 reke =   42.06  112.55  198.13  146.80   87.81   47.84   41.39   46.67
              deke =    0.67    8.45   11.33    4.99    2.71    1.95    2.77    7.61
              temp =  -62.43  -65.92  -48.84  -28.14  -11.73    1.19    8.95   14.28
 step =  7020 reke =   56.42  110.96  198.39  158.41   91.97   51.26   44.82   51.06
              deke =    0.90    8.16   12.88    5.72    2.49    2.08    2.92    8.32
              temp =  -62.43  -65.98  -48.89  -28.13  -11.58    1.24    8.88   14.21
 step =  7200 reke =   72.49   95.65  204.87  152.45   84.23   43.15   38.87   42.92
              deke =    1.05    5.97    9.72    6.33    2.63    1.78    3.19    7.39
              temp =  -62.39  -65.96  -48.68  -28.04  -11.80    1.26    8.94   14.28
 step =  7380 reke =   41.63  101.53  212.76  161.94   94.52   51.47   44.98   47.78
              deke =    0.49    7.26   11.04    5.04    2.33    2.47    3.33    7.78
              temp =  -62.35  -66.03  -48.53  -27.78  -11.77    1.11    8.77   14.10
 step =  7560 reke =   54.23  128.62  218.52  170.02  104.38   56.05   47.81   52.42
              deke =    0.91    8.55   13.15    6.59    2.43    2.08    2.55    8.06
              temp =  -62.32  -66.03  -48.64  -27.89  -11.61    1.08    8.83   14.08
  field:            1    no. of faulty points:           0
  undefined values set to   0.0000000000000000     
  start of year/month =         1983           8
 step =  7740 reke =   66.39  111.86  242.34  178.09   97.73   57.82   49.53   50.74
              deke =    0.72    8.25   11.87    4.94    2.19    2.40    2.97    7.58
              temp =  -62.32  -66.02  -48.52  -28.07  -11.72    1.18    9.08   14.24
 step =  7920 reke =   55.80  107.80  195.89  154.14   81.98   46.14   44.09   47.99
              deke =    0.40    5.97    9.29    4.38    1.93    1.72    2.40    7.28
              temp =  -62.33  -65.88  -48.87  -28.02  -11.83    1.00    8.75   14.09
 step =  8100 reke =   46.05  129.67  215.48  177.73  103.39   58.97   52.29   56.68
              deke =    0.50    6.65   10.80    5.25    1.80    1.71    2.59    8.44
              temp =  -62.36  -65.96  -48.97  -28.07  -11.77    0.94    8.66   14.03
 step =  8280 reke =   56.41  115.51  203.23  168.55   98.63   57.34   48.69   54.03
              deke =    0.75    3.77    7.37    4.08    2.18    2.31    2.49    7.43
              temp =  -62.42  -65.97  -49.00  -28.01  -11.53    1.20    8.84   14.18
 step =  8460 reke =   63.90  103.13  194.52  161.19   95.06   55.06   50.16   54.00
              deke =    0.77    4.82    9.91    4.45    2.23    2.03    2.40    8.02
              temp =  -62.43  -65.97  -48.98  -28.20  -11.70    1.14    8.83   14.13
 step =  8640 reke =   65.14  119.01  222.63  176.23   96.09   52.45   49.55   53.62
              deke =    0.75    4.59    8.40    5.14    2.67    2.01    2.89    8.16
              temp =  -62.46  -66.00  -49.10  -28.17  -11.85    0.99    8.66   14.10
  field:            1    no. of faulty points:           0
  undefined values set to   0.0000000000000000     
  start of year/month =         1983           9
 step =  8820 reke =   58.91  116.16  214.70  150.40   91.19   54.33   49.66   54.52
              deke =    0.62    4.17   11.17    4.10    2.24    2.10    2.62    7.48
              temp =  -62.48  -65.99  -49.11  -28.07  -11.87    1.02    8.71   14.16
 step =  9000 reke =   40.56  113.32  221.17  165.51   95.81   52.38   45.40   52.07
              deke =    0.37    5.67   10.38    4.26    1.94    2.25    3.54    7.92
              temp =  -62.50  -66.02  -48.86  -27.99  -12.22    0.99    8.77   14.04
 step =  9180 reke =   45.70  116.84  224.96  169.50  101.39   62.66   57.15   59.08
              deke =    0.57    5.94   11.02    5.04    2.39    1.76    3.01    8.40
              temp =  -62.47  -66.03  -48.81  -27.67  -11.82    1.07    8.84   13.99
 step =  9360 reke =   45.52  133.14  241.67  196.38  113.51   63.47   52.53   55.90
              deke =    0.92    7.20   11.80    5.10    1.99    2.47    3.02    8.22
              temp =  -62.45  -66.11  -49.03  -27.42  -11.39    1.16    8.84   14.14
 step =  9540 reke =   52.04  133.32  197.54  155.13   83.37   44.41   36.80   42.12
              deke =    0.78    9.45    9.07    4.51    1.68    1.91    2.23    7.16
              temp =  -62.43  -66.10  -49.03  -28.24  -11.91    0.97    8.88   14.26
 step =  9720 reke =   60.41  121.84  205.87  164.03   90.52   51.32   44.45   50.02
              deke =    0.76    7.94    8.18    4.52    2.03    2.09    2.31    8.26
              temp =  -62.44  -66.15  -49.02  -28.13  -11.90    1.08    8.93   14.22
  field:            1    no. of faulty points:           0
  undefined values set to   0.0000000000000000     
  start of year/month =         1983          10
 step =  9900 reke =   61.13  117.82  214.05  166.76   95.67   55.92   48.63   51.43
              deke =    0.96    6.70   10.17    4.45    1.86    2.29    2.98    8.60
              temp =  -62.41  -66.26  -48.76  -28.04  -11.80    1.04    8.91   14.18
 step = 10080 reke =   50.49  112.86  214.82  167.98   97.03   58.07   50.84   52.19
              deke =    0.86    8.79   12.32    4.16    1.92    2.40    3.20    8.47
              temp =  -62.42  -66.23  -48.56  -28.13  -11.69    1.18    8.95   14.28
 step = 10260 reke =   40.88  109.89  202.95  164.16   94.73   58.07   49.43   52.25
              deke =    0.61    6.51    9.56    4.55    1.67    1.78    2.35    7.01
              temp =  -62.44  -66.19  -48.65  -28.23  -11.87    1.08    8.95   14.37
 step = 10440 reke =   44.87   98.79  197.05  161.35   89.91   54.10   49.94   54.11
              deke =    0.51    7.29    8.31    3.79    1.74    1.92    2.65    8.85
              temp =  -62.44  -66.16  -48.83  -28.46  -11.87    1.08    8.84   14.22
 step = 10620 reke =   48.22  113.50  235.54  168.25   94.08   51.42   47.10   53.34
              deke =    0.53    5.25   10.21    4.68    1.63    2.04    3.07    8.04
              temp =  -62.45  -66.17  -49.20  -28.14  -11.85    0.93    8.76   14.22
 step = 10800 reke =   47.83   98.17  195.28  160.65   93.96   50.89   44.58   46.11
              deke =    0.79    6.63    8.98    3.94    2.06    1.90    2.83    7.43
              temp =  -62.43  -66.22  -49.22  -28.17  -11.72    1.05    8.71   14.07
  field:            1    no. of faulty points:           0
  undefined values set to   0.0000000000000000     
  start of year/month =         1983          11
 step = 10980 reke =   51.78  130.05  211.07  180.11   97.61   55.03   48.20   51.48
              deke =    0.58    7.81   10.19    5.91    1.80    1.26    2.14    7.87
              temp =  -62.41  -66.29  -49.08  -27.96  -11.77    1.15    8.85   14.26
 step = 11160 reke =   43.63  106.69  205.46  176.91   95.50   50.98   44.14   46.27
              deke =    0.78    6.36   10.59    5.44    2.33    2.02    3.05    8.77
              temp =  -62.44  -66.29  -48.98  -27.84  -11.60    1.19    8.93   14.14
 step = 11340 reke =   49.25  112.35  198.07  148.66   86.63   50.71   45.33   46.76
              deke =    0.72    5.47    9.96    5.24    2.54    2.23    2.76    8.40
              temp =  -62.41  -66.24  -48.72  -28.22  -11.82    1.27    9.06   14.35
 step = 11520 reke =   43.52  108.57  207.36  171.58   96.79   51.38   42.71   46.58
              deke =    0.71    6.41    9.90    5.07    2.09    1.66    2.17    7.61
              temp =  -62.42  -66.22  -48.68  -28.10  -11.87    1.03    8.98   14.26
 step = 11700 reke =   48.75  120.10  225.86  163.95   92.03   51.42   45.86   48.18
              deke =    0.91    7.42    9.74    4.59    2.08    2.17    2.80    8.46
              temp =  -62.43  -66.14  -48.77  -28.07  -11.66    1.14    8.88   14.19
 step = 11880 reke =   51.41  123.20  234.38  168.00   91.33   45.42   37.04   40.59
              deke =    0.61    5.38    9.99    4.99    2.40    1.78    2.60    6.76
              temp =  -62.37  -66.13  -48.76  -27.83  -11.44    1.23    8.97   14.22
 Write restart dataset for year/month/date/hour:         1983 /          12 /           1 /           0
  field:            1    no. of faulty points:           0
  undefined values set to   0.0000000000000000     
  start of year/month =         1983          12
 step = 12060 reke =   42.33  105.81  221.35  157.76   85.56   45.68   39.74   44.16
              deke =    0.97    6.65   13.13    5.37    1.70    1.75    2.53    7.16
              temp =  -62.38  -66.18  -48.74  -28.01  -11.76    1.08    8.82   14.22
 step = 12240 reke =   47.54  111.50  191.23  147.72   77.06   45.32   40.95   45.42
              deke =    0.57    8.65    7.93    5.79    1.82    1.60    2.35    7.85
              temp =  -62.38  -66.15  -48.82  -27.95  -11.96    0.90    8.63   14.03
 step = 12420 reke =   49.14  115.66  192.00  159.76  101.28   62.66   51.91   52.55
              deke =    0.65    5.47   10.26    5.18    2.17    2.44    2.69    8.05
              temp =  -62.40  -66.15  -48.69  -27.98  -11.96    1.03    8.83   14.19
 step = 12600 reke =   43.66  127.10  234.62  173.50   90.78   47.75   42.17   47.33
              deke =    0.46    7.07   11.26    5.55    2.50    1.73    2.69    7.47
              temp =  -62.41  -66.09  -48.61  -27.85  -11.85    1.01    8.78   14.16
 step = 12780 reke =   60.93  124.02  255.03  191.67   99.45   54.85   47.25   52.00
              deke =    0.79    6.37   11.98    4.38    2.04    1.89    2.13    7.83
              temp =  -62.38  -66.11  -48.64  -28.07  -11.93    0.96    8.77   14.08
 step = 12960 reke =   71.38  111.96  191.05  154.88   91.14   51.70   46.08   50.43
              deke =    1.19    7.04    9.65    4.56    2.08    2.36    2.91    8.68
              temp =  -62.35  -66.13  -48.88  -28.41  -11.98    0.93    8.79   14.10
 step = 13140 reke =   40.74  136.16  232.42  164.98   96.59   52.89   45.78   50.78
              deke =    0.56    7.86    9.09    4.06    2.45    2.00    3.05    8.53
              temp =  -62.35  -66.15  -48.99  -28.21  -11.91    0.97    8.73   14.01
  field:            1    no. of faulty points:           0
  undefined values set to   0.0000000000000000     
 Write restart dataset for year/month/date/hour:         1984 /           1 /           1 /           0
