  hallo from speedy_agcm
 RPE_ACTIVE  T
&RESOLUTION
 NTRUN=         30,
 MTRUN=         30,
 IX=         96,
 IY=         24,
 KX=          8,
 /
&INPUT_RESOLUTION
 NTRUN_IN=         30,
 MTRUN_IN=         30,
 IX_IN=         96,
 IY_IN=         24,
 KX_IN=          8,
 /
&COUPLING_FLAGS
 ICLAND=          1,
 ICSEA=          0,
 ICICE=          1,
 ISSTAN=          1,
 /
&LAND
 DEPTH_SOIL=  1.0000000000000000     ,
 DEPTH_LICE=  5.0000000000000000     ,
 TDLAND=  40.000000000000000     ,
 FLANDMIN= 0.33333333333333331     ,
 /
&SEA
 DEPTH_ML=  60.000000000000000     ,
 DEPT0_ML=  40.000000000000000     ,
 DEPTH_ICE=  2.5000000000000000     ,
 DEPT0_ICE=  1.5000000000000000     ,
 TDSST=  90.000000000000000     ,
 TDICE=  30.000000000000000     ,
 FSEAMIN= 0.33333333333333331     ,
 BETA%VAL=  1.0000000000000000     ,
 L_GLOBE=T,
 L_NORTHE=F,
 L_NATLAN=F,
 L_NPACIF=F,
 L_TROPIC=F,
 L_INDIAN=F,
 /
&DYNAMICS
 GAMMA=  6.0000000000000000     ,
 HSCALE=  7.5000000000000000     ,
 HSHUM=  2.5000000000000000     ,
 REFRH1= 0.69999999999999996     ,
 THD=  2.3999999999999999     ,
 THDD=  2.3999999999999999     ,
 THDS=  12.000000000000000     ,
 TDRS%VAL=  720.00000000000000     ,
 /
&FORCING
 LCO2=F,
 IYEAR_REF=       1950,
 DEL_CO2%VAL=  5.0000000000000001E-003,
 ABLCO2%VAL=  6.0000000000000000     ,
 ALBSEA%VAL=  7.0000000000000007E-002,
 ALBICE%VAL= 0.59999999999999998     ,
 ALBSN%VAL= 0.59999999999999998     ,
 /
&SOLAR_FORCING
 SOLC%VAL=  342.00000000000000     ,
 EPSSW%VAL=  2.0000000000000000E-002,
 /
&SURFACE
 SWCAP%VAL= 0.29999999999999999     ,
 SWWIL%VAL= 0.17000000000000001     ,
 SD2SC%VAL=  60.000000000000000     ,
 /
&TIMESTEPPING
 NSTEPS=         36,
 NSTDIA=        180,
 NMONRS=         12,
 ROB%VAL=  5.0000000000000003E-002,
 WIL%VAL= 0.53000000000000003     ,
 /
&CONVECTION
 PSMIN%VAL= 0.80000000000000004     ,
 TRCNV=  6.0000000000000000     ,
 RHBL%VAL= 0.90000000000000002     ,
 RHIL%VAL= 0.69999999999999996     ,
 ENTMAX= 0.50000000000000000     ,
 SMF%VAL= 0.80000000000000004     ,
 /
&CONDENSATION
 TRLSC%VAL=  4.0000000000000000     ,
 RHLSC= 0.90000000000000002     ,
 DRHLSC= 0.10000000000000001     ,
 RHBLSC= 0.94999999999999996     ,
 /
&CLOUD_PARAMETERS
 RHCL1%VAL= 0.29999999999999999     ,
 RHCL2%VAL=  1.0000000000000000     ,
 QACL%VAL= 0.20000000000000001     ,
 WPCL%VAL= 0.20000000000000001     ,
 PMAXCL%VAL=  10.000000000000000     ,
 CLSMAX%VAL= 0.59999999999999998     ,
 CLSMINL%VAL= 0.14999999999999999     ,
 GSE_S0%VAL= 0.25000000000000000     ,
 GSE_S1%VAL= 0.40000000000000002     ,
 /
&SW_RADIATION
 NSTRAD=          3,
 ABSDRY%VAL=  3.3000000000000002E-002,
 ABSAER%VAL=  3.3000000000000002E-002,
 ABSWV1%VAL=  2.1999999999999999E-002,
 ABSWV2%VAL=  15.000000000000000     ,
 ABSCL1%VAL=  1.4999999999999999E-002,
 ABSCL2%VAL= 0.14999999999999999     ,
 ALBCL%VAL= 0.42999999999999999     ,
 ALBCLS%VAL= 0.50000000000000000     ,
 /
&LW_RADIATION
 EPSLW%VAL=  5.0000000000000003E-002,
 EMISFC%VAL= 0.97999999999999998     ,
 ABLWIN%VAL= 0.29999999999999999     ,
 ABLWV1%VAL= 0.69999999999999996     ,
 ABLWV2%VAL=  50.000000000000000     ,
 ABLCL1%VAL=  12.000000000000000     ,
 ABLCL2%VAL= 0.59999999999999998     ,
 /
&SURFACE_FLUXES
 FWIND0%VAL= 0.94999999999999996     ,
 FTEMP0%VAL=  1.0000000000000000     ,
 FHUM0%VAL=  0.0000000000000000     ,
 CDL%VAL=  2.3999999999999998E-003,
 CDS%VAL=  1.0000000000000000E-003,
 CHL%VAL=  1.1999999999999999E-003,
 CHS%VAL=  8.9999999999999998E-004,
 VGUST%VAL=  5.0000000000000000     ,
 CTDAY%VAL=  1.0000000000000000E-002,
 DTHETA%VAL=  3.0000000000000000     ,
 FSTAB%VAL= 0.67000000000000004     ,
 HDRAG%VAL=  2000.0000000000000     ,
 FHDRAG%VAL= 0.50000000000000000     ,
 CLAMBDA%VAL=  7.0000000000000000     ,
 CLAMBSN%VAL=  7.0000000000000000     ,
 /
&VERTICAL_DIFFUSION
 TRSHC=  6.0000000000000000     ,
 TRVDI=  24.000000000000000     ,
 TRVDS=  6.0000000000000000     ,
 REDSHC%VAL= 0.50000000000000000     ,
 RHGRAD%VAL= 0.50000000000000000     ,
 SEGRAD%VAL= 0.10000000000000001     ,
 /
&SPPT
 SPPT_ON=F,
 NSCALES=          3,
 L_ADDITIVE=F,
 /
&SPPT_PARAMETERS
 MU(1)%VAL=  1.0000000000000000     ,
 MU(2)%VAL=  1.0000000000000000     ,
 MU(3)%VAL=  1.0000000000000000     ,
 MU(4)%VAL=  1.0000000000000000     ,
 MU(5)%VAL=  1.0000000000000000     ,
 MU(6)%VAL=  1.0000000000000000     ,
 MU(7)%VAL=  1.0000000000000000     ,
 MU(8)%VAL=  1.0000000000000000     ,
 TIME_DECORR=  3.0000000000000000     ,  72.000000000000000     ,  720.00000000000000     ,
 LEN_DECORR=  500000.00000000000     ,  1000000.0000000000     ,  2000000.0000000000     ,
 STDDEV= 0.52000000000000002     , 0.17999999999999999     ,  5.9999999999999998E-002,
 ADDITIVE_MAGNITUDE%VAL=  9.9999999999999995E-007,
 /
 Read namelist
 start date         1983           1           1           0
  Model half-level (*1000)           1           0
  Model half-level (*1000)           2          50
  Model half-level (*1000)           3         140
  Model half-level (*1000)           4         260
  Model half-level (*1000)           5         420
  Model half-level (*1000)           6         600
  Model half-level (*1000)           7         770
  Model half-level (*1000)           8         900
  Model half-level (*1000)           9        1000
  Model full-level (*1000)           1          25
  Model full-level (*1000)           2          95
  Model full-level (*1000)           3         200
  Model full-level (*1000)           4         340
  Model full-level (*1000)           5         510
  Model full-level (*1000)           6         685
  Model full-level (*1000)           7         835
  Model full-level (*1000)           8         950
  temp/hum correction at level            2  0.66167368341273969        0.0000000000000000     
  temp/hum correction at level            3  0.75399289734237440        8.0000000000000019E-003
  temp/hum correction at level            4  0.82755908289241631        3.9303999999999992E-002
  temp/hum correction at level            5  0.88857447279504564       0.13265100000000002     
  temp/hum correction at level            6  0.93577679872957287       0.32141912500000008     
  temp/hum correction at level            7  0.96885785555841186       0.58218287499999988     
  temp/hum correction at level            8  0.99104107712276879       0.85737499999999989     
 Filter applied at wavenumber           30
  field:            1    no. of faulty points:           0
  field:            2    no. of faulty points:           0
  field:            3    no. of faulty points:           0
  field:            4    no. of faulty points:           0
  field:            5    no. of faulty points:           0
  field:            6    no. of faulty points:           0
  field:            7    no. of faulty points:           0
  field:            8    no. of faulty points:           0
  field:            9    no. of faulty points:           0
  field:           10    no. of faulty points:           0
  field:           11    no. of faulty points:           0
  field:           12    no. of faulty points:           0
  undefined values set to   273.00000000000000     
  field:            1    no. of faulty points:           0
  field:            2    no. of faulty points:           0
  field:            3    no. of faulty points:           0
  field:            4    no. of faulty points:           0
  field:            5    no. of faulty points:           0
  field:            6    no. of faulty points:           0
  field:            7    no. of faulty points:           0
  field:            8    no. of faulty points:           0
  field:            9    no. of faulty points:           0
  field:           10    no. of faulty points:           0
  field:           11    no. of faulty points:           0
  field:           12    no. of faulty points:           0
  undefined values set to   0.0000000000000000     
  field:            1    no. of faulty points:           0
  field:            2    no. of faulty points:           0
  field:            3    no. of faulty points:           0
  field:            4    no. of faulty points:           0
  field:            5    no. of faulty points:           0
  field:            6    no. of faulty points:           0
  field:            7    no. of faulty points:           0
  field:            8    no. of faulty points:           0
  field:            9    no. of faulty points:           0
  field:           10    no. of faulty points:           0
  field:           11    no. of faulty points:           0
  field:           12    no. of faulty points:           0
  undefined values set to   0.0000000000000000     
  field:            1    no. of faulty points:           0
  field:            2    no. of faulty points:           0
  field:            3    no. of faulty points:           0
  field:            4    no. of faulty points:           0
  field:            5    no. of faulty points:           0
  field:            6    no. of faulty points:           0
  field:            7    no. of faulty points:           0
  field:            8    no. of faulty points:           0
  field:            9    no. of faulty points:           0
  field:           10    no. of faulty points:           0
  field:           11    no. of faulty points:           0
  field:           12    no. of faulty points:           0
  undefined values set to   273.00000000000000     
  field:            1    no. of faulty points:           0
  field:            2    no. of faulty points:           0
  field:            3    no. of faulty points:           0
  field:            4    no. of faulty points:           0
  field:            5    no. of faulty points:           0
  field:            6    no. of faulty points:           0
  field:            7    no. of faulty points:           0
  field:            8    no. of faulty points:           0
  field:            9    no. of faulty points:           0
  field:           10    no. of faulty points:           0
  field:           11    no. of faulty points:           0
  field:           12    no. of faulty points:           0
  undefined values set to   0.0000000000000000     
 isst0 =           49
  field:            1    no. of faulty points:           0
  field:            2    no. of faulty points:           0
  field:            3    no. of faulty points:           0
  undefined values set to   0.0000000000000000     
  reading a restart file
        1983           1           1           0
        1984           1           1           0
 WARNING: Date in restart file does not match requested date
Read restart dataset for year/month/date/hour: 1983/01/01/00
 step =     0 reke =   41.23  103.89  191.97  171.46   98.80   52.76   44.60   47.53
              deke =    0.42    4.53    7.44    5.97    2.54    1.86    2.52    7.00
              temp =  -62.95  -66.85  -50.10  -29.50  -13.05    0.27    8.15   13.61
   tref =    217.14995443460384     
   tref =    217.14995443460384     
   tref =    217.14995443460384     
   tref =    238.33701587301590     
   tref =    255.90944816497316     
   tref =    269.50371803411701     
   tref =    279.03106240082263     
   tref =    285.41983021135741     
 integration length in days:          365
  start of year/month =         1983           1
 step =   180 reke =   37.25   94.40  181.96  154.96   82.94   42.94   38.43   42.69
              deke =    0.51    4.27   10.42    3.97    2.13    1.43    2.19    7.49
              temp =  -62.94  -66.82  -49.54  -29.12  -12.72    0.53    8.38   13.81
 step =   360 reke =   43.45  107.24  214.61  159.84   93.82   51.37   44.54   46.45
              deke =    0.49    6.60    8.76    4.07    1.90    1.47    2.33    8.35
              temp =  -62.96  -66.77  -49.21  -28.78  -12.57    0.55    8.37   13.82
 step =   540 reke =   52.34  132.97  251.90  195.01  110.89   61.17   52.97   54.17
              deke =    0.82    4.89   11.46    4.53    2.48    2.37    3.20    8.74
              temp =  -62.91  -66.72  -49.03  -28.53  -12.25    0.74    8.65   14.02
 step =   720 reke =   45.20  143.14  228.96  184.20   92.62   50.02   43.02   45.12
              deke =    0.71    9.51   12.57    5.35    2.43    2.54    2.58    7.76
              temp =  -62.80  -66.65  -49.03  -28.67  -11.91    1.00    8.74   14.07
 step =   900 reke =   48.37  137.04  268.32  204.03  102.69   53.74   44.49   47.22
              deke =    0.56    7.51   11.42    5.87    2.40    2.05    2.41    7.58
              temp =  -62.84  -66.55  -48.80  -28.65  -12.03    0.89    8.68   14.01
 step =  1080 reke =   51.10  163.54  265.05  207.15  112.33   58.68   48.69   52.74
              deke =    0.66    9.09    9.91    5.60    2.90    1.88    2.56    7.66
              temp =  -62.78  -66.53  -48.79  -28.62  -11.79    0.96    8.70   14.02
  field:            1    no. of faulty points:           0
  undefined values set to   0.0000000000000000     
  start of year/month =         1983           2
 step =  1260 reke =   35.49  145.89  243.03  170.81   99.04   54.32   46.46   49.54
              deke =    0.44    9.95   13.07    4.96    1.97    1.92    2.95    8.73
              temp =  -62.76  -66.37  -48.83  -28.60  -12.01    1.02    8.95   14.38
 step =  1440 reke =   38.33  136.18  237.88  178.34  100.80   55.26   49.12   52.69
              deke =    0.67    6.69   13.41    4.71    2.47    2.10    2.78    8.21
              temp =  -62.75  -66.38  -48.85  -28.60  -11.80    1.06    8.97   14.34
 step =  1620 reke =   48.61  127.70  238.85  174.46   86.75   48.19   43.61   47.75
              deke =    0.52    7.27   12.27    5.73    2.00    1.88    2.41    7.29
              temp =  -62.67  -66.35  -48.93  -28.52  -11.80    1.09    8.93   14.23
 step =  1800 reke =   43.38  106.92  213.40  189.38  104.64   58.20   51.31   52.15
              deke =    0.74    6.11    9.55    4.78    2.29    2.07    3.02    8.54
              temp =  -62.68  -66.33  -48.97  -28.41  -11.62    1.15    8.93   14.10
 step =  1980 reke =   48.22  116.43  239.22  190.33  108.50   62.91   55.86   59.25
              deke =    0.82    7.71    8.53    5.02    2.10    1.73    2.95    8.33
              temp =  -62.70  -66.27  -48.99  -28.16  -11.57    1.19    8.89   14.12
  field:            1    no. of faulty points:           0
  undefined values set to   0.0000000000000000     
  start of year/month =         1983           3
 step =  2160 reke =   36.32   99.65  185.27  144.15   84.64   53.09   49.95   52.78
              deke =    0.41    6.68   10.66    5.20    1.86    2.06    2.69    8.40
              temp =  -62.68  -66.29  -49.17  -28.15  -11.66    1.23    8.97   14.27
 step =  2340 reke =   63.92  106.27  186.94  146.66   81.39   48.41   41.46   46.41
              deke =    0.47    6.48    9.17    4.44    1.83    1.79    2.50    7.55
              temp =  -62.67  -66.34  -48.99  -28.13  -11.79    1.11    8.76   14.18
 step =  2520 reke =   52.53  113.06  205.48  179.73  104.81   60.66   55.40   60.93
              deke =    0.84    6.73   14.69    9.17    2.55    2.11    2.69    9.36
              temp =  -62.69  -66.21  -48.86  -27.88  -11.80    0.98    8.81   14.24
 step =  2700 reke =   39.36   96.44  176.01  152.44   91.19   52.90   47.61   52.30
              deke =    0.38    8.18   12.55    5.61    2.26    2.46    2.68    7.80
              temp =  -62.66  -66.17  -49.01  -28.04  -11.60    1.22    8.88   14.15
 step =  2880 reke =   53.08  129.07  263.80  184.72  103.35   58.68   48.17   53.57
              deke =    0.59    8.12   12.65    6.21    2.28    2.08    2.29    7.61
              temp =  -62.63  -66.13  -48.97  -27.83  -11.61    1.20    8.85   14.16
 step =  3060 reke =   63.18  138.28  221.32  181.97   97.69   56.31   47.37   47.36
              deke =    0.61    9.05    9.56    4.84    2.47    1.96    2.74    7.85
              temp =  -62.61  -66.12  -48.79  -28.18  -11.56    1.30    9.06   14.36
 step =  3240 reke =   72.50  141.78  231.35  172.34   99.76   57.83   47.67   48.08
              deke =    0.73    8.65    9.62    4.70    2.54    2.12    2.52    6.83
              temp =  -62.60  -66.09  -48.68  -28.18  -11.69    1.28    8.97   14.29
  field:            1    no. of faulty points:           0
  undefined values set to   0.0000000000000000     
  start of year/month =         1983           4
 step =  3420 reke =   76.80  137.05  251.62  174.80  102.42   61.11   52.86   54.37
              deke =    0.76    7.41   10.29    4.20    2.19    1.89    2.88    8.00
              temp =  -62.65  -66.02  -48.64  -28.11  -11.90    1.12    8.89   14.19
 step =  3600 reke =   54.37   97.98  185.72  144.17   85.40   53.03   41.27   46.03
              deke =    0.75    4.79   10.59    4.61    1.97    2.02    2.01    7.16
              temp =  -62.61  -66.04  -48.85  -27.80  -11.72    1.23    9.03   14.40
