  hallo from speedy_agcm
 RPE_ACTIVE  T
&RESOLUTION
 NTRUN=         30,
 MTRUN=         30,
 IX=         96,
 IY=         24,
 KX=          8,
 /
&INPUT_RESOLUTION
 NTRUN_IN=         30,
 MTRUN_IN=         30,
 IX_IN=         96,
 IY_IN=         24,
 KX_IN=          8,
 /
&COUPLING_FLAGS
 ICLAND=          1,
 ICSEA=          0,
 ICICE=          1,
 ISSTAN=          1,
 /
&LAND
 DEPTH_SOIL=  1.0000000000000000     ,
 DEPTH_LICE=  5.0000000000000000     ,
 TDLAND=  40.000000000000000     ,
 FLANDMIN= 0.33333333333333331     ,
 /
&SEA
 DEPTH_ML=  60.000000000000000     ,
 DEPT0_ML=  40.000000000000000     ,
 DEPTH_ICE=  2.5000000000000000     ,
 DEPT0_ICE=  1.5000000000000000     ,
 TDSST=  90.000000000000000     ,
 TDICE=  30.000000000000000     ,
 FSEAMIN= 0.33333333333333331     ,
 BETA%VAL=  1.0000000000000000     ,
 L_GLOBE=T,
 L_NORTHE=F,
 L_NATLAN=F,
 L_NPACIF=F,
 L_TROPIC=F,
 L_INDIAN=F,
 /
&DYNAMICS
 GAMMA=  6.0000000000000000     ,
 HSCALE=  7.5000000000000000     ,
 HSHUM=  2.5000000000000000     ,
 REFRH1= 0.69999999999999996     ,
 THD=  2.3999999999999999     ,
 THDD=  2.3999999999999999     ,
 THDS=  12.000000000000000     ,
 TDRS%VAL=  720.00000000000000     ,
 /
&FORCING
 LCO2=F,
 IYEAR_REF=       1950,
 DEL_CO2%VAL=  5.0000000000000001E-003,
 ABLCO2%VAL=  6.0000000000000000     ,
 ALBSEA%VAL=  7.0000000000000007E-002,
 ALBICE%VAL= 0.59999999999999998     ,
 ALBSN%VAL= 0.59999999999999998     ,
 /
&SOLAR_FORCING
 SOLC%VAL=  342.00000000000000     ,
 EPSSW%VAL=  2.0000000000000000E-002,
 /
&SURFACE
 SWCAP%VAL= 0.29999999999999999     ,
 SWWIL%VAL= 0.17000000000000001     ,
 SD2SC%VAL=  60.000000000000000     ,
 /
&TIMESTEPPING
 NSTEPS=         36,
 NSTDIA=        180,
 NMONRS=         12,
 ROB%VAL=  5.0000000000000003E-002,
 WIL%VAL= 0.53000000000000003     ,
 /
&CONVECTION
 PSMIN%VAL= 0.80000000000000004     ,
 TRCNV=  6.0000000000000000     ,
 RHBL%VAL= 0.90000000000000002     ,
 RHIL%VAL= 0.69999999999999996     ,
 ENTMAX= 0.50000000000000000     ,
 SMF%VAL= 0.80000000000000004     ,
 /
&CONDENSATION
 TRLSC%VAL=  4.0000000000000000     ,
 RHLSC= 0.90000000000000002     ,
 DRHLSC= 0.10000000000000001     ,
 RHBLSC= 0.94999999999999996     ,
 /
&CLOUD_PARAMETERS
 RHCL1%VAL= 0.29999999999999999     ,
 RHCL2%VAL=  1.0000000000000000     ,
 QACL%VAL= 0.20000000000000001     ,
 WPCL%VAL= 0.20000000000000001     ,
 PMAXCL%VAL=  10.000000000000000     ,
 CLSMAX%VAL= 0.59999999999999998     ,
 CLSMINL%VAL= 0.14999999999999999     ,
 GSE_S0%VAL= 0.25000000000000000     ,
 GSE_S1%VAL= 0.40000000000000002     ,
 /
&SW_RADIATION
 NSTRAD=          3,
 ABSDRY%VAL=  3.3000000000000002E-002,
 ABSAER%VAL=  3.3000000000000002E-002,
 ABSWV1%VAL=  2.1999999999999999E-002,
 ABSWV2%VAL=  15.000000000000000     ,
 ABSCL1%VAL=  1.4999999999999999E-002,
 ABSCL2%VAL= 0.14999999999999999     ,
 ALBCL%VAL= 0.42999999999999999     ,
 ALBCLS%VAL= 0.50000000000000000     ,
 /
&LW_RADIATION
 EPSLW%VAL=  5.0000000000000003E-002,
 EMISFC%VAL= 0.97999999999999998     ,
 ABLWIN%VAL= 0.29999999999999999     ,
 ABLWV1%VAL= 0.69999999999999996     ,
 ABLWV2%VAL=  50.000000000000000     ,
 ABLCL1%VAL=  12.000000000000000     ,
 ABLCL2%VAL= 0.59999999999999998     ,
 /
&SURFACE_FLUXES
 FWIND0%VAL= 0.94999999999999996     ,
 FTEMP0%VAL=  1.0000000000000000     ,
 FHUM0%VAL=  0.0000000000000000     ,
 CDL%VAL=  2.3999999999999998E-003,
 CDS%VAL=  1.0000000000000000E-003,
 CHL%VAL=  1.1999999999999999E-003,
 CHS%VAL=  8.9999999999999998E-004,
 VGUST%VAL=  5.0000000000000000     ,
 CTDAY%VAL=  1.0000000000000000E-002,
 DTHETA%VAL=  3.0000000000000000     ,
 FSTAB%VAL= 0.67000000000000004     ,
 HDRAG%VAL=  2000.0000000000000     ,
 FHDRAG%VAL= 0.50000000000000000     ,
 CLAMBDA%VAL=  7.0000000000000000     ,
 CLAMBSN%VAL=  7.0000000000000000     ,
 /
&VERTICAL_DIFFUSION
 TRSHC=  6.0000000000000000     ,
 TRVDI=  24.000000000000000     ,
 TRVDS=  6.0000000000000000     ,
 REDSHC%VAL= 0.50000000000000000     ,
 RHGRAD%VAL= 0.50000000000000000     ,
 SEGRAD%VAL= 0.10000000000000001     ,
 /
&SPPT
 SPPT_ON=F,
 NSCALES=          3,
 L_ADDITIVE=F,
 /
&SPPT_PARAMETERS
 MU(1)%VAL=  1.0000000000000000     ,
 MU(2)%VAL=  1.0000000000000000     ,
 MU(3)%VAL=  1.0000000000000000     ,
 MU(4)%VAL=  1.0000000000000000     ,
 MU(5)%VAL=  1.0000000000000000     ,
 MU(6)%VAL=  1.0000000000000000     ,
 MU(7)%VAL=  1.0000000000000000     ,
 MU(8)%VAL=  1.0000000000000000     ,
 TIME_DECORR=  3.0000000000000000     ,  72.000000000000000     ,  720.00000000000000     ,
 LEN_DECORR=  500000.00000000000     ,  1000000.0000000000     ,  2000000.0000000000     ,
 STDDEV= 0.52000000000000002     , 0.17999999999999999     ,  5.9999999999999998E-002,
 ADDITIVE_MAGNITUDE%VAL=  9.9999999999999995E-007,
 /
 Read namelist
 start date         1983           1           1           0
  Model half-level (*1000)           1           0
  Model half-level (*1000)           2          50
  Model half-level (*1000)           3         140
  Model half-level (*1000)           4         260
  Model half-level (*1000)           5         420
  Model half-level (*1000)           6         600
  Model half-level (*1000)           7         770
  Model half-level (*1000)           8         900
  Model half-level (*1000)           9        1000
  Model full-level (*1000)           1          25
  Model full-level (*1000)           2          95
  Model full-level (*1000)           3         200
  Model full-level (*1000)           4         340
  Model full-level (*1000)           5         510
  Model full-level (*1000)           6         685
  Model full-level (*1000)           7         835
  Model full-level (*1000)           8         950
  temp/hum correction at level            2  0.66167368341273969        0.0000000000000000     
  temp/hum correction at level            3  0.75399289734237440        8.0000000000000019E-003
  temp/hum correction at level            4  0.82755908289241631        3.9303999999999992E-002
  temp/hum correction at level            5  0.88857447279504564       0.13265100000000002     
  temp/hum correction at level            6  0.93577679872957287       0.32141912500000008     
  temp/hum correction at level            7  0.96885785555841186       0.58218287499999988     
  temp/hum correction at level            8  0.99104107712276879       0.85737499999999989     
 Filter applied at wavenumber           30
  field:            1    no. of faulty points:           0
  field:            2    no. of faulty points:           0
  field:            3    no. of faulty points:           0
  field:            4    no. of faulty points:           0
  field:            5    no. of faulty points:           0
  field:            6    no. of faulty points:           0
  field:            7    no. of faulty points:           0
  field:            8    no. of faulty points:           0
  field:            9    no. of faulty points:           0
  field:           10    no. of faulty points:           0
  field:           11    no. of faulty points:           0
  field:           12    no. of faulty points:           0
  undefined values set to   273.00000000000000     
  field:            1    no. of faulty points:           0
  field:            2    no. of faulty points:           0
  field:            3    no. of faulty points:           0
  field:            4    no. of faulty points:           0
  field:            5    no. of faulty points:           0
  field:            6    no. of faulty points:           0
  field:            7    no. of faulty points:           0
  field:            8    no. of faulty points:           0
  field:            9    no. of faulty points:           0
  field:           10    no. of faulty points:           0
  field:           11    no. of faulty points:           0
  field:           12    no. of faulty points:           0
  undefined values set to   0.0000000000000000     
  field:            1    no. of faulty points:           0
  field:            2    no. of faulty points:           0
  field:            3    no. of faulty points:           0
  field:            4    no. of faulty points:           0
  field:            5    no. of faulty points:           0
  field:            6    no. of faulty points:           0
  field:            7    no. of faulty points:           0
  field:            8    no. of faulty points:           0
  field:            9    no. of faulty points:           0
  field:           10    no. of faulty points:           0
  field:           11    no. of faulty points:           0
  field:           12    no. of faulty points:           0
  undefined values set to   0.0000000000000000     
  field:            1    no. of faulty points:           0
  field:            2    no. of faulty points:           0
  field:            3    no. of faulty points:           0
  field:            4    no. of faulty points:           0
  field:            5    no. of faulty points:           0
  field:            6    no. of faulty points:           0
  field:            7    no. of faulty points:           0
  field:            8    no. of faulty points:           0
  field:            9    no. of faulty points:           0
  field:           10    no. of faulty points:           0
  field:           11    no. of faulty points:           0
  field:           12    no. of faulty points:           0
  undefined values set to   273.00000000000000     
  field:            1    no. of faulty points:           0
  field:            2    no. of faulty points:           0
  field:            3    no. of faulty points:           0
  field:            4    no. of faulty points:           0
  field:            5    no. of faulty points:           0
  field:            6    no. of faulty points:           0
  field:            7    no. of faulty points:           0
  field:            8    no. of faulty points:           0
  field:            9    no. of faulty points:           0
  field:           10    no. of faulty points:           0
  field:           11    no. of faulty points:           0
  field:           12    no. of faulty points:           0
  undefined values set to   0.0000000000000000     
 isst0 =           49
  field:            1    no. of faulty points:           0
  field:            2    no. of faulty points:           0
  field:            3    no. of faulty points:           0
  undefined values set to   0.0000000000000000     
  reading a restart file
        1983           1           1           0
        1984           1           1           0
 WARNING: Date in restart file does not match requested date
Read restart dataset for year/month/date/hour: 1983/01/01/00
 step =     0 reke =   39.29  118.09  259.48  189.01  105.35   55.04   49.99   56.20
              deke =    0.45    6.29   10.70    3.97    1.98    1.59    2.75    8.49
              temp =  -62.36  -66.16  -48.63  -28.22  -11.77    1.07    8.85   14.19
   tref =    217.14995443460384     
   tref =    217.14995443460384     
   tref =    217.14995443460384     
   tref =    238.33701587301590     
   tref =    255.90944816497316     
   tref =    269.50371803411701     
   tref =    279.03106240082263     
   tref =    285.41983021135741     
 integration length in days:          365
  start of year/month =         1983           1
 step =   180 reke =   42.07  115.81  217.60  163.94   95.61   54.46   46.91   52.32
              deke =    0.67    8.86   11.72    5.10    1.91    2.07    2.49    8.08
              temp =  -62.34  -66.11  -48.73  -28.05  -11.91    1.11    8.85   14.21
 step =   360 reke =   85.46  139.98  211.33  155.04   96.75   52.60   43.50   46.73
              deke =    1.05   10.94   14.35    4.66    2.08    1.61    2.41    7.40
              temp =  -62.34  -66.00  -48.54  -27.99  -11.90    1.05    8.96   14.27
 step =   540 reke =   68.37  126.77  196.68  137.50   88.95   49.90   44.38   49.17
              deke =    0.96   10.11   12.21    4.91    2.88    1.85    2.65    7.40
              temp =  -62.37  -66.05  -48.57  -28.20  -11.89    1.09    8.98   14.34
 step =   720 reke =   83.87  151.90  238.97  171.94   99.74   57.32   51.88   55.68
              deke =    1.26    7.46   11.69    5.29    1.92    1.86    2.34    7.78
              temp =  -62.39  -66.04  -48.58  -28.12  -11.78    1.11    8.79   14.07
 step =   900 reke =   53.29  136.45  241.94  164.73   90.99   52.23   47.16   50.68
              deke =    0.62    7.44   10.89    4.55    2.13    1.84    2.38    7.96
              temp =  -62.41  -66.04  -48.62  -27.64  -11.77    1.07    8.89   14.24
 step =  1080 reke =   56.27  143.11  216.33  182.51  109.67   60.99   51.47   56.81
              deke =    0.79    8.61   10.62    5.98    2.30    2.11    2.71    8.14
              temp =  -62.43  -65.91  -48.78  -27.90  -11.48    1.20    8.90   14.25
  field:            1    no. of faulty points:           0
  undefined values set to   0.0000000000000000     
  start of year/month =         1983           2
 step =  1260 reke =   69.63  145.20  233.63  174.35   92.58   52.16   45.07   48.17
              deke =    0.70    6.88   10.53    4.41    2.28    1.93    2.81    7.48
              temp =  -62.42  -65.88  -48.69  -27.89  -11.54    1.27    8.92   14.33
 step =  1440 reke =   61.41  146.97  266.03  177.10  101.05   54.91   47.17   50.29
              deke =    0.78    7.00   11.51    4.22    2.38    2.32    3.62    7.77
              temp =  -62.47  -65.90  -48.65  -27.85  -11.79    1.12    8.87   14.32
 step =  1620 reke =   60.42  142.17  239.70  167.22   90.82   54.95   49.26   49.61
              deke =    0.73    9.65   11.34    5.35    2.02    2.13    2.97    8.78
              temp =  -62.48  -65.92  -48.66  -27.84  -11.79    1.14    8.77   14.19
 step =  1800 reke =   66.16  114.28  219.54  155.69   93.91   56.98   48.51   49.94
              deke =    0.82    8.16    9.40    4.82    2.19    2.31    2.42    7.46
              temp =  -62.50  -65.91  -48.64  -28.11  -11.90    1.06    8.85   14.22
 step =  1980 reke =   50.03  109.62  207.83  163.10   93.52   58.22   55.38   56.87
              deke =    0.55    6.07    9.50    4.68    2.01    2.38    3.12    8.08
              temp =  -62.53  -65.96  -48.62  -28.06  -11.85    1.05    8.88   14.20
  field:            1    no. of faulty points:           0
  undefined values set to   0.0000000000000000     
  start of year/month =         1983           3
 step =  2160 reke =   42.14   92.46  238.58  194.29  107.08   62.52   54.79   58.07
              deke =    0.59    5.17   12.23    5.36    2.22    2.13    2.79    7.54
              temp =  -62.54  -66.01  -48.77  -28.15  -11.65    1.14    8.80   14.12
 step =  2340 reke =   45.23  100.97  209.69  171.17   97.50   55.73   46.54   48.61
              deke =    0.72    7.78    9.49    5.63    2.06    2.16    2.76    8.13
              temp =  -62.51  -66.01  -48.94  -28.65  -11.61    1.22    8.87   14.24
 step =  2520 reke =   44.80  111.27  217.23  170.18   93.60   53.12   46.49   48.27
              deke =    0.60    6.76   13.28    5.46    1.75    2.06    2.55    7.46
              temp =  -62.48  -66.03  -48.94  -28.47  -11.77    1.23    8.94   14.27
 step =  2700 reke =   49.48  118.84  256.65  196.34  104.01   55.76   45.93   50.45
              deke =    0.97    5.30   11.77    4.35    2.72    2.51    3.03    8.60
              temp =  -62.49  -66.09  -48.93  -28.06  -11.59    1.34    9.03   14.28
 step =  2880 reke =   47.76  123.88  221.04  165.88   84.97   47.16   43.49   48.02
              deke =    0.68    6.56    8.96    4.28    2.63    2.01    3.52    7.89
              temp =  -62.46  -66.07  -49.07  -28.39  -11.81    1.27    8.94   14.26
 step =  3060 reke =   47.86  140.36  249.33  172.60  102.33   57.54   49.91   53.54
              deke =    0.71    5.51    9.80    4.24    2.73    2.04    3.08    7.86
              temp =  -62.52  -66.16  -48.85  -28.21  -11.66    1.30    8.98   14.23
 step =  3240 reke =   50.14  126.38  231.79  165.36   89.75   49.16   43.49   45.23
              deke =    0.69    7.28   10.96    4.21    2.40    2.33    2.95    7.78
              temp =  -62.48  -66.20  -48.76  -28.30  -11.90    1.19    8.96   14.21
  field:            1    no. of faulty points:           0
  undefined values set to   0.0000000000000000     
  start of year/month =         1983           4
 step =  3420 reke =   35.08  139.76  232.27  179.23  102.50   55.81   48.71   53.23
              deke =    0.52    7.61   12.80    4.72    3.02    2.53    3.22    8.52
              temp =  -62.50  -66.20  -48.89  -28.12  -11.79    1.09    8.85   14.17
 step =  3600 reke =   48.60  170.17  268.84  182.62   93.52   45.51   40.02   43.64
              deke =    0.85   10.83    8.91    5.57    2.28    1.78    3.02    7.82
              temp =  -62.45  -66.24  -48.62  -27.94  -11.75    1.10    8.81   14.24
 step =  3780 reke =   49.54  126.32  232.11  164.06   82.21   45.80   43.28   48.12
              deke =    1.03   11.43   11.48    4.00    2.16    1.88    2.77    7.52
              temp =  -62.44  -66.32  -48.49  -27.98  -12.02    0.91    8.67   14.11
 step =  3960 reke =   43.92  124.99  225.22  158.52   76.79   42.79   39.58   46.44
              deke =    0.64    9.11   10.20    4.45    2.02    2.12    2.92    7.90
              temp =  -62.51  -66.23  -48.84  -28.37  -11.53    1.03    8.67   14.01
 step =  4140 reke =   43.45  103.87  179.06  140.50   78.75   44.38   42.33   49.20
              deke =    0.33    7.85    7.66    3.99    2.42    1.92    2.69    7.55
              temp =  -62.51  -66.25  -48.79  -28.28  -11.76    1.01    8.66   14.06
 step =  4320 reke =   27.79  127.14  213.54  160.81   91.89   46.90   39.50   43.15
              deke =    0.54    5.98    9.52    4.59    2.27    1.95    2.63    8.13
              temp =  -62.57  -66.22  -48.83  -28.56  -12.00    0.95    8.76   14.17
  field:            1    no. of faulty points:           0
  undefined values set to   0.0000000000000000     
  start of year/month =         1983           5
 step =  4500 reke =   41.40  137.42  247.62  174.17   93.87   52.69   45.35   50.34
              deke =    0.64    7.16   10.94    5.67    2.31    2.25    2.46    7.84
              temp =  -62.55  -66.30  -48.82  -28.31  -11.99    0.89    8.71   14.11
 step =  4680 reke =   50.27  128.64  228.08  162.33   86.85   52.80   49.91   53.42
              deke =    0.61    7.67   10.53    4.76    1.76    1.91    2.30    7.83
              temp =  -62.51  -66.29  -48.93  -28.20  -11.88    0.93    8.69   14.04
 step =  4860 reke =   82.63  116.76  245.81  183.34  100.11   58.34   51.52   54.77
              deke =    0.94    6.27   11.98    5.11    2.24    2.17    2.69    8.09
              temp =  -62.51  -66.33  -48.86  -28.00  -11.67    0.95    8.76   14.12
 step =  5040 reke =   69.48  131.35  258.78  193.58  110.92   65.18   54.44   56.98
              deke =    0.58    7.87    9.84    5.17    2.07    2.14    2.42    9.20
              temp =  -62.48  -66.28  -48.84  -28.08  -11.58    1.22    8.96   14.32
 step =  5220 reke =   40.22  133.16  220.36  158.51   90.28   51.99   44.00   48.96
              deke =    0.63   10.24   10.74    4.86    1.92    2.00    2.31    7.23
              temp =  -62.49  -66.32  -48.88  -27.80  -11.77    1.05    8.90   14.39
 step =  5400 reke =   83.11  166.17  218.55  154.46   89.13   52.36   46.65   51.45
              deke =    0.61    9.90   10.92    5.28    2.11    1.65    2.26    7.12
              temp =  -62.53  -66.31  -48.81  -27.53  -11.96    0.91    8.72   14.23
  field:            1    no. of faulty points:           0
  undefined values set to   0.0000000000000000     
  start of year/month =         1983           6
 step =  5580 reke =   52.87  135.81  249.32  176.95   99.74   54.35   47.31   51.21
              deke =    0.96    7.97   13.51    4.82    2.81    2.52    2.81    8.90
              temp =  -62.51  -66.32  -48.68  -27.82  -11.83    1.08    8.82   14.14
 step =  5760 reke =   59.99  138.58  251.04  169.81   94.45   52.74   48.60   53.20
              deke =    0.68    9.96    9.92    5.12    1.98    1.97    2.89    8.60
              temp =  -62.40  -66.33  -48.56  -27.62  -11.81    1.05    8.79   14.19
 step =  5940 reke =   78.53  129.26  192.86  154.95   94.39   58.91   51.90   53.49
              deke =    1.00    8.89   10.58    4.57    2.25    2.18    2.96    8.47
              temp =  -62.36  -66.33  -48.38  -27.72  -11.74    1.03    8.74   14.13
 step =  6120 reke =   62.99  143.71  206.30  158.15   90.09   51.91   46.08   47.35
              deke =    0.95   10.74    7.00    3.95    2.39    2.13    3.17    8.10
              temp =  -62.32  -66.26  -48.53  -27.68  -11.57    1.04    8.72   14.13
 step =  6300 reke =   67.33  110.98  191.01  152.55   91.03   47.55   42.88   46.69
              deke =    1.23    5.71   10.23    5.02    3.01    2.05    2.54    7.63
              temp =  -62.31  -66.32  -48.55  -27.80  -11.83    1.04    8.83   14.29
 step =  6480 reke =   63.05  159.71  261.22  182.69  105.17   53.50   45.98   50.22
              deke =    0.88    5.92   13.62    5.43    2.43    2.33    2.63    7.49
              temp =  -62.29  -66.39  -48.54  -28.02  -11.73    1.16    8.95   14.24
  field:            1    no. of faulty points:           0
  undefined values set to   0.0000000000000000     
  start of year/month =         1983           7
 step =  6660 reke =   53.76  126.04  243.77  164.38   93.45   50.10   44.60   49.38
              deke =    0.65    6.69    9.59    4.32    2.52    1.99    2.53    7.23
              temp =  -62.25  -66.35  -48.76  -28.30  -11.81    1.07    8.82   14.28
 step =  6840 reke =   52.72  133.24  247.59  179.80   98.83   56.20   52.07   55.61
              deke =    0.99    7.93    8.42    4.07    2.94    2.09    3.01    8.98
              temp =  -62.28  -66.40  -48.67  -28.15  -11.68    1.06    8.71   14.04
 step =  7020 reke =   66.89  118.97  263.87  183.48  101.61   57.78   49.81   54.66
              deke =    0.51    5.88   10.15    3.93    2.01    2.12    2.48    7.89
              temp =  -62.26  -66.43  -48.48  -27.75  -11.75    1.00    8.80   14.20
 step =  7200 reke =   70.70  104.36  198.73  163.72   90.80   51.27   42.83   44.08
              deke =    0.83    5.93   10.09    4.14    1.95    1.87    2.63    6.99
              temp =  -62.31  -66.35  -48.66  -27.87  -12.11    0.89    8.73   14.17
 step =  7380 reke =   46.23  128.92  227.42  170.81   89.17   48.21   41.00   44.99
              deke =    0.98    7.69   10.30    5.63    2.24    2.23    3.02    7.73
              temp =  -62.35  -66.27  -48.93  -27.95  -11.90    0.81    8.71   14.12
 step =  7560 reke =   43.77  115.20  235.37  165.97   87.41   47.74   40.43   43.38
              deke =    0.54    5.51   11.04    4.23    2.01    1.97    2.91    7.53
              temp =  -62.35  -66.30  -48.86  -28.43  -12.18    0.55    8.37   14.00
  field:            1    no. of faulty points:           0
  undefined values set to   0.0000000000000000     
  start of year/month =         1983           8
 step =  7740 reke =   43.61  120.18  223.90  169.52   99.60   59.27   50.36   50.74
              deke =    0.56    6.65   10.65    4.94    1.89    1.81    2.70    8.39
              temp =  -62.42  -66.33  -49.04  -28.32  -12.02    0.70    8.50   14.00
 step =  7920 reke =   60.10  156.26  236.86  186.02  103.69   55.14   47.20   48.38
              deke =    0.83    9.62    9.64    5.31    2.12    2.48    2.85    8.18
              temp =  -62.42  -66.33  -48.73  -28.12  -11.90    0.91    8.71   14.12
 step =  8100 reke =   43.80  102.69  184.88  164.54   95.70   50.76   44.22   49.75
              deke =    0.81    6.94   10.59    5.13    2.20    1.80    2.39    7.24
              temp =  -62.44  -66.31  -48.79  -28.16  -11.98    0.86    8.60   14.07
 step =  8280 reke =   62.17  116.07  203.64  159.73   90.76   49.49   45.80   51.74
              deke =    0.60    7.43    8.40    4.96    1.91    1.63    2.49    7.98
              temp =  -62.46  -66.22  -48.69  -28.28  -12.21    0.66    8.44   13.98
 step =  8460 reke =   47.04  112.25  196.47  157.87   94.43   53.38   47.25   51.48
              deke =    1.07    6.03    8.28    4.96    1.93    1.87    2.72    8.50
              temp =  -62.45  -66.25  -48.96  -28.13  -11.85    0.85    8.57   14.02
 step =  8640 reke =   65.01  119.12  210.34  177.70  103.88   57.59   49.42   53.56
              deke =    0.72    6.77    8.93    5.02    2.06    1.64    2.90    8.10
              temp =  -62.47  -66.26  -48.90  -28.35  -11.93    0.92    8.73   14.20
  field:            1    no. of faulty points:           0
  undefined values set to   0.0000000000000000     
  start of year/month =         1983           9
 step =  8820 reke =   63.96  113.18  214.85  172.29  106.47   61.15   53.76   58.31
              deke =    0.53    6.00   10.42    4.81    2.02    1.88    2.79    7.76
              temp =  -62.45  -66.24  -48.82  -27.95  -11.66    1.10    8.83   14.17
 step =  9000 reke =   46.22  116.60  202.28  155.94   85.15   45.17   40.41   45.18
              deke =    0.71    6.46    8.46    4.26    1.94    1.62    2.41    7.75
              temp =  -62.50  -66.22  -48.96  -28.13  -11.96    1.05    8.81   14.24
 step =  9180 reke =   35.68  134.76  221.13  162.58   99.39   57.53   51.13   53.42
              deke =    0.85    7.69    8.03    4.33    2.48    2.27    2.99    8.25
              temp =  -62.54  -66.26  -49.02  -28.19  -11.93    0.95    8.89   14.20
 step =  9360 reke =   50.24  133.32  245.14  181.78  105.49   53.50   43.58   46.59
              deke =    0.61    7.32   11.05    5.20    2.67    2.51    3.29    8.02
              temp =  -62.49  -66.28  -48.84  -28.09  -11.80    0.97    8.85   14.10
 step =  9540 reke =   45.45  116.17  216.38  167.57   88.44   48.72   42.67   46.53
              deke =    0.65    4.96   10.71    4.98    2.08    2.20    2.46    7.19
              temp =  -62.44  -66.31  -48.91  -27.95  -12.00    0.95    8.70   14.12
 step =  9720 reke =   47.21  125.03  214.09  170.43  103.65   56.73   49.13   55.39
              deke =    0.79    9.91    9.29    4.46    2.15    1.95    2.57    7.94
              temp =  -62.45  -66.36  -48.80  -28.14  -11.87    0.87    8.56   14.06
  field:            1    no. of faulty points:           0
  undefined values set to   0.0000000000000000     
  start of year/month =         1983          10
 step =  9900 reke =   40.94  123.83  213.75  181.82  103.28   59.03   53.52   57.03
              deke =    0.81    6.91   10.67    4.24    2.45    2.31    2.99    7.96
              temp =  -62.47  -66.30  -48.67  -27.91  -11.95    0.91    8.72   14.11
 step = 10080 reke =   65.83  154.16  263.65  200.08  102.57   55.73   45.19   46.80
              deke =    0.95    7.10    8.85    4.99    2.10    1.88    2.80    7.04
              temp =  -62.47  -66.34  -48.81  -28.29  -11.96    0.94    8.79   14.10
 step = 10260 reke =   61.72  111.85  200.88  161.92   89.76   50.28   43.28   46.37
              deke =    0.55    6.27   10.54    4.36    1.99    1.78    2.34    7.13
              temp =  -62.48  -66.36  -48.75  -28.51  -12.02    1.01    8.84   14.16
 step = 10440 reke =   37.05  106.48  185.64  167.02  100.52   55.26   50.68   52.13
              deke =    0.92    7.56   12.76    5.70    2.18    1.78    2.83    8.75
              temp =  -62.47  -66.30  -48.89  -28.25  -11.79    1.02    8.82   14.16
 step = 10620 reke =   62.71  119.13  207.94  178.38  107.11   65.76   59.48   60.86
              deke =    0.70    8.18   11.79    5.38    2.26    2.47    3.85    9.10
              temp =  -62.48  -66.26  -48.74  -28.21  -11.64    1.19    8.84   14.12
 step = 10800 reke =   50.97  121.32  217.88  162.07   97.71   53.96   47.07   47.36
              deke =    0.74    8.98   10.69    5.81    2.38    2.33    3.25    7.68
              temp =  -62.43  -66.29  -48.59  -28.10  -11.97    1.11    8.77   14.15
  field:            1    no. of faulty points:           0
  undefined values set to   0.0000000000000000     
  start of year/month =         1983          11
 step = 10980 reke =   68.34  119.96  201.59  146.18   82.62   49.14   44.06   47.01
              deke =    0.46    8.46   11.38    4.84    1.96    2.45    3.14    7.48
              temp =  -62.37  -66.31  -48.82  -28.18  -11.88    1.01    8.74   13.99
 step = 11160 reke =   60.94  135.32  213.41  172.00   99.68   56.82   49.41   55.21
              deke =    1.04    6.40    8.39    5.32    1.95    2.31    3.00    8.24
              temp =  -62.34  -66.26  -48.88  -28.45  -12.02    0.78    8.63   14.00
 step = 11340 reke =   44.47  128.12  229.80  175.13   96.32   58.74   49.24   53.03
              deke =    0.80    7.45   10.98    5.99    2.03    2.30    2.84    8.00
              temp =  -62.32  -66.25  -49.06  -28.55  -11.73    0.98    8.71   13.99
 step = 11520 reke =   48.39  136.93  218.12  165.69   90.11   48.87   40.50   43.62
              deke =    0.64    8.17    9.43    5.31    2.35    2.26    3.25    7.38
              temp =  -62.34  -66.28  -49.05  -28.67  -12.08    0.89    8.77   14.17
 step = 11700 reke =   53.16  124.01  210.99  165.50   92.89   51.58   42.52   44.85
              deke =    0.74    8.36   14.59    5.10    2.18    1.95    2.94    7.51
              temp =  -62.37  -66.37  -49.13  -28.56  -12.06    0.94    8.82   14.16
 step = 11880 reke =   46.66  104.35  184.76  152.24   91.19   53.00   44.81   49.09
              deke =    0.57    8.49   12.83    5.16    2.39    2.13    2.91    7.99
              temp =  -62.39  -66.29  -48.98  -28.54  -11.93    1.03    8.91   14.11
 Write restart dataset for year/month/date/hour:         1983 /          12 /           1 /           0
  field:            1    no. of faulty points:           0
  undefined values set to   0.0000000000000000     
  start of year/month =         1983          12
 step = 12060 reke =   35.91  110.88  196.67  152.27   86.05   47.24   40.64   44.18
              deke =    0.64    6.99   10.89    4.28    2.33    2.32    3.04    7.83
              temp =  -62.44  -66.29  -49.21  -28.64  -11.82    1.14    8.93   14.28
 step = 12240 reke =   60.40  135.47  217.49  170.70   97.92   60.09   53.04   56.66
              deke =    0.61    7.93   10.55    4.01    1.89    1.84    2.81    8.44
              temp =  -62.43  -66.25  -49.06  -28.62  -11.66    1.15    8.78   14.13
 step = 12420 reke =   42.98  108.54  208.84  165.63   96.48   56.99   48.44   51.63
              deke =    0.65    5.64   10.39    4.75    1.80    1.81    2.40    7.10
              temp =  -62.47  -66.23  -49.02  -28.49  -11.80    1.18    8.95   14.23
 step = 12600 reke =   38.48  132.70  242.38  183.65   97.23   50.75   47.57   53.18
              deke =    0.48    8.01    9.62    5.21    2.26    1.71    2.65    7.98
              temp =  -62.45  -66.19  -49.07  -28.37  -11.99    0.94    8.67   14.15
 step = 12780 reke =   48.01  125.68  233.86  164.27   95.86   53.14   45.19   48.95
              deke =    0.84    6.81    8.20    4.82    2.49    1.92    2.30    7.30
              temp =  -62.44  -66.32  -48.95  -28.07  -11.95    0.97    8.71   14.15
 step = 12960 reke =   33.90  108.78  185.03  141.87   92.23   53.52   46.91   50.09
              deke =    0.84    6.29   10.55    3.41    2.35    2.03    3.01    8.46
              temp =  -62.42  -66.34  -49.06  -28.29  -12.07    0.92    8.94   14.18
 step = 13140 reke =   50.52  128.81  190.18  143.01   87.06   49.97   46.89   51.16
              deke =    0.56   10.18    8.97    4.44    2.23    1.77    2.32    7.71
              temp =  -62.45  -66.26  -48.91  -28.57  -11.89    1.07    8.88   14.27
  field:            1    no. of faulty points:           0
  undefined values set to   0.0000000000000000     
 Write restart dataset for year/month/date/hour:         1984 /           1 /           1 /           0
