  hallo from speedy_agcm
 RPE_ACTIVE  T
&RESOLUTION
 NTRUN=         30,
 MTRUN=         30,
 IX=         96,
 IY=         24,
 KX=          8,
 /
&INPUT_RESOLUTION
 NTRUN_IN=         30,
 MTRUN_IN=         30,
 IX_IN=         96,
 IY_IN=         24,
 KX_IN=          8,
 /
&COUPLING_FLAGS
 ICLAND=          1,
 ICSEA=          0,
 ICICE=          1,
 ISSTAN=          1,
 /
&LAND
 DEPTH_SOIL=  1.0000000000000000     ,
 DEPTH_LICE=  5.0000000000000000     ,
 TDLAND=  40.000000000000000     ,
 FLANDMIN= 0.33333333333333331     ,
 /
&SEA
 DEPTH_ML=  60.000000000000000     ,
 DEPT0_ML=  40.000000000000000     ,
 DEPTH_ICE=  2.5000000000000000     ,
 DEPT0_ICE=  1.5000000000000000     ,
 TDSST=  90.000000000000000     ,
 TDICE=  30.000000000000000     ,
 FSEAMIN= 0.33333333333333331     ,
 BETA%VAL=  1.0000000000000000     ,
 L_GLOBE=T,
 L_NORTHE=F,
 L_NATLAN=F,
 L_NPACIF=F,
 L_TROPIC=F,
 L_INDIAN=F,
 /
&DYNAMICS
 GAMMA=  6.0000000000000000     ,
 HSCALE=  7.5000000000000000     ,
 HSHUM=  2.5000000000000000     ,
 REFRH1= 0.69999999999999996     ,
 THD=  2.3999999999999999     ,
 THDD=  2.3999999999999999     ,
 THDS=  12.000000000000000     ,
 TDRS%VAL=  720.00000000000000     ,
 /
&FORCING
 LCO2=F,
 IYEAR_REF=       1950,
 DEL_CO2%VAL=  5.0000000000000001E-003,
 ABLCO2%VAL=  6.0000000000000000     ,
 ALBSEA%VAL=  7.0000000000000007E-002,
 ALBICE%VAL= 0.59999999999999998     ,
 ALBSN%VAL= 0.59999999999999998     ,
 /
&SOLAR_FORCING
 SOLC%VAL=  342.00000000000000     ,
 EPSSW%VAL=  2.0000000000000000E-002,
 /
&SURFACE
 SWCAP%VAL= 0.29999999999999999     ,
 SWWIL%VAL= 0.17000000000000001     ,
 SD2SC%VAL=  60.000000000000000     ,
 /
&TIMESTEPPING
 NSTEPS=         36,
 NSTDIA=        180,
 NMONRS=         12,
 ROB%VAL=  5.0000000000000003E-002,
 WIL%VAL= 0.53000000000000003     ,
 /
&CONVECTION
 PSMIN%VAL= 0.80000000000000004     ,
 TRCNV=  6.0000000000000000     ,
 RHBL%VAL= 0.90000000000000002     ,
 RHIL%VAL= 0.69999999999999996     ,
 ENTMAX= 0.50000000000000000     ,
 SMF%VAL= 0.80000000000000004     ,
 /
&CONDENSATION
 TRLSC%VAL=  4.0000000000000000     ,
 RHLSC= 0.90000000000000002     ,
 DRHLSC= 0.10000000000000001     ,
 RHBLSC= 0.94999999999999996     ,
 /
&CLOUD_PARAMETERS
 RHCL1%VAL= 0.29999999999999999     ,
 RHCL2%VAL=  1.0000000000000000     ,
 QACL%VAL= 0.20000000000000001     ,
 WPCL%VAL= 0.20000000000000001     ,
 PMAXCL%VAL=  10.000000000000000     ,
 CLSMAX%VAL= 0.59999999999999998     ,
 CLSMINL%VAL= 0.14999999999999999     ,
 GSE_S0%VAL= 0.25000000000000000     ,
 GSE_S1%VAL= 0.40000000000000002     ,
 /
&SW_RADIATION
 NSTRAD=          3,
 ABSDRY%VAL=  3.3000000000000002E-002,
 ABSAER%VAL=  3.3000000000000002E-002,
 ABSWV1%VAL=  2.1999999999999999E-002,
 ABSWV2%VAL=  15.000000000000000     ,
 ABSCL1%VAL=  1.4999999999999999E-002,
 ABSCL2%VAL= 0.14999999999999999     ,
 ALBCL%VAL= 0.42999999999999999     ,
 ALBCLS%VAL= 0.50000000000000000     ,
 /
&LW_RADIATION
 EPSLW%VAL=  5.0000000000000003E-002,
 EMISFC%VAL= 0.97999999999999998     ,
 ABLWIN%VAL= 0.29999999999999999     ,
 ABLWV1%VAL= 0.69999999999999996     ,
 ABLWV2%VAL=  50.000000000000000     ,
 ABLCL1%VAL=  12.000000000000000     ,
 ABLCL2%VAL= 0.59999999999999998     ,
 /
&SURFACE_FLUXES
 FWIND0%VAL= 0.94999999999999996     ,
 FTEMP0%VAL=  1.0000000000000000     ,
 FHUM0%VAL=  0.0000000000000000     ,
 CDL%VAL=  2.3999999999999998E-003,
 CDS%VAL=  1.0000000000000000E-003,
 CHL%VAL=  1.1999999999999999E-003,
 CHS%VAL=  8.9999999999999998E-004,
 VGUST%VAL=  5.0000000000000000     ,
 CTDAY%VAL=  1.0000000000000000E-002,
 DTHETA%VAL=  3.0000000000000000     ,
 FSTAB%VAL= 0.67000000000000004     ,
 HDRAG%VAL=  2000.0000000000000     ,
 FHDRAG%VAL= 0.50000000000000000     ,
 CLAMBDA%VAL=  7.0000000000000000     ,
 CLAMBSN%VAL=  7.0000000000000000     ,
 /
&VERTICAL_DIFFUSION
 TRSHC=  6.0000000000000000     ,
 TRVDI=  24.000000000000000     ,
 TRVDS=  6.0000000000000000     ,
 REDSHC%VAL= 0.50000000000000000     ,
 RHGRAD%VAL= 0.50000000000000000     ,
 SEGRAD%VAL= 0.10000000000000001     ,
 /
&SPPT
 SPPT_ON=F,
 NSCALES=          3,
 L_ADDITIVE=F,
 /
&SPPT_PARAMETERS
 MU(1)%VAL=  1.0000000000000000     ,
 MU(2)%VAL=  1.0000000000000000     ,
 MU(3)%VAL=  1.0000000000000000     ,
 MU(4)%VAL=  1.0000000000000000     ,
 MU(5)%VAL=  1.0000000000000000     ,
 MU(6)%VAL=  1.0000000000000000     ,
 MU(7)%VAL=  1.0000000000000000     ,
 MU(8)%VAL=  1.0000000000000000     ,
 TIME_DECORR=  3.0000000000000000     ,  72.000000000000000     ,  720.00000000000000     ,
 LEN_DECORR=  500000.00000000000     ,  1000000.0000000000     ,  2000000.0000000000     ,
 STDDEV= 0.52000000000000002     , 0.17999999999999999     ,  5.9999999999999998E-002,
 ADDITIVE_MAGNITUDE%VAL=  9.9999999999999995E-007,
 /
 Read namelist
 start date         1983           1           1           0
  Model half-level (*1000)           1           0
  Model half-level (*1000)           2          50
  Model half-level (*1000)           3         140
  Model half-level (*1000)           4         260
  Model half-level (*1000)           5         420
  Model half-level (*1000)           6         600
  Model half-level (*1000)           7         770
  Model half-level (*1000)           8         900
  Model half-level (*1000)           9        1000
  Model full-level (*1000)           1          25
  Model full-level (*1000)           2          95
  Model full-level (*1000)           3         200
  Model full-level (*1000)           4         340
  Model full-level (*1000)           5         510
  Model full-level (*1000)           6         685
  Model full-level (*1000)           7         835
  Model full-level (*1000)           8         950
  temp/hum correction at level            2  0.66167368341273969        0.0000000000000000     
  temp/hum correction at level            3  0.75399289734237440        8.0000000000000019E-003
  temp/hum correction at level            4  0.82755908289241631        3.9303999999999992E-002
  temp/hum correction at level            5  0.88857447279504564       0.13265100000000002     
  temp/hum correction at level            6  0.93577679872957287       0.32141912500000008     
  temp/hum correction at level            7  0.96885785555841186       0.58218287499999988     
  temp/hum correction at level            8  0.99104107712276879       0.85737499999999989     
 Filter applied at wavenumber           30
  field:            1    no. of faulty points:           0
  field:            2    no. of faulty points:           0
  field:            3    no. of faulty points:           0
  field:            4    no. of faulty points:           0
  field:            5    no. of faulty points:           0
  field:            6    no. of faulty points:           0
  field:            7    no. of faulty points:           0
  field:            8    no. of faulty points:           0
  field:            9    no. of faulty points:           0
  field:           10    no. of faulty points:           0
  field:           11    no. of faulty points:           0
  field:           12    no. of faulty points:           0
  undefined values set to   273.00000000000000     
  field:            1    no. of faulty points:           0
  field:            2    no. of faulty points:           0
  field:            3    no. of faulty points:           0
  field:            4    no. of faulty points:           0
  field:            5    no. of faulty points:           0
  field:            6    no. of faulty points:           0
  field:            7    no. of faulty points:           0
  field:            8    no. of faulty points:           0
  field:            9    no. of faulty points:           0
  field:           10    no. of faulty points:           0
  field:           11    no. of faulty points:           0
  field:           12    no. of faulty points:           0
  undefined values set to   0.0000000000000000     
  field:            1    no. of faulty points:           0
  field:            2    no. of faulty points:           0
  field:            3    no. of faulty points:           0
  field:            4    no. of faulty points:           0
  field:            5    no. of faulty points:           0
  field:            6    no. of faulty points:           0
  field:            7    no. of faulty points:           0
  field:            8    no. of faulty points:           0
  field:            9    no. of faulty points:           0
  field:           10    no. of faulty points:           0
  field:           11    no. of faulty points:           0
  field:           12    no. of faulty points:           0
  undefined values set to   0.0000000000000000     
  field:            1    no. of faulty points:           0
  field:            2    no. of faulty points:           0
  field:            3    no. of faulty points:           0
  field:            4    no. of faulty points:           0
  field:            5    no. of faulty points:           0
  field:            6    no. of faulty points:           0
  field:            7    no. of faulty points:           0
  field:            8    no. of faulty points:           0
  field:            9    no. of faulty points:           0
  field:           10    no. of faulty points:           0
  field:           11    no. of faulty points:           0
  field:           12    no. of faulty points:           0
  undefined values set to   273.00000000000000     
  field:            1    no. of faulty points:           0
  field:            2    no. of faulty points:           0
  field:            3    no. of faulty points:           0
  field:            4    no. of faulty points:           0
  field:            5    no. of faulty points:           0
  field:            6    no. of faulty points:           0
  field:            7    no. of faulty points:           0
  field:            8    no. of faulty points:           0
  field:            9    no. of faulty points:           0
  field:           10    no. of faulty points:           0
  field:           11    no. of faulty points:           0
  field:           12    no. of faulty points:           0
  undefined values set to   0.0000000000000000     
 isst0 =           49
  field:            1    no. of faulty points:           0
  field:            2    no. of faulty points:           0
  field:            3    no. of faulty points:           0
  undefined values set to   0.0000000000000000     
  reading a restart file
        1983           1           1           0
        1984           1           1           0
 WARNING: Date in restart file does not match requested date
Read restart dataset for year/month/date/hour: 1983/01/01/00
 step =     0 reke =   34.87   97.44  174.68  139.23   80.33   46.65   45.21   49.81
              deke =    0.34    6.83    8.32    5.14    1.92    1.60    2.71    8.14
              temp =  -62.92  -66.80  -50.45  -29.96  -12.70    0.37    8.18   13.65
   tref =    217.14995443460384     
   tref =    217.14995443460384     
   tref =    217.14995443460384     
   tref =    238.33701587301590     
   tref =    255.90944816497316     
   tref =    269.50371803411701     
   tref =    279.03106240082263     
   tref =    285.41983021135741     
 integration length in days:          365
  start of year/month =         1983           1
 step =   180 reke =   57.66  129.28  210.61  169.70   97.29   52.02   46.71   49.96
              deke =    0.48   10.37    8.47    4.93    2.23    1.78    2.62    6.89
              temp =  -62.97  -66.82  -50.07  -29.66  -12.83    0.42    8.26   13.64
 step =   360 reke =   75.99  124.51  177.21  130.22   75.03   40.94   38.07   42.27
              deke =    0.91    6.55    7.10    4.30    2.24    1.53    2.04    6.28
              temp =  -62.96  -66.83  -50.18  -29.72  -12.78    0.42    8.29   13.71
 step =   540 reke =   75.53  104.22  160.81  136.42   77.84   43.60   45.78   49.70
              deke =    0.84    7.65    7.38    4.22    1.80    1.49    3.25    7.44
              temp =  -62.99  -66.84  -50.01  -29.86  -13.03    0.22    8.02   13.56
 step =   720 reke =   60.24  122.93  218.56  178.60  106.63   57.24   50.46   54.09
              deke =    0.70    6.09    7.51    4.09    2.06    1.70    3.13    7.61
              temp =  -63.02  -66.91  -49.94  -29.84  -12.82    0.39    8.19   13.56
 step =   900 reke =   71.36  158.90  233.65  188.52  110.71   58.22   49.70   52.87
              deke =    0.85    8.47    8.49    3.86    2.68    2.39    2.91    8.05
              temp =  -62.99  -66.94  -49.90  -29.97  -12.91    0.32    8.18   13.64
 step =  1080 reke =   59.72  141.17  226.60  169.46   96.02   51.44   47.95   53.28
              deke =    0.78    7.59   10.23    4.38    2.48    1.63    2.44    6.72
              temp =  -62.97  -66.91  -49.75  -29.94  -12.83    0.40    8.25   13.66
  field:            1    no. of faulty points:           0
  undefined values set to   0.0000000000000000     
  start of year/month =         1983           2
 step =  1260 reke =   63.91  122.40  191.05  143.74   90.12   46.93   42.97   49.14
              deke =    0.77    6.82    8.37    5.27    1.98    1.53    2.15    7.57
              temp =  -62.96  -66.83  -49.93  -29.87  -12.71    0.39    8.17   13.64
 step =  1440 reke =   35.44  110.25  180.13  147.08   84.70   48.66   46.99   52.50
              deke =    0.46    6.27    9.54    5.08    1.80    1.71    2.69    8.10
              temp =  -62.95  -66.81  -49.81  -29.73  -12.95    0.36    8.19   13.63
 step =  1620 reke =   41.17  118.41  190.24  146.49   84.22   51.05   45.81   48.72
              deke =    0.44    5.45    7.76    4.05    1.89    1.98    3.53    8.25
              temp =  -62.91  -66.78  -49.71  -29.65  -12.89    0.28    8.13   13.59
 step =  1800 reke =   36.59   82.46  154.66  131.28   72.88   42.54   40.13   42.07
              deke =    0.35    5.13    7.35    4.93    1.98    1.75    2.68    7.40
              temp =  -62.90  -66.75  -49.57  -29.68  -12.93    0.20    8.05   13.58
 step =  1980 reke =   46.31  110.25  176.11  152.01   85.00   49.68   45.35   45.80
              deke =    0.53    6.95    5.97    4.38    1.74    2.01    2.61    7.79
              temp =  -62.89  -66.75  -49.73  -30.03  -12.99    0.13    8.10   13.62
  field:            1    no. of faulty points:           0
  undefined values set to   0.0000000000000000     
  start of year/month =         1983           3
 step =  2160 reke =   46.39  115.40  181.01  142.81   83.04   44.92   42.60   47.19
              deke =    0.57    6.27    8.25    5.00    2.27    2.09    2.99    7.67
              temp =  -62.92  -66.66  -49.96  -29.79  -12.67    0.36    8.24   13.65
 step =  2340 reke =   32.64  107.99  161.50  141.63   75.75   39.74   37.85   42.49
              deke =    0.46    7.06    8.57    5.72    1.73    1.81    2.30    7.06
              temp =  -62.92  -66.67  -50.06  -29.91  -12.72    0.42    8.25   13.69
 step =  2520 reke =   29.07  108.69  151.25  124.15   68.56   37.84   36.90   40.69
              deke =    0.41    6.89    7.39    3.90    1.79    1.91    2.39    6.75
              temp =  -62.93  -66.65  -50.14  -30.27  -12.90    0.18    8.04   13.64
 step =  2700 reke =   42.27  117.24  192.71  160.61   86.65   47.51   44.65   49.65
              deke =    0.47    6.50    8.15    4.54    2.33    1.80    2.91    7.64
              temp =  -62.95  -66.74  -50.17  -29.71  -12.88    0.21    7.93   13.56
 step =  2880 reke =   56.99  103.40  199.41  157.54   90.76   50.47   46.92   52.06
              deke =    0.47    5.34    9.14    3.94    1.78    1.96    3.56    7.94
              temp =  -62.94  -66.77  -50.14  -29.82  -12.94    0.33    8.20   13.75
 step =  3060 reke =   43.52  131.09  216.08  176.82   98.29   55.12   49.43   52.67
              deke =    0.43    7.30    9.04    4.59    2.10    2.16    3.21    7.91
              temp =  -62.97  -66.77  -50.05  -29.64  -12.84    0.44    8.29   13.79
 step =  3240 reke =   43.04  135.34  222.88  166.07   89.20   47.73   42.96   46.64
              deke =    0.66    6.85    7.71    4.44    2.50    1.90    2.82    7.52
              temp =  -62.98  -66.75  -49.90  -29.35  -12.67    0.66    8.39   13.75
  field:            1    no. of faulty points:           0
  undefined values set to   0.0000000000000000     
  start of year/month =         1983           4
 step =  3420 reke =   48.04  112.60  171.18  144.92   76.79   38.71   36.86   41.88
              deke =    0.54    8.22    7.41    5.05    2.04    1.87    2.79    7.29
              temp =  -63.00  -66.75  -50.01  -29.69  -12.88    0.52    8.41   13.72
 step =  3600 reke =   42.46  108.84  163.75  122.10   64.25   35.62   35.50   39.33
              deke =    0.67    6.20    7.86    5.73    2.00    1.69    2.54    7.34
              temp =  -62.96  -66.75  -49.88  -29.76  -12.89    0.33    8.22   13.60
 step =  3780 reke =   53.29  108.06  188.12  163.95   90.79   49.36   44.40   48.08
              deke =    0.78    6.44    7.16    4.98    2.07    2.11    2.89    7.74
              temp =  -62.97  -66.79  -49.98  -29.73  -12.85    0.24    8.04   13.45
 step =  3960 reke =   39.41  110.89  183.19  161.66   91.74   47.78   43.24   48.16
              deke =    0.63    5.56    6.20    5.33    1.95    1.63    2.52    8.21
              temp =  -63.00  -66.77  -49.81  -29.71  -12.90    0.26    8.13   13.68
 step =  4140 reke =   33.35  131.01  191.23  151.02   86.21   48.85   45.62   50.09
              deke =    0.54    7.64    8.65    4.57    2.22    2.00    2.95    7.78
              temp =  -63.05  -66.81  -49.75  -29.77  -12.87    0.54    8.40   13.77
 step =  4320 reke =   38.77  136.07  186.32  166.69   98.32   55.49   51.75   57.14
              deke =    0.50    8.56    8.76    5.47    2.42    1.96    2.81    8.82
              temp =  -62.99  -66.84  -49.77  -29.57  -12.81    0.53    8.38   13.68
  field:            1    no. of faulty points:           0
  undefined values set to   0.0000000000000000     
  start of year/month =         1983           5
 step =  4500 reke =   70.89  186.38  236.63  183.41   96.69   51.32   38.91   39.72
              deke =    1.28   10.85    6.24    4.67    2.33    1.89    2.26    6.58
              temp =  -62.89  -66.84  -49.51  -29.35  -12.68    0.65    8.55   13.82
 step =  4680 reke =   31.90   92.84  151.62  129.66   67.88   36.80   34.61   40.42
              deke =    0.40    5.93    6.51    3.78    1.62    1.59    2.24    6.38
              temp =  -62.87  -66.82  -49.61  -29.73  -12.67    0.53    8.38   13.76
 step =  4860 reke =   34.96   94.34  158.48  130.72   77.21   41.24   36.94   42.50
              deke =    0.51    4.06    6.06    4.12    2.07    1.89    2.79    7.42
              temp =  -62.88  -66.81  -49.66  -30.06  -12.86    0.33    8.23   13.66
 step =  5040 reke =   41.12  111.46  197.36  160.66   95.01   50.07   45.18   48.18
              deke =    0.59    6.01    8.52    4.31    2.85    1.68    3.00    7.28
              temp =  -62.88  -66.80  -49.69  -29.98  -12.78    0.38    8.15   13.67
 step =  5220 reke =   64.72  112.19  170.58  144.83   85.56   47.95   40.13   43.97
              deke =    0.75    8.33    9.78    5.49    2.46    2.10    2.81    6.67
              temp =  -62.86  -66.81  -49.81  -29.84  -12.81    0.45    8.29   13.73
 step =  5400 reke =   42.66  143.21  203.72  155.05   82.26   40.85   36.08   39.57
              deke =    0.66   10.27    6.96    4.72    2.00    2.09    2.92    7.60
              temp =  -62.80  -66.83  -49.47  -29.98  -13.06    0.35    8.16   13.53
  field:            1    no. of faulty points:           0
  undefined values set to   0.0000000000000000     
  start of year/month =         1983           6
 step =  5580 reke =   66.14  131.99  205.81  174.45   92.32   50.19   45.22   46.86
              deke =    0.52    7.70    8.12    4.42    1.98    1.58    2.99    7.55
              temp =  -62.84  -66.78  -49.53  -29.23  -12.81    0.43    8.21   13.62
 step =  5760 reke =   65.84  142.87  224.23  175.12   98.29   54.53   45.14   48.53
              deke =    0.96    5.55    6.95    4.12    1.95    1.75    2.40    7.55
              temp =  -62.83  -66.75  -49.59  -29.62  -12.73    0.32    8.23   13.69
 step =  5940 reke =   61.59  112.06  171.01  140.58   82.94   44.49   39.17   43.03
              deke =    0.45    5.13    7.51    4.51    2.43    1.61    2.33    6.81
              temp =  -62.82  -66.74  -49.70  -29.62  -12.74    0.31    8.20   13.63
 step =  6120 reke =   43.98  106.85  159.05  129.60   77.02   42.89   38.97   41.43
              deke =    0.64    7.55    8.88    4.70    2.18    2.03    2.73    7.04
              temp =  -62.81  -66.72  -49.73  -30.06  -13.00    0.22    8.07   13.53
 step =  6300 reke =   34.14  143.95  211.81  174.77  103.90   56.38   50.63   53.66
              deke =    0.65    9.39    6.76    4.61    2.11    1.70    2.98    8.79
              temp =  -62.79  -66.66  -49.67  -29.66  -12.80    0.33    8.17   13.47
 step =  6480 reke =   47.46  124.79  183.42  154.06   88.86   49.84   40.91   41.42
              deke =    0.44    7.54    6.12    3.82    1.75    1.69    2.44    6.88
              temp =  -62.77  -66.64  -49.61  -29.59  -12.67    0.58    8.36   13.65
  field:            1    no. of faulty points:           0
  undefined values set to   0.0000000000000000     
  start of year/month =         1983           7
 step =  6660 reke =   31.24   94.88  159.93  132.11   80.21   47.54   44.74   49.70
              deke =    0.51    5.81    8.80    5.50    2.07    1.88    2.54    8.19
              temp =  -62.79  -66.61  -49.57  -29.61  -13.06    0.33    8.19   13.67
 step =  6840 reke =   37.03  117.54  165.81  131.49   82.37   44.63   43.19   48.88
              deke =    0.41    9.64    9.14    4.63    2.07    1.57    2.78    7.33
              temp =  -62.80  -66.60  -49.65  -29.64  -12.88    0.20    8.21   13.76
 step =  7020 reke =   38.35  128.22  184.54  130.11   68.98   37.63   38.00   45.05
              deke =    0.35    8.43    7.58    4.30    2.10    1.71    2.53    6.74
              temp =  -62.81  -66.64  -49.84  -29.97  -13.10    0.19    8.14   13.65
 step =  7200 reke =   36.59  133.37  198.71  158.96   88.74   48.67   46.66   51.37
              deke =    0.71   10.57   10.32    6.26    2.15    2.00    3.14    7.99
              temp =  -62.84  -66.69  -49.91  -29.64  -12.72    0.34    8.18   13.51
 step =  7380 reke =   59.30  135.78  233.13  188.02  101.56   56.60   46.64   49.74
              deke =    0.82    6.57    9.67    5.08    2.26    2.07    2.37    7.53
              temp =  -62.84  -66.64  -49.83  -29.52  -12.42    0.65    8.34   13.65
 step =  7560 reke =   70.41  157.63  198.37  149.26   78.47   43.21   35.80   39.26
              deke =    1.42    8.99    9.17    4.69    2.01    2.08    2.33    6.64
              temp =  -62.82  -66.69  -49.71  -29.69  -12.81    0.45    8.33   13.75
  field:            1    no. of faulty points:           0
  undefined values set to   0.0000000000000000     
  start of year/month =         1983           8
 step =  7740 reke =   57.51  118.49  172.65  140.17   79.59   45.32   43.69   49.43
              deke =    0.54    6.38    6.42    3.70    2.20    1.83    2.75    7.32
              temp =  -62.81  -66.71  -49.59  -29.93  -13.16    0.26    8.12   13.61
 step =  7920 reke =   43.33  120.23  193.49  157.23   95.27   57.66   51.08   55.52
              deke =    0.49    9.26    9.88    5.32    1.97    2.03    2.64    7.35
              temp =  -62.81  -66.79  -49.61  -29.68  -12.99    0.35    8.15   13.62
 step =  8100 reke =   55.17  152.95  180.21  150.06   87.85   52.79   47.09   51.85
              deke =    0.51    7.92    6.50    4.56    1.81    1.70    2.52    6.87
              temp =  -62.81  -66.77  -49.49  -29.55  -13.31    0.07    8.02   13.56
 step =  8280 reke =   55.53  136.26  199.87  174.72  103.92   62.60   56.28   58.08
              deke =    0.71    6.15    6.91    4.49    1.95    1.66    2.64    8.73
              temp =  -62.78  -66.82  -49.33  -29.50  -12.83    0.23    7.99   13.39
 step =  8460 reke =   69.76  129.10  196.07  151.67   79.65   43.95   38.79   43.43
              deke =    0.66    7.23    6.55    5.00    1.83    1.95    3.03    7.72
              temp =  -62.80  -66.79  -49.71  -29.46  -12.76    0.37    8.19   13.56
 step =  8640 reke =   59.78  118.68  164.90  145.54   82.95   44.93   42.95   47.95
              deke =    0.76    7.31    8.86    5.17    1.81    1.77    2.95    7.70
              temp =  -62.81  -66.76  -49.78  -29.79  -12.61    0.52    8.22   13.68
  field:            1    no. of faulty points:           0
  undefined values set to   0.0000000000000000     
  start of year/month =         1983           9
 step =  8820 reke =   36.38  104.05  166.67  124.81   71.97   41.18   40.32   43.42
              deke =    0.47    6.49    8.09    3.91    2.65    1.89    2.94    8.07
              temp =  -62.80  -66.69  -49.80  -29.70  -12.61    0.52    8.12   13.60
 step =  9000 reke =   44.10  100.63  149.80  129.52   80.54   47.30   44.44   49.23
              deke =    0.55    7.33    5.71    4.81    2.45    1.92    2.92    7.64
              temp =  -62.80  -66.64  -49.81  -29.88  -12.96    0.40    8.11   13.56
 step =  9180 reke =   33.81  112.38  178.16  146.97   80.16   44.42   39.53   41.61
              deke =    0.41    7.79    7.22    4.63    1.88    1.76    2.80    6.66
              temp =  -62.79  -66.65  -49.81  -30.07  -12.90    0.18    8.06   13.62
 step =  9360 reke =   44.78  105.33  187.08  158.67   92.37   48.43   41.03   43.30
              deke =    0.94    6.29    7.85    4.62    2.06    1.95    2.98    7.08
              temp =  -62.83  -66.68  -49.83  -29.83  -12.81    0.51    8.39   13.70
 step =  9540 reke =   64.71  104.64  158.37  129.64   77.36   42.24   39.42   42.43
              deke =    0.62    7.07    8.39    4.78    2.27    2.01    3.10    6.98
              temp =  -62.83  -66.78  -49.83  -29.92  -12.74    0.49    8.26   13.73
 step =  9720 reke =   60.75  110.96  176.40  136.28   86.13   49.95   45.30   47.82
              deke =    0.78    5.69    7.62    3.72    2.62    1.74    2.69    6.90
              temp =  -62.85  -66.77  -49.94  -29.99  -12.84    0.38    8.18   13.72
  field:            1    no. of faulty points:           0
  undefined values set to   0.0000000000000000     
  start of year/month =         1983          10
 step =  9900 reke =   46.80  125.22  200.58  152.67   81.74   43.55   40.32   43.14
              deke =    0.55    8.26    6.31    4.66    1.69    1.40    2.32    6.85
              temp =  -62.90  -66.75  -49.86  -30.05  -13.26    0.23    8.18   13.69
 step = 10080 reke =   70.35  148.76  232.25  178.70  100.04   51.08   45.28   50.17
              deke =    0.50    8.38    8.76    5.12    2.21    2.13    2.91    8.19
              temp =  -62.89  -66.73  -49.76  -29.53  -13.13    0.28    8.09   13.51
 step = 10260 reke =   49.51  119.69  208.56  156.54   86.72   43.42   39.33   45.29
              deke =    0.58    4.84    8.53    4.55    1.89    1.53    2.47    7.24
              temp =  -62.88  -66.77  -49.75  -29.68  -12.97    0.36    8.25   13.57
 step = 10440 reke =   31.83  123.90  184.25  154.50   81.90   45.11   43.65   47.76
              deke =    0.47    6.86    7.51    4.19    2.22    1.66    2.72    7.35
              temp =  -62.84  -66.76  -49.93  -29.50  -12.93    0.30    8.21   13.70
 step = 10620 reke =   46.05  107.75  174.73  139.72   79.26   44.60   41.29   43.36
              deke =    0.35    5.83    7.61    4.25    1.85    1.56    2.77    6.97
              temp =  -62.81  -66.79  -49.95  -29.73  -12.62    0.48    8.15   13.49
 step = 10800 reke =   44.33  123.93  198.46  129.84   70.70   42.67   41.22   44.31
              deke =    0.54    6.41    7.41    4.38    2.19    1.79    3.15    7.13
              temp =  -62.84  -66.75  -49.77  -29.76  -13.11    0.35    8.24   13.70
  field:            1    no. of faulty points:           0
  undefined values set to   0.0000000000000000     
  start of year/month =         1983          11
 step = 10980 reke =   40.24  107.45  193.48  152.73   88.16   48.57   46.08   50.37
              deke =    0.63    5.30   10.18    5.80    2.29    1.54    2.71    7.55
              temp =  -62.85  -66.72  -49.77  -29.43  -12.90    0.35    8.15   13.56
 step = 11160 reke =   35.55  100.18  168.97  133.69   76.73   42.89   40.38   43.18
              deke =    0.44    5.79    6.18    3.93    2.01    1.94    3.02    8.05
              temp =  -62.82  -66.71  -49.75  -29.95  -12.75    0.44    8.24   13.56
 step = 11340 reke =   42.51  137.11  186.16  147.14   78.93   42.82   39.71   44.75
              deke =    0.59    7.09    6.75    4.01    2.25    1.57    2.30    6.83
              temp =  -62.83  -66.77  -49.70  -29.61  -13.02    0.19    8.06   13.44
 step = 11520 reke =   53.13  141.55  188.87  148.16   83.79   44.61   40.16   44.38
              deke =    0.74    6.91    8.15    4.37    2.01    1.90    2.24    6.91
              temp =  -62.80  -66.75  -49.89  -29.68  -12.84    0.30    8.18   13.64
 step = 11700 reke =   42.13  114.44  161.70  136.20   80.22   44.09   44.07   49.85
              deke =    0.60    6.17    6.36    4.10    1.62    1.65    2.43    7.97
              temp =  -62.81  -66.77  -49.99  -29.87  -12.76    0.38    8.17   13.57
 step = 11880 reke =   46.17  111.98  192.94  158.51   89.49   49.74   46.19   47.68
              deke =    0.56    5.62    7.35    5.94    2.60    1.84    2.79    7.13
              temp =  -62.84  -66.76  -49.95  -29.89  -12.68    0.42    8.19   13.56
 Write restart dataset for year/month/date/hour:         1983 /          12 /           1 /           0
  field:            1    no. of faulty points:           0
  undefined values set to   0.0000000000000000     
  start of year/month =         1983          12
 step = 12060 reke =   66.91  130.71  195.16  156.93   82.95   45.06   43.89   45.15
              deke =    0.83    7.46    6.35    4.42    2.40    1.96    3.08    7.94
              temp =  -62.84  -66.72  -49.98  -30.30  -12.96    0.32    8.22   13.58
 step = 12240 reke =   39.88  108.04  191.85  151.31   89.94   54.53   51.31   54.11
              deke =    0.57    5.69    6.79    4.83    2.15    1.87    3.19    7.85
              temp =  -62.90  -66.73  -50.02  -29.89  -12.80    0.43    8.23   13.56
 step = 12420 reke =   48.99  121.96  207.77  174.75   95.01   55.81   50.71   52.79
              deke =    0.44    6.78    7.95    4.71    2.07    1.60    2.73    7.90
              temp =  -62.91  -66.75  -49.87  -29.56  -12.77    0.42    8.19   13.52
 step = 12600 reke =   36.43   97.94  160.60  136.28   84.13   49.41   43.23   45.82
              deke =    0.48    3.89    5.79    4.07    2.06    1.87    3.01    7.31
              temp =  -62.90  -66.71  -50.08  -29.68  -12.86    0.44    8.18   13.61
 step = 12780 reke =   46.14   92.40  186.53  165.52   95.37   51.04   44.26   47.85
              deke =    0.57    3.47    7.00    4.18    2.38    1.59    2.48    7.74
              temp =  -62.91  -66.70  -50.05  -29.70  -12.90    0.27    8.10   13.60
 step = 12960 reke =   32.24  103.23  188.51  143.75   84.14   48.43   42.65   46.40
              deke =    0.52    5.20    6.96    4.54    1.80    1.59    1.92    7.06
              temp =  -62.91  -66.67  -50.15  -29.77  -12.76    0.49    8.30   13.70
 step = 13140 reke =   40.99  107.57  205.70  163.79   90.30   48.61   46.71   51.42
              deke =    0.45    6.88    9.40    4.81    2.29    1.98    3.37    8.99
              temp =  -62.97  -66.61  -49.97  -29.55  -12.87    0.40    8.27   13.71
  field:            1    no. of faulty points:           0
  undefined values set to   0.0000000000000000     
 Write restart dataset for year/month/date/hour:         1984 /           1 /           1 /           0
