  hallo from speedy_agcm
 RPE_ACTIVE  T
&RESOLUTION
 NTRUN=         30,
 MTRUN=         30,
 IX=         96,
 IY=         24,
 KX=          8,
 /
&INPUT_RESOLUTION
 NTRUN_IN=         30,
 MTRUN_IN=         30,
 IX_IN=         96,
 IY_IN=         24,
 KX_IN=          8,
 /
&COUPLING_FLAGS
 ICLAND=          1,
 ICSEA=          0,
 ICICE=          1,
 ISSTAN=          1,
 /
&LAND
 DEPTH_SOIL=  1.0000000000000000     ,
 DEPTH_LICE=  5.0000000000000000     ,
 TDLAND=  40.000000000000000     ,
 FLANDMIN= 0.33333333333333331     ,
 /
&SEA
 DEPTH_ML=  60.000000000000000     ,
 DEPT0_ML=  40.000000000000000     ,
 DEPTH_ICE=  2.5000000000000000     ,
 DEPT0_ICE=  1.5000000000000000     ,
 TDSST=  90.000000000000000     ,
 TDICE=  30.000000000000000     ,
 FSEAMIN= 0.33333333333333331     ,
 BETA%VAL=  1.0000000000000000     ,
 L_GLOBE=T,
 L_NORTHE=F,
 L_NATLAN=F,
 L_NPACIF=F,
 L_TROPIC=F,
 L_INDIAN=F,
 /
&DYNAMICS
 GAMMA=  6.0000000000000000     ,
 HSCALE=  7.5000000000000000     ,
 HSHUM=  2.5000000000000000     ,
 REFRH1= 0.69999999999999996     ,
 THD=  2.3999999999999999     ,
 THDD=  2.3999999999999999     ,
 THDS=  12.000000000000000     ,
 TDRS%VAL=  720.00000000000000     ,
 /
&FORCING
 LCO2=F,
 IYEAR_REF=       1950,
 DEL_CO2%VAL=  5.0000000000000001E-003,
 ABLCO2%VAL=  6.0000000000000000     ,
 ALBSEA%VAL=  7.0000000000000007E-002,
 ALBICE%VAL= 0.59999999999999998     ,
 ALBSN%VAL= 0.59999999999999998     ,
 /
&SOLAR_FORCING
 SOLC%VAL=  342.00000000000000     ,
 EPSSW%VAL=  2.0000000000000000E-002,
 /
&SURFACE
 SWCAP%VAL= 0.29999999999999999     ,
 SWWIL%VAL= 0.17000000000000001     ,
 SD2SC%VAL=  60.000000000000000     ,
 /
&TIMESTEPPING
 NSTEPS=         36,
 NSTDIA=        180,
 NMONRS=         12,
 ROB%VAL=  5.0000000000000003E-002,
 WIL%VAL= 0.53000000000000003     ,
 /
&CONVECTION
 PSMIN%VAL= 0.80000000000000004     ,
 TRCNV=  6.0000000000000000     ,
 RHBL%VAL= 0.90000000000000002     ,
 RHIL%VAL= 0.69999999999999996     ,
 ENTMAX= 0.50000000000000000     ,
 SMF%VAL= 0.80000000000000004     ,
 /
&CONDENSATION
 TRLSC%VAL=  4.0000000000000000     ,
 RHLSC= 0.90000000000000002     ,
 DRHLSC= 0.10000000000000001     ,
 RHBLSC= 0.94999999999999996     ,
 /
&CLOUD_PARAMETERS
 RHCL1%VAL= 0.29999999999999999     ,
 RHCL2%VAL=  1.0000000000000000     ,
 QACL%VAL= 0.20000000000000001     ,
 WPCL%VAL= 0.20000000000000001     ,
 PMAXCL%VAL=  10.000000000000000     ,
 CLSMAX%VAL= 0.59999999999999998     ,
 CLSMINL%VAL= 0.14999999999999999     ,
 GSE_S0%VAL= 0.25000000000000000     ,
 GSE_S1%VAL= 0.40000000000000002     ,
 /
&SW_RADIATION
 NSTRAD=          3,
 ABSDRY%VAL=  3.3000000000000002E-002,
 ABSAER%VAL=  3.3000000000000002E-002,
 ABSWV1%VAL=  2.1999999999999999E-002,
 ABSWV2%VAL=  15.000000000000000     ,
 ABSCL1%VAL=  1.4999999999999999E-002,
 ABSCL2%VAL= 0.14999999999999999     ,
 ALBCL%VAL= 0.42999999999999999     ,
 ALBCLS%VAL= 0.50000000000000000     ,
 /
&LW_RADIATION
 EPSLW%VAL=  5.0000000000000003E-002,
 EMISFC%VAL= 0.97999999999999998     ,
 ABLWIN%VAL= 0.29999999999999999     ,
 ABLWV1%VAL= 0.69999999999999996     ,
 ABLWV2%VAL=  50.000000000000000     ,
 ABLCL1%VAL=  12.000000000000000     ,
 ABLCL2%VAL= 0.59999999999999998     ,
 /
&SURFACE_FLUXES
 FWIND0%VAL= 0.94999999999999996     ,
 FTEMP0%VAL=  1.0000000000000000     ,
 FHUM0%VAL=  0.0000000000000000     ,
 CDL%VAL=  2.3999999999999998E-003,
 CDS%VAL=  1.0000000000000000E-003,
 CHL%VAL=  1.1999999999999999E-003,
 CHS%VAL=  8.9999999999999998E-004,
 VGUST%VAL=  5.0000000000000000     ,
 CTDAY%VAL=  1.0000000000000000E-002,
 DTHETA%VAL=  3.0000000000000000     ,
 FSTAB%VAL= 0.67000000000000004     ,
 HDRAG%VAL=  2000.0000000000000     ,
 FHDRAG%VAL= 0.50000000000000000     ,
 CLAMBDA%VAL=  7.0000000000000000     ,
 CLAMBSN%VAL=  7.0000000000000000     ,
 /
&VERTICAL_DIFFUSION
 TRSHC=  6.0000000000000000     ,
 TRVDI=  24.000000000000000     ,
 TRVDS=  6.0000000000000000     ,
 REDSHC%VAL= 0.50000000000000000     ,
 RHGRAD%VAL= 0.50000000000000000     ,
 SEGRAD%VAL= 0.10000000000000001     ,
 /
&SPPT
 SPPT_ON=F,
 NSCALES=          3,
 L_ADDITIVE=F,
 /
&SPPT_PARAMETERS
 MU(1)%VAL=  1.0000000000000000     ,
 MU(2)%VAL=  1.0000000000000000     ,
 MU(3)%VAL=  1.0000000000000000     ,
 MU(4)%VAL=  1.0000000000000000     ,
 MU(5)%VAL=  1.0000000000000000     ,
 MU(6)%VAL=  1.0000000000000000     ,
 MU(7)%VAL=  1.0000000000000000     ,
 MU(8)%VAL=  1.0000000000000000     ,
 TIME_DECORR=  3.0000000000000000     ,  72.000000000000000     ,  720.00000000000000     ,
 LEN_DECORR=  500000.00000000000     ,  1000000.0000000000     ,  2000000.0000000000     ,
 STDDEV= 0.52000000000000002     , 0.17999999999999999     ,  5.9999999999999998E-002,
 ADDITIVE_MAGNITUDE%VAL=  9.9999999999999995E-007,
 /
 Read namelist
 start date         1983           1           1           0
  Model half-level (*1000)           1           0
  Model half-level (*1000)           2          50
  Model half-level (*1000)           3         140
  Model half-level (*1000)           4         260
  Model half-level (*1000)           5         420
  Model half-level (*1000)           6         600
  Model half-level (*1000)           7         770
  Model half-level (*1000)           8         900
  Model half-level (*1000)           9        1000
  Model full-level (*1000)           1          25
  Model full-level (*1000)           2          95
  Model full-level (*1000)           3         200
  Model full-level (*1000)           4         340
  Model full-level (*1000)           5         510
  Model full-level (*1000)           6         685
  Model full-level (*1000)           7         835
  Model full-level (*1000)           8         950
  temp/hum correction at level            2  0.66167368341273969        0.0000000000000000     
  temp/hum correction at level            3  0.75399289734237440        8.0000000000000019E-003
  temp/hum correction at level            4  0.82755908289241631        3.9303999999999992E-002
  temp/hum correction at level            5  0.88857447279504564       0.13265100000000002     
  temp/hum correction at level            6  0.93577679872957287       0.32141912500000008     
  temp/hum correction at level            7  0.96885785555841186       0.58218287499999988     
  temp/hum correction at level            8  0.99104107712276879       0.85737499999999989     
 Filter applied at wavenumber           30
  field:            1    no. of faulty points:           0
  field:            2    no. of faulty points:           0
  field:            3    no. of faulty points:           0
  field:            4    no. of faulty points:           0
  field:            5    no. of faulty points:           0
  field:            6    no. of faulty points:           0
  field:            7    no. of faulty points:           0
  field:            8    no. of faulty points:           0
  field:            9    no. of faulty points:           0
  field:           10    no. of faulty points:           0
  field:           11    no. of faulty points:           0
  field:           12    no. of faulty points:           0
  undefined values set to   273.00000000000000     
  field:            1    no. of faulty points:           0
  field:            2    no. of faulty points:           0
  field:            3    no. of faulty points:           0
  field:            4    no. of faulty points:           0
  field:            5    no. of faulty points:           0
  field:            6    no. of faulty points:           0
  field:            7    no. of faulty points:           0
  field:            8    no. of faulty points:           0
  field:            9    no. of faulty points:           0
  field:           10    no. of faulty points:           0
  field:           11    no. of faulty points:           0
  field:           12    no. of faulty points:           0
  undefined values set to   0.0000000000000000     
  field:            1    no. of faulty points:           0
  field:            2    no. of faulty points:           0
  field:            3    no. of faulty points:           0
  field:            4    no. of faulty points:           0
  field:            5    no. of faulty points:           0
  field:            6    no. of faulty points:           0
  field:            7    no. of faulty points:           0
  field:            8    no. of faulty points:           0
  field:            9    no. of faulty points:           0
  field:           10    no. of faulty points:           0
  field:           11    no. of faulty points:           0
  field:           12    no. of faulty points:           0
  undefined values set to   0.0000000000000000     
  field:            1    no. of faulty points:           0
  field:            2    no. of faulty points:           0
  field:            3    no. of faulty points:           0
  field:            4    no. of faulty points:           0
  field:            5    no. of faulty points:           0
  field:            6    no. of faulty points:           0
  field:            7    no. of faulty points:           0
  field:            8    no. of faulty points:           0
  field:            9    no. of faulty points:           0
  field:           10    no. of faulty points:           0
  field:           11    no. of faulty points:           0
  field:           12    no. of faulty points:           0
  undefined values set to   273.00000000000000     
  field:            1    no. of faulty points:           0
  field:            2    no. of faulty points:           0
  field:            3    no. of faulty points:           0
  field:            4    no. of faulty points:           0
  field:            5    no. of faulty points:           0
  field:            6    no. of faulty points:           0
  field:            7    no. of faulty points:           0
  field:            8    no. of faulty points:           0
  field:            9    no. of faulty points:           0
  field:           10    no. of faulty points:           0
  field:           11    no. of faulty points:           0
  field:           12    no. of faulty points:           0
  undefined values set to   0.0000000000000000     
 isst0 =           49
  field:            1    no. of faulty points:           0
  field:            2    no. of faulty points:           0
  field:            3    no. of faulty points:           0
  undefined values set to   0.0000000000000000     
  reading a restart file
        1983           1           1           0
        1984           1           1           0
 WARNING: Date in restart file does not match requested date
Read restart dataset for year/month/date/hour: 1983/01/01/00
 step =     0 reke =   59.59  154.26  208.00  144.58   80.28   43.89   37.33   39.85
              deke =    0.78    6.05    7.98    4.62    2.10    1.80    2.58    6.86
              temp =  -62.76  -66.61  -49.61  -29.85  -13.03    0.16    8.04   13.57
   tref =    217.14995443460384     
   tref =    217.14995443460384     
   tref =    217.14995443460384     
   tref =    238.33701587301590     
   tref =    255.90944816497316     
   tref =    269.50371803411701     
   tref =    279.03106240082263     
   tref =    285.41983021135741     
 integration length in days:          365
  start of year/month =         1983           1
 step =   180 reke =   52.12  110.73  178.51  139.11   81.51   45.56   43.95   47.85
              deke =    0.65    7.61    7.56    4.30    2.03    1.86    3.09    8.12
              temp =  -62.79  -66.61  -49.73  -30.26  -13.27    0.14    7.97   13.51
 step =   360 reke =   39.53  124.61  201.34  158.51   95.19   55.01   49.55   54.06
              deke =    0.53    7.87    8.16    5.12    2.15    2.00    3.11    7.40
              temp =  -62.80  -66.58  -49.63  -29.60  -13.00    0.21    8.07   13.63
 step =   540 reke =   40.89  119.84  182.36  140.20   75.79   40.20   35.21   39.61
              deke =    0.40    6.22    7.75    4.43    2.05    1.74    2.31    6.88
              temp =  -62.82  -66.56  -49.67  -29.70  -12.77    0.24    8.21   13.73
 step =   720 reke =   25.46  133.16  183.52  154.94   90.26   50.24   45.16   48.97
              deke =    0.36    8.31    8.23    4.53    1.93    1.93    2.83    7.97
              temp =  -62.80  -66.44  -49.80  -29.99  -12.97    0.26    8.15   13.59
 step =   900 reke =   36.43  120.42  200.67  171.49   93.84   43.82   36.13   40.21
              deke =    0.46    5.30    7.90    4.46    2.31    1.49    2.14    7.29
              temp =  -62.83  -66.48  -49.79  -29.80  -12.92    0.32    8.26   13.59
 step =  1080 reke =   46.03  109.32  182.22  169.14  101.92   57.01   50.62   50.28
              deke =    0.59    5.48    7.50    5.10    1.78    1.93    3.10    8.57
              temp =  -62.88  -66.46  -49.88  -29.81  -12.79    0.32    8.10   13.45
  field:            1    no. of faulty points:           0
  undefined values set to   0.0000000000000000     
  start of year/month =         1983           2
 step =  1260 reke =   52.66  108.51  178.81  138.58   78.47   41.77   37.20   40.78
              deke =    0.52    4.06    9.00    4.45    1.79    1.83    2.22    6.58
              temp =  -62.87  -66.37  -50.10  -29.88  -12.61    0.40    8.24   13.67
 step =  1440 reke =   51.95  102.12  164.15  133.59   82.65   48.49   43.49   46.94
              deke =    0.44    5.33    9.33    5.14    2.32    2.04    2.74    7.65
              temp =  -62.87  -66.38  -50.16  -30.03  -12.79    0.23    7.99   13.48
 step =  1620 reke =   64.98  136.49  214.68  184.05  103.67   57.60   49.69   51.88
              deke =    0.60    5.60    5.97    3.74    2.19    2.14    2.83    7.11
              temp =  -62.84  -66.44  -50.11  -29.76  -12.59    0.48    8.17   13.44
 step =  1800 reke =   41.18  122.92  201.27  160.71   84.66   45.75   40.25   42.06
              deke =    0.67    6.61   10.57    5.83    2.68    1.65    2.81    7.04
              temp =  -62.82  -66.49  -49.82  -29.81  -12.92    0.40    8.09   13.46
 step =  1980 reke =   54.43  114.17  156.74  133.85   77.67   41.85   38.35   42.92
              deke =    0.48    4.30    6.72    4.19    1.98    1.49    2.17    6.43
              temp =  -62.84  -66.61  -49.94  -30.05  -13.14    0.17    8.02   13.57
  field:            1    no. of faulty points:           0
  undefined values set to   0.0000000000000000     
  start of year/month =         1983           3
 step =  2160 reke =   42.34  131.27  211.73  164.20   85.83   44.80   41.94   46.81
              deke =    0.48    5.92    9.97    5.47    2.39    2.01    3.40    8.12
              temp =  -62.85  -66.63  -49.76  -29.71  -12.90    0.32    8.01   13.42
 step =  2340 reke =   38.33  101.99  170.87  145.27   84.47   45.97   42.65   46.35
              deke =    0.40    6.29    7.97    4.62    2.95    1.73    3.17    8.29
              temp =  -62.83  -66.69  -49.73  -29.87  -12.98    0.28    7.94   13.40
 step =  2520 reke =   41.44  103.26  171.83  147.80   82.90   47.92   44.57   48.99
              deke =    0.34    7.35    7.04    3.98    1.82    1.95    2.61    7.11
              temp =  -62.82  -66.75  -49.69  -30.01  -12.94    0.20    8.01   13.57
 step =  2700 reke =   51.62  124.92  190.58  163.02   90.24   48.00   41.08   46.80
              deke =    0.67    6.20    9.32    4.36    1.99    1.86    2.32    7.01
              temp =  -62.84  -66.79  -49.71  -29.82  -13.20    0.13    8.10   13.48
 step =  2880 reke =   53.84  116.01  197.73  164.16   91.89   50.31   42.90   45.79
              deke =    0.63    7.81   10.18    4.37    1.97    1.83    2.64    7.86
              temp =  -62.78  -66.81  -49.67  -29.55  -12.83    0.31    8.09   13.50
 step =  3060 reke =   52.82  105.13  155.57  141.61   88.02   51.00   46.59   49.72
              deke =    0.59    7.58    6.93    4.25    1.80    1.56    2.37    7.26
              temp =  -62.85  -66.77  -49.91  -29.94  -12.88    0.30    8.23   13.61
 step =  3240 reke =   66.76  117.44  184.89  155.86   81.16   42.13   37.97   41.00
              deke =    0.52    6.70    5.68    4.54    2.12    2.11    2.55    7.64
              temp =  -62.82  -66.71  -50.09  -29.91  -12.73    0.38    8.26   13.68
  field:            1    no. of faulty points:           0
  undefined values set to   0.0000000000000000     
  start of year/month =         1983           4
 step =  3420 reke =   33.69   79.31  132.41  121.94   69.05   41.71   40.34   45.01
              deke =    0.26    5.14    5.76    4.67    2.29    1.71    2.39    6.80
              temp =  -62.86  -66.68  -50.10  -29.95  -13.16    0.21    8.05   13.62
 step =  3600 reke =   31.33  104.94  199.36  171.00   94.32   50.13   45.74   51.68
              deke =    0.34    5.66    7.85    4.53    2.11    1.82    2.90    8.37
              temp =  -62.87  -66.66  -50.26  -29.80  -13.12    0.11    8.02   13.57
 step =  3780 reke =   39.00  118.17  182.78  141.29   79.76   41.63   37.64   40.44
              deke =    0.48    5.35    7.65    4.70    2.89    1.81    2.50    7.09
              temp =  -62.88  -66.72  -50.11  -29.98  -12.77    0.35    8.11   13.56
 step =  3960 reke =   56.90  100.72  156.28  128.20   70.43   37.37   36.78   41.82
              deke =    0.37    5.52    6.58    4.43    1.88    1.60    2.57    7.20
              temp =  -62.88  -66.76  -49.94  -30.21  -13.15    0.21    8.05   13.61
 step =  4140 reke =   49.98   95.06  173.37  151.79   90.47   48.93   46.24   49.23
              deke =    0.56    5.02    7.05    4.26    2.08    1.58    2.87    8.07
              temp =  -62.92  -66.78  -49.80  -30.18  -13.14    0.06    7.89   13.54
 step =  4320 reke =  103.48  132.57  190.11  157.12   92.65   52.85   47.70   51.35
              deke =    0.80    5.76    6.22    4.70    1.86    1.85    2.78    7.58
              temp =  -62.93  -66.81  -49.74  -29.90  -13.26    0.20    8.13   13.58
  field:            1    no. of faulty points:           0
  undefined values set to   0.0000000000000000     
  start of year/month =         1983           5
 step =  4500 reke =   88.13  128.32  192.53  168.12   97.04   53.69   48.78   53.18
              deke =    0.58    8.99    7.71    6.17    2.36    1.72    2.74    7.85
              temp =  -62.89  -66.77  -49.77  -29.39  -12.93    0.21    7.93   13.40
 step =  4680 reke =   39.02   94.59  191.14  169.09   94.02   52.41   46.70   49.25
              deke =    0.55    7.02    7.43    4.41    2.39    2.15    3.20    7.87
              temp =  -62.86  -66.73  -49.62  -29.89  -12.61    0.42    8.08   13.47
 step =  4860 reke =   41.49   99.04  175.00  142.85   79.38   46.74   42.63   45.62
              deke =    0.67    5.63    8.14    4.46    2.53    1.77    2.87    7.60
              temp =  -62.88  -66.72  -49.56  -29.96  -12.91    0.37    8.04   13.61
 step =  5040 reke =   39.14  128.71  208.57  165.01   92.46   48.28   41.74   46.00
              deke =    0.41    7.00    7.94    4.61    2.16    1.85    2.93    7.04
              temp =  -62.84  -66.55  -49.75  -30.11  -12.85    0.39    8.19   13.74
 step =  5220 reke =   47.48  130.37  188.82  143.26   82.14   48.35   45.96   51.56
              deke =    0.53    7.59    6.62    4.14    1.65    1.68    2.47    7.61
              temp =  -62.85  -66.57  -49.82  -29.78  -12.93    0.44    8.23   13.73
 step =  5400 reke =   57.52  118.33  198.37  182.87  109.66   57.06   49.34   53.05
              deke =    0.57    6.53    7.40    4.09    2.14    1.65    2.76    7.94
              temp =  -62.86  -66.57  -49.75  -29.56  -12.66    0.58    8.35   13.66
  field:            1    no. of faulty points:           0
  undefined values set to   0.0000000000000000     
  start of year/month =         1983           6
 step =  5580 reke =   85.01  118.35  202.88  175.68  101.03   54.48   50.41   52.25
              deke =    0.57    5.51    8.69    4.57    2.12    1.72    2.96    7.35
              temp =  -62.82  -66.55  -49.67  -29.74  -12.41    0.66    8.39   13.74
 step =  5760 reke =   77.31  120.36  181.05  157.31   89.72   49.40   44.47   49.27
              deke =    0.64    9.26    8.37    4.46    1.90    1.68    2.22    7.11
              temp =  -62.79  -66.59  -49.46  -30.09  -12.66    0.65    8.40   13.78
 step =  5940 reke =   48.41  115.33  177.45  146.67   89.67   50.43   45.67   47.64
              deke =    0.48    8.57    8.53    4.68    2.17    1.92    3.34    8.22
              temp =  -62.78  -66.55  -49.48  -30.11  -12.94    0.41    8.20   13.62
 step =  6120 reke =   56.13  121.66  208.09  160.70   96.75   53.28   47.62   51.44
              deke =    0.50    6.74    6.93    3.47    1.81    1.91    2.88    7.60
              temp =  -62.80  -66.56  -49.64  -29.74  -12.76    0.44    8.25   13.73
 step =  6300 reke =   45.53  125.31  189.57  166.99   96.64   51.27   43.90   48.81
              deke =    0.32    8.21    7.94    3.37    2.35    2.25    3.07    7.67
              temp =  -62.75  -66.55  -49.83  -29.38  -12.52    0.49    8.28   13.64
 step =  6480 reke =   48.19  103.47  158.71  146.33   81.97   40.67   36.20   38.80
              deke =    0.57    7.21    6.05    4.06    2.07    1.63    2.40    7.00
              temp =  -62.73  -66.58  -49.90  -29.99  -12.52    0.38    8.16   13.63
  field:            1    no. of faulty points:           0
  undefined values set to   0.0000000000000000     
  start of year/month =         1983           7
 step =  6660 reke =   25.71  118.68  173.08  140.26   78.36   42.83   43.35   49.21
              deke =    0.49    7.98    9.06    4.18    2.10    1.96    2.87    8.59
              temp =  -62.69  -66.62  -49.80  -30.00  -12.77    0.36    8.07   13.50
 step =  6840 reke =   46.46  102.60  155.07  140.89   84.63   46.28   42.11   46.62
              deke =    0.52    5.24    6.83    4.27    2.36    1.93    2.82    7.96
              temp =  -62.73  -66.61  -49.89  -30.03  -12.73    0.44    8.21   13.57
 step =  7020 reke =   57.43  113.80  158.48  123.73   62.48   35.75   34.48   39.21
              deke =    0.69    7.17    7.35    4.24    1.87    1.64    2.25    6.81
              temp =  -62.77  -66.52  -49.82  -30.25  -13.10    0.29    8.09   13.68
 step =  7200 reke =   55.88  134.57  185.37  159.98   90.90   48.73   45.61   51.80
              deke =    0.82    9.59    7.75    4.62    1.99    1.99    2.91    8.59
              temp =  -62.80  -66.55  -49.61  -30.10  -13.31    0.08    8.12   13.66
 step =  7380 reke =   75.47  130.58  182.49  139.53   71.72   38.64   37.29   41.22
              deke =    0.87    6.75    6.16    3.97    1.83    1.56    2.75    7.06
              temp =  -62.83  -66.58  -49.47  -29.76  -12.99    0.22    8.17   13.62
 step =  7560 reke =   42.81  124.69  174.03  138.45   72.31   44.01   43.52   49.62
              deke =    0.68    7.14    7.16    5.37    1.85    1.84    2.67    7.40
              temp =  -62.80  -66.62  -49.36  -29.76  -13.07    0.08    7.97   13.45
  field:            1    no. of faulty points:           0
  undefined values set to   0.0000000000000000     
  start of year/month =         1983           8
 step =  7740 reke =   67.76   97.79  165.42  145.76   86.26   54.19   50.73   52.83
              deke =    0.62    5.09    5.84    3.45    1.46    1.84    2.31    7.44
              temp =  -62.82  -66.57  -49.53  -29.68  -12.64    0.42    8.19   13.49
 step =  7920 reke =   47.01  112.60  169.47  140.39   81.53   49.23   43.29   47.81
              deke =    0.82    6.82    7.38    5.02    2.24    1.86    2.55    7.37
              temp =  -62.79  -66.60  -49.79  -30.05  -12.80    0.37    8.24   13.64
 step =  8100 reke =   48.27  113.28  175.05  152.99   85.55   50.21   45.86   52.71
              deke =    0.79    8.74    6.58    4.72    2.15    1.77    2.16    6.98
              temp =  -62.78  -66.62  -49.74  -30.13  -12.92    0.35    8.36   13.75
 step =  8280 reke =   53.75  132.72  194.66  148.27   86.19   46.96   42.66   46.99
              deke =    0.67    7.56    7.59    4.83    2.19    1.53    2.22    7.51
              temp =  -62.75  -66.60  -49.77  -30.05  -12.65    0.40    8.22   13.57
 step =  8460 reke =   55.94   86.98  136.75  106.96   61.81   36.62   35.78   40.73
              deke =    0.53    4.54    6.29    4.58    2.32    1.75    2.30    6.42
              temp =  -62.79  -66.61  -50.01  -30.25  -13.07    0.28    8.10   13.65
 step =  8640 reke =   43.66   91.85  167.64  136.11   77.48   45.72   45.64   52.25
              deke =    0.47    5.52    7.18    3.70    1.80    1.91    3.06    8.24
              temp =  -62.82  -66.62  -50.10  -30.01  -12.71    0.28    8.01   13.49
  field:            1    no. of faulty points:           0
  undefined values set to   0.0000000000000000     
  start of year/month =         1983           9
 step =  8820 reke =   58.49  125.99  181.66  132.85   81.87   44.08   38.35   40.58
              deke =    0.69    5.39    6.31    4.21    2.81    1.72    2.74    6.90
              temp =  -62.84  -66.65  -50.03  -29.88  -12.88    0.28    8.14   13.55
 step =  9000 reke =   47.37  111.78  195.06  162.02   92.07   48.59   43.24   45.78
              deke =    0.69    6.39    9.23    4.93    2.29    1.94    2.72    7.73
              temp =  -62.83  -66.72  -49.95  -29.83  -13.02    0.29    8.13   13.50
 step =  9180 reke =   62.22  120.50  203.70  157.32   93.68   51.83   47.83   50.19
              deke =    0.56    7.24    8.30    4.64    2.21    1.86    2.96    7.71
              temp =  -62.83  -66.69  -49.83  -29.74  -13.04    0.27    8.14   13.51
 step =  9360 reke =   55.73  146.80  210.39  174.08  107.97   63.13   55.98   57.55
              deke =    0.66    9.61    7.14    4.41    2.25    2.14    3.28    7.87
              temp =  -62.80  -66.75  -49.93  -29.56  -12.65    0.41    8.25   13.53
 step =  9540 reke =   62.11  140.70  185.52  158.47   85.81   48.62   40.98   41.97
              deke =    0.58    9.73    9.26    4.75    1.78    2.21    2.68    6.54
              temp =  -62.80  -66.75  -49.81  -29.71  -12.91    0.50    8.33   13.73
 step =  9720 reke =   46.91  113.04  164.67  130.36   77.53   42.17   42.12   48.56
              deke =    0.52    6.77    8.20    4.72    1.71    1.65    2.61    7.61
              temp =  -62.85  -66.77  -49.61  -29.79  -13.04    0.21    8.17   13.65
  field:            1    no. of faulty points:           0
  undefined values set to   0.0000000000000000     
  start of year/month =         1983          10
 step =  9900 reke =   48.89  115.74  169.45  128.02   71.58   39.04   39.56   46.30
              deke =    0.35    6.27    8.30    4.83    2.05    1.65    2.17    6.55
              temp =  -62.86  -66.63  -49.62  -30.15  -12.85    0.36    8.25   13.67
 step = 10080 reke =   53.12  116.25  170.05  146.74   87.39   48.82   46.81   51.21
              deke =    0.73    8.16    7.85    5.23    2.06    1.55    2.57    7.28
              temp =  -62.86  -66.56  -49.72  -29.99  -12.90    0.42    8.20   13.66
 step = 10260 reke =   49.52   99.96  178.33  151.63   86.87   47.37   42.03   47.23
              deke =    0.96    4.77    7.83    4.19    1.88    1.56    2.98    7.56
              temp =  -62.83  -66.60  -49.82  -29.92  -12.66    0.59    8.41   13.69
 step = 10440 reke =   45.72   91.50  158.03  126.92   74.09   39.50   36.75   40.91
              deke =    0.58    3.87    7.20    4.44    2.00    1.90    2.74    6.96
              temp =  -62.87  -66.61  -49.82  -30.08  -13.06    0.27    8.11   13.58
 step = 10620 reke =   50.89  133.38  215.10  171.04   98.96   56.39   50.26   52.70
              deke =    1.09    6.87    7.36    4.79    1.64    2.12    2.84    8.35
              temp =  -62.89  -66.59  -49.81  -29.60  -12.84    0.29    8.22   13.61
 step = 10800 reke =   45.41  116.62  163.30  134.67   79.96   43.12   38.78   43.20
              deke =    0.39    7.07    5.88    4.21    2.06    1.67    2.54    6.69
              temp =  -62.91  -66.63  -49.95  -29.94  -12.84    0.37    8.11   13.68
  field:            1    no. of faulty points:           0
  undefined values set to   0.0000000000000000     
  start of year/month =         1983          11
 step = 10980 reke =   61.08  137.00  203.32  156.22   88.15   46.36   45.58   50.96
              deke =    0.77    5.99    6.96    4.67    1.91    1.88    2.94    7.95
              temp =  -62.89  -66.64  -49.85  -29.84  -12.85    0.38    8.19   13.67
 step = 11160 reke =   49.12  132.17  196.44  153.67   84.53   45.93   42.33   45.79
              deke =    0.61    6.73    7.23    4.88    1.85    1.87    2.74    6.92
              temp =  -62.90  -66.62  -49.85  -29.69  -12.92    0.38    8.22   13.65
 step = 11340 reke =   63.29  137.34  196.39  160.60   93.07   57.43   52.22   52.94
              deke =    0.58    7.68    8.82    4.73    2.05    2.10    3.21    7.49
              temp =  -62.84  -66.68  -49.87  -29.65  -12.89    0.43    8.22   13.48
 step = 11520 reke =   55.13  138.53  206.52  171.49   92.78   53.89   49.24   48.10
              deke =    0.95    7.04    8.15    5.54    1.73    1.85    2.89    7.72
              temp =  -62.87  -66.64  -49.89  -29.68  -12.72    0.41    8.23   13.56
 step = 11700 reke =   50.48  119.35  211.25  189.61  102.92   56.56   47.11   47.67
              deke =    0.54    4.59    8.82    5.85    2.10    1.75    2.37    7.72
              temp =  -62.87  -66.63  -49.73  -29.50  -12.60    0.55    8.36   13.60
 step = 11880 reke =   95.99  136.85  190.25  148.70   83.35   43.71   40.22   41.96
              deke =    1.02    7.56    8.34    5.08    2.70    2.12    3.13    7.01
              temp =  -62.83  -66.62  -49.92  -29.98  -12.61    0.47    8.30   13.77
 Write restart dataset for year/month/date/hour:         1983 /          12 /           1 /           0
  field:            1    no. of faulty points:           0
  undefined values set to   0.0000000000000000     
  start of year/month =         1983          12
 step = 12060 reke =   42.02  103.00  177.74  144.04   86.64   44.67   40.48   44.45
              deke =    0.61    5.14    9.28    4.85    3.09    1.58    2.84    7.51
              temp =  -62.85  -66.67  -49.75  -30.25  -12.78    0.48    8.27   13.64
 step = 12240 reke =   34.51  101.46  163.09  145.71   88.47   45.82   43.28   47.44
              deke =    0.50    8.61    6.76    4.79    2.23    1.44    3.02    7.14
              temp =  -62.85  -66.70  -49.63  -30.18  -13.07    0.26    8.10   13.62
 step = 12420 reke =   47.78   93.11  161.44  151.19   89.36   45.68   42.61   47.46
              deke =    0.58    5.77    7.92    4.66    2.58    1.73    2.66    7.45
              temp =  -62.82  -66.68  -49.84  -29.69  -12.80    0.38    8.18   13.62
 step = 12600 reke =   47.29  116.60  186.93  133.48   81.63   44.83   41.33   44.41
              deke =    0.68    4.71    9.01    3.76    2.07    2.06    2.86    7.01
              temp =  -62.81  -66.66  -49.93  -29.82  -12.74    0.34    8.10   13.53
 step = 12780 reke =   42.55  134.58  182.99  142.12   81.69   43.74   38.48   41.70
              deke =    0.63    5.32    7.08    4.68    2.66    2.15    2.98    7.02
              temp =  -62.81  -66.67  -49.74  -29.78  -13.18    0.24    8.22   13.66
 step = 12960 reke =   44.98  121.68  167.71  143.31   86.83   48.95   47.24   50.57
              deke =    0.38    7.71    8.42    4.49    2.40    2.10    3.80    7.94
              temp =  -62.77  -66.65  -49.85  -29.70  -12.86    0.29    8.06   13.53
 step = 13140 reke =   42.16  112.74  168.11  141.36   83.09   40.89   37.05   42.13
              deke =    0.42    5.24    6.59    4.18    1.90    1.35    2.51    6.96
              temp =  -62.82  -66.71  -49.86  -29.78  -12.98    0.11    8.12   13.55
  field:            1    no. of faulty points:           0
  undefined values set to   0.0000000000000000     
 Write restart dataset for year/month/date/hour:         1984 /           1 /           1 /           0
