  hallo from speedy_agcm
 RPE_ACTIVE  T
&RESOLUTION
 NTRUN=         30,
 MTRUN=         30,
 IX=         96,
 IY=         24,
 KX=          8,
 /
&INPUT_RESOLUTION
 NTRUN_IN=         30,
 MTRUN_IN=         30,
 IX_IN=         96,
 IY_IN=         24,
 KX_IN=          8,
 /
&COUPLING_FLAGS
 ICLAND=          1,
 ICSEA=          0,
 ICICE=          1,
 ISSTAN=          1,
 /
&LAND
 DEPTH_SOIL=  1.0000000000000000     ,
 DEPTH_LICE=  5.0000000000000000     ,
 TDLAND=  40.000000000000000     ,
 FLANDMIN= 0.33333333333333331     ,
 /
&SEA
 DEPTH_ML=  60.000000000000000     ,
 DEPT0_ML=  40.000000000000000     ,
 DEPTH_ICE=  2.5000000000000000     ,
 DEPT0_ICE=  1.5000000000000000     ,
 TDSST=  90.000000000000000     ,
 TDICE=  30.000000000000000     ,
 FSEAMIN= 0.33333333333333331     ,
 BETA%VAL=  1.0000000000000000     ,
 L_GLOBE=T,
 L_NORTHE=F,
 L_NATLAN=F,
 L_NPACIF=F,
 L_TROPIC=F,
 L_INDIAN=F,
 /
&DYNAMICS
 GAMMA=  6.0000000000000000     ,
 HSCALE=  7.5000000000000000     ,
 HSHUM=  2.5000000000000000     ,
 REFRH1= 0.69999999999999996     ,
 THD=  2.3999999999999999     ,
 THDD=  2.3999999999999999     ,
 THDS=  12.000000000000000     ,
 TDRS%VAL=  720.00000000000000     ,
 /
&FORCING
 LCO2=F,
 IYEAR_REF=       1950,
 DEL_CO2%VAL=  5.0000000000000001E-003,
 ABLCO2%VAL=  6.0000000000000000     ,
 ALBSEA%VAL=  7.0000000000000007E-002,
 ALBICE%VAL= 0.59999999999999998     ,
 ALBSN%VAL= 0.59999999999999998     ,
 /
&SOLAR_FORCING
 SOLC%VAL=  342.00000000000000     ,
 EPSSW%VAL=  2.0000000000000000E-002,
 /
&SURFACE
 SWCAP%VAL= 0.29999999999999999     ,
 SWWIL%VAL= 0.17000000000000001     ,
 SD2SC%VAL=  60.000000000000000     ,
 /
&TIMESTEPPING
 NSTEPS=         36,
 NSTDIA=        180,
 NMONRS=         12,
 ROB%VAL=  5.0000000000000003E-002,
 WIL%VAL= 0.53000000000000003     ,
 /
&CONVECTION
 PSMIN%VAL= 0.80000000000000004     ,
 TRCNV=  6.0000000000000000     ,
 RHBL%VAL= 0.90000000000000002     ,
 RHIL%VAL= 0.69999999999999996     ,
 ENTMAX= 0.50000000000000000     ,
 SMF%VAL= 0.80000000000000004     ,
 /
&CONDENSATION
 TRLSC%VAL=  4.0000000000000000     ,
 RHLSC= 0.90000000000000002     ,
 DRHLSC= 0.10000000000000001     ,
 RHBLSC= 0.94999999999999996     ,
 /
&CLOUD_PARAMETERS
 RHCL1%VAL= 0.29999999999999999     ,
 RHCL2%VAL=  1.0000000000000000     ,
 QACL%VAL= 0.20000000000000001     ,
 WPCL%VAL= 0.20000000000000001     ,
 PMAXCL%VAL=  10.000000000000000     ,
 CLSMAX%VAL= 0.59999999999999998     ,
 CLSMINL%VAL= 0.14999999999999999     ,
 GSE_S0%VAL= 0.25000000000000000     ,
 GSE_S1%VAL= 0.40000000000000002     ,
 /
&SW_RADIATION
 NSTRAD=          3,
 ABSDRY%VAL=  3.3000000000000002E-002,
 ABSAER%VAL=  3.3000000000000002E-002,
 ABSWV1%VAL=  2.1999999999999999E-002,
 ABSWV2%VAL=  15.000000000000000     ,
 ABSCL1%VAL=  1.4999999999999999E-002,
 ABSCL2%VAL= 0.14999999999999999     ,
 ALBCL%VAL= 0.42999999999999999     ,
 ALBCLS%VAL= 0.50000000000000000     ,
 /
&LW_RADIATION
 EPSLW%VAL=  5.0000000000000003E-002,
 EMISFC%VAL= 0.97999999999999998     ,
 ABLWIN%VAL= 0.29999999999999999     ,
 ABLWV1%VAL= 0.69999999999999996     ,
 ABLWV2%VAL=  50.000000000000000     ,
 ABLCL1%VAL=  12.000000000000000     ,
 ABLCL2%VAL= 0.59999999999999998     ,
 /
&SURFACE_FLUXES
 FWIND0%VAL= 0.94999999999999996     ,
 FTEMP0%VAL=  1.0000000000000000     ,
 FHUM0%VAL=  0.0000000000000000     ,
 CDL%VAL=  2.3999999999999998E-003,
 CDS%VAL=  1.0000000000000000E-003,
 CHL%VAL=  1.1999999999999999E-003,
 CHS%VAL=  8.9999999999999998E-004,
 VGUST%VAL=  5.0000000000000000     ,
 CTDAY%VAL=  1.0000000000000000E-002,
 DTHETA%VAL=  3.0000000000000000     ,
 FSTAB%VAL= 0.67000000000000004     ,
 HDRAG%VAL=  2000.0000000000000     ,
 FHDRAG%VAL= 0.50000000000000000     ,
 CLAMBDA%VAL=  7.0000000000000000     ,
 CLAMBSN%VAL=  7.0000000000000000     ,
 /
&VERTICAL_DIFFUSION
 TRSHC=  6.0000000000000000     ,
 TRVDI=  24.000000000000000     ,
 TRVDS=  6.0000000000000000     ,
 REDSHC%VAL= 0.50000000000000000     ,
 RHGRAD%VAL= 0.50000000000000000     ,
 SEGRAD%VAL= 0.10000000000000001     ,
 /
&SPPT
 SPPT_ON=F,
 NSCALES=          3,
 L_ADDITIVE=F,
 /
&SPPT_PARAMETERS
 MU(1)%VAL=  1.0000000000000000     ,
 MU(2)%VAL=  1.0000000000000000     ,
 MU(3)%VAL=  1.0000000000000000     ,
 MU(4)%VAL=  1.0000000000000000     ,
 MU(5)%VAL=  1.0000000000000000     ,
 MU(6)%VAL=  1.0000000000000000     ,
 MU(7)%VAL=  1.0000000000000000     ,
 MU(8)%VAL=  1.0000000000000000     ,
 TIME_DECORR=  3.0000000000000000     ,  72.000000000000000     ,  720.00000000000000     ,
 LEN_DECORR=  500000.00000000000     ,  1000000.0000000000     ,  2000000.0000000000     ,
 STDDEV= 0.52000000000000002     , 0.17999999999999999     ,  5.9999999999999998E-002,
 ADDITIVE_MAGNITUDE%VAL=  9.9999999999999995E-007,
 /
 Read namelist
 start date         1983           1           1           0
  Model half-level (*1000)           1           0
  Model half-level (*1000)           2          50
  Model half-level (*1000)           3         140
  Model half-level (*1000)           4         260
  Model half-level (*1000)           5         420
  Model half-level (*1000)           6         600
  Model half-level (*1000)           7         770
  Model half-level (*1000)           8         900
  Model half-level (*1000)           9        1000
  Model full-level (*1000)           1          25
  Model full-level (*1000)           2          95
  Model full-level (*1000)           3         200
  Model full-level (*1000)           4         340
  Model full-level (*1000)           5         510
  Model full-level (*1000)           6         685
  Model full-level (*1000)           7         835
  Model full-level (*1000)           8         950
  temp/hum correction at level            2  0.66167368341273969        0.0000000000000000     
  temp/hum correction at level            3  0.75399289734237440        8.0000000000000019E-003
  temp/hum correction at level            4  0.82755908289241631        3.9303999999999992E-002
  temp/hum correction at level            5  0.88857447279504564       0.13265100000000002     
  temp/hum correction at level            6  0.93577679872957287       0.32141912500000008     
  temp/hum correction at level            7  0.96885785555841186       0.58218287499999988     
  temp/hum correction at level            8  0.99104107712276879       0.85737499999999989     
 Filter applied at wavenumber           30
  field:            1    no. of faulty points:           0
  field:            2    no. of faulty points:           0
  field:            3    no. of faulty points:           0
  field:            4    no. of faulty points:           0
  field:            5    no. of faulty points:           0
  field:            6    no. of faulty points:           0
  field:            7    no. of faulty points:           0
  field:            8    no. of faulty points:           0
  field:            9    no. of faulty points:           0
  field:           10    no. of faulty points:           0
  field:           11    no. of faulty points:           0
  field:           12    no. of faulty points:           0
  undefined values set to   273.00000000000000     
  field:            1    no. of faulty points:           0
  field:            2    no. of faulty points:           0
  field:            3    no. of faulty points:           0
  field:            4    no. of faulty points:           0
  field:            5    no. of faulty points:           0
  field:            6    no. of faulty points:           0
  field:            7    no. of faulty points:           0
  field:            8    no. of faulty points:           0
  field:            9    no. of faulty points:           0
  field:           10    no. of faulty points:           0
  field:           11    no. of faulty points:           0
  field:           12    no. of faulty points:           0
  undefined values set to   0.0000000000000000     
  field:            1    no. of faulty points:           0
  field:            2    no. of faulty points:           0
  field:            3    no. of faulty points:           0
  field:            4    no. of faulty points:           0
  field:            5    no. of faulty points:           0
  field:            6    no. of faulty points:           0
  field:            7    no. of faulty points:           0
  field:            8    no. of faulty points:           0
  field:            9    no. of faulty points:           0
  field:           10    no. of faulty points:           0
  field:           11    no. of faulty points:           0
  field:           12    no. of faulty points:           0
  undefined values set to   0.0000000000000000     
  field:            1    no. of faulty points:           0
  field:            2    no. of faulty points:           0
  field:            3    no. of faulty points:           0
  field:            4    no. of faulty points:           0
  field:            5    no. of faulty points:           0
  field:            6    no. of faulty points:           0
  field:            7    no. of faulty points:           0
  field:            8    no. of faulty points:           0
  field:            9    no. of faulty points:           0
  field:           10    no. of faulty points:           0
  field:           11    no. of faulty points:           0
  field:           12    no. of faulty points:           0
  undefined values set to   273.00000000000000     
  field:            1    no. of faulty points:           0
  field:            2    no. of faulty points:           0
  field:            3    no. of faulty points:           0
  field:            4    no. of faulty points:           0
  field:            5    no. of faulty points:           0
  field:            6    no. of faulty points:           0
  field:            7    no. of faulty points:           0
  field:            8    no. of faulty points:           0
  field:            9    no. of faulty points:           0
  field:           10    no. of faulty points:           0
  field:           11    no. of faulty points:           0
  field:           12    no. of faulty points:           0
  undefined values set to   0.0000000000000000     
 isst0 =           49
  field:            1    no. of faulty points:           0
  field:            2    no. of faulty points:           0
  field:            3    no. of faulty points:           0
  undefined values set to   0.0000000000000000     
  reading a restart file
        1983           1           1           0
        1984           1           1           0
 WARNING: Date in restart file does not match requested date
Read restart dataset for year/month/date/hour: 1983/01/01/00
 step =     0 reke =   40.99  104.27  157.39  131.32   76.55   41.95   40.01   44.51
              deke =    0.38    6.20    9.48    4.63    2.22    1.93    3.38    7.45
              temp =  -62.82  -66.56  -49.62  -29.98  -12.97    0.30    8.13   13.54
   tref =    217.14995443460384     
   tref =    217.14995443460384     
   tref =    217.14995443460384     
   tref =    238.33701587301590     
   tref =    255.90944816497316     
   tref =    269.50371803411701     
   tref =    279.03106240082263     
   tref =    285.41983021135741     
 integration length in days:          365
  start of year/month =         1983           1
 step =   180 reke =   57.75  122.41  205.35  162.24   91.83   54.36   53.92   58.77
              deke =    0.46    5.21    8.62    4.76    2.00    1.72    2.94    8.79
              temp =  -62.81  -66.59  -49.40  -29.58  -12.99    0.19    8.10   13.60
 step =   360 reke =   48.82  141.40  200.43  178.19  103.35   62.14   57.14   55.94
              deke =    0.66    7.70    8.21    5.26    1.88    1.96    3.51    7.74
              temp =  -62.82  -66.56  -49.26  -29.28  -12.52    0.44    8.28   13.69
 step =   540 reke =   54.77  111.59  177.25  135.73   72.53   40.37   36.68   40.00
              deke =    0.66    5.46    7.00    4.47    2.46    1.67    2.10    6.81
              temp =  -62.79  -66.53  -49.33  -29.44  -12.56    0.60    8.35   13.79
 step =   720 reke =   40.79  141.41  223.76  151.06   74.44   40.41   39.12   43.80
              deke =    0.32    6.67    9.40    5.31    1.70    2.01    2.76    7.82
              temp =  -62.75  -66.54  -49.39  -29.67  -12.89    0.31    8.23   13.53
 step =   900 reke =   46.73  145.86  207.24  169.88   87.49   45.31   40.17   44.08
              deke =    0.55    8.37    7.68    5.74    2.08    1.81    2.81    7.49
              temp =  -62.75  -66.46  -49.36  -29.31  -12.70    0.34    8.18   13.59
 step =  1080 reke =   42.30  125.34  179.21  148.12   87.65   46.92   41.36   46.87
              deke =    0.50    6.15    8.62    4.46    1.65    1.93    2.85    7.12
              temp =  -62.74  -66.45  -49.47  -29.62  -12.84    0.38    8.29   13.62
  field:            1    no. of faulty points:           0
  undefined values set to   0.0000000000000000     
  start of year/month =         1983           2
 step =  1260 reke =   47.87  107.33  162.22  139.92   81.32   42.94   37.41   41.63
              deke =    0.59    6.72    6.44    4.63    1.90    1.53    2.17    6.42
              temp =  -62.74  -66.40  -49.73  -29.75  -12.94    0.26    8.15   13.68
 step =  1440 reke =   51.26  127.05  187.29  159.25   91.06   51.93   48.39   53.95
              deke =    0.75    8.15    6.39    4.49    2.35    1.82    2.86    8.17
              temp =  -62.78  -66.44  -49.93  -29.55  -12.72    0.43    8.18   13.61
 step =  1620 reke =   38.56  108.55  172.47  131.82   71.76   37.23   36.98   41.73
              deke =    0.70    5.58    6.81    4.70    1.79    1.36    2.52    7.11
              temp =  -62.83  -66.50  -49.91  -29.51  -12.72    0.36    8.10   13.59
 step =  1800 reke =   54.34  138.22  208.97  162.71   87.35   47.26   42.79   44.10
              deke =    0.65    6.45    8.11    5.23    2.12    1.88    3.48    7.27
              temp =  -62.85  -66.50  -49.79  -29.29  -12.89    0.24    8.04   13.48
 step =  1980 reke =   54.70  117.94  165.89  153.33   87.10   49.23   47.12   51.10
              deke =    0.81    7.62    7.89    4.82    2.37    1.84    2.89    7.60
              temp =  -62.87  -66.57  -49.70  -29.76  -13.03    0.20    8.01   13.50
  field:            1    no. of faulty points:           0
  undefined values set to   0.0000000000000000     
  start of year/month =         1983           3
 step =  2160 reke =   49.33  117.50  190.05  171.97  100.33   56.28   50.82   54.41
              deke =    0.62    8.38    6.34    5.26    2.15    1.94    3.24    8.80
              temp =  -62.88  -66.58  -49.79  -29.53  -12.84    0.31    8.06   13.52
 step =  2340 reke =   56.79  113.22  190.55  152.38   83.22   43.34   42.34   44.58
              deke =    0.63    5.82    6.86    4.59    2.41    1.62    2.84    6.99
              temp =  -62.87  -66.63  -49.73  -29.88  -13.11    0.23    8.14   13.52
 step =  2520 reke =   47.49  132.06  215.31  160.31   90.94   53.66   49.08   52.08
              deke =    0.66    7.29    7.86    3.80    2.23    2.11    3.16    7.94
              temp =  -62.87  -66.58  -49.74  -30.05  -12.93    0.39    8.15   13.64
 step =  2700 reke =   46.39  118.85  184.26  141.41   82.26   46.61   39.73   44.76
              deke =    0.51    9.63    8.84    4.07    2.32    2.27    2.73    7.35
              temp =  -62.85  -66.61  -49.65  -29.78  -13.16    0.23    8.10   13.64
 step =  2880 reke =   59.45  120.88  207.78  168.46   98.70   50.47   43.07   47.94
              deke =    0.70    7.69    7.68    5.19    2.67    2.14    3.22    8.04
              temp =  -62.82  -66.65  -49.50  -29.70  -12.63    0.40    8.09   13.51
 step =  3060 reke =   56.98  118.06  189.66  140.35   76.46   43.58   40.11   44.14
              deke =    0.34    6.25    6.25    4.03    2.44    1.68    2.97    7.33
              temp =  -62.78  -66.68  -49.65  -29.53  -12.78    0.55    8.17   13.60
 step =  3240 reke =   40.29  109.60  157.18  137.33   83.07   47.32   43.52   47.62
              deke =    0.36    4.76    6.54    4.81    2.10    1.70    2.65    7.96
              temp =  -62.75  -66.67  -49.51  -29.92  -12.59    0.51    8.25   13.57
  field:            1    no. of faulty points:           0
  undefined values set to   0.0000000000000000     
  start of year/month =         1983           4
 step =  3420 reke =   44.70  105.20  166.82  152.83   83.04   47.76   46.04   47.96
              deke =    0.40    6.51    8.59    5.27    1.78    1.88    3.00    8.00
              temp =  -62.78  -66.69  -49.49  -29.86  -12.98    0.39    8.19   13.65
 step =  3600 reke =   68.33  136.69  198.03  168.56   92.68   57.83   54.47   55.63
              deke =    0.71    8.00    8.31    4.88    1.63    2.11    2.89    8.48
              temp =  -62.79  -66.62  -49.53  -29.39  -12.64    0.42    8.26   13.68
 step =  3780 reke =   61.88  104.33  184.95  153.09   89.84   50.62   42.85   44.85
              deke =    0.73    5.66    8.13    4.19    1.81    1.79    2.43    6.59
              temp =  -62.77  -66.60  -49.52  -29.86  -12.77    0.53    8.31   13.65
 step =  3960 reke =   39.61  111.96  181.00  151.00   89.44   49.25   45.67   49.65
              deke =    0.50    6.63    9.26    5.37    2.03    1.64    3.02    7.74
              temp =  -62.77  -66.58  -49.70  -29.69  -12.85    0.41    8.15   13.66
 step =  4140 reke =   49.73  133.80  224.24  193.17  105.30   58.07   49.28   51.51
              deke =    0.47    7.03    8.54    4.92    2.25    1.98    2.49    7.70
              temp =  -62.81  -66.59  -49.77  -29.37  -12.50    0.44    8.32   13.74
 step =  4320 reke =   58.70  103.67  179.67  135.20   70.04   38.30   35.69   39.77
              deke =    1.07    6.96    6.93    4.50    1.90    1.90    2.42    6.46
              temp =  -62.84  -66.61  -49.80  -29.73  -12.67    0.50    8.39   13.82
  field:            1    no. of faulty points:           0
  undefined values set to   0.0000000000000000     
  start of year/month =         1983           5
 step =  4500 reke =   61.88  102.54  175.01  142.31   83.63   49.56   46.56   49.36
              deke =    0.58    4.63    6.69    3.94    2.27    1.63    3.07    7.42
              temp =  -62.83  -66.70  -49.80  -29.51  -12.73    0.38    8.20   13.61
 step =  4680 reke =   56.14  126.20  206.86  169.11   94.61   51.22   44.87   47.93
              deke =    0.61    7.22    9.17    5.50    2.25    1.92    2.95    7.26
              temp =  -62.81  -66.72  -49.64  -29.14  -12.55    0.64    8.30   13.70
 step =  4860 reke =   56.32  120.96  199.51  153.53   87.41   50.03   46.26   49.25
              deke =    0.74    5.76    8.10    4.79    2.09    1.51    2.80    7.53
              temp =  -62.80  -66.70  -49.50  -29.28  -12.70    0.57    8.19   13.69
 step =  5040 reke =   69.61  141.93  187.54  147.93   84.10   49.27   47.64   50.69
              deke =    0.53   10.15    6.33    3.91    1.73    1.93    3.43    8.41
              temp =  -62.78  -66.74  -49.39  -29.59  -12.73    0.47    8.22   13.64
 step =  5220 reke =   66.64  125.12  187.44  147.93   86.62   47.55   45.36   48.06
              deke =    0.89    6.49    8.15    4.37    1.77    1.84    3.14    7.76
              temp =  -62.76  -66.74  -49.24  -29.54  -12.69    0.40    8.23   13.61
 step =  5400 reke =   48.66  129.92  209.55  163.18   84.24   41.64   37.04   41.76
              deke =    0.46    7.16    9.06    4.67    1.86    1.87    2.76    7.40
              temp =  -62.75  -66.66  -49.27  -29.26  -12.81    0.27    8.09   13.56
  field:            1    no. of faulty points:           0
  undefined values set to   0.0000000000000000     
  start of year/month =         1983           6
 step =  5580 reke =   50.12  150.47  207.85  156.46   92.62   52.03   45.77   48.53
              deke =    0.57    7.09    7.60    4.55    1.92    2.14    3.16    7.09
              temp =  -62.74  -66.69  -49.33  -29.40  -12.64    0.26    8.17   13.63
 step =  5760 reke =   63.86  162.41  212.24  150.22   79.85   43.63   43.15   48.77
              deke =    0.71   10.47    8.14    4.53    1.70    1.75    2.98    7.93
              temp =  -62.76  -66.61  -49.42  -29.22  -12.61    0.39    8.23   13.60
 step =  5940 reke =   37.91  133.56  185.91  137.13   75.53   43.05   40.94   42.07
              deke =    0.61   10.55    9.51    5.28    2.16    2.11    3.32    7.09
              temp =  -62.75  -66.55  -49.30  -29.24  -12.44    0.46    8.13   13.55
 step =  6120 reke =   32.30  121.53  192.65  145.86   79.64   43.11   40.55   42.95
              deke =    0.58    9.11    9.09    4.60    2.12    2.38    2.86    7.36
              temp =  -62.68  -66.54  -49.39  -29.30  -12.71    0.39    8.13   13.52
 step =  6300 reke =   31.60  112.88  193.35  159.00   88.13   48.49   46.28   49.67
              deke =    0.45    4.67    8.99    4.64    2.13    1.84    2.94    8.73
              temp =  -62.68  -66.57  -49.30  -29.35  -12.77    0.34    8.11   13.54
 step =  6480 reke =   42.96  123.92  197.61  155.75   91.85   49.01   44.48   47.07
              deke =    0.65    5.74    7.27    4.35    2.38    1.66    2.64    7.25
              temp =  -62.72  -66.52  -49.29  -29.50  -12.61    0.64    8.36   13.66
  field:            1    no. of faulty points:           0
  undefined values set to   0.0000000000000000     
  start of year/month =         1983           7
 step =  6660 reke =   40.97  114.71  174.89  155.48   94.38   53.42   48.87   48.73
              deke =    0.58    6.30    7.83    3.54    2.52    1.97    3.50    7.29
              temp =  -62.72  -66.48  -49.58  -29.58  -12.59    0.66    8.43   13.72
 step =  6840 reke =   44.84   94.87  167.14  145.74   82.67   41.45   39.41   44.07
              deke =    0.66    5.89    7.82    4.92    2.48    1.44    2.66    6.95
              temp =  -62.73  -66.52  -49.73  -29.55  -12.66    0.51    8.25   13.69
 step =  7020 reke =   29.70  111.99  172.18  126.59   69.27   37.09   38.46   41.61
              deke =    0.57    7.14    8.23    4.67    2.36    2.22    3.35    7.28
              temp =  -62.77  -66.48  -49.54  -29.80  -13.07    0.12    7.99   13.62
 step =  7200 reke =   51.10  135.06  238.52  204.77  113.81   61.27   55.94   59.15
              deke =    1.14    4.87    8.12    4.87    2.20    1.87    2.91    8.37
              temp =  -62.81  -66.51  -49.37  -29.34  -12.84    0.30    8.20   13.57
 step =  7380 reke =   89.01  162.08  236.65  176.13   92.96   50.69   46.04   46.34
              deke =    1.00    9.28    9.64    4.76    1.98    2.04    3.09    7.48
              temp =  -62.77  -66.47  -49.61  -29.30  -12.59    0.49    8.26   13.58
 step =  7560 reke =   60.62  128.47  183.59  136.89   73.07   44.89   41.26   44.55
              deke =    0.51    7.49    8.26    5.15    1.88    1.85    2.50    6.80
              temp =  -62.76  -66.51  -49.67  -29.64  -12.74    0.34    8.14   13.55
  field:            1    no. of faulty points:           0
  undefined values set to   0.0000000000000000     
  start of year/month =         1983           8
 step =  7740 reke =   47.10  105.06  153.01  120.45   63.08   33.78   33.32   36.44
              deke =    0.77    7.90    5.54    4.04    2.18    1.67    2.36    6.36
              temp =  -62.68  -66.46  -49.59  -30.21  -12.86    0.36    8.17   13.68
 step =  7920 reke =   32.00   94.73  187.41  168.87   94.19   51.58   51.30   54.29
              deke =    0.47    5.73    8.11    4.31    2.47    2.01    2.99    8.50
              temp =  -62.72  -66.44  -49.64  -29.84  -13.00    0.25    8.02   13.46
 step =  8100 reke =   30.41  107.76  197.61  162.14   89.14   44.20   38.33   40.37
              deke =    0.33    4.75    6.96    4.03    2.44    1.62    2.68    6.80
              temp =  -62.73  -66.47  -49.94  -29.68  -12.38    0.65    8.30   13.65
 step =  8280 reke =   33.14   95.73  148.23  135.91   81.14   43.33   40.44   42.23
              deke =    0.46    6.74    7.90    4.64    2.55    1.81    2.43    7.35
              temp =  -62.76  -66.44  -50.01  -30.09  -12.75    0.50    8.31   13.70
 step =  8460 reke =   34.17  109.14  147.49  122.36   70.94   38.81   36.89   40.54
              deke =    0.48    7.16    7.57    3.48    2.27    1.89    2.69    7.10
              temp =  -62.80  -66.43  -49.84  -30.09  -12.91    0.43    8.12   13.69
 step =  8640 reke =   94.32  132.68  184.50  155.99   86.91   46.95   46.35   49.81
              deke =    0.96    7.12    8.32    4.11    2.05    1.67    3.37    7.11
              temp =  -62.84  -66.46  -49.74  -30.04  -12.91    0.37    8.17   13.66
  field:            1    no. of faulty points:           0
  undefined values set to   0.0000000000000000     
  start of year/month =         1983           9
 step =  8820 reke =   69.77  134.62  222.45  196.09  110.26   52.47   44.66   49.48
              deke =    0.81    7.62    7.76    6.12    2.33    1.92    2.81    7.80
              temp =  -62.86  -66.37  -49.62  -29.70  -12.68    0.43    8.22   13.51
 step =  9000 reke =   46.79  124.19  187.00  153.05   90.67   46.71   39.58   43.17
              deke =    0.47    7.14    8.76    3.89    2.13    1.83    2.44    7.35
              temp =  -62.83  -66.43  -49.84  -29.69  -12.78    0.49    8.40   13.81
 step =  9180 reke =   50.74  110.90  180.41  159.08   87.29   48.08   45.51   49.42
              deke =    0.54    7.28    8.23    4.58    1.64    2.04    3.15    7.86
              temp =  -62.80  -66.42  -49.74  -29.51  -12.75    0.41    8.25   13.57
 step =  9360 reke =   54.30   94.47  183.75  153.20   84.78   47.14   41.95   44.47
              deke =    0.64    5.15    6.62    4.40    1.89    2.11    2.72    7.52
              temp =  -62.83  -66.47  -49.85  -29.84  -12.76    0.36    8.18   13.50
 step =  9540 reke =   53.24  127.89  192.00  138.88   74.03   40.57   36.54   41.18
              deke =    0.75    7.88    7.93    4.51    1.89    1.84    2.30    6.95
              temp =  -62.84  -66.53  -49.85  -29.68  -12.88    0.31    8.16   13.54
 step =  9720 reke =   62.95  116.37  191.67  146.52   83.33   47.45   41.08   43.61
              deke =    0.85    6.29    8.61    6.09    1.88    1.62    2.35    6.66
              temp =  -62.83  -66.52  -49.94  -29.76  -12.92    0.32    8.24   13.58
  field:            1    no. of faulty points:           0
  undefined values set to   0.0000000000000000     
  start of year/month =         1983          10
 step =  9900 reke =   59.04  127.00  188.78  150.06   88.74   46.03   43.10   45.29
              deke =    0.66    9.04    9.40    3.50    2.30    1.86    2.89    7.28
              temp =  -62.84  -66.61  -49.92  -29.77  -13.15    0.13    8.13   13.51
 step = 10080 reke =   54.61  131.18  203.77  154.26   83.24   42.54   40.26   44.92
              deke =    0.58    7.63    9.69    4.80    2.56    2.14    3.20    7.92
              temp =  -62.84  -66.69  -49.68  -29.56  -13.40    0.00    7.99   13.42
 step = 10260 reke =   60.71  135.86  212.05  171.33   98.84   51.25   47.45   51.24
              deke =    0.96    9.28    9.82    4.75    2.20    1.70    2.87    7.86
              temp =  -62.79  -66.74  -49.42  -29.65  -13.14    0.06    7.95   13.43
 step = 10440 reke =   49.39  124.02  179.02  142.74   85.05   46.13   40.78   45.94
              deke =    0.70    9.83    7.50    3.89    1.81    2.03    3.02    6.89
              temp =  -62.79  -66.75  -49.23  -29.81  -12.99    0.14    8.12   13.60
 step = 10620 reke =   46.84  107.60  151.34  114.39   69.64   38.27   37.45   42.90
              deke =    0.59    5.73    7.04    4.43    2.12    1.99    2.77    6.62
              temp =  -62.84  -66.70  -49.49  -30.17  -13.24    0.12    8.25   13.73
 step = 10800 reke =   45.46  130.07  172.60  142.21   82.37   49.31   46.48   52.80
              deke =    0.42    7.60    7.69    5.47    2.00    1.91    2.72    8.13
              temp =  -62.86  -66.63  -49.61  -30.03  -13.12    0.18    8.20   13.61
  field:            1    no. of faulty points:           0
  undefined values set to   0.0000000000000000     
  start of year/month =         1983          11
 step = 10980 reke =   58.94  127.38  188.13  174.77   98.95   54.30   48.39   50.62
              deke =    0.59    6.66    8.18    5.03    2.29    1.73    2.72    7.86
              temp =  -62.85  -66.58  -49.46  -29.71  -12.63    0.40    8.25   13.75
 step = 11160 reke =   68.24  101.35  170.38  152.94   83.54   47.60   47.65   51.75
              deke =    0.67    4.74    6.91    5.32    1.88    1.82    2.80    8.07
              temp =  -62.89  -66.56  -49.62  -29.83  -12.80    0.47    8.26   13.63
 step = 11340 reke =   43.57  112.01  195.77  141.97   79.34   46.65   42.95   47.21
              deke =    0.64    4.16    8.88    5.06    1.85    1.65    2.86    7.24
              temp =  -62.89  -66.52  -49.75  -29.73  -12.67    0.43    8.26   13.69
 step = 11520 reke =   40.79  138.73  218.46  175.62   98.82   56.92   50.73   54.71
              deke =    0.79    7.62    9.87    4.59    2.05    2.14    3.16    7.40
              temp =  -62.86  -66.50  -49.68  -29.18  -13.00    0.22    8.18   13.63
 step = 11700 reke =   81.41  159.63  171.32  126.97   74.11   36.47   32.48   37.48
              deke =    0.72    8.61    6.06    4.09    1.81    1.59    2.36    7.49
              temp =  -62.79  -66.49  -49.72  -29.07  -12.45    0.41    8.09   13.65
 step = 11880 reke =   62.31  130.18  172.26  128.29   69.23   37.24   38.08   40.75
              deke =    0.67    7.04    6.50    4.01    1.95    1.95    2.81    7.04
              temp =  -62.81  -66.47  -49.33  -29.75  -12.89    0.31    8.11   13.62
 Write restart dataset for year/month/date/hour:         1983 /          12 /           1 /           0
  field:            1    no. of faulty points:           0
  undefined values set to   0.0000000000000000     
  start of year/month =         1983          12
 step = 12060 reke =   56.11  109.18  163.26  133.17   79.38   44.81   40.67   42.70
              deke =    0.52    8.63    9.02    5.81    2.53    1.87    2.74    7.34
              temp =  -62.81  -66.41  -49.44  -29.79  -12.80    0.37    8.17   13.51
 step = 12240 reke =   40.14  111.69  173.63  154.96   83.64   42.82   35.83   40.24
              deke =    0.61    6.67    7.97    4.90    2.09    1.96    2.80    6.86
              temp =  -62.81  -66.39  -49.41  -29.76  -13.01    0.11    8.15   13.62
 step = 12420 reke =   45.49  105.90  182.63  152.34   83.00   45.35   40.32   42.88
              deke =    0.50    6.76    6.90    4.37    1.75    1.68    2.18    7.09
              temp =  -62.85  -66.45  -49.69  -29.54  -12.94    0.27    8.12   13.65
 step = 12600 reke =   70.55  122.51  172.13  140.16   83.44   47.16   42.18   47.28
              deke =    1.01    8.18    6.13    4.07    2.04    1.51    2.43    7.39
              temp =  -62.84  -66.53  -49.47  -29.65  -12.98    0.26    8.16   13.72
 step = 12780 reke =   72.42  121.04  212.38  172.63   94.06   45.71   41.35   45.74
              deke =    0.75    5.64    8.15    4.89    2.21    1.61    2.58    6.89
              temp =  -62.85  -66.50  -49.54  -29.59  -13.00    0.21    8.08   13.58
 step = 12960 reke =   58.27  133.47  202.61  161.64   95.40   51.01   45.10   48.19
              deke =    0.74    8.19    6.21    5.31    1.99    1.74    3.43    8.23
              temp =  -62.79  -66.52  -49.58  -29.46  -13.02    0.10    8.02   13.48
 step = 13140 reke =   59.59  154.26  208.00  144.58   80.28   43.89   37.33   39.85
              deke =    0.78    6.05    7.98    4.62    2.10    1.80    2.58    6.86
              temp =  -62.76  -66.61  -49.61  -29.85  -13.03    0.16    8.04   13.57
  field:            1    no. of faulty points:           0
  undefined values set to   0.0000000000000000     
 Write restart dataset for year/month/date/hour:         1984 /           1 /           1 /           0
