  hallo from speedy_agcm
 RPE_ACTIVE  T
&RESOLUTION
 NTRUN=         30,
 MTRUN=         30,
 IX=         96,
 IY=         24,
 KX=          8,
 /
&INPUT_RESOLUTION
 NTRUN_IN=         30,
 MTRUN_IN=         30,
 IX_IN=         96,
 IY_IN=         24,
 KX_IN=          8,
 /
&COUPLING_FLAGS
 ICLAND=          1,
 ICSEA=          0,
 ICICE=          1,
 ISSTAN=          1,
 /
&LAND
 DEPTH_SOIL=  1.0000000000000000     ,
 DEPTH_LICE=  5.0000000000000000     ,
 TDLAND=  40.000000000000000     ,
 FLANDMIN= 0.33333333333333331     ,
 /
&SEA
 DEPTH_ML=  60.000000000000000     ,
 DEPT0_ML=  40.000000000000000     ,
 DEPTH_ICE=  2.5000000000000000     ,
 DEPT0_ICE=  1.5000000000000000     ,
 TDSST=  90.000000000000000     ,
 TDICE=  30.000000000000000     ,
 FSEAMIN= 0.33333333333333331     ,
 BETA%VAL=  1.0000000000000000     ,
 L_GLOBE=T,
 L_NORTHE=F,
 L_NATLAN=F,
 L_NPACIF=F,
 L_TROPIC=F,
 L_INDIAN=F,
 /
&DYNAMICS
 GAMMA=  6.0000000000000000     ,
 HSCALE=  7.5000000000000000     ,
 HSHUM=  2.5000000000000000     ,
 REFRH1= 0.69999999999999996     ,
 THD=  2.3999999999999999     ,
 THDD=  2.3999999999999999     ,
 THDS=  12.000000000000000     ,
 TDRS%VAL=  720.00000000000000     ,
 /
&FORCING
 LCO2=F,
 IYEAR_REF=       1950,
 DEL_CO2%VAL=  5.0000000000000001E-003,
 ABLCO2%VAL=  6.0000000000000000     ,
 ALBSEA%VAL=  7.0000000000000007E-002,
 ALBICE%VAL= 0.59999999999999998     ,
 ALBSN%VAL= 0.59999999999999998     ,
 /
&SOLAR_FORCING
 SOLC%VAL=  342.00000000000000     ,
 EPSSW%VAL=  2.0000000000000000E-002,
 /
&SURFACE
 SWCAP%VAL= 0.29999999999999999     ,
 SWWIL%VAL= 0.17000000000000001     ,
 SD2SC%VAL=  60.000000000000000     ,
 /
&TIMESTEPPING
 NSTEPS=         36,
 NSTDIA=        180,
 NMONRS=         12,
 ROB%VAL=  5.0000000000000003E-002,
 WIL%VAL= 0.53000000000000003     ,
 /
&CONVECTION
 PSMIN%VAL= 0.80000000000000004     ,
 TRCNV=  6.0000000000000000     ,
 RHBL%VAL= 0.90000000000000002     ,
 RHIL%VAL= 0.69999999999999996     ,
 ENTMAX= 0.50000000000000000     ,
 SMF%VAL= 0.80000000000000004     ,
 /
&CONDENSATION
 TRLSC%VAL=  4.0000000000000000     ,
 RHLSC= 0.90000000000000002     ,
 DRHLSC= 0.10000000000000001     ,
 RHBLSC= 0.94999999999999996     ,
 /
&CLOUD_PARAMETERS
 RHCL1%VAL= 0.29999999999999999     ,
 RHCL2%VAL=  1.0000000000000000     ,
 QACL%VAL= 0.20000000000000001     ,
 WPCL%VAL= 0.20000000000000001     ,
 PMAXCL%VAL=  10.000000000000000     ,
 CLSMAX%VAL= 0.59999999999999998     ,
 CLSMINL%VAL= 0.14999999999999999     ,
 GSE_S0%VAL= 0.25000000000000000     ,
 GSE_S1%VAL= 0.40000000000000002     ,
 /
&SW_RADIATION
 NSTRAD=          3,
 ABSDRY%VAL=  3.3000000000000002E-002,
 ABSAER%VAL=  3.3000000000000002E-002,
 ABSWV1%VAL=  2.1999999999999999E-002,
 ABSWV2%VAL=  15.000000000000000     ,
 ABSCL1%VAL=  1.4999999999999999E-002,
 ABSCL2%VAL= 0.14999999999999999     ,
 ALBCL%VAL= 0.42999999999999999     ,
 ALBCLS%VAL= 0.50000000000000000     ,
 /
&LW_RADIATION
 EPSLW%VAL=  5.0000000000000003E-002,
 EMISFC%VAL= 0.97999999999999998     ,
 ABLWIN%VAL= 0.29999999999999999     ,
 ABLWV1%VAL= 0.69999999999999996     ,
 ABLWV2%VAL=  50.000000000000000     ,
 ABLCL1%VAL=  12.000000000000000     ,
 ABLCL2%VAL= 0.59999999999999998     ,
 /
&SURFACE_FLUXES
 FWIND0%VAL= 0.94999999999999996     ,
 FTEMP0%VAL=  1.0000000000000000     ,
 FHUM0%VAL=  0.0000000000000000     ,
 CDL%VAL=  2.3999999999999998E-003,
 CDS%VAL=  1.0000000000000000E-003,
 CHL%VAL=  1.1999999999999999E-003,
 CHS%VAL=  8.9999999999999998E-004,
 VGUST%VAL=  5.0000000000000000     ,
 CTDAY%VAL=  1.0000000000000000E-002,
 DTHETA%VAL=  3.0000000000000000     ,
 FSTAB%VAL= 0.67000000000000004     ,
 HDRAG%VAL=  2000.0000000000000     ,
 FHDRAG%VAL= 0.50000000000000000     ,
 CLAMBDA%VAL=  7.0000000000000000     ,
 CLAMBSN%VAL=  7.0000000000000000     ,
 /
&VERTICAL_DIFFUSION
 TRSHC=  6.0000000000000000     ,
 TRVDI=  24.000000000000000     ,
 TRVDS=  6.0000000000000000     ,
 REDSHC%VAL= 0.50000000000000000     ,
 RHGRAD%VAL= 0.50000000000000000     ,
 SEGRAD%VAL= 0.10000000000000001     ,
 /
&SPPT
 SPPT_ON=F,
 NSCALES=          3,
 L_ADDITIVE=F,
 /
&SPPT_PARAMETERS
 MU(1)%VAL=  1.0000000000000000     ,
 MU(2)%VAL=  1.0000000000000000     ,
 MU(3)%VAL=  1.0000000000000000     ,
 MU(4)%VAL=  1.0000000000000000     ,
 MU(5)%VAL=  1.0000000000000000     ,
 MU(6)%VAL=  1.0000000000000000     ,
 MU(7)%VAL=  1.0000000000000000     ,
 MU(8)%VAL=  1.0000000000000000     ,
 TIME_DECORR=  3.0000000000000000     ,  72.000000000000000     ,  720.00000000000000     ,
 LEN_DECORR=  500000.00000000000     ,  1000000.0000000000     ,  2000000.0000000000     ,
 STDDEV= 0.52000000000000002     , 0.17999999999999999     ,  5.9999999999999998E-002,
 ADDITIVE_MAGNITUDE%VAL=  9.9999999999999995E-007,
 /
 Read namelist
 start date         1983           1           1           0
  Model half-level (*1000)           1           0
  Model half-level (*1000)           2          50
  Model half-level (*1000)           3         140
  Model half-level (*1000)           4         260
  Model half-level (*1000)           5         420
  Model half-level (*1000)           6         600
  Model half-level (*1000)           7         770
  Model half-level (*1000)           8         900
  Model half-level (*1000)           9        1000
  Model full-level (*1000)           1          25
  Model full-level (*1000)           2          95
  Model full-level (*1000)           3         200
  Model full-level (*1000)           4         340
  Model full-level (*1000)           5         510
  Model full-level (*1000)           6         685
  Model full-level (*1000)           7         835
  Model full-level (*1000)           8         950
  temp/hum correction at level            2  0.66167368341273969        0.0000000000000000     
  temp/hum correction at level            3  0.75399289734237440        8.0000000000000019E-003
  temp/hum correction at level            4  0.82755908289241631        3.9303999999999992E-002
  temp/hum correction at level            5  0.88857447279504564       0.13265100000000002     
  temp/hum correction at level            6  0.93577679872957287       0.32141912500000008     
  temp/hum correction at level            7  0.96885785555841186       0.58218287499999988     
  temp/hum correction at level            8  0.99104107712276879       0.85737499999999989     
 Filter applied at wavenumber           30
  field:            1    no. of faulty points:           0
  field:            2    no. of faulty points:           0
  field:            3    no. of faulty points:           0
  field:            4    no. of faulty points:           0
  field:            5    no. of faulty points:           0
  field:            6    no. of faulty points:           0
  field:            7    no. of faulty points:           0
  field:            8    no. of faulty points:           0
  field:            9    no. of faulty points:           0
  field:           10    no. of faulty points:           0
  field:           11    no. of faulty points:           0
  field:           12    no. of faulty points:           0
  undefined values set to   273.00000000000000     
  field:            1    no. of faulty points:           0
  field:            2    no. of faulty points:           0
  field:            3    no. of faulty points:           0
  field:            4    no. of faulty points:           0
  field:            5    no. of faulty points:           0
  field:            6    no. of faulty points:           0
  field:            7    no. of faulty points:           0
  field:            8    no. of faulty points:           0
  field:            9    no. of faulty points:           0
  field:           10    no. of faulty points:           0
  field:           11    no. of faulty points:           0
  field:           12    no. of faulty points:           0
  undefined values set to   0.0000000000000000     
  field:            1    no. of faulty points:           0
  field:            2    no. of faulty points:           0
  field:            3    no. of faulty points:           0
  field:            4    no. of faulty points:           0
  field:            5    no. of faulty points:           0
  field:            6    no. of faulty points:           0
  field:            7    no. of faulty points:           0
  field:            8    no. of faulty points:           0
  field:            9    no. of faulty points:           0
  field:           10    no. of faulty points:           0
  field:           11    no. of faulty points:           0
  field:           12    no. of faulty points:           0
  undefined values set to   0.0000000000000000     
  field:            1    no. of faulty points:           0
  field:            2    no. of faulty points:           0
  field:            3    no. of faulty points:           0
  field:            4    no. of faulty points:           0
  field:            5    no. of faulty points:           0
  field:            6    no. of faulty points:           0
  field:            7    no. of faulty points:           0
  field:            8    no. of faulty points:           0
  field:            9    no. of faulty points:           0
  field:           10    no. of faulty points:           0
  field:           11    no. of faulty points:           0
  field:           12    no. of faulty points:           0
  undefined values set to   273.00000000000000     
  field:            1    no. of faulty points:           0
  field:            2    no. of faulty points:           0
  field:            3    no. of faulty points:           0
  field:            4    no. of faulty points:           0
  field:            5    no. of faulty points:           0
  field:            6    no. of faulty points:           0
  field:            7    no. of faulty points:           0
  field:            8    no. of faulty points:           0
  field:            9    no. of faulty points:           0
  field:           10    no. of faulty points:           0
  field:           11    no. of faulty points:           0
  field:           12    no. of faulty points:           0
  undefined values set to   0.0000000000000000     
 isst0 =           49
  field:            1    no. of faulty points:           0
  field:            2    no. of faulty points:           0
  field:            3    no. of faulty points:           0
  undefined values set to   0.0000000000000000     
  reading a restart file
        1983           1           1           0
        1984           1           1           0
 WARNING: Date in restart file does not match requested date
Read restart dataset for year/month/date/hour: 1983/01/01/00
 step =     0 reke =   67.71  110.09  160.53  149.26   86.29   46.59   44.12   51.17
              deke =    0.71    5.82    6.77    4.47    2.20    1.74    2.69    7.37
              temp =  -62.79  -66.50  -49.87  -29.85  -12.84    0.30    8.21   13.66
   tref =    217.14995443460384     
   tref =    217.14995443460384     
   tref =    217.14995443460384     
   tref =    238.33701587301590     
   tref =    255.90944816497316     
   tref =    269.50371803411701     
   tref =    279.03106240082263     
   tref =    285.41983021135741     
 integration length in days:          365
  start of year/month =         1983           1
 step =   180 reke =   45.02  120.62  176.34  138.77   82.63   40.85   37.60   41.13
              deke =    0.49    8.49    6.52    3.89    1.94    1.23    2.09    6.45
              temp =  -62.78  -66.56  -49.87  -30.08  -12.81    0.30    8.08   13.58
 step =   360 reke =   57.67  110.29  217.47  182.08  107.74   51.37   43.39   46.69
              deke =    0.55    5.60   11.39    4.81    2.54    1.75    2.72    7.78
              temp =  -62.78  -66.58  -49.74  -29.96  -12.84    0.24    8.05   13.61
 step =   540 reke =   39.53   89.11  147.68  135.36   91.71   49.97   47.18   49.99
              deke =    0.42    7.30    8.06    4.23    2.63    1.75    2.99    7.72
              temp =  -62.80  -66.61  -49.77  -29.94  -12.85    0.35    8.17   13.63
 step =   720 reke =   47.07  114.47  176.26  127.97   78.04   38.42   34.50   38.84
              deke =    0.69    6.29    8.56    3.50    2.29    1.48    2.48    6.46
              temp =  -62.77  -66.66  -49.83  -30.15  -12.75    0.48    8.21   13.63
 step =   900 reke =   56.38  114.87  211.21  164.86   87.69   44.00   41.08   43.74
              deke =    0.72    7.31    6.08    4.38    1.58    1.75    3.31    8.09
              temp =  -62.72  -66.65  -49.79  -30.19  -12.94    0.24    8.04   13.49
 step =  1080 reke =   46.51  122.32  186.74  149.75   84.52   47.25   42.52   44.09
              deke =    0.43    6.74    8.21    4.16    1.83    2.10    3.61    8.13
              temp =  -62.71  -66.63  -49.90  -29.93  -12.83    0.33    8.16   13.57
  field:            1    no. of faulty points:           0
  undefined values set to   0.0000000000000000     
  start of year/month =         1983           2
 step =  1260 reke =   39.01  125.71  183.60  163.72   95.17   52.08   48.10   52.41
              deke =    0.55    8.02    8.50    4.37    1.99    1.96    2.91    8.85
              temp =  -62.73  -66.57  -50.03  -29.66  -12.81    0.28    8.21   13.60
 step =  1440 reke =   45.22  123.33  150.52  117.49   70.50   43.70   40.15   40.97
              deke =    0.56    9.78    8.58    4.81    1.99    2.03    3.16    7.18
              temp =  -62.68  -66.60  -49.70  -29.69  -12.81    0.53    8.35   13.74
 step =  1620 reke =   56.98  159.62  211.31  156.67   82.69   45.07   40.05   43.89
              deke =    0.78    9.15    7.83    5.72    1.94    2.19    2.35    7.30
              temp =  -62.67  -66.55  -49.49  -29.94  -13.06    0.21    8.20   13.60
 step =  1800 reke =   67.10  175.76  234.96  177.97   98.71   52.89   44.88   49.40
              deke =    0.81    7.53    7.86    4.23    2.09    2.21    2.82    7.55
              temp =  -62.70  -66.50  -49.33  -29.85  -12.87    0.34    8.21   13.66
 step =  1980 reke =   54.23  105.18  159.94  136.52   78.27   43.63   40.50   44.99
              deke =    0.37    5.60    6.56    4.06    2.13    2.05    2.69    7.27
              temp =  -62.70  -66.50  -49.42  -29.97  -12.68    0.53    8.32   13.69
  field:            1    no. of faulty points:           0
  undefined values set to   0.0000000000000000     
  start of year/month =         1983           3
 step =  2160 reke =   50.90  130.44  189.43  135.68   74.37   42.22   40.33   42.95
              deke =    0.51    7.23    7.97    5.20    1.69    1.77    2.92    7.37
              temp =  -62.70  -66.52  -49.37  -29.95  -13.16    0.30    8.23   13.68
 step =  2340 reke =   48.17  106.45  215.58  172.15   93.21   48.73   42.73   47.77
              deke =    0.63    6.92    9.02    5.35    2.14    2.13    2.61    7.14
              temp =  -62.74  -66.47  -49.57  -29.48  -12.70    0.37    8.18   13.69
 step =  2520 reke =   76.20  123.87  196.38  154.54   86.39   47.52   42.01   47.75
              deke =    0.79    6.49    8.04    4.59    1.66    1.52    2.44    6.95
              temp =  -62.81  -66.45  -49.67  -29.70  -12.69    0.23    8.04   13.62
 step =  2700 reke =   61.24  119.72  220.72  184.72  104.62   54.92   47.97   51.61
              deke =    0.60    9.08   10.03    4.41    1.94    2.03    3.43    7.88
              temp =  -62.81  -66.44  -49.70  -29.66  -12.51    0.44    8.28   13.66
 step =  2880 reke =   56.70  132.81  201.74  160.20   94.06   49.14   42.51   45.58
              deke =    0.63    6.87    5.96    4.25    1.59    1.43    2.43    7.59
              temp =  -62.82  -66.44  -49.66  -29.94  -12.42    0.63    8.24   13.64
 step =  3060 reke =   65.15  173.07  233.47  162.21   92.34   52.25   47.26   49.32
              deke =    0.78    7.58    8.37    3.99    1.95    1.82    3.69    8.32
              temp =  -62.82  -66.51  -49.51  -29.56  -12.47    0.67    8.24   13.62
 step =  3240 reke =   79.29  117.04  175.41  130.21   76.74   44.33   41.25   45.55
              deke =    0.73    6.50    7.08    4.19    2.21    1.35    2.75    6.97
              temp =  -62.80  -66.55  -49.45  -29.81  -12.84    0.46    8.27   13.69
  field:            1    no. of faulty points:           0
  undefined values set to   0.0000000000000000     
  start of year/month =         1983           4
 step =  3420 reke =   47.15   96.71  158.94  126.05   73.25   42.02   40.63   43.61
              deke =    0.71    5.56    6.29    4.41    2.31    1.82    3.36    7.78
              temp =  -62.83  -66.51  -49.55  -30.32  -13.17    0.29    8.14   13.61
 step =  3600 reke =   36.97   96.93  175.76  144.29   88.68   52.87   46.63   51.24
              deke =    0.49    5.72    7.22    3.59    1.93    1.65    2.75    7.30
              temp =  -62.86  -66.49  -49.75  -29.93  -12.95    0.41    8.21   13.65
 step =  3780 reke =   48.07  123.61  203.12  155.08   92.86   52.95   48.59   52.42
              deke =    0.55    5.86    8.05    3.40    1.78    1.77    3.11    7.43
              temp =  -62.83  -66.47  -49.82  -29.94  -12.85    0.38    8.20   13.51
 step =  3960 reke =   37.68  126.48  238.80  174.78   94.56   49.48   43.97   46.57
              deke =    0.58    5.20   11.74    4.41    2.55    1.54    3.29    7.77
              temp =  -62.85  -66.47  -49.89  -29.88  -12.85    0.41    8.24   13.49
 step =  4140 reke =   45.47  117.18  201.66  172.67   90.78   48.17   43.96   47.38
              deke =    0.61    6.16    7.88    4.58    1.78    1.77    2.90    7.40
              temp =  -62.86  -66.47  -49.86  -29.74  -12.74    0.60    8.38   13.57
 step =  4320 reke =   41.78  105.72  196.19  145.52   82.70   42.51   41.02   45.77
              deke =    0.42    7.38    6.80    3.99    1.48    1.83    2.90    7.29
              temp =  -62.87  -66.54  -49.89  -29.71  -12.95    0.31    8.23   13.67
  field:            1    no. of faulty points:           0
  undefined values set to   0.0000000000000000     
  start of year/month =         1983           5
 step =  4500 reke =   62.27  109.23  174.55  127.07   66.57   35.07   36.65   44.09
              deke =    0.57    9.13    8.97    4.25    2.03    1.77    3.22    7.26
              temp =  -62.89  -66.56  -50.03  -29.79  -13.12    0.13    8.10   13.51
 step =  4680 reke =   79.40  140.84  195.35  166.43   99.44   53.97   50.43   52.56
              deke =    0.87    7.63   11.54    4.35    1.85    2.14    3.47    7.90
              temp =  -62.86  -66.62  -49.93  -29.50  -12.64    0.34    8.21   13.54
 step =  4860 reke =   54.09  126.22  207.57  173.11   91.82   50.59   47.38   47.80
              deke =    0.47    6.19    7.92    5.65    1.85    1.72    2.67    7.60
              temp =  -62.85  -66.67  -49.82  -29.54  -12.60    0.41    8.20   13.55
 step =  5040 reke =   48.74  121.15  176.47  151.74   89.76   51.36   45.89   45.82
              deke =    0.53    8.28    9.33    4.83    2.35    2.17    3.30    8.04
              temp =  -62.83  -66.70  -49.71  -29.76  -12.58    0.50    8.28   13.61
 step =  5220 reke =   61.27  122.99  170.85  129.77   76.22   46.32   43.84   47.77
              deke =    0.62    7.61    8.37    4.63    1.80    1.77    2.32    6.70
              temp =  -62.81  -66.69  -49.87  -29.77  -12.86    0.45    8.27   13.68
 step =  5400 reke =   60.40  132.55  203.75  167.12   89.90   46.26   41.93   44.91
              deke =    0.57    6.34    5.77    4.95    2.27    2.04    3.31    7.19
              temp =  -62.80  -66.70  -49.85  -30.15  -12.91    0.40    8.23   13.62
  field:            1    no. of faulty points:           0
  undefined values set to   0.0000000000000000     
  start of year/month =         1983           6
 step =  5580 reke =   57.12  118.08  204.64  167.09   98.39   54.67   50.30   53.44
              deke =    0.89    6.41    7.55    4.49    2.00    1.84    2.71    7.75
              temp =  -62.83  -66.73  -49.64  -29.78  -12.99    0.36    8.09   13.58
 step =  5760 reke =   56.33  121.24  162.12  147.12   81.84   45.05   41.81   45.28
              deke =    0.65    5.51    7.67    5.24    1.99    1.76    2.92    7.39
              temp =  -62.82  -66.72  -49.85  -29.90  -13.03    0.35    8.20   13.67
 step =  5940 reke =   40.77  107.01  182.13  139.52   82.65   45.72   42.87   45.93
              deke =    0.38    5.00    9.25    4.31    2.42    1.58    2.64    6.89
              temp =  -62.84  -66.80  -49.58  -29.97  -12.88    0.37    8.13   13.53
 step =  6120 reke =   57.03  113.85  180.00  146.21   92.26   50.54   46.01   47.68
              deke =    0.63    7.36    5.63    4.39    2.61    1.84    2.97    8.03
              temp =  -62.87  -66.76  -49.67  -29.80  -12.91    0.43    8.26   13.61
 step =  6300 reke =   49.14   99.50  181.33  152.21   87.14   47.75   43.67   47.50
              deke =    0.47    4.38    6.66    3.31    2.00    1.57    2.65    7.65
              temp =  -62.90  -66.76  -49.56  -29.64  -12.83    0.52    8.30   13.73
 step =  6480 reke =   46.31  116.54  175.08  139.84   77.65   39.13   38.18   42.59
              deke =    0.47    6.04    8.92    4.87    2.20    1.82    3.12    7.32
              temp =  -62.89  -66.76  -49.58  -29.57  -12.80    0.33    7.97   13.49
  field:            1    no. of faulty points:           0
  undefined values set to   0.0000000000000000     
  start of year/month =         1983           7
 step =  6660 reke =   31.14  104.14  164.46  128.11   71.18   38.72   35.42   41.24
              deke =    0.37    4.91    6.42    3.97    2.69    2.20    2.67    7.29
              temp =  -62.89  -66.78  -49.78  -29.94  -12.93    0.24    8.01   13.44
 step =  6840 reke =   30.49  111.64  193.50  155.08   90.83   48.26   43.11   46.20
              deke =    0.47    7.16    6.65    4.07    2.10    1.69    2.76    7.37
              temp =  -62.89  -66.71  -49.79  -29.79  -12.66    0.30    7.98   13.44
 step =  7020 reke =   44.98  110.08  163.68  141.03   77.43   40.77   37.17   43.27
              deke =    0.66    6.12    7.78    4.31    1.54    1.81    2.42    6.69
              temp =  -62.89  -66.66  -49.77  -29.85  -12.94    0.27    8.02   13.48
 step =  7200 reke =   28.43  112.61  167.09  132.36   72.54   39.98   40.09   46.10
              deke =    0.40    6.22    7.51    4.28    1.81    2.01    2.47    7.82
              temp =  -62.87  -66.67  -49.77  -30.18  -13.09    0.26    8.13   13.56
 step =  7380 reke =   28.52  101.66  163.19  139.60   77.93   44.09   41.29   45.42
              deke =    0.51    4.70    5.51    3.64    2.07    1.86    2.61    7.16
              temp =  -62.89  -66.69  -49.79  -30.15  -12.92    0.32    8.09   13.50
 step =  7560 reke =   47.96  132.74  178.39  141.03   84.33   46.25   42.88   48.29
              deke =    0.71    8.53    6.86    4.59    1.73    1.82    2.91    7.50
              temp =  -62.89  -66.60  -49.78  -30.16  -13.06    0.30    8.25   13.58
  field:            1    no. of faulty points:           0
  undefined values set to   0.0000000000000000     
  start of year/month =         1983           8
 step =  7740 reke =   59.50  116.19  162.99  129.54   79.25   49.47   46.85   49.85
              deke =    0.47    9.19   10.20    5.28    2.69    1.95    2.76    7.96
              temp =  -62.93  -66.55  -49.99  -29.91  -12.89    0.46    8.23   13.72
 step =  7920 reke =   44.34   98.34  158.21  157.83   93.37   51.92   44.45   47.92
              deke =    0.51    6.84    9.04    5.45    3.20    2.15    3.23    7.71
              temp =  -62.94  -66.57  -49.82  -29.96  -12.60    0.64    8.25   13.63
 step =  8100 reke =   60.25   92.68  153.22  142.42   89.11   47.88   43.43   46.50
              deke =    0.56    5.31    7.16    4.27    2.53    1.77    2.97    7.53
              temp =  -62.91  -66.61  -49.77  -29.97  -12.62    0.58    8.29   13.69
 step =  8280 reke =   56.58   99.65  171.78  135.97   73.78   39.14   41.58   46.72
              deke =    1.04    6.81    8.43    4.25    1.97    1.57    2.69    7.97
              temp =  -62.94  -66.63  -49.59  -29.91  -12.99    0.41    8.23   13.68
 step =  8460 reke =   54.79  105.30  175.81  134.63   84.49   48.94   47.98   50.99
              deke =    0.65    5.82    6.95    4.57    1.90    1.85    3.14    8.52
              temp =  -62.89  -66.62  -49.47  -29.65  -12.81    0.36    8.19   13.57
 step =  8640 reke =   46.30  114.49  207.08  173.73   95.66   50.69   46.89   48.35
              deke =    0.67    6.05    7.30    4.01    2.07    1.71    3.09    8.37
              temp =  -62.91  -66.64  -49.65  -29.69  -12.62    0.41    8.23   13.60
  field:            1    no. of faulty points:           0
  undefined values set to   0.0000000000000000     
  start of year/month =         1983           9
 step =  8820 reke =   51.73  100.89  170.33  137.04   79.32   38.82   35.10   39.32
              deke =    0.66    5.58    7.45    3.80    1.95    1.45    3.01    6.63
              temp =  -62.93  -66.61  -49.81  -29.77  -12.75    0.44    8.13   13.62
 step =  9000 reke =   53.73  117.27  177.54  135.71   81.74   43.01   40.94   43.66
              deke =    0.59    5.25    6.88    4.28    2.66    1.46    3.22    7.26
              temp =  -62.89  -66.66  -49.77  -30.06  -12.79    0.31    8.03   13.47
 step =  9180 reke =   53.45  125.89  192.31  126.49   78.93   43.16   41.54   44.36
              deke =    0.81    6.57    8.24    5.07    2.75    1.80    2.77    7.40
              temp =  -62.88  -66.75  -49.58  -30.24  -13.19    0.14    7.93   13.53
 step =  9360 reke =   59.68  117.44  186.83  144.42   85.13   49.97   47.06   48.66
              deke =    0.56    7.49    8.36    3.90    2.03    1.93    3.42    7.74
              temp =  -62.87  -66.74  -49.65  -30.32  -13.19    0.08    7.86   13.43
 step =  9540 reke =   59.13  142.88  200.95  144.53   84.97   52.58   46.13   45.33
              deke =    0.85    7.95    7.09    3.29    1.49    1.63    2.83    6.77
              temp =  -62.87  -66.73  -49.63  -30.01  -13.23    0.05    7.91   13.48
 step =  9720 reke =   63.89  128.55  224.74  183.87  105.35   58.34   54.59   57.95
              deke =    0.56    7.74    9.06    4.48    2.05    2.03    2.97    8.32
              temp =  -62.92  -66.69  -49.67  -29.78  -12.87    0.17    8.11   13.59
  field:            1    no. of faulty points:           0
  undefined values set to   0.0000000000000000     
  start of year/month =         1983          10
 step =  9900 reke =   41.73  126.56  197.58  140.14   79.25   44.08   42.64   47.41
              deke =    0.60    7.66    8.82    5.13    2.72    1.94    2.55    7.76
              temp =  -62.90  -66.69  -49.80  -29.81  -12.72    0.41    8.21   13.66
 step = 10080 reke =   33.31  120.31  187.98  138.73   72.78   36.27   34.13   39.14
              deke =    0.44    7.20    5.89    4.67    2.14    1.60    2.27    6.59
              temp =  -62.89  -66.62  -49.99  -30.13  -12.92    0.31    8.19   13.62
 step = 10260 reke =   52.82   99.65  171.02  151.01   86.32   45.05   41.58   46.86
              deke =    0.54    6.66    7.78    4.84    2.03    1.78    2.47    7.67
              temp =  -62.91  -66.65  -49.78  -29.82  -13.02    0.15    8.06   13.57
 step = 10440 reke =   38.78  113.86  188.74  144.51   78.09   40.61   36.95   39.61
              deke =    0.56    5.68    6.04    3.73    2.05    2.00    2.82    7.07
              temp =  -62.89  -66.70  -49.91  -29.88  -12.81    0.23    8.05   13.47
 step = 10620 reke =   38.74  115.24  193.42  151.24   90.05   48.11   42.88   46.61
              deke =    0.50    6.25    9.35    4.94    2.63    1.74    2.75    7.62
              temp =  -62.89  -66.66  -49.87  -29.92  -12.84    0.27    8.09   13.52
 step = 10800 reke =   40.99  119.05  191.15  148.64   90.09   50.24   44.79   48.93
              deke =    0.55    5.12    9.13    4.21    2.28    1.61    2.71    7.08
              temp =  -62.89  -66.66  -49.89  -29.80  -12.87    0.38    8.12   13.58
  field:            1    no. of faulty points:           0
  undefined values set to   0.0000000000000000     
  start of year/month =         1983          11
 step = 10980 reke =   60.25  133.06  225.03  186.39   99.52   49.93   42.20   45.66
              deke =    0.64    5.44    7.02    4.43    1.99    1.65    3.14    7.78
              temp =  -62.87  -66.66  -49.65  -30.01  -12.84    0.45    8.23   13.57
 step = 11160 reke =   46.91  110.02  178.67  147.33   84.63   42.77   37.54   40.71
              deke =    0.47    6.77    7.33    4.31    1.91    1.92    2.82    6.41
              temp =  -62.87  -66.63  -49.81  -29.82  -12.73    0.49    8.22   13.64
 step = 11340 reke =   51.80  122.02  213.46  163.29   80.47   40.56   37.79   43.42
              deke =    0.61    8.03    8.74    4.64    2.19    1.91    2.67    7.25
              temp =  -62.89  -66.62  -50.02  -29.99  -12.97    0.34    8.24   13.72
 step = 11520 reke =   42.85  125.53  220.07  185.26  108.06   55.21   48.66   54.32
              deke =    0.61    5.36    8.48    4.87    2.46    1.75    2.91    8.11
              temp =  -62.90  -66.71  -49.87  -29.73  -12.52    0.54    8.18   13.51
 step = 11700 reke =   30.87  105.42  187.74  144.88   84.54   48.31   44.97   46.84
              deke =    0.36    6.16    7.40    4.41    2.30    1.69    3.33    8.15
              temp =  -62.89  -66.72  -49.91  -29.64  -12.66    0.56    8.21   13.64
 step = 11880 reke =   45.50  122.14  203.49  167.50   92.32   51.00   43.79   47.73
              deke =    0.61    5.15    8.48    4.64    1.68    1.82    2.60    7.50
              temp =  -62.85  -66.73  -49.82  -29.59  -12.83    0.47    8.36   13.71
 Write restart dataset for year/month/date/hour:         1983 /          12 /           1 /           0
  field:            1    no. of faulty points:           0
  undefined values set to   0.0000000000000000     
  start of year/month =         1983          12
 step = 12060 reke =   49.71  130.94  186.93  136.01   80.68   46.79   43.40   47.22
              deke =    0.68    9.37    7.40    3.96    2.11    1.77    3.03    7.32
              temp =  -62.83  -66.66  -49.84  -29.65  -12.72    0.50    8.30   13.66
 step = 12240 reke =   70.79  143.80  206.26  143.87   83.92   47.06   41.59   45.95
              deke =    0.58    6.63    7.56    3.95    2.36    2.06    2.59    7.34
              temp =  -62.78  -66.66  -49.75  -29.53  -12.72    0.57    8.23   13.61
 step = 12420 reke =   80.83  141.11  208.24  159.96   90.16   46.35   43.21   47.20
              deke =    0.82    7.31    7.54    4.43    2.54    1.76    2.72    7.54
              temp =  -62.78  -66.69  -49.58  -29.63  -12.72    0.39    8.20   13.63
 step = 12600 reke =   30.03  121.80  144.87  120.67   74.57   37.34   35.94   39.90
              deke =    0.36    5.85    6.28    3.43    2.56    1.82    2.84    7.89
              temp =  -62.78  -66.72  -49.59  -29.83  -12.78    0.39    8.16   13.59
 step = 12780 reke =   65.57  135.04  205.33  159.12   91.48   47.48   44.77   48.79
              deke =    1.10    6.27    8.79    4.92    2.27    1.79    2.84    6.76
              temp =  -62.76  -66.75  -49.35  -29.65  -12.79    0.33    8.14   13.66
 step = 12960 reke =   57.15  120.71  180.98  147.76   84.81   41.39   35.95   42.49
              deke =    0.51    6.11    7.18    4.98    2.31    1.80    2.53    6.62
              temp =  -62.74  -66.74  -49.49  -29.86  -12.82    0.26    8.14   13.61
 step = 13140 reke =   48.17  136.67  220.68  165.70   89.26   44.09   39.66   43.45
              deke =    0.62    6.83    7.12    4.51    2.02    1.94    2.48    7.30
              temp =  -62.80  -66.72  -49.45  -29.90  -13.12    0.07    8.03   13.48
  field:            1    no. of faulty points:           0
  undefined values set to   0.0000000000000000     
 Write restart dataset for year/month/date/hour:         1984 /           1 /           1 /           0
