  hallo from speedy_agcm
 RPE_ACTIVE  T
&RESOLUTION
 NTRUN=         30,
 MTRUN=         30,
 IX=         96,
 IY=         24,
 KX=          8,
 /
&INPUT_RESOLUTION
 NTRUN_IN=         30,
 MTRUN_IN=         30,
 IX_IN=         96,
 IY_IN=         24,
 KX_IN=          8,
 /
&COUPLING_FLAGS
 ICLAND=          1,
 ICSEA=          0,
 ICICE=          1,
 ISSTAN=          1,
 /
&LAND
 DEPTH_SOIL=  1.0000000000000000     ,
 DEPTH_LICE=  5.0000000000000000     ,
 TDLAND=  40.000000000000000     ,
 FLANDMIN= 0.33333333333333331     ,
 /
&SEA
 DEPTH_ML=  60.000000000000000     ,
 DEPT0_ML=  40.000000000000000     ,
 DEPTH_ICE=  2.5000000000000000     ,
 DEPT0_ICE=  1.5000000000000000     ,
 TDSST=  90.000000000000000     ,
 TDICE=  30.000000000000000     ,
 FSEAMIN= 0.33333333333333331     ,
 BETA%VAL=  1.0000000000000000     ,
 L_GLOBE=T,
 L_NORTHE=F,
 L_NATLAN=F,
 L_NPACIF=F,
 L_TROPIC=F,
 L_INDIAN=F,
 /
&DYNAMICS
 GAMMA=  6.0000000000000000     ,
 HSCALE=  7.5000000000000000     ,
 HSHUM=  2.5000000000000000     ,
 REFRH1= 0.69999999999999996     ,
 THD=  2.3999999999999999     ,
 THDD=  2.3999999999999999     ,
 THDS=  12.000000000000000     ,
 TDRS%VAL=  720.00000000000000     ,
 /
&FORCING
 LCO2=F,
 IYEAR_REF=       1950,
 DEL_CO2%VAL=  5.0000000000000001E-003,
 ABLCO2%VAL=  6.0000000000000000     ,
 ALBSEA%VAL=  7.0000000000000007E-002,
 ALBICE%VAL= 0.59999999999999998     ,
 ALBSN%VAL= 0.59999999999999998     ,
 /
&SOLAR_FORCING
 SOLC%VAL=  342.00000000000000     ,
 EPSSW%VAL=  2.0000000000000000E-002,
 /
&SURFACE
 SWCAP%VAL= 0.29999999999999999     ,
 SWWIL%VAL= 0.17000000000000001     ,
 SD2SC%VAL=  60.000000000000000     ,
 /
&TIMESTEPPING
 NSTEPS=         36,
 NSTDIA=        180,
 NMONRS=         12,
 ROB%VAL=  5.0000000000000003E-002,
 WIL%VAL= 0.53000000000000003     ,
 /
&CONVECTION
 PSMIN%VAL= 0.80000000000000004     ,
 TRCNV=  6.0000000000000000     ,
 RHBL%VAL= 0.90000000000000002     ,
 RHIL%VAL= 0.69999999999999996     ,
 ENTMAX= 0.50000000000000000     ,
 SMF%VAL= 0.80000000000000004     ,
 /
&CONDENSATION
 TRLSC%VAL=  4.0000000000000000     ,
 RHLSC= 0.90000000000000002     ,
 DRHLSC= 0.10000000000000001     ,
 RHBLSC= 0.94999999999999996     ,
 /
&CLOUD_PARAMETERS
 RHCL1%VAL= 0.29999999999999999     ,
 RHCL2%VAL=  1.0000000000000000     ,
 QACL%VAL= 0.20000000000000001     ,
 WPCL%VAL= 0.20000000000000001     ,
 PMAXCL%VAL=  10.000000000000000     ,
 CLSMAX%VAL= 0.59999999999999998     ,
 CLSMINL%VAL= 0.14999999999999999     ,
 GSE_S0%VAL= 0.25000000000000000     ,
 GSE_S1%VAL= 0.40000000000000002     ,
 /
&SW_RADIATION
 NSTRAD=          3,
 ABSDRY%VAL=  3.3000000000000002E-002,
 ABSAER%VAL=  3.3000000000000002E-002,
 ABSWV1%VAL=  2.1999999999999999E-002,
 ABSWV2%VAL=  15.000000000000000     ,
 ABSCL1%VAL=  1.4999999999999999E-002,
 ABSCL2%VAL= 0.14999999999999999     ,
 ALBCL%VAL= 0.42999999999999999     ,
 ALBCLS%VAL= 0.50000000000000000     ,
 /
&LW_RADIATION
 EPSLW%VAL=  5.0000000000000003E-002,
 EMISFC%VAL= 0.97999999999999998     ,
 ABLWIN%VAL= 0.29999999999999999     ,
 ABLWV1%VAL= 0.69999999999999996     ,
 ABLWV2%VAL=  50.000000000000000     ,
 ABLCL1%VAL=  12.000000000000000     ,
 ABLCL2%VAL= 0.59999999999999998     ,
 /
&SURFACE_FLUXES
 FWIND0%VAL= 0.94999999999999996     ,
 FTEMP0%VAL=  1.0000000000000000     ,
 FHUM0%VAL=  0.0000000000000000     ,
 CDL%VAL=  2.3999999999999998E-003,
 CDS%VAL=  1.0000000000000000E-003,
 CHL%VAL=  1.1999999999999999E-003,
 CHS%VAL=  8.9999999999999998E-004,
 VGUST%VAL=  5.0000000000000000     ,
 CTDAY%VAL=  1.0000000000000000E-002,
 DTHETA%VAL=  3.0000000000000000     ,
 FSTAB%VAL= 0.67000000000000004     ,
 HDRAG%VAL=  2000.0000000000000     ,
 FHDRAG%VAL= 0.50000000000000000     ,
 CLAMBDA%VAL=  7.0000000000000000     ,
 CLAMBSN%VAL=  7.0000000000000000     ,
 /
&VERTICAL_DIFFUSION
 TRSHC=  6.0000000000000000     ,
 TRVDI=  24.000000000000000     ,
 TRVDS=  6.0000000000000000     ,
 REDSHC%VAL= 0.50000000000000000     ,
 RHGRAD%VAL= 0.50000000000000000     ,
 SEGRAD%VAL= 0.10000000000000001     ,
 /
&SPPT
 SPPT_ON=F,
 NSCALES=          3,
 L_ADDITIVE=F,
 /
&SPPT_PARAMETERS
 MU(1)%VAL=  1.0000000000000000     ,
 MU(2)%VAL=  1.0000000000000000     ,
 MU(3)%VAL=  1.0000000000000000     ,
 MU(4)%VAL=  1.0000000000000000     ,
 MU(5)%VAL=  1.0000000000000000     ,
 MU(6)%VAL=  1.0000000000000000     ,
 MU(7)%VAL=  1.0000000000000000     ,
 MU(8)%VAL=  1.0000000000000000     ,
 TIME_DECORR=  3.0000000000000000     ,  72.000000000000000     ,  720.00000000000000     ,
 LEN_DECORR=  500000.00000000000     ,  1000000.0000000000     ,  2000000.0000000000     ,
 STDDEV= 0.52000000000000002     , 0.17999999999999999     ,  5.9999999999999998E-002,
 ADDITIVE_MAGNITUDE%VAL=  9.9999999999999995E-007,
 /
 Read namelist
 start date         1983           1           1           0
  Model half-level (*1000)           1           0
  Model half-level (*1000)           2          50
  Model half-level (*1000)           3         140
  Model half-level (*1000)           4         260
  Model half-level (*1000)           5         420
  Model half-level (*1000)           6         600
  Model half-level (*1000)           7         770
  Model half-level (*1000)           8         900
  Model half-level (*1000)           9        1000
  Model full-level (*1000)           1          25
  Model full-level (*1000)           2          95
  Model full-level (*1000)           3         200
  Model full-level (*1000)           4         340
  Model full-level (*1000)           5         510
  Model full-level (*1000)           6         685
  Model full-level (*1000)           7         835
  Model full-level (*1000)           8         950
  temp/hum correction at level            2  0.66167368341273969        0.0000000000000000     
  temp/hum correction at level            3  0.75399289734237440        8.0000000000000019E-003
  temp/hum correction at level            4  0.82755908289241631        3.9303999999999992E-002
  temp/hum correction at level            5  0.88857447279504564       0.13265100000000002     
  temp/hum correction at level            6  0.93577679872957287       0.32141912500000008     
  temp/hum correction at level            7  0.96885785555841186       0.58218287499999988     
  temp/hum correction at level            8  0.99104107712276879       0.85737499999999989     
 Filter applied at wavenumber           30
  field:            1    no. of faulty points:           0
  field:            2    no. of faulty points:           0
  field:            3    no. of faulty points:           0
  field:            4    no. of faulty points:           0
  field:            5    no. of faulty points:           0
  field:            6    no. of faulty points:           0
  field:            7    no. of faulty points:           0
  field:            8    no. of faulty points:           0
  field:            9    no. of faulty points:           0
  field:           10    no. of faulty points:           0
  field:           11    no. of faulty points:           0
  field:           12    no. of faulty points:           0
  undefined values set to   273.00000000000000     
  field:            1    no. of faulty points:           0
  field:            2    no. of faulty points:           0
  field:            3    no. of faulty points:           0
  field:            4    no. of faulty points:           0
  field:            5    no. of faulty points:           0
  field:            6    no. of faulty points:           0
  field:            7    no. of faulty points:           0
  field:            8    no. of faulty points:           0
  field:            9    no. of faulty points:           0
  field:           10    no. of faulty points:           0
  field:           11    no. of faulty points:           0
  field:           12    no. of faulty points:           0
  undefined values set to   0.0000000000000000     
  field:            1    no. of faulty points:           0
  field:            2    no. of faulty points:           0
  field:            3    no. of faulty points:           0
  field:            4    no. of faulty points:           0
  field:            5    no. of faulty points:           0
  field:            6    no. of faulty points:           0
  field:            7    no. of faulty points:           0
  field:            8    no. of faulty points:           0
  field:            9    no. of faulty points:           0
  field:           10    no. of faulty points:           0
  field:           11    no. of faulty points:           0
  field:           12    no. of faulty points:           0
  undefined values set to   0.0000000000000000     
  field:            1    no. of faulty points:           0
  field:            2    no. of faulty points:           0
  field:            3    no. of faulty points:           0
  field:            4    no. of faulty points:           0
  field:            5    no. of faulty points:           0
  field:            6    no. of faulty points:           0
  field:            7    no. of faulty points:           0
  field:            8    no. of faulty points:           0
  field:            9    no. of faulty points:           0
  field:           10    no. of faulty points:           0
  field:           11    no. of faulty points:           0
  field:           12    no. of faulty points:           0
  undefined values set to   273.00000000000000     
  field:            1    no. of faulty points:           0
  field:            2    no. of faulty points:           0
  field:            3    no. of faulty points:           0
  field:            4    no. of faulty points:           0
  field:            5    no. of faulty points:           0
  field:            6    no. of faulty points:           0
  field:            7    no. of faulty points:           0
  field:            8    no. of faulty points:           0
  field:            9    no. of faulty points:           0
  field:           10    no. of faulty points:           0
  field:           11    no. of faulty points:           0
  field:           12    no. of faulty points:           0
  undefined values set to   0.0000000000000000     
 isst0 =           49
  field:            1    no. of faulty points:           0
  field:            2    no. of faulty points:           0
  field:            3    no. of faulty points:           0
  undefined values set to   0.0000000000000000     
  reading a restart file
        1983           1           1           0
        1984           1           1           0
 WARNING: Date in restart file does not match requested date
Read restart dataset for year/month/date/hour: 1983/01/01/00
 step =     0 reke =   58.60  109.92  165.53  144.07   89.84   50.57   44.78   47.38
              deke =    0.55    5.06    7.35    4.73    1.92    1.56    2.80    7.52
              temp =  -62.84  -66.68  -49.74  -29.71  -12.98    0.39    8.19   13.65
   tref =    217.14995443460384     
   tref =    217.14995443460384     
   tref =    217.14995443460384     
   tref =    238.33701587301590     
   tref =    255.90944816497316     
   tref =    269.50371803411701     
   tref =    279.03106240082263     
   tref =    285.41983021135741     
 integration length in days:          365
  start of year/month =         1983           1
 step =   180 reke =   55.30  128.83  187.90  165.70   96.70   53.42   49.30   54.77
              deke =    0.60    5.35    6.40    3.96    2.16    1.58    2.43    7.68
              temp =  -62.83  -66.67  -49.93  -29.77  -12.63    0.38    8.12   13.50
 step =   360 reke =   65.33  112.20  168.21  140.28   87.34   48.77   43.30   47.43
              deke =    0.52    4.33    6.38    3.56    2.03    1.48    2.44    7.45
              temp =  -62.86  -66.70  -50.06  -29.93  -12.71    0.57    8.27   13.57
 step =   540 reke =   40.06  128.28  200.50  165.99   93.60   52.84   47.66   50.43
              deke =    0.49    5.79    7.53    4.54    2.28    2.03    2.45    7.62
              temp =  -62.88  -66.75  -49.81  -29.66  -12.86    0.43    8.25   13.65
 step =   720 reke =   66.56  116.25  218.45  183.44  100.86   56.65   51.61   56.92
              deke =    0.65    5.13    5.85    4.67    1.99    1.58    2.28    7.02
              temp =  -62.86  -66.74  -49.78  -29.54  -12.84    0.33    8.10   13.49
 step =   900 reke =   91.34  137.82  232.14  192.49  103.43   56.35   48.62   52.31
              deke =    0.65    6.37    7.67    6.11    2.02    2.23    3.28    8.07
              temp =  -62.88  -66.72  -49.80  -29.78  -12.71    0.33    8.11   13.46
 step =  1080 reke =   52.46  117.42  183.42  156.91   88.65   50.73   42.69   45.09
              deke =    0.61    4.42    6.08    5.68    2.16    1.76    2.66    7.13
              temp =  -62.89  -66.71  -49.95  -29.77  -12.84    0.37    8.19   13.64
  field:            1    no. of faulty points:           0
  undefined values set to   0.0000000000000000     
  start of year/month =         1983           2
 step =  1260 reke =   48.76  108.17  194.07  177.53   97.75   54.56   49.11   52.74
              deke =    0.66    5.59    7.15    4.24    1.82    1.63    2.30    8.05
              temp =  -62.90  -66.72  -49.91  -29.95  -12.82    0.35    8.19   13.65
 step =  1440 reke =   51.02  127.58  204.68  186.27  107.57   58.61   48.93   49.04
              deke =    0.81    6.22    6.71    4.63    1.96    1.88    2.70    7.97
              temp =  -62.93  -66.71  -49.86  -29.77  -12.57    0.56    8.39   13.78
 step =  1620 reke =   41.95  100.27  164.17  144.08   78.57   46.25   41.64   43.12
              deke =    0.54    8.31    8.06    4.93    1.50    1.94    2.78    7.18
              temp =  -62.93  -66.64  -49.87  -29.75  -12.76    0.54    8.45   13.82
 step =  1800 reke =   41.18   96.95  166.65  143.17   83.64   45.65   40.42   43.20
              deke =    0.79    6.35    7.21    4.34    1.71    1.99    2.94    7.64
              temp =  -62.96  -66.60  -49.81  -29.58  -12.95    0.39    8.36   13.75
 step =  1980 reke =   38.31  122.68  194.78  163.70   88.05   42.83   39.72   43.90
              deke =    0.53    8.58   10.15    6.02    1.88    2.03    3.13    7.64
              temp =  -62.91  -66.64  -49.80  -29.49  -12.69    0.38    8.20   13.58
  field:            1    no. of faulty points:           0
  undefined values set to   0.0000000000000000     
  start of year/month =         1983           3
 step =  2160 reke =   63.83  131.10  212.90  152.84   85.53   46.93   42.90   46.08
              deke =    0.57    7.78    7.31    4.46    1.77    1.94    2.78    7.27
              temp =  -62.89  -66.62  -49.71  -29.51  -12.77    0.48    8.30   13.74
 step =  2340 reke =   51.13  135.30  221.70  160.19   91.41   58.43   54.41   54.01
              deke =    0.61    7.33    8.35    4.45    1.98    1.98    2.88    8.54
              temp =  -62.89  -66.66  -49.64  -29.47  -12.68    0.49    8.30   13.71
 step =  2520 reke =   60.21  135.42  214.11  174.21   98.75   58.72   51.25   50.98
              deke =    0.62    6.47    8.54    4.41    2.36    1.67    2.49    7.30
              temp =  -62.92  -66.68  -49.52  -29.53  -12.78    0.47    8.31   13.66
 step =  2700 reke =   67.60  118.53  216.19  172.01   90.91   46.91   42.09   46.05
              deke =    0.71    4.66    8.35    4.18    1.87    1.53    2.17    6.92
              temp =  -62.91  -66.69  -49.64  -29.72  -12.80    0.42    8.27   13.74
 step =  2880 reke =   72.99  130.68  214.30  157.54   92.75   53.89   50.48   56.38
              deke =    0.59    5.72    6.98    3.72    1.92    2.12    2.80    8.60
              temp =  -62.87  -66.64  -49.71  -29.84  -12.71    0.46    8.29   13.61
 step =  3060 reke =   40.40  105.12  175.26  143.34   81.66   47.18   42.31   44.45
              deke =    0.50    4.52    8.06    5.24    2.24    1.87    2.67    6.50
              temp =  -62.87  -66.67  -49.81  -29.87  -12.91    0.42    8.29   13.74
 step =  3240 reke =   33.96  116.39  191.93  173.91   91.51   51.82   49.10   51.89
              deke =    0.49    7.42    8.23    5.12    1.86    2.26    2.92    8.31
              temp =  -62.85  -66.63  -49.85  -29.83  -12.83    0.30    8.23   13.68
  field:            1    no. of faulty points:           0
  undefined values set to   0.0000000000000000     
  start of year/month =         1983           4
 step =  3420 reke =   48.13  103.47  181.06  151.64   83.69   50.04   42.69   46.84
              deke =    0.60    5.96    7.85    4.91    1.86    2.24    2.75    6.88
              temp =  -62.89  -66.55  -49.83  -29.69  -12.47    0.53    8.24   13.69
 step =  3600 reke =   47.13  105.36  182.06  148.07   83.67   48.23   44.43   49.03
              deke =    0.58    7.10    9.50    5.03    1.99    2.18    2.94    8.21
              temp =  -62.89  -66.51  -49.90  -29.79  -12.58    0.59    8.27   13.67
 step =  3780 reke =   44.44   99.10  144.68  126.70   73.62   39.70   37.62   42.90
              deke =    0.36    6.92    7.04    4.38    2.60    1.73    2.34    6.70
              temp =  -62.89  -66.51  -49.88  -29.89  -12.82    0.41    8.19   13.64
 step =  3960 reke =   43.58  111.31  155.11  133.34   77.84   43.61   41.29   46.03
              deke =    0.62    7.81    8.71    4.46    2.02    1.59    2.28    7.31
              temp =  -62.91  -66.57  -49.81  -29.67  -12.96    0.22    8.05   13.63
 step =  4140 reke =   81.32  150.39  188.44  153.37   91.16   51.72   45.56   48.59
              deke =    1.13    7.34    6.92    5.18    1.84    1.67    2.80    7.29
              temp =  -62.89  -66.65  -49.65  -29.47  -12.91    0.25    8.16   13.61
 step =  4320 reke =   72.91  140.48  196.00  154.70   93.64   51.27   47.04   51.37
              deke =    0.72    4.91    6.49    4.67    2.44    1.61    2.49    7.80
              temp =  -62.91  -66.65  -49.71  -29.57  -12.78    0.22    8.05   13.40
  field:            1    no. of faulty points:           0
  undefined values set to   0.0000000000000000     
  start of year/month =         1983           5
 step =  4500 reke =   51.66  126.25  187.67  145.34   80.90   44.17   43.08   47.43
              deke =    0.46    5.25    7.25    3.97    2.20    1.56    2.91    8.08
              temp =  -62.84  -66.66  -49.69  -29.73  -12.86    0.28    8.07   13.44
 step =  4680 reke =   44.87  106.89  183.17  169.93  102.00   57.83   51.56   52.62
              deke =    0.57    5.23    6.37    4.37    2.32    1.78    3.17    7.50
              temp =  -62.86  -66.64  -49.72  -29.67  -12.93    0.36    8.04   13.54
 step =  4860 reke =   68.21  113.07  179.12  158.28   88.37   50.51   46.49   48.38
              deke =    0.50    5.58    6.58    5.29    2.38    1.85    3.26    8.72
              temp =  -62.88  -66.66  -49.67  -29.53  -12.91    0.34    8.14   13.61
 step =  5040 reke =   62.05  128.45  204.97  172.44   97.72   55.72   47.65   48.72
              deke =    0.67    5.02    7.16    4.53    2.15    1.66    3.14    7.16
              temp =  -62.85  -66.65  -49.79  -29.83  -12.61    0.57    8.22   13.58
 step =  5220 reke =   66.67  125.44  213.30  160.36   90.14   45.02   38.18   43.09
              deke =    0.52    5.12    6.00    4.19    1.77    2.07    2.47    6.79
              temp =  -62.87  -66.61  -49.83  -29.67  -12.91    0.42    8.21   13.57
 step =  5400 reke =   64.45  130.87  203.71  157.83   83.63   45.70   43.34   45.34
              deke =    1.10    8.01    8.55    4.68    2.10    2.15    3.10    8.14
              temp =  -62.88  -66.62  -49.73  -29.75  -12.79    0.28    8.10   13.48
  field:            1    no. of faulty points:           0
  undefined values set to   0.0000000000000000     
  start of year/month =         1983           6
 step =  5580 reke =   45.74  111.44  161.43  144.67   93.74   53.33   47.02   51.16
              deke =    0.67    6.42    8.36    4.77    2.31    2.13    2.90    7.67
              temp =  -62.88  -66.63  -49.69  -29.91  -12.71    0.33    8.21   13.59
 step =  5760 reke =   77.35  157.80  222.70  172.80   97.57   49.82   43.46   45.90
              deke =    0.86    7.10    9.48    3.93    2.14    1.93    2.93    7.53
              temp =  -62.82  -66.64  -49.69  -29.72  -12.74    0.34    8.20   13.66
 step =  5940 reke =   64.90  150.71  228.69  189.57  103.77   56.32   49.90   55.45
              deke =    0.43    6.46    8.45    6.17    1.98    1.74    2.67    7.96
              temp =  -62.86  -66.66  -49.66  -29.80  -12.55    0.55    8.15   13.56
 step =  6120 reke =  105.13  132.97  194.84  174.41   99.05   54.84   51.88   55.66
              deke =    0.78    8.31    8.49    4.90    1.98    1.75    2.98    8.17
              temp =  -62.87  -66.63  -49.64  -29.45  -12.70    0.59    8.29   13.69
 step =  6300 reke =   51.99  117.72  186.69  146.08   80.44   45.71   43.23   47.86
              deke =    0.68    8.34    8.73    4.64    2.22    2.36    2.67    7.30
              temp =  -62.82  -66.65  -49.48  -29.61  -12.84    0.42    8.05   13.61
 step =  6480 reke =   71.04  119.77  186.89  168.87  100.85   55.51   48.16   51.67
              deke =    0.75    6.49    7.71    4.95    2.17    2.37    2.65    8.16
              temp =  -62.85  -66.62  -49.47  -29.73  -12.80    0.45    8.15   13.55
  field:            1    no. of faulty points:           0
  undefined values set to   0.0000000000000000     
  start of year/month =         1983           7
 step =  6660 reke =   44.35   91.95  164.45  143.41   85.54   45.24   40.23   42.92
              deke =    0.68    6.06    5.99    4.72    2.08    2.04    2.79    7.45
              temp =  -62.84  -66.59  -49.71  -29.49  -12.60    0.61    8.43   13.59
 step =  6840 reke =   32.99   98.65  174.98  140.62   80.48   45.19   42.92   46.44
              deke =    0.51    4.24    8.58    4.14    2.45    1.76    3.30    7.42
              temp =  -62.82  -66.51  -49.62  -29.78  -12.77    0.49    8.30   13.64
 step =  7020 reke =   33.41  107.52  148.07  126.20   68.36   37.57   35.67   39.11
              deke =    0.51    7.36    7.36    3.90    1.76    1.53    2.25    6.66
              temp =  -62.82  -66.51  -49.54  -30.26  -12.70    0.50    8.15   13.54
 step =  7200 reke =   38.75  101.04  193.48  162.57   93.12   51.65   46.73   51.85
              deke =    0.53    5.92    8.56    4.52    2.09    1.60    2.43    8.01
              temp =  -62.90  -66.42  -49.50  -29.85  -13.06    0.27    8.02   13.56
 step =  7380 reke =   78.93  126.47  196.50  149.45   91.02   51.61   45.73   49.62
              deke =    0.48    5.71    8.62    5.20    2.05    1.75    2.44    7.00
              temp =  -62.86  -66.44  -49.66  -29.57  -12.77    0.41    8.08   13.60
 step =  7560 reke =   41.56  116.76  192.80  178.82  108.67   55.79   49.56   53.19
              deke =    0.51    7.47    8.46    3.73    1.76    1.93    3.30    7.84
              temp =  -62.83  -66.52  -49.74  -29.61  -12.83    0.44    8.22   13.60
  field:            1    no. of faulty points:           0
  undefined values set to   0.0000000000000000     
  start of year/month =         1983           8
 step =  7740 reke =   49.60  147.48  183.15  146.18   85.86   47.77   41.90   45.18
              deke =    0.66   13.00    8.58    5.08    1.58    1.63    2.96    7.07
              temp =  -62.84  -66.55  -49.63  -29.93  -12.88    0.33    8.23   13.70
 step =  7920 reke =   44.79  146.57  193.57  157.94   94.46   50.86   45.67   48.25
              deke =    0.65    8.41    8.35    4.58    2.15    1.59    2.66    7.49
              temp =  -62.78  -66.52  -49.69  -29.89  -12.66    0.40    8.20   13.61
 step =  8100 reke =   43.27  127.84  176.28  145.38   80.69   42.10   40.04   43.34
              deke =    0.51    4.59    5.74    4.35    2.21    1.37    3.04    6.77
              temp =  -62.78  -66.57  -49.72  -30.13  -12.81    0.37    8.10   13.68
 step =  8280 reke =   54.28   95.07  152.31  138.76   82.28   45.15   44.36   48.79
              deke =    0.45    5.48    6.61    5.76    2.42    1.59    3.25    8.32
              temp =  -62.83  -66.57  -49.84  -29.92  -13.02    0.42    8.15   13.65
 step =  8460 reke =   59.04   96.30  156.39  146.26   86.79   50.40   48.13   53.97
              deke =    0.93    5.64    6.37    4.69    2.00    2.16    3.44    8.30
              temp =  -62.84  -66.60  -49.84  -29.57  -12.76    0.51    8.30   13.80
 step =  8640 reke =   79.12  121.50  204.12  175.11   99.38   54.29   46.96   49.66
              deke =    0.75    6.98    7.31    5.04    2.12    1.92    2.84    7.87
              temp =  -62.88  -66.57  -49.67  -29.32  -12.61    0.62    8.40   13.69
  field:            1    no. of faulty points:           0
  undefined values set to   0.0000000000000000     
  start of year/month =         1983           9
 step =  8820 reke =   64.67  108.77  173.16  131.30   72.09   41.50   38.64   40.87
              deke =    0.91    5.68    6.18    3.94    2.31    1.89    2.65    6.99
              temp =  -62.89  -66.53  -49.66  -29.66  -12.97    0.40    8.24   13.77
 step =  9000 reke =   51.67  121.23  197.51  154.34   85.52   45.55   40.82   44.05
              deke =    0.81    5.37    7.50    4.46    2.14    1.73    2.55    6.92
              temp =  -62.89  -66.59  -49.43  -29.95  -13.16    0.14    8.03   13.49
 step =  9180 reke =   53.55  114.19  192.51  178.67  107.97   58.33   51.72   54.31
              deke =    0.87    4.71    6.98    5.13    2.34    1.92    2.60    8.11
              temp =  -62.93  -66.59  -49.49  -29.72  -12.81    0.32    8.20   13.53
 step =  9360 reke =   60.41  121.05  178.49  151.73   90.80   47.14   39.95   41.46
              deke =    0.77    7.06    7.63    4.43    2.24    1.58    2.70    6.66
              temp =  -62.88  -66.53  -49.67  -29.90  -12.76    0.39    8.31   13.74
 step =  9540 reke =   42.17   90.73  167.34  124.49   72.49   37.90   32.87   36.90
              deke =    0.49    6.24    8.21    4.57    2.44    1.73    2.60    6.85
              temp =  -62.83  -66.58  -49.67  -30.38  -12.90    0.39    8.26   13.69
 step =  9720 reke =   40.89  106.44  153.56  124.13   69.13   35.71   33.62   39.44
              deke =    0.52    8.18    7.15    5.26    1.90    1.61    2.89    7.18
              temp =  -62.86  -66.64  -49.63  -29.94  -13.14    0.31    8.13   13.64
  field:            1    no. of faulty points:           0
  undefined values set to   0.0000000000000000     
  start of year/month =         1983          10
 step =  9900 reke =   30.88  112.28  178.06  146.19   82.28   43.52   44.03   48.41
              deke =    0.53    5.98    7.30    4.28    2.16    1.68    2.80    7.50
              temp =  -62.85  -66.64  -49.48  -29.95  -13.22    0.10    8.05   13.51
 step = 10080 reke =   56.88  137.98  228.80  187.96   99.35   52.66   47.77   49.80
              deke =    0.58    5.82    6.65    4.62    2.16    1.83    3.13    8.19
              temp =  -62.88  -66.60  -49.60  -29.53  -12.62    0.48    8.32   13.58
 step = 10260 reke =   53.68  155.87  220.98  155.55   82.68   50.74   45.49   45.98
              deke =    0.57    6.59    8.61    4.49    2.13    2.35    2.66    8.08
              temp =  -62.84  -66.55  -49.32  -29.52  -12.70    0.52    8.30   13.71
 step = 10440 reke =   50.22  110.72  156.62  134.57   73.86   41.55   38.05   44.87
              deke =    0.64    7.53    6.09    4.99    1.72    1.58    1.99    6.73
              temp =  -62.81  -66.49  -49.55  -30.05  -12.78    0.42    8.26   13.81
 step = 10620 reke =   48.57  102.60  160.51  145.43   81.58   43.68   40.35   44.70
              deke =    0.64    4.93    5.82    3.94    2.13    1.67    2.66    8.12
              temp =  -62.79  -66.52  -49.59  -30.28  -13.00    0.32    8.12   13.56
 step = 10800 reke =   37.28  123.84  189.69  159.59   84.80   46.52   41.97   44.09
              deke =    0.81    6.86    9.07    4.76    1.94    1.68    2.51    7.24
              temp =  -62.84  -66.50  -49.79  -30.13  -13.13    0.23    8.10   13.57
  field:            1    no. of faulty points:           0
  undefined values set to   0.0000000000000000     
  start of year/month =         1983          11
 step = 10980 reke =   67.67  120.51  203.60  166.12   92.18   50.48   44.88   50.70
              deke =    0.72    7.55    7.73    5.16    2.57    2.11    3.22    8.45
              temp =  -62.80  -66.50  -49.84  -29.97  -12.82    0.34    8.09   13.45
 step = 11160 reke =   35.99  115.86  188.22  157.82   87.98   45.54   37.70   41.51
              deke =    0.38    6.39    6.30    4.98    2.34    1.87    2.75    6.78
              temp =  -62.76  -66.58  -49.91  -29.85  -12.76    0.36    8.04   13.50
 step = 11340 reke =   35.35  104.84  144.74  113.34   66.22   40.43   39.53   43.17
              deke =    0.29    9.03    8.68    4.89    1.80    1.34    2.73    7.13
              temp =  -62.76  -66.60  -49.75  -30.06  -13.15    0.23    8.08   13.58
 step = 11520 reke =   46.68  116.82  161.34  143.09   81.77   42.65   41.19   47.93
              deke =    0.52    7.43    6.93    4.97    2.13    1.50    3.27    7.77
              temp =  -62.79  -66.62  -49.81  -29.68  -12.92    0.16    7.99   13.47
 step = 11700 reke =   34.13  100.68  153.07  128.86   78.41   40.23   35.52   39.07
              deke =    0.34    7.42    7.75    4.69    2.61    2.00    3.15    7.75
              temp =  -62.75  -66.59  -49.75  -30.02  -12.85    0.29    8.10   13.58
 step = 11880 reke =   51.49  116.96  172.92  133.45   78.29   44.26   43.72   49.43
              deke =    0.39    6.75    7.57    5.00    2.18    1.68    2.93    7.82
              temp =  -62.69  -66.61  -49.71  -30.03  -12.70    0.35    8.02   13.45
 Write restart dataset for year/month/date/hour:         1983 /          12 /           1 /           0
  field:            1    no. of faulty points:           0
  undefined values set to   0.0000000000000000     
  start of year/month =         1983          12
 step = 12060 reke =   73.68  125.22  186.63  145.77   85.02   47.38   44.84   48.87
              deke =    0.55    7.97    9.52    4.65    2.65    1.70    2.81    7.87
              temp =  -62.74  -66.58  -49.76  -30.00  -12.69    0.38    8.03   13.50
 step = 12240 reke =   65.91  132.54  191.08  140.52   83.06   46.46   42.04   46.01
              deke =    0.94    6.63    6.65    4.30    2.17    1.56    2.72    6.66
              temp =  -62.73  -66.66  -49.44  -29.82  -12.83    0.45    8.12   13.53
 step = 12420 reke =   53.72  135.59  186.46  161.23   96.75   55.31   49.98   52.43
              deke =    0.76    6.44    7.36    4.66    1.86    1.87    3.22    7.56
              temp =  -62.72  -66.66  -49.73  -29.74  -13.11    0.31    8.23   13.66
 step = 12600 reke =   63.77  146.21  208.23  178.12  102.89   55.62   49.17   50.94
              deke =    0.95    9.56    9.01    4.97    2.67    2.12    3.62    8.17
              temp =  -62.76  -66.60  -49.65  -29.61  -12.68    0.48    8.37   13.75
 step = 12780 reke =   68.07  139.88  185.70  146.10   83.67   44.94   42.29   45.94
              deke =    0.58    7.12    7.21    3.90    1.89    1.69    2.83    7.19
              temp =  -62.77  -66.57  -49.47  -29.80  -12.98    0.49    8.45   13.80
 step = 12960 reke =   73.31  142.77  199.03  135.33   73.87   40.18   36.52   40.55
              deke =    0.85    6.30    5.64    4.14    2.09    1.88    2.80    7.67
              temp =  -62.77  -66.61  -49.48  -29.64  -12.73    0.40    8.16   13.70
 step = 13140 reke =   40.99  104.27  157.39  131.32   76.55   41.95   40.01   44.51
              deke =    0.38    6.20    9.48    4.63    2.22    1.93    3.38    7.45
              temp =  -62.82  -66.56  -49.62  -29.98  -12.97    0.30    8.13   13.54
  field:            1    no. of faulty points:           0
  undefined values set to   0.0000000000000000     
 Write restart dataset for year/month/date/hour:         1984 /           1 /           1 /           0
