  hallo from speedy_agcm
 RPE_ACTIVE  T
&RESOLUTION
 NTRUN=         30,
 MTRUN=         30,
 IX=         96,
 IY=         24,
 KX=          8,
 /
&INPUT_RESOLUTION
 NTRUN_IN=         30,
 MTRUN_IN=         30,
 IX_IN=         96,
 IY_IN=         24,
 KX_IN=          8,
 /
&COUPLING_FLAGS
 ICLAND=          1,
 ICSEA=          0,
 ICICE=          1,
 ISSTAN=          1,
 /
&LAND
 DEPTH_SOIL=  1.0000000000000000     ,
 DEPTH_LICE=  5.0000000000000000     ,
 TDLAND=  40.000000000000000     ,
 FLANDMIN= 0.33333333333333331     ,
 /
&SEA
 DEPTH_ML=  60.000000000000000     ,
 DEPT0_ML=  40.000000000000000     ,
 DEPTH_ICE=  2.5000000000000000     ,
 DEPT0_ICE=  1.5000000000000000     ,
 TDSST=  90.000000000000000     ,
 TDICE=  30.000000000000000     ,
 FSEAMIN= 0.33333333333333331     ,
 BETA%VAL=  1.0000000000000000     ,
 L_GLOBE=T,
 L_NORTHE=F,
 L_NATLAN=F,
 L_NPACIF=F,
 L_TROPIC=F,
 L_INDIAN=F,
 /
&DYNAMICS
 GAMMA=  6.0000000000000000     ,
 HSCALE=  7.5000000000000000     ,
 HSHUM=  2.5000000000000000     ,
 REFRH1= 0.69999999999999996     ,
 THD=  2.3999999999999999     ,
 THDD=  2.3999999999999999     ,
 THDS=  12.000000000000000     ,
 TDRS%VAL=  720.00000000000000     ,
 /
&FORCING
 LCO2=F,
 IYEAR_REF=       1950,
 DEL_CO2%VAL=  5.0000000000000001E-003,
 ABLCO2%VAL=  6.0000000000000000     ,
 ALBSEA%VAL=  7.0000000000000007E-002,
 ALBICE%VAL= 0.59999999999999998     ,
 ALBSN%VAL= 0.59999999999999998     ,
 /
&SOLAR_FORCING
 SOLC%VAL=  342.00000000000000     ,
 EPSSW%VAL=  2.0000000000000000E-002,
 /
&SURFACE
 SWCAP%VAL= 0.29999999999999999     ,
 SWWIL%VAL= 0.17000000000000001     ,
 SD2SC%VAL=  60.000000000000000     ,
 /
&TIMESTEPPING
 NSTEPS=         36,
 NSTDIA=        180,
 NMONRS=         12,
 ROB%VAL=  5.0000000000000003E-002,
 WIL%VAL= 0.53000000000000003     ,
 /
&CONVECTION
 PSMIN%VAL= 0.80000000000000004     ,
 TRCNV=  6.0000000000000000     ,
 RHBL%VAL= 0.90000000000000002     ,
 RHIL%VAL= 0.69999999999999996     ,
 ENTMAX= 0.50000000000000000     ,
 SMF%VAL= 0.80000000000000004     ,
 /
&CONDENSATION
 TRLSC%VAL=  4.0000000000000000     ,
 RHLSC= 0.90000000000000002     ,
 DRHLSC= 0.10000000000000001     ,
 RHBLSC= 0.94999999999999996     ,
 /
&CLOUD_PARAMETERS
 RHCL1%VAL= 0.29999999999999999     ,
 RHCL2%VAL=  1.0000000000000000     ,
 QACL%VAL= 0.20000000000000001     ,
 WPCL%VAL= 0.20000000000000001     ,
 PMAXCL%VAL=  10.000000000000000     ,
 CLSMAX%VAL= 0.59999999999999998     ,
 CLSMINL%VAL= 0.14999999999999999     ,
 GSE_S0%VAL= 0.25000000000000000     ,
 GSE_S1%VAL= 0.40000000000000002     ,
 /
&SW_RADIATION
 NSTRAD=          3,
 ABSDRY%VAL=  3.3000000000000002E-002,
 ABSAER%VAL=  3.3000000000000002E-002,
 ABSWV1%VAL=  2.1999999999999999E-002,
 ABSWV2%VAL=  15.000000000000000     ,
 ABSCL1%VAL=  1.4999999999999999E-002,
 ABSCL2%VAL= 0.14999999999999999     ,
 ALBCL%VAL= 0.42999999999999999     ,
 ALBCLS%VAL= 0.50000000000000000     ,
 /
&LW_RADIATION
 EPSLW%VAL=  5.0000000000000003E-002,
 EMISFC%VAL= 0.97999999999999998     ,
 ABLWIN%VAL= 0.29999999999999999     ,
 ABLWV1%VAL= 0.69999999999999996     ,
 ABLWV2%VAL=  50.000000000000000     ,
 ABLCL1%VAL=  12.000000000000000     ,
 ABLCL2%VAL= 0.59999999999999998     ,
 /
&SURFACE_FLUXES
 FWIND0%VAL= 0.94999999999999996     ,
 FTEMP0%VAL=  1.0000000000000000     ,
 FHUM0%VAL=  0.0000000000000000     ,
 CDL%VAL=  2.3999999999999998E-003,
 CDS%VAL=  1.0000000000000000E-003,
 CHL%VAL=  1.1999999999999999E-003,
 CHS%VAL=  8.9999999999999998E-004,
 VGUST%VAL=  5.0000000000000000     ,
 CTDAY%VAL=  1.0000000000000000E-002,
 DTHETA%VAL=  3.0000000000000000     ,
 FSTAB%VAL= 0.67000000000000004     ,
 HDRAG%VAL=  2000.0000000000000     ,
 FHDRAG%VAL= 0.50000000000000000     ,
 CLAMBDA%VAL=  7.0000000000000000     ,
 CLAMBSN%VAL=  7.0000000000000000     ,
 /
&VERTICAL_DIFFUSION
 TRSHC=  6.0000000000000000     ,
 TRVDI=  24.000000000000000     ,
 TRVDS=  6.0000000000000000     ,
 REDSHC%VAL= 0.50000000000000000     ,
 RHGRAD%VAL= 0.50000000000000000     ,
 SEGRAD%VAL= 0.10000000000000001     ,
 /
&SPPT
 SPPT_ON=F,
 NSCALES=          3,
 L_ADDITIVE=F,
 /
&SPPT_PARAMETERS
 MU(1)%VAL=  1.0000000000000000     ,
 MU(2)%VAL=  1.0000000000000000     ,
 MU(3)%VAL=  1.0000000000000000     ,
 MU(4)%VAL=  1.0000000000000000     ,
 MU(5)%VAL=  1.0000000000000000     ,
 MU(6)%VAL=  1.0000000000000000     ,
 MU(7)%VAL=  1.0000000000000000     ,
 MU(8)%VAL=  1.0000000000000000     ,
 TIME_DECORR=  3.0000000000000000     ,  72.000000000000000     ,  720.00000000000000     ,
 LEN_DECORR=  500000.00000000000     ,  1000000.0000000000     ,  2000000.0000000000     ,
 STDDEV= 0.52000000000000002     , 0.17999999999999999     ,  5.9999999999999998E-002,
 ADDITIVE_MAGNITUDE%VAL=  9.9999999999999995E-007,
 /
 Read namelist
 start date         1983           1           1           0
  Model half-level (*1000)           1           0
  Model half-level (*1000)           2          50
  Model half-level (*1000)           3         140
  Model half-level (*1000)           4         260
  Model half-level (*1000)           5         420
  Model half-level (*1000)           6         600
  Model half-level (*1000)           7         770
  Model half-level (*1000)           8         900
  Model half-level (*1000)           9        1000
  Model full-level (*1000)           1          25
  Model full-level (*1000)           2          95
  Model full-level (*1000)           3         200
  Model full-level (*1000)           4         340
  Model full-level (*1000)           5         510
  Model full-level (*1000)           6         685
  Model full-level (*1000)           7         835
  Model full-level (*1000)           8         950
  temp/hum correction at level            2  0.66167368341273969        0.0000000000000000     
  temp/hum correction at level            3  0.75399289734237440        8.0000000000000019E-003
  temp/hum correction at level            4  0.82755908289241631        3.9303999999999992E-002
  temp/hum correction at level            5  0.88857447279504564       0.13265100000000002     
  temp/hum correction at level            6  0.93577679872957287       0.32141912500000008     
  temp/hum correction at level            7  0.96885785555841186       0.58218287499999988     
  temp/hum correction at level            8  0.99104107712276879       0.85737499999999989     
 Filter applied at wavenumber           30
  field:            1    no. of faulty points:           0
  field:            2    no. of faulty points:           0
  field:            3    no. of faulty points:           0
  field:            4    no. of faulty points:           0
  field:            5    no. of faulty points:           0
  field:            6    no. of faulty points:           0
  field:            7    no. of faulty points:           0
  field:            8    no. of faulty points:           0
  field:            9    no. of faulty points:           0
  field:           10    no. of faulty points:           0
  field:           11    no. of faulty points:           0
  field:           12    no. of faulty points:           0
  undefined values set to   273.00000000000000     
  field:            1    no. of faulty points:           0
  field:            2    no. of faulty points:           0
  field:            3    no. of faulty points:           0
  field:            4    no. of faulty points:           0
  field:            5    no. of faulty points:           0
  field:            6    no. of faulty points:           0
  field:            7    no. of faulty points:           0
  field:            8    no. of faulty points:           0
  field:            9    no. of faulty points:           0
  field:           10    no. of faulty points:           0
  field:           11    no. of faulty points:           0
  field:           12    no. of faulty points:           0
  undefined values set to   0.0000000000000000     
  field:            1    no. of faulty points:           0
  field:            2    no. of faulty points:           0
  field:            3    no. of faulty points:           0
  field:            4    no. of faulty points:           0
  field:            5    no. of faulty points:           0
  field:            6    no. of faulty points:           0
  field:            7    no. of faulty points:           0
  field:            8    no. of faulty points:           0
  field:            9    no. of faulty points:           0
  field:           10    no. of faulty points:           0
  field:           11    no. of faulty points:           0
  field:           12    no. of faulty points:           0
  undefined values set to   0.0000000000000000     
  field:            1    no. of faulty points:           0
  field:            2    no. of faulty points:           0
  field:            3    no. of faulty points:           0
  field:            4    no. of faulty points:           0
  field:            5    no. of faulty points:           0
  field:            6    no. of faulty points:           0
  field:            7    no. of faulty points:           0
  field:            8    no. of faulty points:           0
  field:            9    no. of faulty points:           0
  field:           10    no. of faulty points:           0
  field:           11    no. of faulty points:           0
  field:           12    no. of faulty points:           0
  undefined values set to   273.00000000000000     
  field:            1    no. of faulty points:           0
  field:            2    no. of faulty points:           0
  field:            3    no. of faulty points:           0
  field:            4    no. of faulty points:           0
  field:            5    no. of faulty points:           0
  field:            6    no. of faulty points:           0
  field:            7    no. of faulty points:           0
  field:            8    no. of faulty points:           0
  field:            9    no. of faulty points:           0
  field:           10    no. of faulty points:           0
  field:           11    no. of faulty points:           0
  field:           12    no. of faulty points:           0
  undefined values set to   0.0000000000000000     
 isst0 =           49
  field:            1    no. of faulty points:           0
  field:            2    no. of faulty points:           0
  field:            3    no. of faulty points:           0
  undefined values set to   0.0000000000000000     
  reading a restart file
        1983           1           1           0
        1984           1           1           0
 WARNING: Date in restart file does not match requested date
Read restart dataset for year/month/date/hour: 1983/01/01/00
 step =     0 reke =   40.99  107.57  205.70  163.79   90.30   48.61   46.71   51.42
              deke =    0.45    6.88    9.40    4.81    2.29    1.98    3.37    8.99
              temp =  -62.97  -66.61  -49.97  -29.55  -12.87    0.40    8.27   13.71
   tref =    217.14995443460384     
   tref =    217.14995443460384     
   tref =    217.14995443460384     
   tref =    238.33701587301590     
   tref =    255.90944816497316     
   tref =    269.50371803411701     
   tref =    279.03106240082263     
   tref =    285.41983021135741     
 integration length in days:          365
  start of year/month =         1983           1
 step =   180 reke =   49.02  106.20  176.10  145.91   88.35   49.26   44.94   47.90
              deke =    0.43    5.53    8.72    5.45    2.14    1.85    2.97    8.21
              temp =  -62.98  -66.58  -49.97  -29.88  -12.76    0.35    8.13   13.51
 step =   360 reke =   40.26  101.21  192.91  171.98   99.23   54.78   49.79   50.89
              deke =    0.58    4.90    8.34    4.14    2.84    1.81    2.61    8.02
              temp =  -63.01  -66.57  -49.81  -30.08  -12.81    0.32    8.13   13.49
 step =   540 reke =   57.53  126.97  210.46  181.06   99.87   54.20   48.98   52.04
              deke =    0.76    5.71    6.35    5.05    2.17    1.89    3.20    8.49
              temp =  -63.02  -66.64  -49.82  -29.78  -12.82    0.46    8.42   13.66
 step =   720 reke =   44.31  110.63  188.02  143.53   81.11   46.88   45.18   48.32
              deke =    0.69    6.58    8.73    4.43    1.86    1.58    2.64    7.41
              temp =  -63.00  -66.62  -49.89  -29.58  -12.65    0.46    8.25   13.67
 step =   900 reke =   39.31  122.70  218.54  178.57   98.82   53.72   50.16   51.84
              deke =    0.44    5.87    9.60    5.15    2.44    2.06    3.21    7.35
              temp =  -63.01  -66.63  -49.73  -29.67  -12.83    0.35    8.20   13.70
 step =  1080 reke =   47.14  120.17  216.89  167.42   95.02   51.77   45.55   47.93
              deke =    0.80    5.72    9.77    5.71    2.68    2.01    2.92    7.57
              temp =  -62.98  -66.58  -49.78  -29.62  -12.65    0.53    8.24   13.66
  field:            1    no. of faulty points:           0
  undefined values set to   0.0000000000000000     
  start of year/month =         1983           2
 step =  1260 reke =   44.97  121.55  200.65  164.73   91.09   50.32   44.31   46.59
              deke =    0.60    7.03   10.85    5.96    1.67    2.04    3.11    7.87
              temp =  -62.99  -66.55  -49.75  -29.59  -12.91    0.42    8.26   13.67
 step =  1440 reke =   51.88  124.51  181.53  142.17   84.31   46.59   41.60   42.96
              deke =    0.71    7.17    8.16    4.88    1.89    1.80    3.12    7.76
              temp =  -62.95  -66.58  -49.82  -29.74  -12.80    0.41    8.38   13.80
 step =  1620 reke =   65.30  112.77  167.65  137.48   75.90   43.09   41.61   45.62
              deke =    0.50    7.73    6.91    4.24    2.02    1.75    2.63    7.46
              temp =  -62.95  -66.63  -49.70  -29.60  -12.72    0.56    8.45   13.83
 step =  1800 reke =   36.09  119.91  185.46  155.69   90.43   47.43   41.53   46.39
              deke =    0.96    8.74    7.06    4.12    2.62    1.89    2.65    6.71
              temp =  -62.93  -66.60  -49.71  -29.56  -12.60    0.61    8.37   13.78
 step =  1980 reke =   43.48  126.11  176.00  143.05   80.77   44.08   38.92   44.19
              deke =    0.43    6.13    7.29    4.77    2.44    1.77    2.10    7.13
              temp =  -62.89  -66.65  -49.75  -29.63  -12.60    0.57    8.28   13.76
  field:            1    no. of faulty points:           0
  undefined values set to   0.0000000000000000     
  start of year/month =         1983           3
 step =  2160 reke =   41.79   99.34  171.52  147.65   80.81   46.44   44.67   49.28
              deke =    0.48    5.60    6.87    4.48    1.73    1.55    2.09    7.87
              temp =  -62.86  -66.66  -49.46  -30.15  -12.93    0.46    8.29   13.69
 step =  2340 reke =   50.01  101.04  179.67  156.20   86.48   47.04   43.99   47.29
              deke =    0.68    5.55    8.08    3.94    2.13    1.63    2.71    7.39
              temp =  -62.86  -66.67  -49.64  -29.85  -12.77    0.52    8.37   13.73
 step =  2520 reke =   73.30  125.60  197.84  168.94   95.16   52.57   47.56   50.95
              deke =    0.60    6.09    8.25    4.58    2.42    2.38    3.22    8.81
              temp =  -62.85  -66.73  -49.76  -29.88  -12.58    0.72    8.50   13.85
 step =  2700 reke =   46.17  123.23  186.19  159.52   90.41   45.84   43.66   48.10
              deke =    0.52    5.10    6.68    3.94    2.10    1.92    3.11    7.89
              temp =  -62.86  -66.70  -49.75  -29.68  -12.74    0.53    8.30   13.66
 step =  2880 reke =   48.97  140.68  232.69  168.94   91.29   53.08   49.02   49.11
              deke =    0.59    8.34    9.24    4.75    2.31    1.78    3.37    8.40
              temp =  -62.87  -66.67  -49.89  -29.70  -12.72    0.43    8.14   13.50
 step =  3060 reke =   36.35  103.95  202.55  157.73   92.25   52.06   47.08   52.82
              deke =    0.77    4.71    7.73    4.50    2.26    1.83    2.66    7.58
              temp =  -62.88  -66.66  -49.94  -29.79  -12.57    0.62    8.39   13.80
 step =  3240 reke =   66.85  135.31  215.28  152.94   82.60   45.01   38.64   42.58
              deke =    0.53    5.32    8.47    5.22    2.06    1.85    2.57    7.12
              temp =  -62.85  -66.63  -50.01  -29.82  -12.54    0.61    8.28   13.66
  field:            1    no. of faulty points:           0
  undefined values set to   0.0000000000000000     
  start of year/month =         1983           4
 step =  3420 reke =   37.06   98.09  172.86  136.53   84.57   51.16   46.61   49.61
              deke =    0.40    5.34    7.28    3.86    2.16    1.67    2.54    7.96
              temp =  -62.90  -66.66  -49.88  -30.05  -12.90    0.42    8.28   13.63
 step =  3600 reke =   29.41  118.44  195.91  163.29   91.24   52.90   48.12   52.60
              deke =    0.30   10.05    9.73    5.27    2.12    1.92    2.71    7.32
              temp =  -62.91  -66.67  -49.87  -29.59  -12.87    0.30    8.14   13.50
 step =  3780 reke =   64.71  137.62  190.57  161.37   91.07   52.00   47.92   51.22
              deke =    0.51    8.63    7.81    4.70    1.99    1.69    2.85    7.69
              temp =  -62.90  -66.64  -49.89  -29.49  -12.80    0.35    8.13   13.54
 step =  3960 reke =   57.39  121.91  188.86  169.56  100.96   49.40   43.37   46.31
              deke =    0.56    5.52    6.73    4.31    2.64    2.20    3.03    7.48
              temp =  -62.90  -66.68  -49.83  -29.54  -12.43    0.55    8.31   13.61
 step =  4140 reke =   43.36  100.79  174.54  137.40   72.86   39.69   35.52   38.45
              deke =    0.44    6.67    8.05    4.21    1.93    1.78    2.72    6.66
              temp =  -62.88  -66.69  -49.72  -29.96  -12.81    0.37    8.13   13.66
 step =  4320 reke =   55.02  111.37  182.20  166.55   94.61   52.17   47.81   50.99
              deke =    0.52    6.87    8.01    5.20    2.45    1.80    2.83    8.28
              temp =  -62.89  -66.74  -49.69  -29.78  -12.86    0.41    8.11   13.61
  field:            1    no. of faulty points:           0
  undefined values set to   0.0000000000000000     
  start of year/month =         1983           5
 step =  4500 reke =   59.30  100.07  156.80  141.19   83.95   47.24   40.47   45.74
              deke =    0.65    5.79    6.27    4.19    1.72    1.95    2.96    7.24
              temp =  -62.90  -66.77  -49.70  -29.78  -12.71    0.53    8.25   13.65
 step =  4680 reke =   53.98  119.70  201.82  174.59  102.35   58.19   52.54   55.44
              deke =    0.65    5.06    8.61    5.04    2.32    2.28    3.54    9.28
              temp =  -62.90  -66.72  -49.84  -29.65  -12.47    0.69    8.45   13.71
 step =  4860 reke =   39.13  122.84  182.20  150.92   86.79   53.88   45.56   46.90
              deke =    0.70    5.67    7.53    4.27    2.02    2.35    2.79    7.27
              temp =  -62.88  -66.71  -49.74  -29.73  -12.58    0.72    8.54   13.83
 step =  5040 reke =   70.31  126.83  178.35  144.04   77.73   47.88   46.14   50.41
              deke =    0.75    8.27    8.94    4.21    1.60    1.70    2.69    7.28
              temp =  -62.87  -66.66  -49.47  -30.14  -12.98    0.38    8.16   13.61
 step =  5220 reke =   46.62   93.06  167.46  145.63   82.56   49.31   49.43   54.21
              deke =    0.50    4.06    6.71    5.10    2.06    1.63    2.90    7.87
              temp =  -62.90  -66.62  -49.64  -30.06  -12.83    0.46    8.19   13.64
 step =  5400 reke =   87.81  116.55  201.77  166.66   89.48   49.44   44.52   47.40
              deke =    0.70    4.65    8.69    4.11    1.87    1.85    2.56    7.38
              temp =  -62.89  -66.58  -49.71  -30.16  -12.56    0.59    8.22   13.42
  field:            1    no. of faulty points:           0
  undefined values set to   0.0000000000000000     
  start of year/month =         1983           6
 step =  5580 reke =   45.07  117.47  196.25  157.58   86.28   43.21   37.98   42.49
              deke =    0.52    5.16    8.95    4.29    2.58    2.04    2.68    7.16
              temp =  -62.91  -66.58  -49.95  -30.07  -12.80    0.41    8.17   13.44
 step =  5760 reke =   24.05  143.75  157.02  137.94   81.73   42.12   37.05   40.83
              deke =    0.36   12.48    8.45    4.82    2.28    1.93    2.53    6.84
              temp =  -62.89  -66.59  -49.88  -29.95  -13.30    0.21    8.16   13.55
 step =  5940 reke =   56.77  107.30  140.67  134.61   75.52   43.71   43.46   46.98
              deke =    0.67    6.80    7.35    4.77    1.71    1.59    2.48    7.23
              temp =  -62.88  -66.54  -49.96  -29.67  -13.14    0.15    8.02   13.48
 step =  6120 reke =   51.67  102.60  167.03  140.47   80.37   45.02   44.65   47.68
              deke =    0.71    5.75    7.03    4.12    2.16    1.68    3.23    7.49
              temp =  -62.90  -66.57  -49.90  -29.76  -13.18    0.16    8.05   13.54
 step =  6300 reke =   41.30  100.43  169.06  140.68   83.20   47.01   42.25   45.83
              deke =    0.45    5.23    7.98    5.65    2.08    1.80    2.19    7.71
              temp =  -62.95  -66.57  -49.81  -29.83  -13.07    0.31    8.27   13.59
 step =  6480 reke =   65.13  117.93  192.94  151.62   86.08   44.20   38.02   40.46
              deke =    0.96    6.33    8.16    4.11    3.15    2.32    3.51    7.24
              temp =  -62.94  -66.60  -49.95  -29.90  -12.85    0.41    8.31   13.58
  field:            1    no. of faulty points:           0
  undefined values set to   0.0000000000000000     
  start of year/month =         1983           7
 step =  6660 reke =   55.90  109.94  191.12  157.44   89.03   45.58   42.18   47.24
              deke =    0.70    6.81    8.01    3.95    2.78    1.90    2.77    7.67
              temp =  -62.89  -66.68  -49.89  -29.61  -12.81    0.47    8.27   13.61
 step =  6840 reke =   52.76  136.41  190.00  149.38   81.04   39.15   37.68   40.37
              deke =    0.69    6.89   10.15    4.40    1.90    2.16    3.62    7.69
              temp =  -62.84  -66.73  -49.48  -29.79  -13.06    0.31    8.22   13.64
 step =  7020 reke =   45.89  113.67  178.26  149.76   79.99   41.95   41.05   44.08
              deke =    0.57    5.46    7.51    5.26    2.54    1.76    2.78    7.94
              temp =  -62.84  -66.73  -49.50  -29.92  -12.91    0.31    8.09   13.56
 step =  7200 reke =   48.89  114.27  171.30  147.14   86.14   44.91   39.62   41.71
              deke =    0.50    4.58    5.69    3.87    1.69    1.81    2.81    7.61
              temp =  -62.80  -66.78  -49.55  -30.04  -12.66    0.29    7.98   13.35
 step =  7380 reke =   56.43  118.20  155.78  118.52   67.19   38.72   37.66   41.76
              deke =    0.49    6.41    6.32    4.47    2.35    1.82    2.67    6.87
              temp =  -62.84  -66.74  -49.68  -30.36  -12.92    0.23    8.07   13.55
 step =  7560 reke =   46.56   97.81  154.12  130.61   79.70   42.47   40.63   47.51
              deke =    0.55    5.44    6.13    3.88    2.30    1.81    2.88    7.41
              temp =  -62.88  -66.67  -49.82  -30.37  -13.07    0.19    8.10   13.51
  field:            1    no. of faulty points:           0
  undefined values set to   0.0000000000000000     
  start of year/month =         1983           8
 step =  7740 reke =   65.06  111.65  175.80  136.47   80.64   40.65   40.64   45.81
              deke =    0.64    6.82    8.16    4.12    2.51    1.37    3.17    7.23
              temp =  -62.89  -66.67  -49.75  -29.87  -12.99    0.27    7.97   13.44
 step =  7920 reke =   49.29   99.40  158.76  133.95   82.42   45.88   46.16   50.67
              deke =    0.55    6.14    8.38    3.93    2.05    1.67    3.05    8.04
              temp =  -62.86  -66.68  -49.77  -30.13  -12.91    0.35    8.16   13.62
 step =  8100 reke =   45.79  128.22  193.88  163.24   87.15   49.50   42.96   46.80
              deke =    0.86    7.94    8.20    3.61    2.18    2.51    3.11    7.57
              temp =  -62.85  -66.64  -49.58  -29.90  -12.89    0.30    8.09   13.53
 step =  8280 reke =   97.15  122.57  187.04  158.65   90.27   50.52   47.09   49.65
              deke =    1.15    6.75    6.99    5.41    2.01    1.93    3.19    7.55
              temp =  -62.83  -66.61  -49.80  -29.93  -12.84    0.33    8.06   13.46
 step =  8460 reke =   58.34  126.76  175.24  152.24   92.59   54.40   50.13   54.31
              deke =    0.58    9.14    8.61    5.32    2.17    2.27    3.20    7.43
              temp =  -62.84  -66.60  -49.79  -30.10  -12.69    0.53    8.23   13.63
 step =  8640 reke =   50.54  114.78  160.04  134.64   73.63   42.71   40.38   45.71
              deke =    0.38    6.32    5.70    5.33    1.86    1.46    2.15    7.43
              temp =  -62.82  -66.63  -49.61  -30.16  -12.73    0.50    8.24   13.53
  field:            1    no. of faulty points:           0
  undefined values set to   0.0000000000000000     
  start of year/month =         1983           9
 step =  8820 reke =   48.45  110.53  162.15  142.21   83.81   52.27   50.58   54.16
              deke =    0.60    8.34   10.06    4.79    1.62    1.80    3.67    7.71
              temp =  -62.80  -66.63  -49.62  -29.93  -12.85    0.35    8.14   13.52
 step =  9000 reke =   51.35  122.98  214.31  164.99   91.17   48.25   45.11   49.80
              deke =    0.57    6.31    9.74    5.15    2.02    1.73    3.16    8.19
              temp =  -62.85  -66.62  -49.54  -29.38  -12.92    0.40    8.23   13.62
 step =  9180 reke =   76.22  134.56  232.30  188.09  106.32   56.86   49.39   50.38
              deke =    0.86    6.58    9.91    5.33    2.86    1.72    3.31    8.01
              temp =  -62.83  -66.58  -49.43  -29.33  -12.31    0.66    8.36   13.56
 step =  9360 reke =   59.22  141.97  205.50  148.19   84.43   47.80   42.85   45.35
              deke =    0.61   12.46    6.86    5.02    2.13    1.71    2.76    6.55
              temp =  -62.83  -66.61  -49.51  -29.76  -12.53    0.73    8.42   13.69
 step =  9540 reke =   39.33  143.24  188.31  133.63   76.87   43.23   39.77   43.49
              deke =    0.70    9.38    9.71    4.76    2.44    2.16    3.17    7.30
              temp =  -62.79  -66.64  -49.28  -29.60  -13.05    0.37    8.22   13.73
 step =  9720 reke =   48.01  154.31  238.70  177.56  102.48   54.99   48.28   50.73
              deke =    0.68    7.18    9.67    4.26    1.84    2.12    3.04    7.91
              temp =  -62.78  -66.67  -49.01  -29.49  -13.03    0.19    8.12   13.61
  field:            1    no. of faulty points:           0
  undefined values set to   0.0000000000000000     
  start of year/month =         1983          10
 step =  9900 reke =   55.62  163.41  188.79  153.64   83.03   44.52   39.87   38.98
              deke =    0.62   10.80    7.47    6.06    2.25    2.24    3.75    8.52
              temp =  -62.74  -66.65  -49.23  -29.48  -12.66    0.36    8.20   13.54
 step = 10080 reke =   35.45  127.09  181.59  138.54   76.68   43.91   39.85   44.18
              deke =    0.39    8.52    7.78    4.22    1.98    1.69    2.70    6.90
              temp =  -62.69  -66.68  -49.27  -29.61  -12.79    0.28    8.11   13.56
 step = 10260 reke =   34.44  126.55  175.87  143.89   79.23   44.58   41.62   45.28
              deke =    0.51    8.28    7.15    5.43    1.76    2.01    2.94    7.52
              temp =  -62.70  -66.71  -49.21  -29.63  -12.95    0.29    8.11   13.60
 step = 10440 reke =   34.97  120.71  194.00  164.25   91.61   50.11   46.04   50.02
              deke =    0.57    5.50    8.16    4.30    2.18    2.18    3.61    7.93
              temp =  -62.71  -66.74  -49.44  -29.58  -12.81    0.35    8.23   13.60
 step = 10620 reke =   52.08  135.65  243.80  175.42   89.86   44.39   38.33   41.40
              deke =    0.54    5.67   10.52    5.29    2.66    2.17    3.17    7.83
              temp =  -62.66  -66.72  -49.49  -30.01  -12.71    0.41    8.31   13.72
 step = 10800 reke =   41.05  126.48  169.95  138.00   77.14   46.10   41.94   45.83
              deke =    0.46   10.06    8.00    4.99    2.35    1.92    2.85    7.28
              temp =  -62.72  -66.66  -49.59  -29.86  -13.13    0.42    8.17   13.69
  field:            1    no. of faulty points:           0
  undefined values set to   0.0000000000000000     
  start of year/month =         1983          11
 step = 10980 reke =   55.86  106.30  189.60  162.28   92.05   50.57   49.88   53.14
              deke =    0.47    6.61    6.26    4.72    2.12    1.54    2.64    8.16
              temp =  -62.74  -66.66  -49.57  -29.38  -12.79    0.44    8.23   13.66
 step = 11160 reke =   57.97  106.73  195.12  157.41   88.98   47.50   45.65   48.61
              deke =    0.46    4.40    6.37    4.66    2.99    2.00    3.61    7.89
              temp =  -62.75  -66.63  -49.66  -29.70  -12.80    0.40    8.31   13.76
 step = 11340 reke =   31.06   84.03  152.13  133.52   77.27   41.75   40.63   44.59
              deke =    0.53    5.79    6.66    4.32    2.00    1.63    2.89    7.23
              temp =  -62.79  -66.60  -49.61  -30.20  -13.07    0.27    8.13   13.68
 step = 11520 reke =   45.08  103.24  168.57  155.27   86.73   44.78   39.93   41.81
              deke =    0.65    7.60    6.99    4.25    1.62    1.76    3.18    7.39
              temp =  -62.80  -66.55  -49.59  -29.63  -12.72    0.47    8.23   13.67
 step = 11700 reke =   54.17   99.78  166.49  136.54   77.70   42.30   42.06   47.54
              deke =    0.70    8.54   11.84    5.22    1.58    1.58    2.62    7.06
              temp =  -62.78  -66.59  -49.62  -29.93  -12.87    0.33    8.25   13.67
 step = 11880 reke =   29.62   87.45  139.01  123.90   68.95   39.62   39.45   43.78
              deke =    0.56    6.85    6.92    3.95    1.67    1.88    2.92    7.11
              temp =  -62.81  -66.55  -49.67  -30.28  -13.09    0.30    8.28   13.78
 Write restart dataset for year/month/date/hour:         1983 /          12 /           1 /           0
  field:            1    no. of faulty points:           0
  undefined values set to   0.0000000000000000     
  start of year/month =         1983          12
 step = 12060 reke =   51.43  114.97  203.19  170.84   96.77   52.38   46.60   48.41
              deke =    0.60    6.35    7.66    4.52    2.30    1.88    3.30    7.77
              temp =  -62.85  -66.54  -49.60  -29.76  -12.95    0.35    8.23   13.78
 step = 12240 reke =   34.77  102.31  163.97  139.19   87.71   47.07   42.60   46.81
              deke =    0.39    8.37    7.35    3.94    2.03    1.78    2.93    7.44
              temp =  -62.82  -66.60  -49.74  -29.89  -12.69    0.42    8.20   13.75
 step = 12420 reke =   48.74   95.67  154.75  119.18   77.58   46.18   42.05   45.66
              deke =    0.66    6.90    6.48    4.15    2.07    1.47    2.28    7.01
              temp =  -62.84  -66.58  -49.98  -30.07  -12.74    0.40    8.16   13.65
 step = 12600 reke =   39.86  108.02  175.64  141.11   79.71   42.53   42.18   45.19
              deke =    0.43    7.97    9.12    4.28    2.19    1.56    3.33    8.08
              temp =  -62.85  -66.67  -49.94  -30.14  -12.95    0.37    8.09   13.52
 step = 12780 reke =   45.37   86.10  162.17  140.65   83.50   45.80   44.65   48.82
              deke =    0.73    4.13    7.08    5.34    2.20    1.79    2.45    7.58
              temp =  -62.81  -66.74  -49.90  -30.04  -12.93    0.18    7.99   13.49
 step = 12960 reke =   69.24  126.40  171.36  138.49   81.83   49.71   46.45   50.23
              deke =    0.64    7.03    7.87    4.75    1.57    2.04    3.65    8.17
              temp =  -62.79  -66.82  -49.89  -30.19  -12.81    0.34    8.14   13.55
 step = 13140 reke =   47.33  105.68  175.99  150.82   82.93   44.62   40.13   46.23
              deke =    0.55    6.72    6.36    4.83    1.74    2.04    2.98    7.70
              temp =  -62.84  -66.81  -49.91  -30.17  -13.02    0.26    8.27   13.60
  field:            1    no. of faulty points:           0
  undefined values set to   0.0000000000000000     
 Write restart dataset for year/month/date/hour:         1984 /           1 /           1 /           0
