  hallo from speedy_agcm
 RPE_ACTIVE  T
&RESOLUTION
 NTRUN=         30,
 MTRUN=         30,
 IX=         96,
 IY=         24,
 KX=          8,
 /
&INPUT_RESOLUTION
 NTRUN_IN=         30,
 MTRUN_IN=         30,
 IX_IN=         96,
 IY_IN=         24,
 KX_IN=          8,
 /
&COUPLING_FLAGS
 ICLAND=          1,
 ICSEA=          0,
 ICICE=          1,
 ISSTAN=          1,
 /
&LAND
 DEPTH_SOIL=  1.0000000000000000     ,
 DEPTH_LICE=  5.0000000000000000     ,
 TDLAND=  40.000000000000000     ,
 FLANDMIN= 0.33333333333333331     ,
 /
&SEA
 DEPTH_ML=  60.000000000000000     ,
 DEPT0_ML=  40.000000000000000     ,
 DEPTH_ICE=  2.5000000000000000     ,
 DEPT0_ICE=  1.5000000000000000     ,
 TDSST=  90.000000000000000     ,
 TDICE=  30.000000000000000     ,
 FSEAMIN= 0.33333333333333331     ,
 BETA%VAL=  1.0000000000000000     ,
 L_GLOBE=T,
 L_NORTHE=F,
 L_NATLAN=F,
 L_NPACIF=F,
 L_TROPIC=F,
 L_INDIAN=F,
 /
&DYNAMICS
 GAMMA=  6.0000000000000000     ,
 HSCALE=  7.5000000000000000     ,
 HSHUM=  2.5000000000000000     ,
 REFRH1= 0.69999999999999996     ,
 THD=  2.3999999999999999     ,
 THDD=  2.3999999999999999     ,
 THDS=  12.000000000000000     ,
 TDRS%VAL=  720.00000000000000     ,
 /
&FORCING
 LCO2=F,
 IYEAR_REF=       1950,
 DEL_CO2%VAL=  5.0000000000000001E-003,
 ABLCO2%VAL=  6.0000000000000000     ,
 ALBSEA%VAL=  7.0000000000000007E-002,
 ALBICE%VAL= 0.59999999999999998     ,
 ALBSN%VAL= 0.59999999999999998     ,
 /
&SOLAR_FORCING
 SOLC%VAL=  342.00000000000000     ,
 EPSSW%VAL=  2.0000000000000000E-002,
 /
&SURFACE
 SWCAP%VAL= 0.29999999999999999     ,
 SWWIL%VAL= 0.17000000000000001     ,
 SD2SC%VAL=  60.000000000000000     ,
 /
&TIMESTEPPING
 NSTEPS=         36,
 NSTDIA=        180,
 NMONRS=         12,
 ROB%VAL=  5.0000000000000003E-002,
 WIL%VAL= 0.53000000000000003     ,
 /
&CONVECTION
 PSMIN%VAL= 0.80000000000000004     ,
 TRCNV=  6.0000000000000000     ,
 RHBL%VAL= 0.90000000000000002     ,
 RHIL%VAL= 0.69999999999999996     ,
 ENTMAX= 0.50000000000000000     ,
 SMF%VAL= 0.80000000000000004     ,
 /
&CONDENSATION
 TRLSC%VAL=  4.0000000000000000     ,
 RHLSC= 0.90000000000000002     ,
 DRHLSC= 0.10000000000000001     ,
 RHBLSC= 0.94999999999999996     ,
 /
&CLOUD_PARAMETERS
 RHCL1%VAL= 0.29999999999999999     ,
 RHCL2%VAL=  1.0000000000000000     ,
 QACL%VAL= 0.20000000000000001     ,
 WPCL%VAL= 0.20000000000000001     ,
 PMAXCL%VAL=  10.000000000000000     ,
 CLSMAX%VAL= 0.59999999999999998     ,
 CLSMINL%VAL= 0.14999999999999999     ,
 GSE_S0%VAL= 0.25000000000000000     ,
 GSE_S1%VAL= 0.40000000000000002     ,
 /
&SW_RADIATION
 NSTRAD=          3,
 ABSDRY%VAL=  3.3000000000000002E-002,
 ABSAER%VAL=  3.3000000000000002E-002,
 ABSWV1%VAL=  2.1999999999999999E-002,
 ABSWV2%VAL=  15.000000000000000     ,
 ABSCL1%VAL=  1.4999999999999999E-002,
 ABSCL2%VAL= 0.14999999999999999     ,
 ALBCL%VAL= 0.42999999999999999     ,
 ALBCLS%VAL= 0.50000000000000000     ,
 /
&LW_RADIATION
 EPSLW%VAL=  5.0000000000000003E-002,
 EMISFC%VAL= 0.97999999999999998     ,
 ABLWIN%VAL= 0.29999999999999999     ,
 ABLWV1%VAL= 0.69999999999999996     ,
 ABLWV2%VAL=  50.000000000000000     ,
 ABLCL1%VAL=  12.000000000000000     ,
 ABLCL2%VAL= 0.59999999999999998     ,
 /
&SURFACE_FLUXES
 FWIND0%VAL= 0.94999999999999996     ,
 FTEMP0%VAL=  1.0000000000000000     ,
 FHUM0%VAL=  0.0000000000000000     ,
 CDL%VAL=  2.3999999999999998E-003,
 CDS%VAL=  1.0000000000000000E-003,
 CHL%VAL=  1.1999999999999999E-003,
 CHS%VAL=  8.9999999999999998E-004,
 VGUST%VAL=  5.0000000000000000     ,
 CTDAY%VAL=  1.0000000000000000E-002,
 DTHETA%VAL=  3.0000000000000000     ,
 FSTAB%VAL= 0.67000000000000004     ,
 HDRAG%VAL=  2000.0000000000000     ,
 FHDRAG%VAL= 0.50000000000000000     ,
 CLAMBDA%VAL=  7.0000000000000000     ,
 CLAMBSN%VAL=  7.0000000000000000     ,
 /
&VERTICAL_DIFFUSION
 TRSHC=  6.0000000000000000     ,
 TRVDI=  24.000000000000000     ,
 TRVDS=  6.0000000000000000     ,
 REDSHC%VAL= 0.50000000000000000     ,
 RHGRAD%VAL= 0.50000000000000000     ,
 SEGRAD%VAL= 0.10000000000000001     ,
 /
&SPPT
 SPPT_ON=F,
 NSCALES=          3,
 L_ADDITIVE=F,
 /
&SPPT_PARAMETERS
 MU(1)%VAL=  1.0000000000000000     ,
 MU(2)%VAL=  1.0000000000000000     ,
 MU(3)%VAL=  1.0000000000000000     ,
 MU(4)%VAL=  1.0000000000000000     ,
 MU(5)%VAL=  1.0000000000000000     ,
 MU(6)%VAL=  1.0000000000000000     ,
 MU(7)%VAL=  1.0000000000000000     ,
 MU(8)%VAL=  1.0000000000000000     ,
 TIME_DECORR=  3.0000000000000000     ,  72.000000000000000     ,  720.00000000000000     ,
 LEN_DECORR=  500000.00000000000     ,  1000000.0000000000     ,  2000000.0000000000     ,
 STDDEV= 0.52000000000000002     , 0.17999999999999999     ,  5.9999999999999998E-002,
 ADDITIVE_MAGNITUDE%VAL=  9.9999999999999995E-007,
 /
 Read namelist
 start date         1983           1           1           0
  Model half-level (*1000)           1           0
  Model half-level (*1000)           2          50
  Model half-level (*1000)           3         140
  Model half-level (*1000)           4         260
  Model half-level (*1000)           5         420
  Model half-level (*1000)           6         600
  Model half-level (*1000)           7         770
  Model half-level (*1000)           8         900
  Model half-level (*1000)           9        1000
  Model full-level (*1000)           1          25
  Model full-level (*1000)           2          95
  Model full-level (*1000)           3         200
  Model full-level (*1000)           4         340
  Model full-level (*1000)           5         510
  Model full-level (*1000)           6         685
  Model full-level (*1000)           7         835
  Model full-level (*1000)           8         950
  temp/hum correction at level            2  0.66167368341273969        0.0000000000000000     
  temp/hum correction at level            3  0.75399289734237440        8.0000000000000019E-003
  temp/hum correction at level            4  0.82755908289241631        3.9303999999999992E-002
  temp/hum correction at level            5  0.88857447279504564       0.13265100000000002     
  temp/hum correction at level            6  0.93577679872957287       0.32141912500000008     
  temp/hum correction at level            7  0.96885785555841186       0.58218287499999988     
  temp/hum correction at level            8  0.99104107712276879       0.85737499999999989     
 Filter applied at wavenumber           30
  field:            1    no. of faulty points:           0
  field:            2    no. of faulty points:           0
  field:            3    no. of faulty points:           0
  field:            4    no. of faulty points:           0
  field:            5    no. of faulty points:           0
  field:            6    no. of faulty points:           0
  field:            7    no. of faulty points:           0
  field:            8    no. of faulty points:           0
  field:            9    no. of faulty points:           0
  field:           10    no. of faulty points:           0
  field:           11    no. of faulty points:           0
  field:           12    no. of faulty points:           0
  undefined values set to   273.00000000000000     
  field:            1    no. of faulty points:           0
  field:            2    no. of faulty points:           0
  field:            3    no. of faulty points:           0
  field:            4    no. of faulty points:           0
  field:            5    no. of faulty points:           0
  field:            6    no. of faulty points:           0
  field:            7    no. of faulty points:           0
  field:            8    no. of faulty points:           0
  field:            9    no. of faulty points:           0
  field:           10    no. of faulty points:           0
  field:           11    no. of faulty points:           0
  field:           12    no. of faulty points:           0
  undefined values set to   0.0000000000000000     
  field:            1    no. of faulty points:           0
  field:            2    no. of faulty points:           0
  field:            3    no. of faulty points:           0
  field:            4    no. of faulty points:           0
  field:            5    no. of faulty points:           0
  field:            6    no. of faulty points:           0
  field:            7    no. of faulty points:           0
  field:            8    no. of faulty points:           0
  field:            9    no. of faulty points:           0
  field:           10    no. of faulty points:           0
  field:           11    no. of faulty points:           0
  field:           12    no. of faulty points:           0
  undefined values set to   0.0000000000000000     
  field:            1    no. of faulty points:           0
  field:            2    no. of faulty points:           0
  field:            3    no. of faulty points:           0
  field:            4    no. of faulty points:           0
  field:            5    no. of faulty points:           0
  field:            6    no. of faulty points:           0
  field:            7    no. of faulty points:           0
  field:            8    no. of faulty points:           0
  field:            9    no. of faulty points:           0
  field:           10    no. of faulty points:           0
  field:           11    no. of faulty points:           0
  field:           12    no. of faulty points:           0
  undefined values set to   273.00000000000000     
  field:            1    no. of faulty points:           0
  field:            2    no. of faulty points:           0
  field:            3    no. of faulty points:           0
  field:            4    no. of faulty points:           0
  field:            5    no. of faulty points:           0
  field:            6    no. of faulty points:           0
  field:            7    no. of faulty points:           0
  field:            8    no. of faulty points:           0
  field:            9    no. of faulty points:           0
  field:           10    no. of faulty points:           0
  field:           11    no. of faulty points:           0
  field:           12    no. of faulty points:           0
  undefined values set to   0.0000000000000000     
 isst0 =           49
  field:            1    no. of faulty points:           0
  field:            2    no. of faulty points:           0
  field:            3    no. of faulty points:           0
  undefined values set to   0.0000000000000000     
  reading a restart file
        1983           1           1           0
        1984           1           1           0
 WARNING: Date in restart file does not match requested date
Read restart dataset for year/month/date/hour: 1983/01/01/00
 step =     0 reke =   50.52  128.81  190.18  143.01   87.06   49.97   46.89   51.16
              deke =    0.56   10.18    8.97    4.44    2.23    1.77    2.32    7.71
              temp =  -62.45  -66.26  -48.91  -28.57  -11.89    1.07    8.88   14.27
   tref =    217.14995443460384     
   tref =    217.14995443460384     
   tref =    217.14995443460384     
   tref =    238.33701587301590     
   tref =    255.90944816497316     
   tref =    269.50371803411701     
   tref =    279.03106240082263     
   tref =    285.41983021135741     
 integration length in days:          365
  start of year/month =         1983           1
 step =   180 reke =   48.99  158.47  223.60  174.27  104.68   57.69   50.47   50.34
              deke =    0.94   11.05   11.54    6.16    2.61    2.20    2.61    8.71
              temp =  -62.48  -66.33  -48.79  -28.15  -11.92    1.02    8.77   14.13
 step =   360 reke =   48.48  133.97  223.97  168.26   98.01   55.57   49.87   55.72
              deke =    0.68    7.07   13.14    5.03    3.11    2.77    2.91    8.48
              temp =  -62.49  -66.36  -48.82  -27.88  -11.73    1.21    8.93   14.18
 step =   540 reke =   68.39  135.21  216.09  146.80   90.71   51.62   48.21   52.80
              deke =    0.71    8.98    9.71    4.70    2.63    2.07    2.90    8.29
              temp =  -62.47  -66.32  -48.75  -28.23  -12.02    1.01    8.88   14.30
 step =   720 reke =   44.88  102.57  192.92  149.44   82.37   48.66   45.05   47.76
              deke =    0.71    9.08   11.79    4.93    2.07    1.98    2.47    7.92
              temp =  -62.49  -66.28  -48.69  -28.53  -12.19    0.95    8.85   14.42
 step =   900 reke =   50.64   97.47  202.93  166.88   84.69   50.43   45.09   50.28
              deke =    0.72    8.44    9.16    5.90    2.07    2.11    2.40    7.61
              temp =  -62.53  -66.24  -48.85  -28.30  -11.73    0.97    8.91   14.31
 step =  1080 reke =   62.79  115.67  198.33  158.98   90.74   52.81   46.71   51.99
              deke =    0.63    5.73    7.81    5.12    1.94    2.09    2.84    8.07
              temp =  -62.50  -66.14  -49.00  -28.48  -11.87    1.16    9.02   14.33
  field:            1    no. of faulty points:           0
  undefined values set to   0.0000000000000000     
  start of year/month =         1983           2
 step =  1260 reke =   36.87  104.06  229.32  191.25  113.68   66.34   57.56   61.67
              deke =    0.56    4.71   10.33    4.60    2.53    2.33    2.29    8.59
              temp =  -62.53  -66.14  -49.08  -27.79  -11.53    1.32    9.09   14.36
 step =  1440 reke =   61.30  138.51  211.31  163.64   95.59   50.43   40.94   44.22
              deke =    0.68    8.60    9.55    4.74    2.55    1.87    2.73    6.53
              temp =  -62.48  -66.14  -48.97  -27.86  -11.80    1.21    8.95   14.28
 step =  1620 reke =   55.04  110.24  210.57  154.58   88.35   48.14   39.83   44.03
              deke =    0.60    5.33    9.77    3.90    1.85    1.75    2.33    7.08
              temp =  -62.50  -66.18  -49.05  -28.21  -12.08    0.92    8.82   14.25
 step =  1800 reke =   57.93  116.12  217.67  172.91   97.30   54.37   44.09   47.60
              deke =    0.71    5.55   10.86    4.71    2.07    1.94    2.52    7.74
              temp =  -62.48  -66.18  -48.87  -28.10  -12.10    0.99    8.92   14.21
 step =  1980 reke =   44.65   94.09  172.20  133.19   79.99   49.25   45.92   47.39
              deke =    0.52    4.93   10.80    4.75    2.27    1.84    2.56    7.98
              temp =  -62.49  -66.20  -49.06  -28.36  -11.87    1.01    8.74   14.12
  field:            1    no. of faulty points:           0
  undefined values set to   0.0000000000000000     
  start of year/month =         1983           3
 step =  2160 reke =   53.41  108.20  205.97  163.30   86.49   45.67   40.09   44.54
              deke =    0.78    6.12    8.40    4.12    2.09    1.63    2.63    7.55
              temp =  -62.48  -66.15  -49.24  -28.32  -11.72    1.00    8.68   14.10
 step =  2340 reke =   38.73   99.44  193.93  146.34   80.14   43.87   39.98   44.14
              deke =    0.51    5.67    9.64    4.62    2.27    1.87    2.57    7.70
              temp =  -62.50  -66.14  -49.25  -28.02  -11.98    0.94    8.68   14.14
 step =  2520 reke =   58.24  115.73  187.67  154.30   89.63   48.73   42.76   46.82
              deke =    0.91    6.15    8.38    4.12    2.54    1.80    2.62    8.36
              temp =  -62.49  -66.20  -49.14  -28.15  -11.77    0.87    8.71   14.08
 step =  2700 reke =   51.92  117.66  225.08  180.01  100.72   54.97   48.67   52.09
              deke =    0.65    5.23   10.00    4.61    3.38    2.08    2.81    8.37
              temp =  -62.45  -66.27  -48.79  -27.98  -11.93    0.85    8.61   14.02
 step =  2880 reke =   60.39  134.23  215.44  164.83   94.20   51.24   44.51   44.96
              deke =    1.05   10.51   12.53    6.16    2.21    1.89    2.95    6.94
              temp =  -62.44  -66.27  -48.62  -27.77  -11.96    0.99    8.73   14.03
 step =  3060 reke =   74.87  128.37  194.18  135.89   74.74   43.56   38.72   42.53
              deke =    0.67    6.97    8.84    5.63    2.12    2.37    3.03    7.68
              temp =  -62.40  -66.31  -48.30  -28.55  -12.15    0.85    8.75   14.15
 step =  3240 reke =   37.38  119.54  209.68  162.28   95.82   57.16   50.26   53.09
              deke =    0.54    8.87    7.51    4.56    2.37    2.18    3.36    8.18
              temp =  -62.44  -66.26  -48.57  -28.41  -12.10    0.82    8.74   14.14
  field:            1    no. of faulty points:           0
  undefined values set to   0.0000000000000000     
  start of year/month =         1983           4
 step =  3420 reke =   33.09  132.60  244.82  178.59  102.81   56.17   47.59   49.86
              deke =    0.51    6.20    9.90    4.56    2.56    1.92    2.64    7.66
              temp =  -62.50  -66.24  -48.57  -28.20  -11.99    0.93    8.81   14.11
 step =  3600 reke =   35.24  130.78  268.99  203.48  117.09   60.82   49.61   51.29
              deke =    0.59    5.40   11.98    5.37    2.48    2.18    3.30    8.57
              temp =  -62.46  -66.21  -48.72  -28.21  -11.67    1.24    8.93   14.12
 step =  3780 reke =   63.23  138.74  236.68  189.21  104.64   56.12   48.53   50.10
              deke =    0.71    9.47   11.65    5.59    1.88    2.02    3.37    8.28
              temp =  -62.48  -66.09  -48.69  -28.27  -11.75    1.19    8.97   14.17
 step =  3960 reke =   62.30  147.87  266.26  222.31  116.79   64.01   52.51   53.86
              deke =    1.40    8.00   11.34    6.08    2.95    2.12    2.80    8.61
              temp =  -62.47  -66.11  -48.50  -28.20  -11.66    1.34    8.98   14.18
 step =  4140 reke =   59.01  138.60  210.86  167.33   95.61   50.15   43.32   47.70
              deke =    0.55    8.24   10.26    4.93    2.35    1.85    2.78    7.54
              temp =  -62.44  -66.09  -48.79  -28.22  -11.55    1.34    8.93   14.26
 step =  4320 reke =   56.79  160.14  224.81  159.64   94.03   52.94   46.92   50.15
              deke =    0.85    9.61   12.22    4.83    2.71    2.30    2.53    8.39
              temp =  -62.42  -66.14  -48.40  -28.48  -11.79    1.21    8.85   14.24
  field:            1    no. of faulty points:           0
  undefined values set to   0.0000000000000000     
  start of year/month =         1983           5
 step =  4500 reke =   52.57  126.78  202.69  152.33   83.79   46.17   41.59   46.30
              deke =    0.57    7.11    8.92    5.38    2.32    1.89    2.46    7.89
              temp =  -62.40  -66.08  -48.50  -28.24  -12.02    0.92    8.73   14.26
 step =  4680 reke =   52.89  115.17  201.34  147.28   79.86   44.28   42.23   46.23
              deke =    0.89    6.95    8.40    4.24    2.68    1.64    2.62    7.91
              temp =  -62.38  -66.02  -48.58  -28.20  -12.13    0.80    8.72   14.12
 step =  4860 reke =   64.45  107.53  174.47  148.66   90.56   52.05   46.89   51.27
              deke =    0.63    7.69   11.43    5.21    2.37    2.17    2.86    8.05
              temp =  -62.40  -65.97  -48.58  -28.32  -12.08    0.87    8.76   14.13
 step =  5040 reke =   64.57  160.81  269.68  209.39  112.68   64.83   56.42   60.12
              deke =    1.20    9.68   12.74    5.62    2.48    2.53    2.73    8.01
              temp =  -62.36  -65.95  -48.25  -27.98  -11.76    1.09    8.79   14.03
 step =  5220 reke =   56.10  120.29  229.59  171.68   96.12   54.60   47.78   51.03
              deke =    0.68    7.66   11.01    5.44    3.57    2.48    3.22    7.76
              temp =  -62.35  -66.06  -48.34  -28.21  -12.09    1.02    8.71   14.12
 step =  5400 reke =   33.16  111.92  204.98  163.48  101.37   55.82   50.89   55.39
              deke =    0.36   10.13   11.36    4.55    2.51    2.17    2.80    8.51
              temp =  -62.33  -66.01  -48.23  -28.09  -12.22    0.78    8.43   13.91
  field:            1    no. of faulty points:           0
  undefined values set to   0.0000000000000000     
  start of year/month =         1983           6
 step =  5580 reke =   53.27  123.69  198.55  160.14   97.04   56.02   48.74   49.77
              deke =    0.56    6.15    9.30    4.52    2.10    2.19    3.10    8.46
              temp =  -62.34  -65.99  -48.39  -28.11  -11.94    1.03    8.64   13.93
 step =  5760 reke =   48.08  112.55  212.14  161.09   92.23   53.93   49.66   51.92
              deke =    0.60    6.49    9.06    3.91    1.76    1.93    3.10    7.41
              temp =  -62.36  -65.96  -48.38  -28.44  -12.25    0.81    8.64   14.02
 step =  5940 reke =   36.60  119.86  276.81  215.64  113.20   56.54   49.05   52.49
              deke =    0.76    5.91   13.34    5.05    2.35    2.00    3.18    8.18
              temp =  -62.37  -65.93  -48.67  -28.23  -11.75    0.92    8.64   14.09
 step =  6120 reke =   64.61  109.15  205.50  162.40   99.99   50.88   44.20   47.79
              deke =    0.48    6.55   10.58    4.98    2.44    1.82    2.78    7.57
              temp =  -62.32  -65.97  -48.97  -28.14  -11.52    0.99    8.64   14.02
 step =  6300 reke =   61.43  110.74  188.05  162.32  102.94   59.22   53.14   56.34
              deke =    0.77    7.05    9.90    4.01    2.59    2.03    3.09    8.86
              temp =  -62.32  -65.97  -48.63  -28.49  -12.06    0.96    8.74   14.12
 step =  6480 reke =   30.42  103.99  166.42  147.71   91.00   52.53   48.07   51.41
              deke =    0.50    6.83    9.52    4.08    3.00    2.28    3.62    7.68
              temp =  -62.34  -65.93  -48.71  -28.55  -12.17    0.88    8.66   14.11
  field:            1    no. of faulty points:           0
  undefined values set to   0.0000000000000000     
  start of year/month =         1983           7
 step =  6660 reke =   50.08  116.32  168.83  132.18   84.23   48.22   44.43   49.20
              deke =    0.77    8.22    9.44    4.30    2.31    2.09    3.08    8.05
              temp =  -62.42  -65.90  -48.61  -28.56  -12.42    0.73    8.67   14.20
 step =  6840 reke =   76.85  168.10  243.96  196.47  113.16   60.24   51.89   56.34
              deke =    0.69   10.51    9.77    4.76    2.82    2.55    3.19    8.62
              temp =  -62.40  -65.91  -48.35  -28.25  -11.89    0.93    8.61   14.02
 step =  7020 reke =   51.47  116.93  193.80  155.42   98.22   55.30   49.03   52.16
              deke =    0.57    8.82    8.63    4.41    2.56    2.08    2.82    8.24
              temp =  -62.36  -65.86  -48.69  -27.90  -11.82    1.09    8.84   14.05
 step =  7200 reke =   63.33  121.26  225.30  167.86   95.16   52.90   47.55   50.43
              deke =    1.14    7.10   10.94    4.43    2.34    2.17    2.62    7.65
              temp =  -62.39  -65.93  -48.72  -27.94  -11.83    0.96    8.67   14.06
 step =  7380 reke =   39.75  106.49  185.49  158.79   96.52   50.81   41.88   46.76
              deke =    0.69    9.41   11.76    4.38    2.63    2.41    2.69    6.96
              temp =  -62.40  -66.04  -48.60  -28.29  -12.02    0.87    8.72   14.21
 step =  7560 reke =   44.55  102.08  175.57  143.09   84.28   45.78   42.05   48.57
              deke =    0.57    5.70    8.45    4.59    2.14    1.70    3.03    8.00
              temp =  -62.42  -66.05  -48.79  -28.37  -12.12    1.01    8.80   14.20
  field:            1    no. of faulty points:           0
  undefined values set to   0.0000000000000000     
  start of year/month =         1983           8
 step =  7740 reke =   66.90  135.65  264.77  188.51  105.99   60.06   50.41   50.26
              deke =    0.86    5.16   11.56    4.46    2.14    1.59    2.80    7.80
              temp =  -62.46  -66.01  -48.68  -27.98  -11.68    1.14    8.86   14.21
 step =  7920 reke =   56.37  123.62  193.13  148.20   86.82   54.24   48.60   50.09
              deke =    0.58    6.77    8.57    4.79    2.34    1.69    2.51    8.04
              temp =  -62.47  -65.96  -48.75  -28.21  -11.90    1.14    9.00   14.28
 step =  8100 reke =   68.29  113.29  252.71  169.93   94.17   52.82   45.38   46.60
              deke =    1.03    7.32   11.34    4.98    2.74    2.09    2.60    8.26
              temp =  -62.47  -65.96  -48.63  -28.02  -11.89    1.20    9.05   14.30
 step =  8280 reke =   49.88  114.06  215.57  162.65   97.33   57.44   48.41   50.67
              deke =    0.51    6.88    9.72    4.73    2.03    2.09    3.14    7.71
              temp =  -62.47  -65.97  -48.75  -27.99  -11.62    1.08    8.85   14.26
 step =  8460 reke =   35.19  120.46  211.28  153.34   91.08   45.64   38.66   42.90
              deke =    0.57    5.58    9.60    4.55    3.11    2.27    2.88    7.11
              temp =  -62.43  -65.99  -48.64  -28.10  -11.77    0.99    8.83   14.26
 step =  8640 reke =   42.51  108.21  207.56  154.02   81.43   47.07   44.97   50.69
              deke =    0.50    7.93    9.54    4.38    2.63    1.76    2.85    7.81
              temp =  -62.37  -66.07  -48.65  -28.04  -11.86    0.96    8.68   14.12
  field:            1    no. of faulty points:           0
  undefined values set to   0.0000000000000000     
  start of year/month =         1983           9
 step =  8820 reke =   44.44  107.75  225.81  178.27  100.10   54.75   47.20   50.39
              deke =    0.78    6.08    8.46    4.73    2.04    1.72    2.23    7.35
              temp =  -62.35  -66.14  -48.63  -27.93  -11.99    0.86    8.83   14.21
 step =  9000 reke =   54.23  108.35  243.35  194.41  108.77   61.67   53.21   56.35
              deke =    0.80    4.83    8.45    4.82    2.24    1.90    2.91    7.83
              temp =  -62.37  -66.13  -48.88  -27.69  -11.68    0.92    8.72   14.22
 step =  9180 reke =   81.59  124.99  215.78  170.06   99.44   58.33   48.60   52.50
              deke =    0.93    6.45   10.68    3.92    1.78    2.00    2.90    8.02
              temp =  -62.38  -66.14  -49.01  -27.83  -11.58    1.09    8.85   14.27
 step =  9360 reke =   78.69  159.21  254.49  200.83  105.67   58.65   46.98   47.98
              deke =    1.10    9.76   11.67    6.00    2.16    2.11    2.74    7.96
              temp =  -62.36  -66.15  -48.72  -27.42  -11.56    1.12    8.76   14.16
 step =  9540 reke =   50.15  118.86  199.44  158.52   88.97   48.61   41.53   45.86
              deke =    0.71    8.03    8.47    4.64    2.27    1.94    2.33    7.36
              temp =  -62.37  -66.09  -48.79  -27.76  -11.83    1.05    8.82   14.24
 step =  9720 reke =   71.81  155.53  251.86  181.86  109.23   62.11   52.58   57.97
              deke =    1.01   10.84   10.53    4.93    2.01    1.80    2.17    7.64
              temp =  -62.38  -66.20  -48.62  -27.69  -11.78    1.05    8.92   14.31
  field:            1    no. of faulty points:           0
  undefined values set to   0.0000000000000000     
  start of year/month =         1983          10
 step =  9900 reke =   99.95  160.43  274.91  209.76  111.86   60.42   51.40   52.51
              deke =    1.10    6.12   10.21    4.46    2.11    1.77    2.58    8.48
              temp =  -62.36  -66.21  -48.63  -27.63  -11.73    1.09    8.85   14.19
 step = 10080 reke =   41.36  100.66  199.06  153.43   85.65   52.59   44.56   46.82
              deke =    0.59    6.49   11.11    5.59    2.42    1.65    2.67    7.25
              temp =  -62.40  -66.26  -48.69  -27.88  -11.84    0.97    8.66   14.25
 step = 10260 reke =   55.90  118.94  250.74  190.15  110.71   59.93   53.42   57.23
              deke =    0.41    6.63   12.74    4.75    2.21    2.22    2.79    8.85
              temp =  -62.39  -66.23  -48.55  -27.98  -11.95    0.92    8.60   14.05
 step = 10440 reke =   42.18  138.76  247.26  208.89  121.37   64.45   53.25   56.84
              deke =    0.94    8.54   11.53    4.73    2.35    2.11    2.64    8.44
              temp =  -62.30  -66.21  -48.54  -27.65  -11.54    1.07    8.87   14.11
 step = 10620 reke =   41.60  109.95  218.62  160.36   95.50   51.56   44.52   47.28
              deke =    0.77    6.71   15.75    4.67    2.49    1.92    2.68    7.82
              temp =  -62.32  -66.13  -48.58  -27.85  -11.63    1.16    8.96   14.30
 step = 10800 reke =   61.06  141.89  201.56  153.92   92.61   50.09   43.03   46.83
              deke =    0.95    8.08    9.57    4.80    2.75    2.37    2.82    8.22
              temp =  -62.27  -66.05  -48.49  -27.84  -11.44    1.30    8.91   14.15
  field:            1    no. of faulty points:           0
  undefined values set to   0.0000000000000000     
  start of year/month =         1983          11
 step = 10980 reke =   52.04  122.91  198.16  161.85   92.56   49.03   40.89   43.99
              deke =    0.80    9.01   10.54    3.96    2.49    1.91    2.70    6.94
              temp =  -62.22  -66.12  -48.50  -28.27  -11.99    0.94    8.83   14.28
 step = 11160 reke =   55.62  139.29  196.64  148.08   82.42   50.25   44.93   48.34
              deke =    0.99    8.20    9.58    5.47    2.22    1.69    2.84    7.20
              temp =  -62.24  -66.18  -48.43  -28.45  -11.77    1.12    8.90   14.18
 step = 11340 reke =   61.43  139.99  252.81  189.94   99.26   52.57   44.98   48.36
              deke =    0.80    6.53   10.67    4.78    2.11    1.62    2.65    6.78
              temp =  -62.27  -66.16  -48.43  -28.57  -12.12    0.98    8.96   14.27
 step = 11520 reke =   39.47  145.76  251.94  199.17  104.72   59.09   51.71   56.96
              deke =    0.55    8.88   11.91    5.60    1.94    2.16    2.92    7.69
              temp =  -62.27  -66.17  -48.66  -28.10  -11.95    1.00    8.74   14.13
 step = 11700 reke =   45.41  107.95  224.01  177.10  111.44   70.95   59.78   60.08
              deke =    0.56    4.80    9.89    4.99    1.91    2.48    3.17    9.10
              temp =  -62.28  -66.20  -48.70  -28.01  -11.70    1.27    8.97   14.25
 step = 11880 reke =   54.18  101.49  216.67  167.13   97.06   52.03   42.89   45.98
              deke =    0.76    4.61   10.95    4.20    2.03    1.94    2.61    7.53
              temp =  -62.32  -66.19  -48.72  -27.98  -11.70    1.17    8.86   14.14
 Write restart dataset for year/month/date/hour:         1983 /          12 /           1 /           0
  field:            1    no. of faulty points:           0
  undefined values set to   0.0000000000000000     
  start of year/month =         1983          12
 step = 12060 reke =   54.35  119.75  231.69  167.50   96.95   57.58   48.84   52.30
              deke =    0.59    6.73   10.20    4.84    1.93    2.13    2.53    8.01
              temp =  -62.36  -66.20  -48.63  -27.74  -11.54    1.22    8.85   14.10
 step = 12240 reke =   55.67   96.97  210.03  168.58   88.15   50.25   44.27   50.49
              deke =    0.57    6.09   11.26    6.96    1.68    1.89    2.70    8.03
              temp =  -62.37  -66.11  -48.62  -27.88  -11.44    1.36    8.91   14.19
 step = 12420 reke =   76.53  107.49  190.33  160.80   96.66   59.06   49.97   51.27
              deke =    0.64    5.95    7.86    4.77    1.88    1.68    2.23    7.16
              temp =  -62.39  -66.09  -48.72  -28.00  -11.75    1.25    8.87   14.25
 step = 12600 reke =   66.56  112.96  192.70  148.51   79.30   46.74   43.18   45.93
              deke =    0.61    8.52   11.51    6.28    1.86    1.62    2.22    6.93
              temp =  -62.41  -66.12  -48.67  -28.12  -11.94    1.09    8.94   14.32
 step = 12780 reke =   63.01  115.45  204.29  165.12   95.40   56.56   52.13   55.72
              deke =    0.51    7.83    9.37    4.25    2.67    2.12    3.07    7.70
              temp =  -62.36  -66.16  -48.70  -28.09  -11.59    1.23    8.84   14.17
 step = 12960 reke =   48.96  111.52  230.87  188.81  105.55   57.28   47.82   48.33
              deke =    0.40    7.31    8.07    4.36    2.42    2.01    2.55    7.31
              temp =  -62.39  -66.22  -48.83  -27.68  -11.75    1.02    8.88   14.11
 step = 13140 reke =   43.48  143.68  284.35  192.26  103.42   57.97   50.44   53.80
              deke =    0.93    6.46   11.82    6.54    2.41    2.05    2.75    7.74
              temp =  -62.38  -66.23  -48.69  -27.82  -11.73    0.97    8.70   14.05
  field:            1    no. of faulty points:           0
  undefined values set to   0.0000000000000000     
 Write restart dataset for year/month/date/hour:         1984 /           1 /           1 /           0
